[ 2017-12-19T11:27:13+08:00 ] 113.91.164.15 /index.php/Home/Classify/getClassifyList
INFO: [ app_init ] --START--
INFO: Run Behavior\BuildLiteBehavior [ RunTime:0.000017s ]
INFO: [ app_init ] --END-- [ RunTime:0.000370s ]
ERR: 1146:Table 'xdm371251510_db.service_t_linen' doesn't exist
 [ SQL语句 ] : SHOW COLUMNS FROM `service_t_linen`
ERR: 1146:Table 'xdm371251510_db.service_t_linen' doesn't exist
 [ SQL语句 ] : SHOW COLUMNS FROM `service_t_linen`

[ 2017-12-19T11:27:14+08:00 ] 113.91.164.15 /index.php/Home/Classify/getClassifyList
INFO: [ app_init ] --START--
INFO: Run Behavior\BuildLiteBehavior [ RunTime:0.000018s ]
INFO: [ app_init ] --END-- [ RunTime:0.000396s ]
ERR: 1146:Table 'xdm371251510_db.service_t_linen' doesn't exist
 [ SQL语句 ] : SHOW COLUMNS FROM `service_t_linen`
ERR: 1146:Table 'xdm371251510_db.service_t_linen' doesn't exist
 [ SQL语句 ] : SHOW COLUMNS FROM `service_t_linen`

[ 2017-12-19T11:28:38+08:00 ] 113.91.164.15 /index.php/Home/Device/device_list
INFO: [ app_init ] --START--
INFO: Run Behavior\BuildLiteBehavior [ RunTime:0.000016s ]
INFO: [ app_init ] --END-- [ RunTime:0.000357s ]

[ 2017-12-19T11:28:48+08:00 ] 113.91.164.15 /index.php/Home/Device/device_list?device_name=&device_no=P&user_name=
INFO: [ app_init ] --START--
INFO: Run Behavior\BuildLiteBehavior [ RunTime:0.000018s ]
INFO: [ app_init ] --END-- [ RunTime:0.000357s ]

[ 2017-12-19T11:28:51+08:00 ] 113.91.164.15 /index.php/Home/Device/device_list?device_name=&device_no=P&user_name=
INFO: [ app_init ] --START--
INFO: Run Behavior\BuildLiteBehavior [ RunTime:0.000017s ]
INFO: [ app_init ] --END-- [ RunTime:0.000381s ]

[ 2017-12-19T11:28:54+08:00 ] 113.91.164.15 /index.php/Home/Device/device_list?device_name=&device_no=&user_name=
INFO: [ app_init ] --START--
INFO: Run Behavior\BuildLiteBehavior [ RunTime:0.000018s ]
INFO: [ app_init ] --END-- [ RunTime:0.000358s ]

[ 2017-12-19T11:29:03+08:00 ] 113.91.164.15 /index.php/Home/Device/device_list?device_name=&device_no=&user_name=%E5%92%8C%E5%85%B6%E6%AD%A3
INFO: [ app_init ] --START--
INFO: Run Behavior\BuildLiteBehavior [ RunTime:0.000016s ]
INFO: [ app_init ] --END-- [ RunTime:0.000371s ]

[ 2017-12-19T11:29:12+08:00 ] 113.91.164.15 /index.php/Home/Device/device_list?device_name=&device_no=&user_name=%C3%A5%C2%92%C2%8C%C3%A5%C2%85%C2%B6%C3%A6%C2%AD%C2%A3
INFO: [ app_init ] --START--
INFO: Run Behavior\BuildLiteBehavior [ RunTime:0.000017s ]
INFO: [ app_init ] --END-- [ RunTime:0.000402s ]

[ 2017-12-19T11:29:17+08:00 ] 113.91.164.15 /index.php/Home/Device/device_list?device_name=&device_no=&user_name=
INFO: [ app_init ] --START--
INFO: Run Behavior\BuildLiteBehavior [ RunTime:0.000017s ]
INFO: [ app_init ] --END-- [ RunTime:0.000356s ]

[ 2017-12-19T11:29:28+08:00 ] 113.91.164.15 /index.php/Home/Device/device_list?device_name=%E7%94%B5%E8%84%91&device_no=&user_name=
INFO: [ app_init ] --START--
INFO: Run Behavior\BuildLiteBehavior [ RunTime:0.000017s ]
INFO: [ app_init ] --END-- [ RunTime:0.000329s ]

[ 2017-12-19T11:29:31+08:00 ] 113.91.164.15 /index.php/Home/Device/device_list?device_name=%C3%A7%C2%94%C2%B5%C3%A8%C2%84%C2%91&device_no=&user_name=
INFO: [ app_init ] --START--
INFO: Run Behavior\BuildLiteBehavior [ RunTime:0.000019s ]
INFO: [ app_init ] --END-- [ RunTime:0.000390s ]

[ 2017-12-19T11:29:35+08:00 ] 113.91.164.15 /index.php/Home/Device/device_list?device_name=&device_no=&user_name=
INFO: [ app_init ] --START--
INFO: Run Behavior\BuildLiteBehavior [ RunTime:0.000016s ]
INFO: [ app_init ] --END-- [ RunTime:0.000324s ]

[ 2017-12-19T11:29:42+08:00 ] 113.91.164.15 /index.php/Home/Device/device_list?device_name=&device_no=Y410&user_name=
INFO: [ app_init ] --START--
INFO: Run Behavior\BuildLiteBehavior [ RunTime:0.000017s ]
INFO: [ app_init ] --END-- [ RunTime:0.000346s ]

[ 2017-12-19T11:29:46+08:00 ] 113.91.164.15 /index.php/Home/Device/add_device
INFO: [ app_init ] --START--
INFO: Run Behavior\BuildLiteBehavior [ RunTime:0.000015s ]
INFO: [ app_init ] --END-- [ RunTime:0.000323s ]

[ 2017-12-19T11:29:50+08:00 ] 113.91.164.15 /index.php/Home/Device/device_list
INFO: [ app_init ] --START--
INFO: Run Behavior\BuildLiteBehavior [ RunTime:0.000018s ]
INFO: [ app_init ] --END-- [ RunTime:0.000379s ]

[ 2017-12-19T11:29:52+08:00 ] 113.91.164.15 /index.php/Home/Device/add_device
INFO: [ app_init ] --START--
INFO: Run Behavior\BuildLiteBehavior [ RunTime:0.000016s ]
INFO: [ app_init ] --END-- [ RunTime:0.000388s ]

[ 2017-12-19T11:30:11+08:00 ] 113.91.164.15 /index.php/Home/Device/post_device
INFO: [ app_init ] --START--
INFO: Run Behavior\BuildLiteBehavior [ RunTime:0.000019s ]
INFO: [ app_init ] --END-- [ RunTime:0.000396s ]

[ 2017-12-19T11:30:13+08:00 ] 113.91.164.15 /index.php/Home/Device/device_list
INFO: [ app_init ] --START--
INFO: Run Behavior\BuildLiteBehavior [ RunTime:0.000019s ]
INFO: [ app_init ] --END-- [ RunTime:0.000370s ]

[ 2017-12-19T11:30:23+08:00 ] 113.91.164.15 /index.php/Home/Device/device_list?device_name=&device_no=%E6%96%B0%E6%AC%BE&user_name=
INFO: [ app_init ] --START--
INFO: Run Behavior\BuildLiteBehavior [ RunTime:0.000016s ]
INFO: [ app_init ] --END-- [ RunTime:0.000403s ]

[ 2017-12-19T11:36:26+08:00 ] 113.91.164.15 /index.php/Home/Classify/getClassifyList
INFO: [ app_init ] --START--
INFO: Run Behavior\BuildLiteBehavior [ RunTime:0.000017s ]
INFO: [ app_init ] --END-- [ RunTime:0.000335s ]
ERR: 1146:Table 'xdm371251510_db.Service_t_linen' doesn't exist
 [ SQL语句 ] : SHOW COLUMNS FROM `Service_t_linen`
ERR: 1146:Table 'xdm371251510_db.Service_t_linen' doesn't exist
 [ SQL语句 ] : SHOW COLUMNS FROM `Service_t_linen`

[ 2017-12-19T11:36:27+08:00 ] 113.91.164.15 /index.php/Home/Classify/getClassifyList
INFO: [ app_init ] --START--
INFO: Run Behavior\BuildLiteBehavior [ RunTime:0.000019s ]
INFO: [ app_init ] --END-- [ RunTime:0.000370s ]
ERR: 1146:Table 'xdm371251510_db.Service_t_linen' doesn't exist
 [ SQL语句 ] : SHOW COLUMNS FROM `Service_t_linen`
ERR: 1146:Table 'xdm371251510_db.Service_t_linen' doesn't exist
 [ SQL语句 ] : SHOW COLUMNS FROM `Service_t_linen`

[ 2017-12-19T11:36:28+08:00 ] 113.91.164.15 /index.php/Home/Classify/getClassifyList
INFO: [ app_init ] --START--
INFO: Run Behavior\BuildLiteBehavior [ RunTime:0.000017s ]
INFO: [ app_init ] --END-- [ RunTime:0.000383s ]
ERR: 1146:Table 'xdm371251510_db.Service_t_linen' doesn't exist
 [ SQL语句 ] : SHOW COLUMNS FROM `Service_t_linen`
ERR: 1146:Table 'xdm371251510_db.Service_t_linen' doesn't exist
 [ SQL语句 ] : SHOW COLUMNS FROM `Service_t_linen`

[ 2017-12-19T11:36:37+08:00 ] 113.91.164.15 /index.php/Home/Classify/getClassifyList
INFO: [ app_init ] --START--
INFO: Run Behavior\BuildLiteBehavior [ RunTime:0.000015s ]
INFO: [ app_init ] --END-- [ RunTime:0.000337s ]
ERR: 1146:Table 'xdm371251510_db.service_t_linen' doesn't exist
 [ SQL语句 ] : SHOW COLUMNS FROM `service_t_linen`
ERR: 1146:Table 'xdm371251510_db.service_t_linen' doesn't exist
 [ SQL语句 ] : SHOW COLUMNS FROM `service_t_linen`

[ 2017-12-19T11:36:38+08:00 ] 113.91.164.15 /index.php/Home/Classify/getClassifyList
INFO: [ app_init ] --START--
INFO: Run Behavior\BuildLiteBehavior [ RunTime:0.000020s ]
INFO: [ app_init ] --END-- [ RunTime:0.000386s ]
ERR: 1146:Table 'xdm371251510_db.service_t_linen' doesn't exist
 [ SQL语句 ] : SHOW COLUMNS FROM `service_t_linen`
ERR: 1146:Table 'xdm371251510_db.service_t_linen' doesn't exist
 [ SQL语句 ] : SHOW COLUMNS FROM `service_t_linen`

[ 2017-12-19T11:36:39+08:00 ] 113.91.164.15 /index.php/Home/Classify/getClassifyList
INFO: [ app_init ] --START--
INFO: Run Behavior\BuildLiteBehavior [ RunTime:0.000015s ]
INFO: [ app_init ] --END-- [ RunTime:0.000351s ]
ERR: 1146:Table 'xdm371251510_db.service_t_linen' doesn't exist
 [ SQL语句 ] : SHOW COLUMNS FROM `service_t_linen`
ERR: 1146:Table 'xdm371251510_db.service_t_linen' doesn't exist
 [ SQL语句 ] : SHOW COLUMNS FROM `service_t_linen`

[ 2017-12-19T11:37:31+08:00 ] 113.91.164.15 /index.php/Home/Classify/getClassifyList
INFO: [ app_init ] --START--
INFO: Run Behavior\BuildLiteBehavior [ RunTime:0.000017s ]
INFO: [ app_init ] --END-- [ RunTime:0.000342s ]
ERR: 1146:Table 'xdm371251510_db.service_t_linen' doesn't exist
 [ SQL语句 ] : SHOW COLUMNS FROM `service_t_linen`
ERR: 1146:Table 'xdm371251510_db.service_t_linen' doesn't exist
 [ SQL语句 ] : SHOW COLUMNS FROM `service_t_linen`

[ 2017-12-19T11:37:32+08:00 ] 113.91.164.15 /index.php/Home/Classify/getClassifyList
INFO: [ app_init ] --START--
INFO: Run Behavior\BuildLiteBehavior [ RunTime:0.000016s ]
INFO: [ app_init ] --END-- [ RunTime:0.000369s ]
ERR: 1146:Table 'xdm371251510_db.service_t_linen' doesn't exist
 [ SQL语句 ] : SHOW COLUMNS FROM `service_t_linen`
ERR: 1146:Table 'xdm371251510_db.service_t_linen' doesn't exist
 [ SQL语句 ] : SHOW COLUMNS FROM `service_t_linen`

[ 2017-12-19T11:37:33+08:00 ] 113.91.164.15 /index.php/Home/Classify/getClassifyList
INFO: [ app_init ] --START--
INFO: Run Behavior\BuildLiteBehavior [ RunTime:0.000016s ]
INFO: [ app_init ] --END-- [ RunTime:0.000370s ]
ERR: 1146:Table 'xdm371251510_db.service_t_linen' doesn't exist
 [ SQL语句 ] : SHOW COLUMNS FROM `service_t_linen`
ERR: 1146:Table 'xdm371251510_db.service_t_linen' doesn't exist
 [ SQL语句 ] : SHOW COLUMNS FROM `service_t_linen`

[ 2017-12-19T11:37:33+08:00 ] 113.91.164.15 /index.php/Home/Classify/getClassifyList
INFO: [ app_init ] --START--
INFO: Run Behavior\BuildLiteBehavior [ RunTime:0.000016s ]
INFO: [ app_init ] --END-- [ RunTime:0.000442s ]
ERR: 1146:Table 'xdm371251510_db.service_t_linen' doesn't exist
 [ SQL语句 ] : SHOW COLUMNS FROM `service_t_linen`
ERR: 1146:Table 'xdm371251510_db.service_t_linen' doesn't exist
 [ SQL语句 ] : SHOW COLUMNS FROM `service_t_linen`

[ 2017-12-19T11:37:33+08:00 ] 113.91.164.15 /index.php/Home/Classify/getClassifyList
INFO: [ app_init ] --START--
INFO: Run Behavior\BuildLiteBehavior [ RunTime:0.000016s ]
INFO: [ app_init ] --END-- [ RunTime:0.000338s ]
ERR: 1146:Table 'xdm371251510_db.service_t_linen' doesn't exist
 [ SQL语句 ] : SHOW COLUMNS FROM `service_t_linen`
ERR: 1146:Table 'xdm371251510_db.service_t_linen' doesn't exist
 [ SQL语句 ] : SHOW COLUMNS FROM `service_t_linen`

[ 2017-12-19T11:39:18+08:00 ] 113.91.164.15 /index.php/Home/Classify/getClassifyList
INFO: [ app_init ] --START--
INFO: Run Behavior\BuildLiteBehavior [ RunTime:0.000016s ]
INFO: [ app_init ] --END-- [ RunTime:0.000395s ]
ERR: 1146:Table 'xdm371251510_db.ServiceTLinen' doesn't exist
 [ SQL语句 ] : SHOW COLUMNS FROM `ServiceTLinen`
ERR: 1146:Table 'xdm371251510_db.ServiceTLinen' doesn't exist
 [ SQL语句 ] : SHOW COLUMNS FROM `ServiceTLinen`

[ 2017-12-19T11:39:19+08:00 ] 113.91.164.15 /index.php/Home/Classify/getClassifyList
INFO: [ app_init ] --START--
INFO: Run Behavior\BuildLiteBehavior [ RunTime:0.000016s ]
INFO: [ app_init ] --END-- [ RunTime:0.000374s ]
ERR: 1146:Table 'xdm371251510_db.ServiceTLinen' doesn't exist
 [ SQL语句 ] : SHOW COLUMNS FROM `ServiceTLinen`
ERR: 1146:Table 'xdm371251510_db.ServiceTLinen' doesn't exist
 [ SQL语句 ] : SHOW COLUMNS FROM `ServiceTLinen`

[ 2017-12-19T11:39:20+08:00 ] 113.91.164.15 /index.php/Home/Classify/getClassifyList
INFO: [ app_init ] --START--
INFO: Run Behavior\BuildLiteBehavior [ RunTime:0.000017s ]
INFO: [ app_init ] --END-- [ RunTime:0.000360s ]
ERR: 1146:Table 'xdm371251510_db.ServiceTLinen' doesn't exist
 [ SQL语句 ] : SHOW COLUMNS FROM `ServiceTLinen`
ERR: 1146:Table 'xdm371251510_db.ServiceTLinen' doesn't exist
 [ SQL语句 ] : SHOW COLUMNS FROM `ServiceTLinen`

[ 2017-12-19T11:39:21+08:00 ] 113.91.164.15 /index.php/Home/Classify/getClassifyList
INFO: [ app_init ] --START--
INFO: Run Behavior\BuildLiteBehavior [ RunTime:0.000015s ]
INFO: [ app_init ] --END-- [ RunTime:0.000377s ]
ERR: 1146:Table 'xdm371251510_db.ServiceTLinen' doesn't exist
 [ SQL语句 ] : SHOW COLUMNS FROM `ServiceTLinen`
ERR: 1146:Table 'xdm371251510_db.ServiceTLinen' doesn't exist
 [ SQL语句 ] : SHOW COLUMNS FROM `ServiceTLinen`

[ 2017-12-19T11:39:51+08:00 ] 113.91.164.15 /index.php/Home/Classify/getClassifyList
INFO: [ app_init ] --START--
INFO: Run Behavior\BuildLiteBehavior [ RunTime:0.000017s ]
INFO: [ app_init ] --END-- [ RunTime:0.000350s ]
ERR: 1146:Table 'xdm371251510_db.service_t_linen' doesn't exist
 [ SQL语句 ] : SHOW COLUMNS FROM `service_t_linen`
ERR: 1146:Table 'xdm371251510_db.service_t_linen' doesn't exist
 [ SQL语句 ] : SHOW COLUMNS FROM `service_t_linen`

[ 2017-12-19T11:39:53+08:00 ] 113.91.164.15 /index.php/Home/Classify/getClassifyList
INFO: [ app_init ] --START--
INFO: Run Behavior\BuildLiteBehavior [ RunTime:0.000016s ]
INFO: [ app_init ] --END-- [ RunTime:0.000327s ]
ERR: 1146:Table 'xdm371251510_db.service_t_linen' doesn't exist
 [ SQL语句 ] : SHOW COLUMNS FROM `service_t_linen`
ERR: 1146:Table 'xdm371251510_db.service_t_linen' doesn't exist
 [ SQL语句 ] : SHOW COLUMNS FROM `service_t_linen`

[ 2017-12-19T11:39:53+08:00 ] 113.91.164.15 /index.php/Home/Classify/getClassifyList
INFO: [ app_init ] --START--
INFO: Run Behavior\BuildLiteBehavior [ RunTime:0.000015s ]
INFO: [ app_init ] --END-- [ RunTime:0.000316s ]
ERR: 1146:Table 'xdm371251510_db.service_t_linen' doesn't exist
 [ SQL语句 ] : SHOW COLUMNS FROM `service_t_linen`
ERR: 1146:Table 'xdm371251510_db.service_t_linen' doesn't exist
 [ SQL语句 ] : SHOW COLUMNS FROM `service_t_linen`

[ 2017-12-19T11:41:18+08:00 ] 113.91.164.15 /index.php/Home/Device/device_list
INFO: [ app_init ] --START--
INFO: Run Behavior\BuildLiteBehavior [ RunTime:0.000016s ]
INFO: [ app_init ] --END-- [ RunTime:0.000443s ]

[ 2017-12-19T11:41:31+08:00 ] 113.91.164.15 /index.php/Home/Device/device_list?device_name=%E7%AC%94%E8%AE%B0%E6%9C%AC&device_no=P&user_name=
INFO: [ app_init ] --START--
INFO: Run Behavior\BuildLiteBehavior [ RunTime:0.000019s ]
INFO: [ app_init ] --END-- [ RunTime:0.000372s ]

[ 2017-12-19T11:41:35+08:00 ] 113.91.164.15 /index.php/Home/Device/device_list?device_name=%C3%A7%C2%AC%C2%94%C3%A8%C2%AE%C2%B0%C3%A6%C2%9C%C2%AC&device_no=P&user_name=
INFO: [ app_init ] --START--
INFO: Run Behavior\BuildLiteBehavior [ RunTime:0.000016s ]
INFO: [ app_init ] --END-- [ RunTime:0.000402s ]

[ 2017-12-19T11:41:40+08:00 ] 113.91.164.15 /index.php/Home/Device/device_list?device_name=&device_no=&user_name=
INFO: [ app_init ] --START--
INFO: Run Behavior\BuildLiteBehavior [ RunTime:0.000016s ]
INFO: [ app_init ] --END-- [ RunTime:0.000330s ]

[ 2017-12-19T11:41:54+08:00 ] 113.91.164.15 /index.php/Home/Device/device_list?device_name=%E6%89%8B%E6%9C%BA&device_no=%E6%96%B0%E6%AC%BE&user_name=%E6%9D%8E%E5%B0%91%E5%86%9B
INFO: [ app_init ] --START--
INFO: Run Behavior\BuildLiteBehavior [ RunTime:0.000036s ]
INFO: [ app_init ] --END-- [ RunTime:0.000512s ]

[ 2017-12-19T12:15:36+08:00 ] 113.91.164.15 /index.php/Home/Classify/getClassifyList
INFO: [ app_init ] --START--
INFO: Run Behavior\BuildLiteBehavior [ RunTime:0.000017s ]
INFO: [ app_init ] --END-- [ RunTime:0.000354s ]
ERR: 1146:Table 'xdm371251510_db.service_t_function' doesn't exist
 [ SQL语句 ] : SHOW COLUMNS FROM `service_t_function`
ERR: 1146:Table 'xdm371251510_db.service_t_function' doesn't exist
 [ SQL语句 ] : SHOW COLUMNS FROM `service_t_function`

[ 2017-12-19T12:21:38+08:00 ] 106.15.14.129 /index.php/Home/Login/login.html
INFO: [ app_init ] --START--
INFO: Run Behavior\BuildLiteBehavior [ RunTime:0.000021s ]
INFO: [ app_init ] --END-- [ RunTime:0.000348s ]

[ 2017-12-19T12:22:54+08:00 ] 113.91.164.15 /index.php/Home/Classify/getClassifyList
INFO: [ app_init ] --START--
INFO: Run Behavior\BuildLiteBehavior [ RunTime:0.000040s ]
INFO: [ app_init ] --END-- [ RunTime:0.000424s ]
ERR: 1146:Table 'xdm371251510_db.service_t_function' doesn't exist
 [ SQL语句 ] : SHOW COLUMNS FROM `service_t_function`
ERR: 1146:Table 'xdm371251510_db.service_t_function' doesn't exist
 [ SQL语句 ] : SHOW COLUMNS FROM `service_t_function`

[ 2017-12-19T12:22:55+08:00 ] 113.91.164.15 /index.php/Home/Classify/getClassifyList
INFO: [ app_init ] --START--
INFO: Run Behavior\BuildLiteBehavior [ RunTime:0.000015s ]
INFO: [ app_init ] --END-- [ RunTime:0.000367s ]
ERR: 1146:Table 'xdm371251510_db.service_t_function' doesn't exist
 [ SQL语句 ] : SHOW COLUMNS FROM `service_t_function`
ERR: 1146:Table 'xdm371251510_db.service_t_function' doesn't exist
 [ SQL语句 ] : SHOW COLUMNS FROM `service_t_function`

[ 2017-12-19T12:24:25+08:00 ] 113.91.164.15 /
INFO: [ app_init ] --START--
INFO: Run Behavior\BuildLiteBehavior [ RunTime:0.000019s ]
INFO: [ app_init ] --END-- [ RunTime:0.000363s ]
ERR: 1146:Table 'xdm371251510_db.service_t_function' doesn't exist
 [ SQL语句 ] : SHOW COLUMNS FROM `service_t_function`
ERR: 1146:Table 'xdm371251510_db.service_t_function' doesn't exist
 [ SQL语句 ] : SHOW COLUMNS FROM `service_t_function`

[ 2017-12-19T12:24:51+08:00 ] 113.91.164.15 /
INFO: [ app_init ] --START--
INFO: Run Behavior\BuildLiteBehavior [ RunTime:0.000017s ]
INFO: [ app_init ] --END-- [ RunTime:0.000324s ]
ERR: 1146:Table 'xdm371251510_db.s_e_r_v_i_c_e__t__f_u_n_c_t_i_o_n' doesn't exist
 [ SQL语句 ] : SHOW COLUMNS FROM `s_e_r_v_i_c_e__t__f_u_n_c_t_i_o_n`
ERR: 1146:Table 'xdm371251510_db.s_e_r_v_i_c_e__t__f_u_n_c_t_i_o_n' doesn't exist
 [ SQL语句 ] : SHOW COLUMNS FROM `s_e_r_v_i_c_e__t__f_u_n_c_t_i_o_n`

[ 2017-12-19T12:26:39+08:00 ] 113.91.164.15 /
INFO: [ app_init ] --START--
INFO: Run Behavior\BuildLiteBehavior [ RunTime:0.000016s ]
INFO: [ app_init ] --END-- [ RunTime:0.000391s ]
ERR: 1146:Table 'xdm371251510_db.s_e_r_v_i_c_e__t__f_u_n_c_t_i_o_n' doesn't exist
 [ SQL语句 ] : SHOW COLUMNS FROM `s_e_r_v_i_c_e__t__f_u_n_c_t_i_o_n`
ERR: 1146:Table 'xdm371251510_db.s_e_r_v_i_c_e__t__f_u_n_c_t_i_o_n' doesn't exist
 [ SQL语句 ] : SHOW COLUMNS FROM `s_e_r_v_i_c_e__t__f_u_n_c_t_i_o_n`

[ 2017-12-19T12:26:40+08:00 ] 113.91.164.15 /
INFO: [ app_init ] --START--
INFO: Run Behavior\BuildLiteBehavior [ RunTime:0.000017s ]
INFO: [ app_init ] --END-- [ RunTime:0.000366s ]
ERR: 1146:Table 'xdm371251510_db.s_e_r_v_i_c_e__t__f_u_n_c_t_i_o_n' doesn't exist
 [ SQL语句 ] : SHOW COLUMNS FROM `s_e_r_v_i_c_e__t__f_u_n_c_t_i_o_n`
ERR: 1146:Table 'xdm371251510_db.s_e_r_v_i_c_e__t__f_u_n_c_t_i_o_n' doesn't exist
 [ SQL语句 ] : SHOW COLUMNS FROM `s_e_r_v_i_c_e__t__f_u_n_c_t_i_o_n`

[ 2017-12-19T12:26:41+08:00 ] 113.91.164.15 /
INFO: [ app_init ] --START--
INFO: Run Behavior\BuildLiteBehavior [ RunTime:0.000017s ]
INFO: [ app_init ] --END-- [ RunTime:0.000321s ]
ERR: 1146:Table 'xdm371251510_db.s_e_r_v_i_c_e__t__f_u_n_c_t_i_o_n' doesn't exist
 [ SQL语句 ] : SHOW COLUMNS FROM `s_e_r_v_i_c_e__t__f_u_n_c_t_i_o_n`
ERR: 1146:Table 'xdm371251510_db.s_e_r_v_i_c_e__t__f_u_n_c_t_i_o_n' doesn't exist
 [ SQL语句 ] : SHOW COLUMNS FROM `s_e_r_v_i_c_e__t__f_u_n_c_t_i_o_n`

[ 2017-12-19T12:28:51+08:00 ] 113.91.164.15 /
INFO: [ app_init ] --START--
INFO: Run Behavior\BuildLiteBehavior [ RunTime:0.000016s ]
INFO: [ app_init ] --END-- [ RunTime:0.000342s ]
ERR: 1146:Table 'xdm371251510_db.service_t_warehouse_id' doesn't exist
 [ SQL语句 ] : SHOW COLUMNS FROM `service_t_warehouse_id`
ERR: 1146:Table 'xdm371251510_db.service_t_warehouse_id' doesn't exist
 [ SQL语句 ] : SHOW COLUMNS FROM `service_t_warehouse_id`

[ 2017-12-19T12:38:26+08:00 ] 113.91.164.15 /
INFO: [ app_init ] --START--
INFO: Run Behavior\BuildLiteBehavior [ RunTime:0.000016s ]
INFO: [ app_init ] --END-- [ RunTime:0.000365s ]

[ 2017-12-19T12:38:32+08:00 ] 113.91.164.15 /index.php/Home/WashingPlants/add_washing_plant
INFO: [ app_init ] --START--
INFO: Run Behavior\BuildLiteBehavior [ RunTime:0.000016s ]
INFO: [ app_init ] --END-- [ RunTime:0.000332s ]

[ 2017-12-19T12:38:34+08:00 ] 113.91.164.15 /index.php/Home/WashingPlants/washing_plant_list
INFO: [ app_init ] --START--
INFO: Run Behavior\BuildLiteBehavior [ RunTime:0.000016s ]
INFO: [ app_init ] --END-- [ RunTime:0.000350s ]

[ 2017-12-19T12:38:37+08:00 ] 113.91.164.15 /index.php/Home/WashingPlants/add_washing_plant
INFO: [ app_init ] --START--
INFO: Run Behavior\BuildLiteBehavior [ RunTime:0.000086s ]
INFO: [ app_init ] --END-- [ RunTime:0.000461s ]

[ 2017-12-19T12:38:54+08:00 ] 113.91.164.15 /index.php/Home/File/uploadLogo
INFO: [ app_init ] --START--
INFO: Run Behavior\BuildLiteBehavior [ RunTime:0.000017s ]
INFO: [ app_init ] --END-- [ RunTime:0.000364s ]

[ 2017-12-19T12:38:55+08:00 ] 113.91.164.15 /index.php/Home/WashingPlants/post_washing_plant
INFO: [ app_init ] --START--
INFO: Run Behavior\BuildLiteBehavior [ RunTime:0.000019s ]
INFO: [ app_init ] --END-- [ RunTime:0.000392s ]

[ 2017-12-19T12:38:58+08:00 ] 113.91.164.15 /index.php/Home/WashingPlants/washing_plant_list
INFO: [ app_init ] --START--
INFO: Run Behavior\BuildLiteBehavior [ RunTime:0.000018s ]
INFO: [ app_init ] --END-- [ RunTime:0.000334s ]

[ 2017-12-19T12:39:00+08:00 ] 113.91.164.15 /index.php/Home/Custom/add_custom
INFO: [ app_init ] --START--
INFO: Run Behavior\BuildLiteBehavior [ RunTime:0.000016s ]
INFO: [ app_init ] --END-- [ RunTime:0.000322s ]

[ 2017-12-19T12:39:19+08:00 ] 113.91.164.15 /index.php/Home/File/uploadLogo
INFO: [ app_init ] --START--
INFO: Run Behavior\BuildLiteBehavior [ RunTime:0.000018s ]
INFO: [ app_init ] --END-- [ RunTime:0.000370s ]

[ 2017-12-19T12:39:22+08:00 ] 113.91.164.15 /index.php/Home/Custom/post_customer
INFO: [ app_init ] --START--
INFO: Run Behavior\BuildLiteBehavior [ RunTime:0.000017s ]
INFO: [ app_init ] --END-- [ RunTime:0.000328s ]

[ 2017-12-19T12:39:24+08:00 ] 113.91.164.15 /index.php/Home/Custom/custom_list
INFO: [ app_init ] --START--
INFO: Run Behavior\BuildLiteBehavior [ RunTime:0.000018s ]
INFO: [ app_init ] --END-- [ RunTime:0.000359s ]

[ 2017-12-19T12:39:28+08:00 ] 113.91.164.15 /index.php/Home/Department/add_dt
INFO: [ app_init ] --START--
INFO: Run Behavior\BuildLiteBehavior [ RunTime:0.000019s ]
INFO: [ app_init ] --END-- [ RunTime:0.000372s ]

[ 2017-12-19T12:39:31+08:00 ] 113.91.164.15 /index.php/Home/Department/get_department_list?customer_id=1
INFO: [ app_init ] --START--
INFO: Run Behavior\BuildLiteBehavior [ RunTime:0.000018s ]
INFO: [ app_init ] --END-- [ RunTime:0.000332s ]

[ 2017-12-19T12:39:34+08:00 ] 101.226.33.218 /index.php/Home/Custom/custom_list
INFO: [ app_init ] --START--
INFO: Run Behavior\BuildLiteBehavior [ RunTime:0.000016s ]
INFO: [ app_init ] --END-- [ RunTime:0.000324s ]

[ 2017-12-19T12:39:37+08:00 ] 113.91.164.15 /index.php/Home/Department/get_department_list?customer_id=7
INFO: [ app_init ] --START--
INFO: Run Behavior\BuildLiteBehavior [ RunTime:0.000046s ]
INFO: [ app_init ] --END-- [ RunTime:0.000359s ]

[ 2017-12-19T12:39:52+08:00 ] 113.91.164.15 /index.php/Home/Department/post_department
INFO: [ app_init ] --START--
INFO: Run Behavior\BuildLiteBehavior [ RunTime:0.000016s ]
INFO: [ app_init ] --END-- [ RunTime:0.000457s ]

[ 2017-12-19T12:39:54+08:00 ] 113.91.164.15 /index.php/Home/Department/dt_list
INFO: [ app_init ] --START--
INFO: Run Behavior\BuildLiteBehavior [ RunTime:0.000018s ]
INFO: [ app_init ] --END-- [ RunTime:0.000402s ]

[ 2017-12-19T12:39:57+08:00 ] 113.91.164.15 /index.php/Home/Department/dt_list?customer_id=7
INFO: [ app_init ] --START--
INFO: Run Behavior\BuildLiteBehavior [ RunTime:0.000016s ]
INFO: [ app_init ] --END-- [ RunTime:0.000369s ]

[ 2017-12-19T12:40:00+08:00 ] 113.91.164.15 /index.php/Home/StoreHouse/add_storehouse
INFO: [ app_init ] --START--
INFO: Run Behavior\BuildLiteBehavior [ RunTime:0.000020s ]
INFO: [ app_init ] --END-- [ RunTime:0.000349s ]

[ 2017-12-19T12:40:01+08:00 ] 113.91.164.15 /index.php/Home/StoreHouse/customer_name_list
INFO: [ app_init ] --START--
INFO: Run Behavior\BuildLiteBehavior [ RunTime:0.000027s ]
INFO: [ app_init ] --END-- [ RunTime:0.000452s ]

[ 2017-12-19T12:40:02+08:00 ] 113.91.164.15 /index.php/Home/StoreHouse/department_name_list?customer_id=1
INFO: [ app_init ] --START--
INFO: Run Behavior\BuildLiteBehavior [ RunTime:0.000022s ]
INFO: [ app_init ] --END-- [ RunTime:0.000385s ]

[ 2017-12-19T12:40:07+08:00 ] 101.226.33.208 /index.php/Home/Department/dt_list?customer_id=7
INFO: [ app_init ] --START--
INFO: Run Behavior\BuildLiteBehavior [ RunTime:0.000020s ]
INFO: [ app_init ] --END-- [ RunTime:0.000404s ]

[ 2017-12-19T12:40:08+08:00 ] 113.91.164.15 /index.php/Home/Order/choose_dirty?type=dirty
INFO: [ app_init ] --START--
INFO: Run Behavior\BuildLiteBehavior [ RunTime:0.000020s ]
INFO: [ app_init ] --END-- [ RunTime:0.000414s ]

[ 2017-12-19T12:40:10+08:00 ] 113.91.164.15 /index.php/Home/Department/getdepartmentlist?customer_id=1
INFO: [ app_init ] --START--
INFO: Run Behavior\BuildLiteBehavior [ RunTime:0.000016s ]
INFO: [ app_init ] --END-- [ RunTime:0.000393s ]

[ 2017-12-19T12:40:11+08:00 ] 113.91.164.15 /index.php/Home/Order/get_storehouse_list
INFO: [ app_init ] --START--
INFO: Run Behavior\BuildLiteBehavior [ RunTime:0.000016s ]
INFO: [ app_init ] --END-- [ RunTime:0.000397s ]

[ 2017-12-19T12:40:18+08:00 ] 113.91.164.15 /index.php/Home/Order/dirty_order?customer_id=1&department_id=0,1,20,&storehouse_id=1,2,3,4,5,6,7,8,9,&washing_id=12&start_time=2017-12-1&end_time=2017-12-31
INFO: [ app_init ] --START--
INFO: Run Behavior\BuildLiteBehavior [ RunTime:0.000036s ]
INFO: [ app_init ] --END-- [ RunTime:0.000395s ]

[ 2017-12-19T12:46:15+08:00 ] 113.91.164.15 /index.php/Home/Order/dirty_order?customer_id=1&department_id=0,1,20,&storehouse_id=1,2,3,4,5,6,7,8,9,&washing_id=12&start_time=2017-12-1&end_time=2017-12-31
INFO: [ app_init ] --START--
INFO: Run Behavior\BuildLiteBehavior [ RunTime:0.000024s ]
INFO: [ app_init ] --END-- [ RunTime:0.000395s ]

[ 2017-12-19T12:46:17+08:00 ] 113.91.164.15 /index.php/Home/Order/choose_clean?type=clean
INFO: [ app_init ] --START--
INFO: Run Behavior\BuildLiteBehavior [ RunTime:0.000015s ]
INFO: [ app_init ] --END-- [ RunTime:0.000380s ]

[ 2017-12-19T12:46:19+08:00 ] 113.91.164.15 /index.php/Home/Department/getdepartmentlist?customer_id=1
INFO: [ app_init ] --START--
INFO: Run Behavior\BuildLiteBehavior [ RunTime:0.000023s ]
INFO: [ app_init ] --END-- [ RunTime:0.000408s ]
ERR: 1146:Table 'xdm371251510_db.service_t_department' doesn't exist
 [ SQL语句 ] : select queryChildrenDepart('1');
ERR: 1146:Table 'xdm371251510_db.service_t_department' doesn't exist
 [ SQL语句 ] : select queryChildrenDepart('1');

[ 2017-12-19T12:46:23+08:00 ] 113.91.164.15 /index.php/Home/Order/choose_clean?type=clean
INFO: [ app_init ] --START--
INFO: Run Behavior\BuildLiteBehavior [ RunTime:0.000020s ]
INFO: [ app_init ] --END-- [ RunTime:0.000446s ]

[ 2017-12-19T12:46:26+08:00 ] 113.91.164.15 /index.php/Home/Department/getdepartmentlist?customer_id=1
INFO: [ app_init ] --START--
INFO: Run Behavior\BuildLiteBehavior [ RunTime:0.000015s ]
INFO: [ app_init ] --END-- [ RunTime:0.000322s ]
ERR: 1146:Table 'xdm371251510_db.service_t_department' doesn't exist
 [ SQL语句 ] : select queryChildrenDepart('1');
ERR: 1146:Table 'xdm371251510_db.service_t_department' doesn't exist
 [ SQL语句 ] : select queryChildrenDepart('1');

[ 2017-12-19T12:46:26+08:00 ] 61.129.6.69 /index.php/Home/Order/choose_clean?type=clean
INFO: [ app_init ] --START--
INFO: Run Behavior\BuildLiteBehavior [ RunTime:0.000020s ]
INFO: [ app_init ] --END-- [ RunTime:0.000375s ]

[ 2017-12-19T12:46:34+08:00 ] 113.91.164.15 /index.php/Home/Department/getdepartmentlist?customer_id=1
INFO: [ app_init ] --START--
INFO: Run Behavior\BuildLiteBehavior [ RunTime:0.000016s ]
INFO: [ app_init ] --END-- [ RunTime:0.000359s ]
ERR: 1146:Table 'xdm371251510_db.service_t_department' doesn't exist
 [ SQL语句 ] : select queryChildrenDepart('1');
ERR: 1146:Table 'xdm371251510_db.service_t_department' doesn't exist
 [ SQL语句 ] : select queryChildrenDepart('1');

[ 2017-12-19T12:46:44+08:00 ] 61.129.8.203 /index.php/Home/Department/getdepartmentlist?customer_id=1
INFO: [ app_init ] --START--
INFO: Run Behavior\BuildLiteBehavior [ RunTime:0.000016s ]
INFO: [ app_init ] --END-- [ RunTime:0.000356s ]

[ 2017-12-19T12:47:05+08:00 ] 113.91.164.15 /index.php/Home/Department/getdepartmentlist?customer_id=1
INFO: [ app_init ] --START--
INFO: Run Behavior\BuildLiteBehavior [ RunTime:0.000025s ]
INFO: [ app_init ] --END-- [ RunTime:0.000693s ]

[ 2017-12-19T12:47:07+08:00 ] 113.91.164.15 /index.php/Home/Order/choose_clean?type=clean
INFO: [ app_init ] --START--
INFO: Run Behavior\BuildLiteBehavior [ RunTime:0.000019s ]
INFO: [ app_init ] --END-- [ RunTime:0.000407s ]

[ 2017-12-19T12:47:09+08:00 ] 113.91.164.15 /index.php/Home/Department/getdepartmentlist?customer_id=1
INFO: [ app_init ] --START--
INFO: Run Behavior\BuildLiteBehavior [ RunTime:0.000016s ]
INFO: [ app_init ] --END-- [ RunTime:0.000351s ]

[ 2017-12-19T12:47:11+08:00 ] 113.91.164.15 /index.php/Home/Order/get_storehouse_list
INFO: [ app_init ] --START--
INFO: Run Behavior\BuildLiteBehavior [ RunTime:0.000015s ]
INFO: [ app_init ] --END-- [ RunTime:0.000334s ]

[ 2017-12-19T12:47:18+08:00 ] 113.91.164.15 /index.php/Home/Order/clean_order?customer_id=1&department_id=0,1,20,&storehouse_id=1,2,3,4,5,6,7,8,9,&washing_id=12&start_time=2017-12-1&end_time=2017-12-31
INFO: [ app_init ] --START--
INFO: Run Behavior\BuildLiteBehavior [ RunTime:0.000016s ]
INFO: [ app_init ] --END-- [ RunTime:0.000379s ]

[ 2017-12-19T12:47:23+08:00 ] 113.91.164.15 /index.php/Home/Inventory/choose
INFO: [ app_init ] --START--
INFO: Run Behavior\BuildLiteBehavior [ RunTime:0.000017s ]
INFO: [ app_init ] --END-- [ RunTime:0.000399s ]

[ 2017-12-19T12:47:24+08:00 ] 113.91.164.15 /index.php/Home/Department/getdepartmentlist?customer_id=1
INFO: [ app_init ] --START--
INFO: Run Behavior\BuildLiteBehavior [ RunTime:0.000023s ]
INFO: [ app_init ] --END-- [ RunTime:0.000366s ]

[ 2017-12-19T12:47:26+08:00 ] 113.91.164.15 /index.php/Home/Inventory/inventory?customer_id=1&department_id=0,1,20,
INFO: [ app_init ] --START--
INFO: Run Behavior\BuildLiteBehavior [ RunTime:0.000018s ]
INFO: [ app_init ] --END-- [ RunTime:0.000341s ]

[ 2017-12-19T12:47:28+08:00 ] 61.151.178.177 /index.php/Home/Order/clean_order?customer_id=1&department_id=0,1,20,&storehouse_id=1,2,3,4,5,6,7,8,9,&washing_id=12&start_time=2017-12-1&end_time=2017-12-31
INFO: [ app_init ] --START--
INFO: Run Behavior\BuildLiteBehavior [ RunTime:0.000016s ]
INFO: [ app_init ] --END-- [ RunTime:0.000342s ]

[ 2017-12-19T12:47:29+08:00 ] 113.91.164.15 /index.php/Home/Inventory/inventory_details.html?lid=9991712071126621
INFO: [ app_init ] --START--
INFO: Run Behavior\BuildLiteBehavior [ RunTime:0.000016s ]
INFO: [ app_init ] --END-- [ RunTime:0.000352s ]

[ 2017-12-19T12:47:30+08:00 ] 113.91.164.15 /index.php/Home/Inventory/inventory_detail_detail
INFO: [ app_init ] --START--
INFO: Run Behavior\BuildLiteBehavior [ RunTime:0.000017s ]
INFO: [ app_init ] --END-- [ RunTime:0.000373s ]

[ 2017-12-19T12:47:32+08:00 ] 61.151.178.175 /index.php/Home/Inventory/choose
INFO: [ app_init ] --START--
INFO: Run Behavior\BuildLiteBehavior [ RunTime:0.000018s ]
INFO: [ app_init ] --END-- [ RunTime:0.001476s ]

[ 2017-12-19T12:47:32+08:00 ] 101.226.33.206 /index.php/Home/Inventory/choose
INFO: [ app_init ] --START--
INFO: Run Behavior\BuildLiteBehavior [ RunTime:0.000040s ]
INFO: [ app_init ] --END-- [ RunTime:0.000378s ]

[ 2017-12-19T12:47:32+08:00 ] 101.226.33.208 /index.php/Home/Inventory/choose
INFO: [ app_init ] --START--
INFO: Run Behavior\BuildLiteBehavior [ RunTime:0.000015s ]
INFO: [ app_init ] --END-- [ RunTime:0.000331s ]

[ 2017-12-19T12:47:33+08:00 ] 113.91.164.15 /index.php/Home/LossManage/lose_list
INFO: [ app_init ] --START--
INFO: Run Behavior\BuildLiteBehavior [ RunTime:0.000014s ]
INFO: [ app_init ] --END-- [ RunTime:0.000332s ]

[ 2017-12-19T12:47:35+08:00 ] 101.226.33.237 /index.php/Home/Inventory/inventory?customer_id=1&department_id=0,1,20,
INFO: [ app_init ] --START--
INFO: Run Behavior\BuildLiteBehavior [ RunTime:0.000017s ]
INFO: [ app_init ] --END-- [ RunTime:0.000358s ]

[ 2017-12-19T12:47:36+08:00 ] 101.226.33.237 /index.php/Home/Inventory/inventory?customer_id=1&department_id=0,1,20,
INFO: [ app_init ] --START--
INFO: Run Behavior\BuildLiteBehavior [ RunTime:0.000025s ]
INFO: [ app_init ] --END-- [ RunTime:0.000513s ]

[ 2017-12-19T12:47:37+08:00 ] 113.91.164.15 /index.php/Home/Classify/add_classify
INFO: [ app_init ] --START--
INFO: Run Behavior\BuildLiteBehavior [ RunTime:0.000016s ]
INFO: [ app_init ] --END-- [ RunTime:0.000344s ]

[ 2017-12-19T12:47:38+08:00 ] 101.226.66.187 /index.php/Home/Inventory/inventory_details.html?lid=9991712071126621
INFO: [ app_init ] --START--
INFO: Run Behavior\BuildLiteBehavior [ RunTime:0.000016s ]
INFO: [ app_init ] --END-- [ RunTime:0.000375s ]

[ 2017-12-19T12:47:39+08:00 ] 113.91.164.15 /index.php/Home/Classify/getClassifyByCustomer?customer_id=1
INFO: [ app_init ] --START--
INFO: Run Behavior\BuildLiteBehavior [ RunTime:0.000017s ]
INFO: [ app_init ] --END-- [ RunTime:0.000325s ]

[ 2017-12-19T12:47:41+08:00 ] 113.91.164.15 /index.php/Home/Classify/getClassifyByCustomer?customer_id=2
INFO: [ app_init ] --START--
INFO: Run Behavior\BuildLiteBehavior [ RunTime:0.000023s ]
INFO: [ app_init ] --END-- [ RunTime:0.000501s ]

[ 2017-12-19T12:47:43+08:00 ] 61.151.178.165 /index.php/Home/LossManage/lose_list
INFO: [ app_init ] --START--
INFO: Run Behavior\BuildLiteBehavior [ RunTime:0.000015s ]
INFO: [ app_init ] --END-- [ RunTime:0.000326s ]

[ 2017-12-19T12:47:43+08:00 ] 113.91.164.15 /index.php/Home/Classify/getClassifyByCustomer?customer_id=3
INFO: [ app_init ] --START--
INFO: Run Behavior\BuildLiteBehavior [ RunTime:0.000018s ]
INFO: [ app_init ] --END-- [ RunTime:0.000343s ]

[ 2017-12-19T12:47:46+08:00 ] 113.91.164.15 /index.php/Home/User/user_choose
INFO: [ app_init ] --START--
INFO: Run Behavior\BuildLiteBehavior [ RunTime:0.000017s ]
INFO: [ app_init ] --END-- [ RunTime:0.000402s ]

[ 2017-12-19T12:47:48+08:00 ] 113.91.164.15 /index.php/Home/User/user_add?cid=admin
INFO: [ app_init ] --START--
INFO: Run Behavior\BuildLiteBehavior [ RunTime:0.000017s ]
INFO: [ app_init ] --END-- [ RunTime:0.000371s ]

[ 2017-12-19T12:47:51+08:00 ] 113.91.164.15 /index.php/Home/User/user_list
INFO: [ app_init ] --START--
INFO: Run Behavior\BuildLiteBehavior [ RunTime:0.000016s ]
INFO: [ app_init ] --END-- [ RunTime:0.000348s ]

[ 2017-12-19T12:47:54+08:00 ] 113.91.164.15 /index.php/Home/Car/add_car
INFO: [ app_init ] --START--
INFO: Run Behavior\BuildLiteBehavior [ RunTime:0.000051s ]
INFO: [ app_init ] --END-- [ RunTime:0.000367s ]

[ 2017-12-19T12:47:56+08:00 ] 101.226.102.97 /index.php/Home/User/user_choose
INFO: [ app_init ] --START--
INFO: Run Behavior\BuildLiteBehavior [ RunTime:0.000016s ]
INFO: [ app_init ] --END-- [ RunTime:0.000360s ]

[ 2017-12-19T12:48:57+08:00 ] 113.91.164.15 /index.php/Home/WashingPlants/add_washing_plant
INFO: [ app_init ] --START--
INFO: Run Behavior\BuildLiteBehavior [ RunTime:0.000015s ]
INFO: [ app_init ] --END-- [ RunTime:0.000319s ]

[ 2017-12-19T13:15:15+08:00 ] 183.11.37.223 /index.php/Home/Classify/add_classify
INFO: [ app_init ] --START--
INFO: Run Behavior\BuildLiteBehavior [ RunTime:0.000016s ]
INFO: [ app_init ] --END-- [ RunTime:0.000320s ]

[ 2017-12-19T13:15:20+08:00 ] 183.11.37.223 /index.php/Home/Classify/classify
INFO: [ app_init ] --START--
INFO: Run Behavior\BuildLiteBehavior [ RunTime:0.000015s ]
INFO: [ app_init ] --END-- [ RunTime:0.000321s ]

[ 2017-12-19T13:15:22+08:00 ] 183.11.37.223 /index.php/Home/Classify/getClassifyList
INFO: [ app_init ] --START--
INFO: Run Behavior\BuildLiteBehavior [ RunTime:0.000015s ]
INFO: [ app_init ] --END-- [ RunTime:0.000312s ]

[ 2017-12-19T13:33:33+08:00 ] 106.11.226.195 /
INFO: [ app_init ] --START--
INFO: Run Behavior\BuildLiteBehavior [ RunTime:0.000016s ]
INFO: [ app_init ] --END-- [ RunTime:0.000358s ]

[ 2017-12-19T13:41:17+08:00 ] 113.91.164.15 /index.php/Home/Device/device_list
INFO: [ app_init ] --START--
INFO: Run Behavior\BuildLiteBehavior [ RunTime:0.000017s ]
INFO: [ app_init ] --END-- [ RunTime:0.000328s ]
ERR: 1146:Table 'xdm371251510_db.service_t_reader' doesn't exist
 [ SQL语句 ] : SHOW COLUMNS FROM `service_t_reader`
ERR: 1146:Table 'xdm371251510_db.service_t_reader' doesn't exist
 [ SQL语句 ] : SHOW COLUMNS FROM `service_t_reader`

[ 2017-12-19T13:41:19+08:00 ] 113.91.164.15 /index.php/Home/Device/device_list
INFO: [ app_init ] --START--
INFO: Run Behavior\BuildLiteBehavior [ RunTime:0.000017s ]
INFO: [ app_init ] --END-- [ RunTime:0.000443s ]
ERR: 1146:Table 'xdm371251510_db.service_t_reader' doesn't exist
 [ SQL语句 ] : SHOW COLUMNS FROM `service_t_reader`
ERR: 1146:Table 'xdm371251510_db.service_t_reader' doesn't exist
 [ SQL语句 ] : SHOW COLUMNS FROM `service_t_reader`

[ 2017-12-19T13:41:20+08:00 ] 113.91.164.15 /index.php/Home/Device/device_list
INFO: [ app_init ] --START--
INFO: Run Behavior\BuildLiteBehavior [ RunTime:0.000022s ]
INFO: [ app_init ] --END-- [ RunTime:0.000383s ]
ERR: 1146:Table 'xdm371251510_db.service_t_reader' doesn't exist
 [ SQL语句 ] : SHOW COLUMNS FROM `service_t_reader`
ERR: 1146:Table 'xdm371251510_db.service_t_reader' doesn't exist
 [ SQL语句 ] : SHOW COLUMNS FROM `service_t_reader`

[ 2017-12-19T13:41:21+08:00 ] 113.91.164.15 /index.php/Home/Device/device_list
INFO: [ app_init ] --START--
INFO: Run Behavior\BuildLiteBehavior [ RunTime:0.000015s ]
INFO: [ app_init ] --END-- [ RunTime:0.000325s ]
ERR: 1146:Table 'xdm371251510_db.service_t_reader' doesn't exist
 [ SQL语句 ] : SHOW COLUMNS FROM `service_t_reader`
ERR: 1146:Table 'xdm371251510_db.service_t_reader' doesn't exist
 [ SQL语句 ] : SHOW COLUMNS FROM `service_t_reader`

[ 2017-12-19T13:41:27+08:00 ] 113.91.164.15 /index.php/Home/Device/device_list?device_name=%C3%A7%C2%AC%C2%94%C3%A8%C2%AE%C2%B0%C3%A6%C2%9C%C2%AC&device_no=P&user_name=
INFO: [ app_init ] --START--
INFO: Run Behavior\BuildLiteBehavior [ RunTime:0.000021s ]
INFO: [ app_init ] --END-- [ RunTime:0.000350s ]
ERR: 1146:Table 'xdm371251510_db.service_t_reader' doesn't exist
 [ SQL语句 ] : SHOW COLUMNS FROM `service_t_reader`
ERR: 1146:Table 'xdm371251510_db.service_t_reader' doesn't exist
 [ SQL语句 ] : SHOW COLUMNS FROM `service_t_reader`

[ 2017-12-19T13:41:35+08:00 ] 113.91.164.15 /index.php/Home/Index/index
INFO: [ app_init ] --START--
INFO: Run Behavior\BuildLiteBehavior [ RunTime:0.000016s ]
INFO: [ app_init ] --END-- [ RunTime:0.000354s ]

[ 2017-12-19T13:41:39+08:00 ] 113.91.164.15 /index.php/Home/LossManage/lose_list
INFO: [ app_init ] --START--
INFO: Run Behavior\BuildLiteBehavior [ RunTime:0.000015s ]
INFO: [ app_init ] --END-- [ RunTime:0.000391s ]

[ 2017-12-19T13:41:40+08:00 ] 113.91.164.15 /index.php/Home/LossManage/break_verify
INFO: [ app_init ] --START--
INFO: Run Behavior\BuildLiteBehavior [ RunTime:0.000016s ]
INFO: [ app_init ] --END-- [ RunTime:0.000335s ]

[ 2017-12-19T13:44:31+08:00 ] 113.91.164.15 /index.php/Home/Device/device_list
INFO: [ app_init ] --START--
INFO: Run Behavior\BuildLiteBehavior [ RunTime:0.000017s ]
INFO: [ app_init ] --END-- [ RunTime:0.000410s ]
ERR: 1146:Table 'xdm371251510_db.service_t_reader' doesn't exist
 [ SQL语句 ] : SHOW COLUMNS FROM `service_t_reader`
ERR: 1146:Table 'xdm371251510_db.service_t_reader' doesn't exist
 [ SQL语句 ] : SHOW COLUMNS FROM `service_t_reader`

[ 2017-12-19T13:44:36+08:00 ] 113.91.164.15 /index.php/Home/Login/logOut
INFO: [ app_init ] --START--
INFO: Run Behavior\BuildLiteBehavior [ RunTime:0.000019s ]
INFO: [ app_init ] --END-- [ RunTime:0.000395s ]

[ 2017-12-19T13:44:37+08:00 ] 113.91.164.15 /index.php/Home/Login/login
INFO: [ app_init ] --START--
INFO: Run Behavior\BuildLiteBehavior [ RunTime:0.000016s ]
INFO: [ app_init ] --END-- [ RunTime:0.000348s ]

[ 2017-12-19T13:44:38+08:00 ] 113.91.164.15 /index.php/Home/Login/getVerify.html
INFO: [ app_init ] --START--
INFO: Run Behavior\BuildLiteBehavior [ RunTime:0.000015s ]
INFO: [ app_init ] --END-- [ RunTime:0.000362s ]

[ 2017-12-19T13:44:45+08:00 ] 113.91.164.15 /index.php/Home/Login/post_login
INFO: [ app_init ] --START--
INFO: Run Behavior\BuildLiteBehavior [ RunTime:0.000021s ]
INFO: [ app_init ] --END-- [ RunTime:0.000493s ]

[ 2017-12-19T13:44:47+08:00 ] 113.91.164.15 /index.php/Home/Index/index
INFO: [ app_init ] --START--
INFO: Run Behavior\BuildLiteBehavior [ RunTime:0.000016s ]
INFO: [ app_init ] --END-- [ RunTime:0.000357s ]

[ 2017-12-19T13:49:08+08:00 ] 113.91.164.15 /index.php/Home/Device/device_list
INFO: [ app_init ] --START--
INFO: Run Behavior\BuildLiteBehavior [ RunTime:0.000016s ]
INFO: [ app_init ] --END-- [ RunTime:0.000372s ]
ERR: 1146:Table 'xdm371251510_db.service_t_reader' doesn't exist
 [ SQL语句 ] : SHOW COLUMNS FROM `service_t_reader`
ERR: 1146:Table 'xdm371251510_db.service_t_reader' doesn't exist
 [ SQL语句 ] : SHOW COLUMNS FROM `service_t_reader`

[ 2017-12-19T13:49:14+08:00 ] 113.91.164.15 /index.php/Home/Classify/add_classify
INFO: [ app_init ] --START--
INFO: Run Behavior\BuildLiteBehavior [ RunTime:0.000017s ]
INFO: [ app_init ] --END-- [ RunTime:0.000434s ]

[ 2017-12-19T13:49:15+08:00 ] 113.91.164.15 /index.php/Home/Classify/classify
INFO: [ app_init ] --START--
INFO: Run Behavior\BuildLiteBehavior [ RunTime:0.000016s ]
INFO: [ app_init ] --END-- [ RunTime:0.000378s ]

[ 2017-12-19T13:49:15+08:00 ] 113.91.164.15 /index.php/Home/Classify/getClassifyList
INFO: [ app_init ] --START--
INFO: Run Behavior\BuildLiteBehavior [ RunTime:0.000017s ]
INFO: [ app_init ] --END-- [ RunTime:0.000335s ]

[ 2017-12-19T13:49:17+08:00 ] 113.91.164.15 /index.php/Home/User/user_choose
INFO: [ app_init ] --START--
INFO: Run Behavior\BuildLiteBehavior [ RunTime:0.000016s ]
INFO: [ app_init ] --END-- [ RunTime:0.000353s ]

[ 2017-12-19T13:49:19+08:00 ] 113.91.164.15 /index.php/Home/User/user_list
INFO: [ app_init ] --START--
INFO: Run Behavior\BuildLiteBehavior [ RunTime:0.000015s ]
INFO: [ app_init ] --END-- [ RunTime:0.000309s ]

[ 2017-12-19T13:49:21+08:00 ] 113.91.164.15 /index.php/Home/Device/add_device
INFO: [ app_init ] --START--
INFO: Run Behavior\BuildLiteBehavior [ RunTime:0.000015s ]
INFO: [ app_init ] --END-- [ RunTime:0.000315s ]

[ 2017-12-19T13:49:23+08:00 ] 113.91.164.15 /index.php/Home/Device/device_list
INFO: [ app_init ] --START--
INFO: Run Behavior\BuildLiteBehavior [ RunTime:0.000022s ]
INFO: [ app_init ] --END-- [ RunTime:0.000490s ]
ERR: 1146:Table 'xdm371251510_db.service_t_reader' doesn't exist
 [ SQL语句 ] : SHOW COLUMNS FROM `service_t_reader`
ERR: 1146:Table 'xdm371251510_db.service_t_reader' doesn't exist
 [ SQL语句 ] : SHOW COLUMNS FROM `service_t_reader`

[ 2017-12-19T13:52:22+08:00 ] 113.91.164.15 /index.php/Home/Device/add_device
INFO: [ app_init ] --START--
INFO: Run Behavior\BuildLiteBehavior [ RunTime:0.000016s ]
INFO: [ app_init ] --END-- [ RunTime:0.000344s ]

[ 2017-12-19T13:52:26+08:00 ] 113.91.164.15 /index.php/Home/Device/device_list
INFO: [ app_init ] --START--
INFO: Run Behavior\BuildLiteBehavior [ RunTime:0.000015s ]
INFO: [ app_init ] --END-- [ RunTime:0.000331s ]
ERR: 1146:Table 'xdm371251510_db.service_t_reader' doesn't exist
 [ SQL语句 ] : SHOW COLUMNS FROM `service_t_reader`
ERR: 1146:Table 'xdm371251510_db.service_t_reader' doesn't exist
 [ SQL语句 ] : SHOW COLUMNS FROM `service_t_reader`

[ 2017-12-19T13:52:34+08:00 ] 113.91.164.15 /index.php/Home/Device/device_list
INFO: [ app_init ] --START--
INFO: Run Behavior\BuildLiteBehavior [ RunTime:0.000016s ]
INFO: [ app_init ] --END-- [ RunTime:0.000352s ]
ERR: 1146:Table 'xdm371251510_db.service_t_reader' doesn't exist
 [ SQL语句 ] : SHOW COLUMNS FROM `service_t_reader`
ERR: 1146:Table 'xdm371251510_db.service_t_reader' doesn't exist
 [ SQL语句 ] : SHOW COLUMNS FROM `service_t_reader`

[ 2017-12-19T13:53:18+08:00 ] 113.91.164.15 /index.php/Home/Supplier/add_supplier
INFO: [ app_init ] --START--
INFO: Run Behavior\BuildLiteBehavior [ RunTime:0.000019s ]
INFO: [ app_init ] --END-- [ RunTime:0.000393s ]

[ 2017-12-19T13:53:21+08:00 ] 113.91.164.15 /index.php/Home/Supplier/supplier_list
INFO: [ app_init ] --START--
INFO: Run Behavior\BuildLiteBehavior [ RunTime:0.000018s ]
INFO: [ app_init ] --END-- [ RunTime:0.000434s ]

[ 2017-12-19T13:53:23+08:00 ] 113.91.164.15 /index.php/Home/Supplier/add_supplier
INFO: [ app_init ] --START--
INFO: Run Behavior\BuildLiteBehavior [ RunTime:0.000033s ]
INFO: [ app_init ] --END-- [ RunTime:0.000394s ]

[ 2017-12-19T13:53:46+08:00 ] 113.91.164.15 /index.php/Home/Device/add_device
INFO: [ app_init ] --START--
INFO: Run Behavior\BuildLiteBehavior [ RunTime:0.000016s ]
INFO: [ app_init ] --END-- [ RunTime:0.000365s ]

[ 2017-12-19T13:53:48+08:00 ] 113.91.164.15 /index.php/Home/Device/device_list
INFO: [ app_init ] --START--
INFO: Run Behavior\BuildLiteBehavior [ RunTime:0.000016s ]
INFO: [ app_init ] --END-- [ RunTime:0.000332s ]
ERR: 1146:Table 'xdm371251510_db.service_t_reader' doesn't exist
 [ SQL语句 ] : SHOW COLUMNS FROM `service_t_reader`
ERR: 1146:Table 'xdm371251510_db.service_t_reader' doesn't exist
 [ SQL语句 ] : SHOW COLUMNS FROM `service_t_reader`

[ 2017-12-19T13:53:56+08:00 ] 113.91.164.15 /index.php/Home/Supplier/add_supplier
INFO: [ app_init ] --START--
INFO: Run Behavior\BuildLiteBehavior [ RunTime:0.000015s ]
INFO: [ app_init ] --END-- [ RunTime:0.000367s ]

[ 2017-12-19T13:53:56+08:00 ] 101.226.33.238 /index.php/Home/Device/add_device
INFO: [ app_init ] --START--
INFO: Run Behavior\BuildLiteBehavior [ RunTime:0.000024s ]
INFO: [ app_init ] --END-- [ RunTime:0.000403s ]

[ 2017-12-19T13:53:57+08:00 ] 113.91.164.15 /index.php/Home/Supplier/supplier_list
INFO: [ app_init ] --START--
INFO: Run Behavior\BuildLiteBehavior [ RunTime:0.000015s ]
INFO: [ app_init ] --END-- [ RunTime:0.000320s ]

[ 2017-12-19T13:54:00+08:00 ] 113.91.164.15 /index.php/Home/Supplier/add_supplier
INFO: [ app_init ] --START--
INFO: Run Behavior\BuildLiteBehavior [ RunTime:0.000016s ]
INFO: [ app_init ] --END-- [ RunTime:0.000375s ]

[ 2017-12-19T13:54:45+08:00 ] 113.91.164.15 /index.php/Home/Device/device_list
INFO: [ app_init ] --START--
INFO: Run Behavior\BuildLiteBehavior [ RunTime:0.000017s ]
INFO: [ app_init ] --END-- [ RunTime:0.000398s ]

[ 2017-12-19T13:54:50+08:00 ] 113.91.164.15 /index.php/Home/Device/add_device
INFO: [ app_init ] --START--
INFO: Run Behavior\BuildLiteBehavior [ RunTime:0.000017s ]
INFO: [ app_init ] --END-- [ RunTime:0.000366s ]

[ 2017-12-19T13:55:02+08:00 ] 113.91.164.15 /index.php/Home/Supplier/add_supplier
INFO: [ app_init ] --START--
INFO: Run Behavior\BuildLiteBehavior [ RunTime:0.000024s ]
INFO: [ app_init ] --END-- [ RunTime:0.000414s ]

[ 2017-12-19T13:55:05+08:00 ] 113.91.164.15 /index.php/Home/Device/device_list
INFO: [ app_init ] --START--
INFO: Run Behavior\BuildLiteBehavior [ RunTime:0.000017s ]
INFO: [ app_init ] --END-- [ RunTime:0.000347s ]

[ 2017-12-19T13:55:43+08:00 ] 120.78.45.83 /index.php/Home/StoreHouse/storehouse_list
INFO: [ app_init ] --START--
INFO: Run Behavior\BuildLiteBehavior [ RunTime:0.000018s ]
INFO: [ app_init ] --END-- [ RunTime:0.000328s ]

[ 2017-12-19T14:02:10+08:00 ] 47.92.22.210 /index.php/Home/WashingPlants/add_washing_plant
INFO: [ app_init ] --START--
INFO: Run Behavior\BuildLiteBehavior [ RunTime:0.000014s ]
INFO: [ app_init ] --END-- [ RunTime:0.000338s ]

[ 2017-12-19T14:05:10+08:00 ] 113.91.164.15 /index.php/Home/Order/choose_dirty?type=dirty
INFO: [ app_init ] --START--
INFO: Run Behavior\BuildLiteBehavior [ RunTime:0.000019s ]
INFO: [ app_init ] --END-- [ RunTime:0.000353s ]

[ 2017-12-19T14:05:13+08:00 ] 113.91.164.15 /index.php/Home/Department/getdepartmentlist?customer_id=13
INFO: [ app_init ] --START--
INFO: Run Behavior\BuildLiteBehavior [ RunTime:0.000016s ]
INFO: [ app_init ] --END-- [ RunTime:0.000341s ]

[ 2017-12-19T14:05:39+08:00 ] 113.91.164.15 /index.php/Home/Order/get_storehouse_list
INFO: [ app_init ] --START--
INFO: Run Behavior\BuildLiteBehavior [ RunTime:0.000052s ]
INFO: [ app_init ] --END-- [ RunTime:0.000431s ]

[ 2017-12-19T14:05:42+08:00 ] 113.91.164.15 /index.php/Home/Order/choose_dirty?type=dirty
INFO: [ app_init ] --START--
INFO: Run Behavior\BuildLiteBehavior [ RunTime:0.000016s ]
INFO: [ app_init ] --END-- [ RunTime:0.000341s ]

[ 2017-12-19T14:05:44+08:00 ] 113.91.164.15 /index.php/Home/Department/getdepartmentlist?customer_id=13
INFO: [ app_init ] --START--
INFO: Run Behavior\BuildLiteBehavior [ RunTime:0.000014s ]
INFO: [ app_init ] --END-- [ RunTime:0.000355s ]

[ 2017-12-19T14:05:46+08:00 ] 113.91.164.15 /index.php/Home/Order/get_storehouse_list
INFO: [ app_init ] --START--
INFO: Run Behavior\BuildLiteBehavior [ RunTime:0.000015s ]
INFO: [ app_init ] --END-- [ RunTime:0.000330s ]

[ 2017-12-19T14:06:35+08:00 ] 113.91.164.15 /index.php/Home/Order/choose_dirty?type=dirty
INFO: [ app_init ] --START--
INFO: Run Behavior\BuildLiteBehavior [ RunTime:0.000015s ]
INFO: [ app_init ] --END-- [ RunTime:0.000361s ]

[ 2017-12-19T14:06:39+08:00 ] 113.91.164.15 /index.php/Home/Order/choose_dirty?type=dirty
INFO: [ app_init ] --START--
INFO: Run Behavior\BuildLiteBehavior [ RunTime:0.000015s ]
INFO: [ app_init ] --END-- [ RunTime:0.000341s ]

[ 2017-12-19T14:06:40+08:00 ] 113.91.164.15 /index.php/Home/Department/getdepartmentlist?customer_id=13
INFO: [ app_init ] --START--
INFO: Run Behavior\BuildLiteBehavior [ RunTime:0.000038s ]
INFO: [ app_init ] --END-- [ RunTime:0.000359s ]

[ 2017-12-19T14:06:43+08:00 ] 113.91.164.15 /index.php/Home/Order/get_storehouse_list
INFO: [ app_init ] --START--
INFO: Run Behavior\BuildLiteBehavior [ RunTime:0.000016s ]
INFO: [ app_init ] --END-- [ RunTime:0.000376s ]

[ 2017-12-19T14:06:45+08:00 ] 101.226.33.220 /index.php/Home/Order/choose_dirty?type=dirty
INFO: [ app_init ] --START--
INFO: Run Behavior\BuildLiteBehavior [ RunTime:0.000016s ]
INFO: [ app_init ] --END-- [ RunTime:0.000320s ]

[ 2017-12-19T14:06:50+08:00 ] 113.91.164.15 /index.php/Home/Order/dirty_order?customer_id=13&department_id=23,24,&storehouse_id=28,&washing_id=12&start_time=2017-12-1&end_time=2017-12-31
INFO: [ app_init ] --START--
INFO: Run Behavior\BuildLiteBehavior [ RunTime:0.000019s ]
INFO: [ app_init ] --END-- [ RunTime:0.000349s ]

[ 2017-12-19T14:06:54+08:00 ] 113.91.164.15 /index.php/Home/Order/choose_dirty?type=dirty
INFO: [ app_init ] --START--
INFO: Run Behavior\BuildLiteBehavior [ RunTime:0.000017s ]
INFO: [ app_init ] --END-- [ RunTime:0.000356s ]

[ 2017-12-19T14:06:55+08:00 ] 113.91.164.15 /index.php/Home/Order/choose_clean?type=clean
INFO: [ app_init ] --START--
INFO: Run Behavior\BuildLiteBehavior [ RunTime:0.000015s ]
INFO: [ app_init ] --END-- [ RunTime:0.000344s ]

[ 2017-12-19T14:06:58+08:00 ] 113.91.164.15 /index.php/Home/Department/getdepartmentlist?customer_id=13
INFO: [ app_init ] --START--
INFO: Run Behavior\BuildLiteBehavior [ RunTime:0.000035s ]
INFO: [ app_init ] --END-- [ RunTime:0.000401s ]

[ 2017-12-19T14:07:00+08:00 ] 113.91.164.15 /index.php/Home/Order/get_storehouse_list
INFO: [ app_init ] --START--
INFO: Run Behavior\BuildLiteBehavior [ RunTime:0.000041s ]
INFO: [ app_init ] --END-- [ RunTime:0.000382s ]

[ 2017-12-19T14:07:09+08:00 ] 113.91.164.15 /index.php/Home/Order/clean_order?customer_id=13&department_id=21,22,&storehouse_id=27,&washing_id=12&start_time=2017-12-1&end_time=2017-12-31
INFO: [ app_init ] --START--
INFO: Run Behavior\BuildLiteBehavior [ RunTime:0.000016s ]
INFO: [ app_init ] --END-- [ RunTime:0.000338s ]

[ 2017-12-19T14:07:19+08:00 ] 101.226.33.220 /index.php/Home/Order/clean_order?customer_id=13&department_id=21,22,&storehouse_id=27,&washing_id=12&start_time=2017-12-1&end_time=2017-12-31
INFO: [ app_init ] --START--
INFO: Run Behavior\BuildLiteBehavior [ RunTime:0.000018s ]
INFO: [ app_init ] --END-- [ RunTime:0.000387s ]

[ 2017-12-19T14:07:19+08:00 ] 61.129.6.148 /index.php/Home/Order/clean_order?customer_id=13&department_id=21,22,&storehouse_id=27,&washing_id=12&start_time=2017-12-1&end_time=2017-12-31
INFO: [ app_init ] --START--
INFO: Run Behavior\BuildLiteBehavior [ RunTime:0.000016s ]
INFO: [ app_init ] --END-- [ RunTime:0.000340s ]

[ 2017-12-19T14:09:19+08:00 ] 113.91.164.15 /index.php/Home/NewProduct/new_product
INFO: [ app_init ] --START--
INFO: Run Behavior\BuildLiteBehavior [ RunTime:0.000015s ]
INFO: [ app_init ] --END-- [ RunTime:0.000368s ]

[ 2017-12-19T14:09:20+08:00 ] 113.91.164.15 /index.php/Home/NewProduct/get_washinglist
INFO: [ app_init ] --START--
INFO: Run Behavior\BuildLiteBehavior [ RunTime:0.000015s ]
INFO: [ app_init ] --END-- [ RunTime:0.000324s ]

[ 2017-12-19T14:09:26+08:00 ] 113.91.164.15 /index.php/Home/NewProduct/new_product?washing_id=12&start_time=2017-12-1&end_time=2017-12-31
INFO: [ app_init ] --START--
INFO: Run Behavior\BuildLiteBehavior [ RunTime:0.000018s ]
INFO: [ app_init ] --END-- [ RunTime:0.000367s ]

[ 2017-12-19T14:09:27+08:00 ] 113.91.164.15 /index.php/Home/NewProduct/get_washinglist
INFO: [ app_init ] --START--
INFO: Run Behavior\BuildLiteBehavior [ RunTime:0.000017s ]
INFO: [ app_init ] --END-- [ RunTime:0.000330s ]

[ 2017-12-19T14:11:00+08:00 ] 183.11.37.223 /index.php/Home/WashingPlants/washing_plant_list
INFO: [ app_init ] --START--
INFO: Run Behavior\BuildLiteBehavior [ RunTime:0.000021s ]
INFO: [ app_init ] --END-- [ RunTime:0.000345s ]

[ 2017-12-19T14:11:02+08:00 ] 183.11.37.223 /index.php/Home/WashingPlants/add_washing_plant
INFO: [ app_init ] --START--
INFO: Run Behavior\BuildLiteBehavior [ RunTime:0.000017s ]
INFO: [ app_init ] --END-- [ RunTime:0.000338s ]

[ 2017-12-19T14:11:04+08:00 ] 183.11.37.223 /index.php/Home/WashingPlants/washing_plant_list
INFO: [ app_init ] --START--
INFO: Run Behavior\BuildLiteBehavior [ RunTime:0.000014s ]
INFO: [ app_init ] --END-- [ RunTime:0.000333s ]

[ 2017-12-19T14:11:14+08:00 ] 183.11.37.223 /index.php/Home/Classify/classify
INFO: [ app_init ] --START--
INFO: Run Behavior\BuildLiteBehavior [ RunTime:0.000018s ]
INFO: [ app_init ] --END-- [ RunTime:0.000449s ]

[ 2017-12-19T14:11:15+08:00 ] 183.11.37.223 /index.php/Home/Classify/getClassifyList
INFO: [ app_init ] --START--
INFO: Run Behavior\BuildLiteBehavior [ RunTime:0.000018s ]
INFO: [ app_init ] --END-- [ RunTime:0.000346s ]

[ 2017-12-19T14:11:17+08:00 ] 183.11.37.223 /index.php/Home/Classify/getClassifyList
INFO: [ app_init ] --START--
INFO: Run Behavior\BuildLiteBehavior [ RunTime:0.000015s ]
INFO: [ app_init ] --END-- [ RunTime:0.000401s ]

[ 2017-12-19T14:11:46+08:00 ] 183.11.37.223 /index.php/Home/Classify/classify
INFO: [ app_init ] --START--
INFO: Run Behavior\BuildLiteBehavior [ RunTime:0.000016s ]
INFO: [ app_init ] --END-- [ RunTime:0.000335s ]

[ 2017-12-19T14:11:47+08:00 ] 183.11.37.223 /index.php/Home/Classify/getClassifyList
INFO: [ app_init ] --START--
INFO: Run Behavior\BuildLiteBehavior [ RunTime:0.000017s ]
INFO: [ app_init ] --END-- [ RunTime:0.000351s ]

[ 2017-12-19T14:11:49+08:00 ] 183.11.37.223 /index.php/Home/Classify/getClassifyList
INFO: [ app_init ] --START--
INFO: Run Behavior\BuildLiteBehavior [ RunTime:0.000016s ]
INFO: [ app_init ] --END-- [ RunTime:0.000335s ]

[ 2017-12-19T14:11:59+08:00 ] 183.11.37.223 /index.php/Home/Classify/editClassify
INFO: [ app_init ] --START--
INFO: Run Behavior\BuildLiteBehavior [ RunTime:0.000021s ]
INFO: [ app_init ] --END-- [ RunTime:0.000442s ]

[ 2017-12-19T14:12:15+08:00 ] 183.11.37.223 /index.php/Home/User/user_list
INFO: [ app_init ] --START--
INFO: Run Behavior\BuildLiteBehavior [ RunTime:0.000020s ]
INFO: [ app_init ] --END-- [ RunTime:0.000375s ]

[ 2017-12-19T14:14:54+08:00 ] 113.91.164.15 /
INFO: [ app_init ] --START--
INFO: Run Behavior\BuildLiteBehavior [ RunTime:0.000015s ]
INFO: [ app_init ] --END-- [ RunTime:0.000329s ]

[ 2017-12-19T14:14:58+08:00 ] 113.91.164.15 /index.php/Home/Login/login.html
INFO: [ app_init ] --START--
INFO: Run Behavior\BuildLiteBehavior [ RunTime:0.000018s ]
INFO: [ app_init ] --END-- [ RunTime:0.000351s ]

[ 2017-12-19T14:14:58+08:00 ] 113.91.164.15 /index.php/Home/Login/getVerify.html
INFO: [ app_init ] --START--
INFO: Run Behavior\BuildLiteBehavior [ RunTime:0.000016s ]
INFO: [ app_init ] --END-- [ RunTime:0.000328s ]

[ 2017-12-19T14:14:59+08:00 ] 101.226.68.215 /index.php/Home/Login/login.html
INFO: [ app_init ] --START--
INFO: Run Behavior\BuildLiteBehavior [ RunTime:0.000016s ]
INFO: [ app_init ] --END-- [ RunTime:0.000380s ]

[ 2017-12-19T14:17:02+08:00 ] 211.142.199.36 /index.php/Home/Classify/classify
INFO: [ app_init ] --START--
INFO: Run Behavior\BuildLiteBehavior [ RunTime:0.000024s ]
INFO: [ app_init ] --END-- [ RunTime:0.000392s ]

[ 2017-12-19T14:17:05+08:00 ] 211.142.199.36 /index.php/Home/Login/login.html
INFO: [ app_init ] --START--
INFO: Run Behavior\BuildLiteBehavior [ RunTime:0.000021s ]
INFO: [ app_init ] --END-- [ RunTime:0.000422s ]

[ 2017-12-19T14:23:45+08:00 ] 183.11.37.223 /index.php/Home/Department/add_dt
INFO: [ app_init ] --START--
INFO: Run Behavior\BuildLiteBehavior [ RunTime:0.000015s ]
INFO: [ app_init ] --END-- [ RunTime:0.000326s ]

[ 2017-12-19T14:23:48+08:00 ] 183.11.37.223 /index.php/Home/Department/get_department_list?customer_id=13
INFO: [ app_init ] --START--
INFO: Run Behavior\BuildLiteBehavior [ RunTime:0.000018s ]
INFO: [ app_init ] --END-- [ RunTime:0.000400s ]

[ 2017-12-19T14:23:54+08:00 ] 183.11.37.223 /index.php/Home/Department/get_department_list?customer_id=13
INFO: [ app_init ] --START--
INFO: Run Behavior\BuildLiteBehavior [ RunTime:0.000015s ]
INFO: [ app_init ] --END-- [ RunTime:0.000333s ]

[ 2017-12-19T14:24:25+08:00 ] 183.11.37.223 /index.php/Home/Department/post_department
INFO: [ app_init ] --START--
INFO: Run Behavior\BuildLiteBehavior [ RunTime:0.000017s ]
INFO: [ app_init ] --END-- [ RunTime:0.000354s ]

[ 2017-12-19T14:24:30+08:00 ] 183.11.37.223 /index.php/Home/Department/get_department_list?customer_id=13
INFO: [ app_init ] --START--
INFO: Run Behavior\BuildLiteBehavior [ RunTime:0.000018s ]
INFO: [ app_init ] --END-- [ RunTime:0.000716s ]

[ 2017-12-19T14:25:01+08:00 ] 183.11.37.223 /index.php/Home/Department/post_department
INFO: [ app_init ] --START--
INFO: Run Behavior\BuildLiteBehavior [ RunTime:0.000020s ]
INFO: [ app_init ] --END-- [ RunTime:0.000359s ]

[ 2017-12-19T14:25:05+08:00 ] 183.11.37.223 /index.php/Home/StoreHouse/add_storehouse
INFO: [ app_init ] --START--
INFO: Run Behavior\BuildLiteBehavior [ RunTime:0.000016s ]
INFO: [ app_init ] --END-- [ RunTime:0.000395s ]

[ 2017-12-19T14:25:06+08:00 ] 183.11.37.223 /index.php/Home/StoreHouse/customer_name_list
INFO: [ app_init ] --START--
INFO: Run Behavior\BuildLiteBehavior [ RunTime:0.000016s ]
INFO: [ app_init ] --END-- [ RunTime:0.000358s ]

[ 2017-12-19T14:25:08+08:00 ] 183.11.37.223 /index.php/Home/StoreHouse/department_name_list?customer_id=13
INFO: [ app_init ] --START--
INFO: Run Behavior\BuildLiteBehavior [ RunTime:0.000017s ]
INFO: [ app_init ] --END-- [ RunTime:0.000359s ]

[ 2017-12-19T14:26:08+08:00 ] 183.11.37.223 /index.php/Home/StoreHouse/post_storehouse
INFO: [ app_init ] --START--
INFO: Run Behavior\BuildLiteBehavior [ RunTime:0.000016s ]
INFO: [ app_init ] --END-- [ RunTime:0.000352s ]

[ 2017-12-19T14:26:12+08:00 ] 183.11.37.223 /index.php/Home/StoreHouse/department_name_list?customer_id=13
INFO: [ app_init ] --START--
INFO: Run Behavior\BuildLiteBehavior [ RunTime:0.000019s ]
INFO: [ app_init ] --END-- [ RunTime:0.000383s ]

[ 2017-12-19T14:26:47+08:00 ] 183.11.37.223 /index.php/Home/StoreHouse/post_storehouse
INFO: [ app_init ] --START--
INFO: Run Behavior\BuildLiteBehavior [ RunTime:0.000014s ]
INFO: [ app_init ] --END-- [ RunTime:0.000346s ]

[ 2017-12-19T14:29:05+08:00 ] 183.11.37.223 /index.php/Home/StoreHouse/storehouse_list
INFO: [ app_init ] --START--
INFO: Run Behavior\BuildLiteBehavior [ RunTime:0.000017s ]
INFO: [ app_init ] --END-- [ RunTime:0.000541s ]

[ 2017-12-19T14:43:17+08:00 ] 183.11.37.223 /index.php/Home/User/user_choose
INFO: [ app_init ] --START--
INFO: Run Behavior\BuildLiteBehavior [ RunTime:0.000019s ]
INFO: [ app_init ] --END-- [ RunTime:0.000374s ]

[ 2017-12-19T14:43:24+08:00 ] 183.11.37.223 /index.php/Home/User/user_add?cid=user&did=fin
INFO: [ app_init ] --START--
INFO: Run Behavior\BuildLiteBehavior [ RunTime:0.000019s ]
INFO: [ app_init ] --END-- [ RunTime:0.000409s ]

[ 2017-12-19T14:43:34+08:00 ] 113.91.164.15 /index.php/Home/Inventory/choose
INFO: [ app_init ] --START--
INFO: Run Behavior\BuildLiteBehavior [ RunTime:0.000024s ]
INFO: [ app_init ] --END-- [ RunTime:0.000420s ]

[ 2017-12-19T14:45:53+08:00 ] 218.29.186.44 /index.php/Home/User/user_choose
INFO: [ app_init ] --START--
INFO: Run Behavior\BuildLiteBehavior [ RunTime:0.000017s ]
INFO: [ app_init ] --END-- [ RunTime:0.000343s ]

[ 2017-12-19T14:45:57+08:00 ] 218.29.186.44 /index.php/Home/Login/login.html
INFO: [ app_init ] --START--
INFO: Run Behavior\BuildLiteBehavior [ RunTime:0.000016s ]
INFO: [ app_init ] --END-- [ RunTime:0.000361s ]

[ 2017-12-19T14:48:42+08:00 ] 180.97.35.216 /index.php/Home/User/user_add?cid=user&did=fin
INFO: [ app_init ] --START--
INFO: Run Behavior\BuildLiteBehavior [ RunTime:0.000019s ]
INFO: [ app_init ] --END-- [ RunTime:0.000365s ]

[ 2017-12-19T14:48:45+08:00 ] 180.97.35.216 /index.php/Home/Login/login.html
INFO: [ app_init ] --START--
INFO: Run Behavior\BuildLiteBehavior [ RunTime:0.000015s ]
INFO: [ app_init ] --END-- [ RunTime:0.000355s ]

[ 2017-12-19T15:02:47+08:00 ] 183.11.37.223 /index.php/Home/Order/choose_dirty?type=dirty
INFO: [ app_init ] --START--
INFO: Run Behavior\BuildLiteBehavior [ RunTime:0.000015s ]
INFO: [ app_init ] --END-- [ RunTime:0.000325s ]

[ 2017-12-19T15:02:50+08:00 ] 183.11.37.223 /index.php/Home/Department/getdepartmentlist?customer_id=13
INFO: [ app_init ] --START--
INFO: Run Behavior\BuildLiteBehavior [ RunTime:0.000039s ]
INFO: [ app_init ] --END-- [ RunTime:0.000391s ]

[ 2017-12-19T15:02:52+08:00 ] 183.11.37.223 /index.php/Home/Order/get_storehouse_list
INFO: [ app_init ] --START--
INFO: Run Behavior\BuildLiteBehavior [ RunTime:0.000020s ]
INFO: [ app_init ] --END-- [ RunTime:0.000420s ]

[ 2017-12-19T15:03:05+08:00 ] 183.11.37.223 /index.php/Home/Order/dirty_order?customer_id=13&department_id=23,26,24,&storehouse_id=28,31,&washing_id=12&start_time=2017-12-1&end_time=2017-12-23
INFO: [ app_init ] --START--
INFO: Run Behavior\BuildLiteBehavior [ RunTime:0.000017s ]
INFO: [ app_init ] --END-- [ RunTime:0.000371s ]

[ 2017-12-19T15:03:37+08:00 ] 183.11.37.223 /index.php/Home/Order/choose_clean?type=clean
INFO: [ app_init ] --START--
INFO: Run Behavior\BuildLiteBehavior [ RunTime:0.000015s ]
INFO: [ app_init ] --END-- [ RunTime:0.000375s ]

[ 2017-12-19T15:03:39+08:00 ] 183.11.37.223 /index.php/Home/Department/getdepartmentlist?customer_id=13
INFO: [ app_init ] --START--
INFO: Run Behavior\BuildLiteBehavior [ RunTime:0.000017s ]
INFO: [ app_init ] --END-- [ RunTime:0.000395s ]

[ 2017-12-19T15:03:44+08:00 ] 183.11.37.223 /index.php/Home/Order/get_storehouse_list
INFO: [ app_init ] --START--
INFO: Run Behavior\BuildLiteBehavior [ RunTime:0.000018s ]
INFO: [ app_init ] --END-- [ RunTime:0.000423s ]

[ 2017-12-19T15:03:53+08:00 ] 183.11.37.223 /index.php/Home/Order/clean_order?customer_id=13&department_id=23,26,24,&storehouse_id=28,31,&washing_id=12&start_time=2017-12-1&end_time=2017-12-23
INFO: [ app_init ] --START--
INFO: Run Behavior\BuildLiteBehavior [ RunTime:0.000018s ]
INFO: [ app_init ] --END-- [ RunTime:0.000388s ]

[ 2017-12-19T15:04:01+08:00 ] 121.205.165.69 /index.php/Home/Order/choose_clean?type=clean
INFO: [ app_init ] --START--
INFO: Run Behavior\BuildLiteBehavior [ RunTime:0.000015s ]
INFO: [ app_init ] --END-- [ RunTime:0.000351s ]

[ 2017-12-19T15:04:05+08:00 ] 121.205.165.69 /index.php/Home/Login/login.html
INFO: [ app_init ] --START--
INFO: Run Behavior\BuildLiteBehavior [ RunTime:0.000030s ]
INFO: [ app_init ] --END-- [ RunTime:0.000342s ]

[ 2017-12-19T15:04:06+08:00 ] 183.11.37.223 /
INFO: [ app_init ] --START--
INFO: Run Behavior\BuildLiteBehavior [ RunTime:0.000018s ]
INFO: [ app_init ] --END-- [ RunTime:0.000409s ]

[ 2017-12-19T15:04:09+08:00 ] 183.11.37.223 /index.php/Home/Login/login.html
INFO: [ app_init ] --START--
INFO: Run Behavior\BuildLiteBehavior [ RunTime:0.000022s ]
INFO: [ app_init ] --END-- [ RunTime:0.000507s ]

[ 2017-12-19T15:04:09+08:00 ] 183.11.37.223 /index.php/Home/Login/getVerify.html
INFO: [ app_init ] --START--
INFO: Run Behavior\BuildLiteBehavior [ RunTime:0.000016s ]
INFO: [ app_init ] --END-- [ RunTime:0.000378s ]

[ 2017-12-19T15:04:35+08:00 ] 183.11.37.223 /index.php/Home/Login/post_login
INFO: [ app_init ] --START--
INFO: Run Behavior\BuildLiteBehavior [ RunTime:0.000016s ]
INFO: [ app_init ] --END-- [ RunTime:0.000325s ]

[ 2017-12-19T15:04:37+08:00 ] 183.11.37.223 /index.php/Home/Index/index
INFO: [ app_init ] --START--
INFO: Run Behavior\BuildLiteBehavior [ RunTime:0.000016s ]
INFO: [ app_init ] --END-- [ RunTime:0.000350s ]

[ 2017-12-19T15:04:58+08:00 ] 183.11.37.223 /index.php/Home/WashingPlants/add_washing_plant
INFO: [ app_init ] --START--
INFO: Run Behavior\BuildLiteBehavior [ RunTime:0.000017s ]
INFO: [ app_init ] --END-- [ RunTime:0.000393s ]

[ 2017-12-19T15:05:09+08:00 ] 111.206.36.15 /index.php/Home/Order/clean_order?customer_id=13&department_id=23,26,24,&storehouse_id=28,31,&washing_id=12&start_time=2017-12-1&end_time=2017-12-23
INFO: [ app_init ] --START--
INFO: Run Behavior\BuildLiteBehavior [ RunTime:0.000016s ]
INFO: [ app_init ] --END-- [ RunTime:0.000329s ]

[ 2017-12-19T15:05:12+08:00 ] 111.206.36.15 /index.php/Home/Login/login.html
INFO: [ app_init ] --START--
INFO: Run Behavior\BuildLiteBehavior [ RunTime:0.000019s ]
INFO: [ app_init ] --END-- [ RunTime:0.000350s ]

[ 2017-12-19T15:05:14+08:00 ] 183.11.37.223 /index.php/Home/Index/index
INFO: [ app_init ] --START--
INFO: Run Behavior\BuildLiteBehavior [ RunTime:0.000018s ]
INFO: [ app_init ] --END-- [ RunTime:0.000369s ]

[ 2017-12-19T15:05:16+08:00 ] 183.11.37.223 /index.php/Home/Order/clean_order_details?lib=0071712191500609
INFO: [ app_init ] --START--
INFO: Run Behavior\BuildLiteBehavior [ RunTime:0.000019s ]
INFO: [ app_init ] --END-- [ RunTime:0.000377s ]

[ 2017-12-19T15:05:21+08:00 ] 183.11.37.223 /index.php/Home/NewProduct/new_product
INFO: [ app_init ] --START--
INFO: Run Behavior\BuildLiteBehavior [ RunTime:0.000017s ]
INFO: [ app_init ] --END-- [ RunTime:0.000383s ]

[ 2017-12-19T15:05:22+08:00 ] 183.11.37.223 /index.php/Home/NewProduct/get_washinglist
INFO: [ app_init ] --START--
INFO: Run Behavior\BuildLiteBehavior [ RunTime:0.000017s ]
INFO: [ app_init ] --END-- [ RunTime:0.000360s ]

[ 2017-12-19T15:05:23+08:00 ] 183.11.37.223 /index.php/Home/Order/choose_dirty?type=dirty
INFO: [ app_init ] --START--
INFO: Run Behavior\BuildLiteBehavior [ RunTime:0.000022s ]
INFO: [ app_init ] --END-- [ RunTime:0.000368s ]

[ 2017-12-19T15:05:24+08:00 ] 183.11.37.223 /index.php/Home/Order/choose_dirty?type=dirty
INFO: [ app_init ] --START--
INFO: Run Behavior\BuildLiteBehavior [ RunTime:0.000017s ]
INFO: [ app_init ] --END-- [ RunTime:0.000371s ]

[ 2017-12-19T15:05:26+08:00 ] 183.11.37.223 /index.php/Home/WashingPlants/add_washing_plant
INFO: [ app_init ] --START--
INFO: Run Behavior\BuildLiteBehavior [ RunTime:0.000016s ]
INFO: [ app_init ] --END-- [ RunTime:0.000315s ]

[ 2017-12-19T15:05:27+08:00 ] 183.11.37.223 /index.php/Home/WashingPlants/washing_plant_list
INFO: [ app_init ] --START--
INFO: Run Behavior\BuildLiteBehavior [ RunTime:0.000019s ]
INFO: [ app_init ] --END-- [ RunTime:0.000368s ]

[ 2017-12-19T15:05:37+08:00 ] 183.11.37.223 /index.php/Home/Inventory/choose
INFO: [ app_init ] --START--
INFO: Run Behavior\BuildLiteBehavior [ RunTime:0.000018s ]
INFO: [ app_init ] --END-- [ RunTime:0.000399s ]

[ 2017-12-19T15:05:40+08:00 ] 183.11.37.223 /index.php/Home/LossManage/lose_list
INFO: [ app_init ] --START--
INFO: Run Behavior\BuildLiteBehavior [ RunTime:0.000020s ]
INFO: [ app_init ] --END-- [ RunTime:0.000658s ]

[ 2017-12-19T15:05:42+08:00 ] 183.11.37.223 /index.php/Home/LossManage/break_verify
INFO: [ app_init ] --START--
INFO: Run Behavior\BuildLiteBehavior [ RunTime:0.000016s ]
INFO: [ app_init ] --END-- [ RunTime:0.000398s ]

[ 2017-12-19T15:05:43+08:00 ] 183.11.37.223 /index.php/Home/LossManage/lose_verify
INFO: [ app_init ] --START--
INFO: Run Behavior\BuildLiteBehavior [ RunTime:0.000016s ]
INFO: [ app_init ] --END-- [ RunTime:0.000357s ]

[ 2017-12-19T15:06:10+08:00 ] 183.11.37.223 /index.php/Home/Order/choose_dirty?type=dirty
INFO: [ app_init ] --START--
INFO: Run Behavior\BuildLiteBehavior [ RunTime:0.000021s ]
INFO: [ app_init ] --END-- [ RunTime:0.000365s ]

[ 2017-12-19T15:06:12+08:00 ] 113.91.164.15 /index.php/Home/Order/choose_clean?type=clean
INFO: [ app_init ] --START--
INFO: Run Behavior\BuildLiteBehavior [ RunTime:0.000023s ]
INFO: [ app_init ] --END-- [ RunTime:0.000458s ]

[ 2017-12-19T15:06:14+08:00 ] 113.91.164.15 /index.php/Home/Department/getdepartmentlist?customer_id=13
INFO: [ app_init ] --START--
INFO: Run Behavior\BuildLiteBehavior [ RunTime:0.000019s ]
INFO: [ app_init ] --END-- [ RunTime:0.000358s ]

[ 2017-12-19T15:06:16+08:00 ] 113.91.164.15 /index.php/Home/Order/get_storehouse_list
INFO: [ app_init ] --START--
INFO: Run Behavior\BuildLiteBehavior [ RunTime:0.000017s ]
INFO: [ app_init ] --END-- [ RunTime:0.000362s ]

[ 2017-12-19T15:06:17+08:00 ] 183.11.37.223 /index.php/Home/Inventory/choose
INFO: [ app_init ] --START--
INFO: Run Behavior\BuildLiteBehavior [ RunTime:0.000015s ]
INFO: [ app_init ] --END-- [ RunTime:0.000370s ]

[ 2017-12-19T15:06:18+08:00 ] 183.11.37.223 /index.php/Home/Inventory/choose
INFO: [ app_init ] --START--
INFO: Run Behavior\BuildLiteBehavior [ RunTime:0.000019s ]
INFO: [ app_init ] --END-- [ RunTime:0.000391s ]

[ 2017-12-19T15:06:22+08:00 ] 113.91.164.15 /index.php/Home/Order/clean_order?customer_id=13&department_id=0,23,26,24,21,27,22,&storehouse_id=28,31,32,&washing_id=12&start_time=2017-12-1&end_time=2017-12-31
INFO: [ app_init ] --START--
INFO: Run Behavior\BuildLiteBehavior [ RunTime:0.000033s ]
INFO: [ app_init ] --END-- [ RunTime:0.000431s ]

[ 2017-12-19T15:06:31+08:00 ] 183.11.37.223 /index.php/Home/Driver/add_driver
INFO: [ app_init ] --START--
INFO: Run Behavior\BuildLiteBehavior [ RunTime:0.000018s ]
INFO: [ app_init ] --END-- [ RunTime:0.000368s ]

[ 2017-12-19T15:06:42+08:00 ] 111.206.36.143 /index.php/Home/NewProduct/new_product
INFO: [ app_init ] --START--
INFO: Run Behavior\BuildLiteBehavior [ RunTime:0.000016s ]
INFO: [ app_init ] --END-- [ RunTime:0.000328s ]

[ 2017-12-19T15:06:45+08:00 ] 111.206.36.143 /index.php/Home/Login/login.html
INFO: [ app_init ] --START--
INFO: Run Behavior\BuildLiteBehavior [ RunTime:0.000016s ]
INFO: [ app_init ] --END-- [ RunTime:0.000326s ]

[ 2017-12-19T15:06:50+08:00 ] 183.11.37.223 /index.php/Home/WashingPlants/washing_plant_list
INFO: [ app_init ] --START--
INFO: Run Behavior\BuildLiteBehavior [ RunTime:0.000016s ]
INFO: [ app_init ] --END-- [ RunTime:0.000395s ]

[ 2017-12-19T15:06:55+08:00 ] 183.11.37.223 /index.php/Home/Custom/add_custom
INFO: [ app_init ] --START--
INFO: Run Behavior\BuildLiteBehavior [ RunTime:0.000017s ]
INFO: [ app_init ] --END-- [ RunTime:0.000389s ]

[ 2017-12-19T15:06:58+08:00 ] 183.11.37.223 /index.php/Home/Custom/custom_list
INFO: [ app_init ] --START--
INFO: Run Behavior\BuildLiteBehavior [ RunTime:0.000016s ]
INFO: [ app_init ] --END-- [ RunTime:0.000326s ]

[ 2017-12-19T15:07:10+08:00 ] 183.11.37.223 /index.php/Home/Driver/add_driver
INFO: [ app_init ] --START--
INFO: Run Behavior\BuildLiteBehavior [ RunTime:0.000029s ]
INFO: [ app_init ] --END-- [ RunTime:0.000360s ]

[ 2017-12-19T15:07:12+08:00 ] 183.11.37.223 /index.php/Home/Driver/driver_list
INFO: [ app_init ] --START--
INFO: Run Behavior\BuildLiteBehavior [ RunTime:0.000024s ]
INFO: [ app_init ] --END-- [ RunTime:0.000404s ]

[ 2017-12-19T15:07:14+08:00 ] 183.11.37.223 /index.php/Home/Car/add_car
INFO: [ app_init ] --START--
INFO: Run Behavior\BuildLiteBehavior [ RunTime:0.000015s ]
INFO: [ app_init ] --END-- [ RunTime:0.000331s ]

[ 2017-12-19T15:07:16+08:00 ] 183.11.37.223 /index.php/Home/Car/car_list
INFO: [ app_init ] --START--
INFO: Run Behavior\BuildLiteBehavior [ RunTime:0.000018s ]
INFO: [ app_init ] --END-- [ RunTime:0.000382s ]

[ 2017-12-19T15:07:35+08:00 ] 183.11.37.223 /index.php/Home/Order/choose_dirty?type=dirty
INFO: [ app_init ] --START--
INFO: Run Behavior\BuildLiteBehavior [ RunTime:0.000017s ]
INFO: [ app_init ] --END-- [ RunTime:0.000364s ]

[ 2017-12-19T15:07:36+08:00 ] 183.11.37.223 /index.php/Home/Order/choose_clean?type=clean
INFO: [ app_init ] --START--
INFO: Run Behavior\BuildLiteBehavior [ RunTime:0.000015s ]
INFO: [ app_init ] --END-- [ RunTime:0.000346s ]

[ 2017-12-19T15:07:41+08:00 ] 183.11.37.223 /index.php/Home/LossManage/lose_list
INFO: [ app_init ] --START--
INFO: Run Behavior\BuildLiteBehavior [ RunTime:0.000021s ]
INFO: [ app_init ] --END-- [ RunTime:0.000349s ]

[ 2017-12-19T15:07:48+08:00 ] 183.11.37.223 /index.php/Home/Inventory/choose
INFO: [ app_init ] --START--
INFO: Run Behavior\BuildLiteBehavior [ RunTime:0.000016s ]
INFO: [ app_init ] --END-- [ RunTime:0.000347s ]

[ 2017-12-19T15:08:00+08:00 ] 183.11.37.223 /index.php/Home/Order/choose_dirty?type=dirty
INFO: [ app_init ] --START--
INFO: Run Behavior\BuildLiteBehavior [ RunTime:0.000015s ]
INFO: [ app_init ] --END-- [ RunTime:0.000314s ]

[ 2017-12-19T15:08:09+08:00 ] 183.11.37.223 /index.php/Home/Department/getdepartmentlist?customer_id=13
INFO: [ app_init ] --START--
INFO: Run Behavior\BuildLiteBehavior [ RunTime:0.000016s ]
INFO: [ app_init ] --END-- [ RunTime:0.000309s ]

[ 2017-12-19T15:08:10+08:00 ] 101.28.254.11 /index.php/Home/Order/dirty_order?customer_id=13&department_id=23,26,24,&storehouse_id=28,31,&washing_id=12&start_time=2017-12-1&end_time=2017-12-23
INFO: [ app_init ] --START--
INFO: Run Behavior\BuildLiteBehavior [ RunTime:0.000017s ]
INFO: [ app_init ] --END-- [ RunTime:0.000382s ]

[ 2017-12-19T15:08:14+08:00 ] 183.11.37.223 /index.php/Home/Index/index
INFO: [ app_init ] --START--
INFO: Run Behavior\BuildLiteBehavior [ RunTime:0.000017s ]
INFO: [ app_init ] --END-- [ RunTime:0.000341s ]

[ 2017-12-19T15:08:28+08:00 ] 183.11.37.223 /index.php/Home/Index/index
INFO: [ app_init ] --START--
INFO: Run Behavior\BuildLiteBehavior [ RunTime:0.000016s ]
INFO: [ app_init ] --END-- [ RunTime:0.000320s ]

[ 2017-12-19T15:08:33+08:00 ] 183.11.37.223 /index.php/Home/Classify/add_classify
INFO: [ app_init ] --START--
INFO: Run Behavior\BuildLiteBehavior [ RunTime:0.000014s ]
INFO: [ app_init ] --END-- [ RunTime:0.000339s ]

[ 2017-12-19T15:08:35+08:00 ] 183.11.37.223 /index.php/Home/Classify/classify
INFO: [ app_init ] --START--
INFO: Run Behavior\BuildLiteBehavior [ RunTime:0.000015s ]
INFO: [ app_init ] --END-- [ RunTime:0.000318s ]

[ 2017-12-19T15:08:36+08:00 ] 183.11.37.223 /index.php/Home/Classify/getClassifyList
INFO: [ app_init ] --START--
INFO: Run Behavior\BuildLiteBehavior [ RunTime:0.000016s ]
INFO: [ app_init ] --END-- [ RunTime:0.000325s ]

[ 2017-12-19T15:08:40+08:00 ] 183.11.37.223 /index.php/Home/Classify/editClassify
INFO: [ app_init ] --START--
INFO: Run Behavior\BuildLiteBehavior [ RunTime:0.000042s ]
INFO: [ app_init ] --END-- [ RunTime:0.000362s ]

[ 2017-12-19T15:08:43+08:00 ] 183.11.37.223 /index.php/Home/User/user_choose
INFO: [ app_init ] --START--
INFO: Run Behavior\BuildLiteBehavior [ RunTime:0.000024s ]
INFO: [ app_init ] --END-- [ RunTime:0.000380s ]

[ 2017-12-19T15:08:45+08:00 ] 183.11.37.223 /index.php/Home/Device/add_device
INFO: [ app_init ] --START--
INFO: Run Behavior\BuildLiteBehavior [ RunTime:0.000017s ]
INFO: [ app_init ] --END-- [ RunTime:0.000363s ]

[ 2017-12-19T15:09:36+08:00 ] 112.90.187.2 /index.php/Home/Order/clean_order_details?lib=0071712191500609
INFO: [ app_init ] --START--
INFO: Run Behavior\BuildLiteBehavior [ RunTime:0.000019s ]
INFO: [ app_init ] --END-- [ RunTime:0.000364s ]

[ 2017-12-19T15:09:39+08:00 ] 112.90.187.2 /index.php/Home/Login/login.html
INFO: [ app_init ] --START--
INFO: Run Behavior\BuildLiteBehavior [ RunTime:0.000018s ]
INFO: [ app_init ] --END-- [ RunTime:0.000370s ]

[ 2017-12-19T15:19:27+08:00 ] 113.91.164.15 /index.php/Home/Order/clean_order?customer_id=13&department_id=0,23,26,24,21,27,22,&storehouse_id=28,31,32,&washing_id=12&start_time=2017-12-1&end_time=2017-12-31
INFO: [ app_init ] --START--
INFO: Run Behavior\BuildLiteBehavior [ RunTime:0.000017s ]
INFO: [ app_init ] --END-- [ RunTime:0.000376s ]

[ 2017-12-19T15:19:36+08:00 ] 113.91.164.15 /index.php/Home/Order/choose_dirty?type=dirty
INFO: [ app_init ] --START--
INFO: Run Behavior\BuildLiteBehavior [ RunTime:0.000022s ]
INFO: [ app_init ] --END-- [ RunTime:0.000437s ]

[ 2017-12-19T15:19:38+08:00 ] 113.91.164.15 /index.php/Home/Department/getdepartmentlist?customer_id=13
INFO: [ app_init ] --START--
INFO: Run Behavior\BuildLiteBehavior [ RunTime:0.000018s ]
INFO: [ app_init ] --END-- [ RunTime:0.000338s ]

[ 2017-12-19T15:19:40+08:00 ] 113.91.164.15 /index.php/Home/Order/get_storehouse_list
INFO: [ app_init ] --START--
INFO: Run Behavior\BuildLiteBehavior [ RunTime:0.000022s ]
INFO: [ app_init ] --END-- [ RunTime:0.000406s ]

[ 2017-12-19T15:19:46+08:00 ] 113.91.164.15 /index.php/Home/Order/dirty_order?customer_id=13&department_id=0,23,26,24,21,27,22,&storehouse_id=28,31,32,&washing_id=12&start_time=2017-12-1&end_time=2017-12-31
INFO: [ app_init ] --START--
INFO: Run Behavior\BuildLiteBehavior [ RunTime:0.000048s ]
INFO: [ app_init ] --END-- [ RunTime:0.000395s ]

[ 2017-12-19T15:19:56+08:00 ] 61.151.178.175 /index.php/Home/Order/dirty_order?customer_id=13&department_id=0,23,26,24,21,27,22,&storehouse_id=28,31,32,&washing_id=12&start_time=2017-12-1&end_time=2017-12-31
INFO: [ app_init ] --START--
INFO: Run Behavior\BuildLiteBehavior [ RunTime:0.000021s ]
INFO: [ app_init ] --END-- [ RunTime:0.000526s ]

[ 2017-12-19T15:20:25+08:00 ] 183.11.37.223 /
INFO: [ app_init ] --START--
INFO: Run Behavior\BuildLiteBehavior [ RunTime:0.000023s ]
INFO: [ app_init ] --END-- [ RunTime:0.000452s ]

[ 2017-12-19T15:20:39+08:00 ] 113.91.164.15 /index.php/Home/Order/choose_clean?type=clean
INFO: [ app_init ] --START--
INFO: Run Behavior\BuildLiteBehavior [ RunTime:0.000018s ]
INFO: [ app_init ] --END-- [ RunTime:0.000357s ]

[ 2017-12-19T15:20:40+08:00 ] 113.91.164.15 /index.php/Home/Department/getdepartmentlist?customer_id=13
INFO: [ app_init ] --START--
INFO: Run Behavior\BuildLiteBehavior [ RunTime:0.000015s ]
INFO: [ app_init ] --END-- [ RunTime:0.000389s ]

[ 2017-12-19T15:20:42+08:00 ] 113.91.164.15 /index.php/Home/Order/get_storehouse_list
INFO: [ app_init ] --START--
INFO: Run Behavior\BuildLiteBehavior [ RunTime:0.000016s ]
INFO: [ app_init ] --END-- [ RunTime:0.000312s ]

[ 2017-12-19T15:20:46+08:00 ] 183.11.37.223 /index.php/Home/Order/choose_clean?type=clean
INFO: [ app_init ] --START--
INFO: Run Behavior\BuildLiteBehavior [ RunTime:0.000018s ]
INFO: [ app_init ] --END-- [ RunTime:0.000368s ]

[ 2017-12-19T15:20:47+08:00 ] 113.91.164.15 /index.php/Home/Order/clean_order?customer_id=13&department_id=0,23,26,24,21,27,22,&storehouse_id=28,31,32,&washing_id=12&start_time=2017-12-1&end_time=2017-12-31
INFO: [ app_init ] --START--
INFO: Run Behavior\BuildLiteBehavior [ RunTime:0.000014s ]
INFO: [ app_init ] --END-- [ RunTime:0.000381s ]

[ 2017-12-19T15:20:48+08:00 ] 183.11.37.223 /index.php/Home/Department/getdepartmentlist?customer_id=13
INFO: [ app_init ] --START--
INFO: Run Behavior\BuildLiteBehavior [ RunTime:0.000015s ]
INFO: [ app_init ] --END-- [ RunTime:0.000331s ]

[ 2017-12-19T15:20:49+08:00 ] 101.226.33.228 /index.php/Home/Order/choose_clean?type=clean
INFO: [ app_init ] --START--
INFO: Run Behavior\BuildLiteBehavior [ RunTime:0.000021s ]
INFO: [ app_init ] --END-- [ RunTime:0.000404s ]

[ 2017-12-19T15:20:50+08:00 ] 183.11.37.223 /index.php/Home/Order/get_storehouse_list
INFO: [ app_init ] --START--
INFO: Run Behavior\BuildLiteBehavior [ RunTime:0.000016s ]
INFO: [ app_init ] --END-- [ RunTime:0.000351s ]

[ 2017-12-19T15:20:58+08:00 ] 183.11.37.223 /index.php/Home/Order/clean_order?customer_id=13&department_id=23,26,24,&storehouse_id=28,31,&washing_id=12&start_time=2017-12-1&end_time=2017-12-23
INFO: [ app_init ] --START--
INFO: Run Behavior\BuildLiteBehavior [ RunTime:0.000021s ]
INFO: [ app_init ] --END-- [ RunTime:0.000402s ]

[ 2017-12-19T15:21:31+08:00 ] 183.11.37.223 /index.php/Home/NewProduct/new_product
INFO: [ app_init ] --START--
INFO: Run Behavior\BuildLiteBehavior [ RunTime:0.000015s ]
INFO: [ app_init ] --END-- [ RunTime:0.000358s ]

[ 2017-12-19T15:21:32+08:00 ] 183.11.37.223 /index.php/Home/NewProduct/get_washinglist
INFO: [ app_init ] --START--
INFO: Run Behavior\BuildLiteBehavior [ RunTime:0.000017s ]
INFO: [ app_init ] --END-- [ RunTime:0.000364s ]

[ 2017-12-19T15:21:41+08:00 ] 183.11.37.223 /index.php/Home/NewProduct/new_product?washing_id=12&start_time=2017-12-1&end_time=2017-12-23
INFO: [ app_init ] --START--
INFO: Run Behavior\BuildLiteBehavior [ RunTime:0.000020s ]
INFO: [ app_init ] --END-- [ RunTime:0.000380s ]

[ 2017-12-19T15:21:42+08:00 ] 183.11.37.223 /index.php/Home/NewProduct/get_washinglist
INFO: [ app_init ] --START--
INFO: Run Behavior\BuildLiteBehavior [ RunTime:0.000023s ]
INFO: [ app_init ] --END-- [ RunTime:0.000363s ]

[ 2017-12-19T15:22:31+08:00 ] 115.239.212.69 /index.php/Home/User/user_list
INFO: [ app_init ] --START--
INFO: Run Behavior\BuildLiteBehavior [ RunTime:0.000015s ]
INFO: [ app_init ] --END-- [ RunTime:0.000335s ]

[ 2017-12-19T15:22:35+08:00 ] 115.239.212.69 /index.php/Home/Login/login.html
INFO: [ app_init ] --START--
INFO: Run Behavior\BuildLiteBehavior [ RunTime:0.000016s ]
INFO: [ app_init ] --END-- [ RunTime:0.000344s ]

[ 2017-12-19T15:25:16+08:00 ] 183.11.37.223 /index.php/Home/NewProduct/new_product?washing_id=12&start_time=2017-12-1&end_time=2017-12-23
INFO: [ app_init ] --START--
INFO: Run Behavior\BuildLiteBehavior [ RunTime:0.000017s ]
INFO: [ app_init ] --END-- [ RunTime:0.000350s ]

[ 2017-12-19T15:25:17+08:00 ] 183.11.37.223 /index.php/Home/NewProduct/get_washinglist
INFO: [ app_init ] --START--
INFO: Run Behavior\BuildLiteBehavior [ RunTime:0.000015s ]
INFO: [ app_init ] --END-- [ RunTime:0.000349s ]

[ 2017-12-19T15:25:24+08:00 ] 111.206.36.142 /index.php/Home/NewProduct/new_product?washing_id=12&start_time=2017-12-1&end_time=2017-12-23
INFO: [ app_init ] --START--
INFO: Run Behavior\BuildLiteBehavior [ RunTime:0.000017s ]
INFO: [ app_init ] --END-- [ RunTime:0.000427s ]

[ 2017-12-19T15:25:27+08:00 ] 111.206.36.142 /index.php/Home/Login/login.html
INFO: [ app_init ] --START--
INFO: Run Behavior\BuildLiteBehavior [ RunTime:0.000021s ]
INFO: [ app_init ] --END-- [ RunTime:0.000415s ]

[ 2017-12-19T15:26:55+08:00 ] 183.11.37.223 /index.php/Home/Order/choose_clean?type=clean
INFO: [ app_init ] --START--
INFO: Run Behavior\BuildLiteBehavior [ RunTime:0.000043s ]
INFO: [ app_init ] --END-- [ RunTime:0.000362s ]

[ 2017-12-19T15:26:56+08:00 ] 183.11.37.223 /index.php/Home/Department/getdepartmentlist?customer_id=13
INFO: [ app_init ] --START--
INFO: Run Behavior\BuildLiteBehavior [ RunTime:0.000016s ]
INFO: [ app_init ] --END-- [ RunTime:0.000363s ]

[ 2017-12-19T15:27:02+08:00 ] 183.11.37.223 /index.php/Home/Order/get_storehouse_list
INFO: [ app_init ] --START--
INFO: Run Behavior\BuildLiteBehavior [ RunTime:0.000017s ]
INFO: [ app_init ] --END-- [ RunTime:0.000370s ]

[ 2017-12-19T15:27:15+08:00 ] 183.11.37.223 /index.php/Home/Order/clean_order?customer_id=13&department_id=26,&storehouse_id=31,&washing_id=12&start_time=2017-12-1&end_time=2017-12-30
INFO: [ app_init ] --START--
INFO: Run Behavior\BuildLiteBehavior [ RunTime:0.000094s ]
INFO: [ app_init ] --END-- [ RunTime:0.000464s ]

[ 2017-12-19T15:27:20+08:00 ] 183.11.37.223 /index.php/Home/Order/clean_order_details?lib=0071712191526800
INFO: [ app_init ] --START--
INFO: Run Behavior\BuildLiteBehavior [ RunTime:0.000019s ]
INFO: [ app_init ] --END-- [ RunTime:0.000660s ]

[ 2017-12-19T15:27:35+08:00 ] 111.206.36.17 /index.php/Home/Order/clean_order?customer_id=13&department_id=26,&storehouse_id=31,&washing_id=12&start_time=2017-12-1&end_time=2017-12-30
INFO: [ app_init ] --START--
INFO: Run Behavior\BuildLiteBehavior [ RunTime:0.000016s ]
INFO: [ app_init ] --END-- [ RunTime:0.000359s ]

[ 2017-12-19T15:27:38+08:00 ] 111.206.36.17 /index.php/Home/Login/login.html
INFO: [ app_init ] --START--
INFO: Run Behavior\BuildLiteBehavior [ RunTime:0.000016s ]
INFO: [ app_init ] --END-- [ RunTime:0.000364s ]

[ 2017-12-19T15:28:05+08:00 ] 183.11.37.223 /index.php/Home/Order/choose_dirty?type=dirty
INFO: [ app_init ] --START--
INFO: Run Behavior\BuildLiteBehavior [ RunTime:0.000015s ]
INFO: [ app_init ] --END-- [ RunTime:0.000340s ]

[ 2017-12-19T15:28:07+08:00 ] 183.11.37.223 /index.php/Home/Department/getdepartmentlist?customer_id=13
INFO: [ app_init ] --START--
INFO: Run Behavior\BuildLiteBehavior [ RunTime:0.000021s ]
INFO: [ app_init ] --END-- [ RunTime:0.000364s ]

[ 2017-12-19T15:28:11+08:00 ] 183.11.37.223 /index.php/Home/Order/get_storehouse_list
INFO: [ app_init ] --START--
INFO: Run Behavior\BuildLiteBehavior [ RunTime:0.000017s ]
INFO: [ app_init ] --END-- [ RunTime:0.000324s ]

[ 2017-12-19T15:28:19+08:00 ] 183.11.37.223 /index.php/Home/Order/dirty_order?customer_id=13&department_id=26,&storehouse_id=31,&washing_id=12&start_time=2017-12-1&end_time=2017-12-23
INFO: [ app_init ] --START--
INFO: Run Behavior\BuildLiteBehavior [ RunTime:0.000015s ]
INFO: [ app_init ] --END-- [ RunTime:0.000324s ]

[ 2017-12-19T15:28:46+08:00 ] 183.11.37.223 /index.php/Home/NewProduct/new_product
INFO: [ app_init ] --START--
INFO: Run Behavior\BuildLiteBehavior [ RunTime:0.000019s ]
INFO: [ app_init ] --END-- [ RunTime:0.000412s ]

[ 2017-12-19T15:28:47+08:00 ] 183.11.37.223 /index.php/Home/NewProduct/get_washinglist
INFO: [ app_init ] --START--
INFO: Run Behavior\BuildLiteBehavior [ RunTime:0.000033s ]
INFO: [ app_init ] --END-- [ RunTime:0.000473s ]

[ 2017-12-19T15:28:49+08:00 ] 183.11.37.223 /index.php/Home/Order/choose_clean?type=clean
INFO: [ app_init ] --START--
INFO: Run Behavior\BuildLiteBehavior [ RunTime:0.000017s ]
INFO: [ app_init ] --END-- [ RunTime:0.000372s ]

[ 2017-12-19T15:28:50+08:00 ] 183.11.37.223 /index.php/Home/Order/choose_dirty?type=dirty
INFO: [ app_init ] --START--
INFO: Run Behavior\BuildLiteBehavior [ RunTime:0.000022s ]
INFO: [ app_init ] --END-- [ RunTime:0.000374s ]

[ 2017-12-19T15:29:24+08:00 ] 180.97.35.164 /index.php/Home/Order/dirty_order?customer_id=13&department_id=26,&storehouse_id=31,&washing_id=12&start_time=2017-12-1&end_time=2017-12-23
INFO: [ app_init ] --START--
INFO: Run Behavior\BuildLiteBehavior [ RunTime:0.000017s ]
INFO: [ app_init ] --END-- [ RunTime:0.000405s ]

[ 2017-12-19T15:29:27+08:00 ] 180.97.35.164 /index.php/Home/Login/login.html
INFO: [ app_init ] --START--
INFO: Run Behavior\BuildLiteBehavior [ RunTime:0.000015s ]
INFO: [ app_init ] --END-- [ RunTime:0.000332s ]

[ 2017-12-19T15:29:50+08:00 ] 183.11.37.223 /
INFO: [ app_init ] --START--
INFO: Run Behavior\BuildLiteBehavior [ RunTime:0.000015s ]
INFO: [ app_init ] --END-- [ RunTime:0.000379s ]

[ 2017-12-19T15:29:53+08:00 ] 183.11.37.223 /index.php/Home/Login/login.html
INFO: [ app_init ] --START--
INFO: Run Behavior\BuildLiteBehavior [ RunTime:0.000015s ]
INFO: [ app_init ] --END-- [ RunTime:0.000327s ]

[ 2017-12-19T15:29:54+08:00 ] 183.11.37.223 /index.php/Home/Login/getVerify.html
INFO: [ app_init ] --START--
INFO: Run Behavior\BuildLiteBehavior [ RunTime:0.000016s ]
INFO: [ app_init ] --END-- [ RunTime:0.000340s ]

[ 2017-12-19T15:30:34+08:00 ] 113.91.164.15 /index.php/Home/Classify/add_classify
INFO: [ app_init ] --START--
INFO: Run Behavior\BuildLiteBehavior [ RunTime:0.000016s ]
INFO: [ app_init ] --END-- [ RunTime:0.000352s ]

[ 2017-12-19T15:30:38+08:00 ] 113.91.164.15 /index.php/Home/Classify/add_classify
INFO: [ app_init ] --START--
INFO: Run Behavior\BuildLiteBehavior [ RunTime:0.000021s ]
INFO: [ app_init ] --END-- [ RunTime:0.000392s ]

[ 2017-12-19T15:30:42+08:00 ] 113.91.164.15 /index.php/Home/Classify/add_classify
INFO: [ app_init ] --START--
INFO: Run Behavior\BuildLiteBehavior [ RunTime:0.000015s ]
INFO: [ app_init ] --END-- [ RunTime:0.000361s ]

[ 2017-12-19T15:31:24+08:00 ] 113.91.164.15 /index.php/Home/Classify/add_classify
INFO: [ app_init ] --START--
INFO: Run Behavior\BuildLiteBehavior [ RunTime:0.000016s ]
INFO: [ app_init ] --END-- [ RunTime:0.000350s ]

[ 2017-12-19T15:31:29+08:00 ] 113.91.164.15 /index.php/Home/Classify/getClassifyByCustomer?customer_id=13
INFO: [ app_init ] --START--
INFO: Run Behavior\BuildLiteBehavior [ RunTime:0.000019s ]
INFO: [ app_init ] --END-- [ RunTime:0.000358s ]

[ 2017-12-19T15:34:21+08:00 ] 111.206.36.139 /index.php/Home/Order/clean_order_details?lib=0071712191526800
INFO: [ app_init ] --START--
INFO: Run Behavior\BuildLiteBehavior [ RunTime:0.000017s ]
INFO: [ app_init ] --END-- [ RunTime:0.000338s ]

[ 2017-12-19T15:34:24+08:00 ] 111.206.36.139 /index.php/Home/Login/login.html
INFO: [ app_init ] --START--
INFO: Run Behavior\BuildLiteBehavior [ RunTime:0.000018s ]
INFO: [ app_init ] --END-- [ RunTime:0.000376s ]

[ 2017-12-19T15:34:52+08:00 ] 183.11.37.223 /
INFO: [ app_init ] --START--
INFO: Run Behavior\BuildLiteBehavior [ RunTime:0.000017s ]
INFO: [ app_init ] --END-- [ RunTime:0.000382s ]

[ 2017-12-19T15:34:56+08:00 ] 183.11.37.223 /index.php/Home/Login/login.html
INFO: [ app_init ] --START--
INFO: Run Behavior\BuildLiteBehavior [ RunTime:0.000016s ]
INFO: [ app_init ] --END-- [ RunTime:0.000415s ]

[ 2017-12-19T15:34:56+08:00 ] 183.11.37.223 /index.php/Home/Login/getVerify.html
INFO: [ app_init ] --START--
INFO: Run Behavior\BuildLiteBehavior [ RunTime:0.000016s ]
INFO: [ app_init ] --END-- [ RunTime:0.000375s ]

[ 2017-12-19T15:35:04+08:00 ] 42.156.251.201 /
INFO: [ app_init ] --START--
INFO: Run Behavior\BuildLiteBehavior [ RunTime:0.000019s ]
INFO: [ app_init ] --END-- [ RunTime:0.000408s ]

[ 2017-12-19T15:35:08+08:00 ] 42.156.251.201 /
INFO: [ app_init ] --START--
INFO: Run Behavior\BuildLiteBehavior [ RunTime:0.000024s ]
INFO: [ app_init ] --END-- [ RunTime:0.000387s ]

[ 2017-12-19T15:35:30+08:00 ] 183.11.37.223 /index.php/Home/Login/post_login
INFO: [ app_init ] --START--
INFO: Run Behavior\BuildLiteBehavior [ RunTime:0.000019s ]
INFO: [ app_init ] --END-- [ RunTime:0.000404s ]

[ 2017-12-19T15:35:31+08:00 ] 183.11.37.223 /index.php/Home/Index/index
INFO: [ app_init ] --START--
INFO: Run Behavior\BuildLiteBehavior [ RunTime:0.000015s ]
INFO: [ app_init ] --END-- [ RunTime:0.000313s ]

[ 2017-12-19T15:35:37+08:00 ] 183.11.37.223 /index.php/Home/Index/index
INFO: [ app_init ] --START--
INFO: Run Behavior\BuildLiteBehavior [ RunTime:0.000015s ]
INFO: [ app_init ] --END-- [ RunTime:0.000347s ]

[ 2017-12-19T15:35:58+08:00 ] 183.11.37.223 /index.php/Home/StoreHouse/add_storehouse
INFO: [ app_init ] --START--
INFO: Run Behavior\BuildLiteBehavior [ RunTime:0.000016s ]
INFO: [ app_init ] --END-- [ RunTime:0.000369s ]

[ 2017-12-19T15:35:59+08:00 ] 183.11.37.223 /index.php/Home/StoreHouse/customer_name_list
INFO: [ app_init ] --START--
INFO: Run Behavior\BuildLiteBehavior [ RunTime:0.000029s ]
INFO: [ app_init ] --END-- [ RunTime:0.000328s ]

[ 2017-12-19T15:35:59+08:00 ] 183.11.37.223 /index.php/Home/StoreHouse/storehouse_list
INFO: [ app_init ] --START--
INFO: Run Behavior\BuildLiteBehavior [ RunTime:0.000017s ]
INFO: [ app_init ] --END-- [ RunTime:0.000412s ]

[ 2017-12-19T15:36:05+08:00 ] 183.11.37.223 /index.php/Home/StoreHouse/add_storehouse
INFO: [ app_init ] --START--
INFO: Run Behavior\BuildLiteBehavior [ RunTime:0.000016s ]
INFO: [ app_init ] --END-- [ RunTime:0.000350s ]

[ 2017-12-19T15:36:05+08:00 ] 183.11.37.223 /index.php/Home/StoreHouse/customer_name_list
INFO: [ app_init ] --START--
INFO: Run Behavior\BuildLiteBehavior [ RunTime:0.000015s ]
INFO: [ app_init ] --END-- [ RunTime:0.000505s ]

[ 2017-12-19T15:36:07+08:00 ] 183.11.37.223 /index.php/Home/Department/add_dt
INFO: [ app_init ] --START--
INFO: Run Behavior\BuildLiteBehavior [ RunTime:0.000015s ]
INFO: [ app_init ] --END-- [ RunTime:0.000324s ]

[ 2017-12-19T15:36:09+08:00 ] 183.11.37.223 /index.php/Home/Department/dt_list
INFO: [ app_init ] --START--
INFO: Run Behavior\BuildLiteBehavior [ RunTime:0.000015s ]
INFO: [ app_init ] --END-- [ RunTime:0.000317s ]

[ 2017-12-19T15:36:20+08:00 ] 183.11.37.223 /index.php/Home/Department/add_dt
INFO: [ app_init ] --START--
INFO: Run Behavior\BuildLiteBehavior [ RunTime:0.000018s ]
INFO: [ app_init ] --END-- [ RunTime:0.000366s ]

[ 2017-12-19T15:36:26+08:00 ] 183.11.37.223 /index.php/Home/Department/get_department_list?customer_id=13
INFO: [ app_init ] --START--
INFO: Run Behavior\BuildLiteBehavior [ RunTime:0.000021s ]
INFO: [ app_init ] --END-- [ RunTime:0.000381s ]

[ 2017-12-19T15:43:21+08:00 ] 183.11.37.223 /index.php/Home/StoreHouse/add_storehouse
INFO: [ app_init ] --START--
INFO: Run Behavior\BuildLiteBehavior [ RunTime:0.000015s ]
INFO: [ app_init ] --END-- [ RunTime:0.000370s ]

[ 2017-12-19T15:43:22+08:00 ] 183.11.37.223 /index.php/Home/StoreHouse/customer_name_list
INFO: [ app_init ] --START--
INFO: Run Behavior\BuildLiteBehavior [ RunTime:0.000023s ]
INFO: [ app_init ] --END-- [ RunTime:0.000420s ]

[ 2017-12-19T15:43:26+08:00 ] 183.11.37.223 /index.php/Home/StoreHouse/department_name_list?customer_id=13
INFO: [ app_init ] --START--
INFO: Run Behavior\BuildLiteBehavior [ RunTime:0.000014s ]
INFO: [ app_init ] --END-- [ RunTime:0.000325s ]

[ 2017-12-19T15:43:31+08:00 ] 183.11.37.223 /index.php/Home/WashingPlants/add_washing_plant
INFO: [ app_init ] --START--
INFO: Run Behavior\BuildLiteBehavior [ RunTime:0.000016s ]
INFO: [ app_init ] --END-- [ RunTime:0.000346s ]

[ 2017-12-19T15:43:42+08:00 ] 183.11.37.223 /index.php/Home/File/uploadLogo
INFO: [ app_init ] --START--
INFO: Run Behavior\BuildLiteBehavior [ RunTime:0.000015s ]
INFO: [ app_init ] --END-- [ RunTime:0.000332s ]

[ 2017-12-19T15:43:56+08:00 ] 183.11.37.223 /index.php/Home/File/uploadLogo
INFO: [ app_init ] --START--
INFO: Run Behavior\BuildLiteBehavior [ RunTime:0.000017s ]
INFO: [ app_init ] --END-- [ RunTime:0.000396s ]

[ 2017-12-19T15:44:21+08:00 ] 183.11.37.223 /index.php/Home/File/uploadLogo
INFO: [ app_init ] --START--
INFO: Run Behavior\BuildLiteBehavior [ RunTime:0.000017s ]
INFO: [ app_init ] --END-- [ RunTime:0.000431s ]

[ 2017-12-19T15:44:33+08:00 ] 183.11.37.223 /index.php/Home/File/uploadLogo
INFO: [ app_init ] --START--
INFO: Run Behavior\BuildLiteBehavior [ RunTime:0.000018s ]
INFO: [ app_init ] --END-- [ RunTime:0.000489s ]

[ 2017-12-19T16:09:15+08:00 ] 113.91.164.15 /index.php/Home/Login/logOut
INFO: [ app_init ] --START--
INFO: Run Behavior\BuildLiteBehavior [ RunTime:0.000018s ]
INFO: [ app_init ] --END-- [ RunTime:0.000326s ]

[ 2017-12-19T16:09:17+08:00 ] 113.91.164.15 /index.php/Home/Login/login
INFO: [ app_init ] --START--
INFO: Run Behavior\BuildLiteBehavior [ RunTime:0.000015s ]
INFO: [ app_init ] --END-- [ RunTime:0.000352s ]

[ 2017-12-19T16:09:17+08:00 ] 113.91.164.15 /index.php/Home/Login/getVerify.html
INFO: [ app_init ] --START--
INFO: Run Behavior\BuildLiteBehavior [ RunTime:0.000015s ]
INFO: [ app_init ] --END-- [ RunTime:0.000361s ]

[ 2017-12-19T16:09:21+08:00 ] 113.91.164.15 /index.php/Home/Login/post_login
INFO: [ app_init ] --START--
INFO: Run Behavior\BuildLiteBehavior [ RunTime:0.000014s ]
INFO: [ app_init ] --END-- [ RunTime:0.000444s ]

[ 2017-12-19T16:09:23+08:00 ] 113.91.164.15 /index.php/Home/Login/getVerify.html?time=1513670966388
INFO: [ app_init ] --START--
INFO: Run Behavior\BuildLiteBehavior [ RunTime:0.000017s ]
INFO: [ app_init ] --END-- [ RunTime:0.000335s ]

[ 2017-12-19T16:09:27+08:00 ] 101.226.33.224 /index.php/Home/Login/login
INFO: [ app_init ] --START--
INFO: Run Behavior\BuildLiteBehavior [ RunTime:0.000015s ]
INFO: [ app_init ] --END-- [ RunTime:0.000312s ]

[ 2017-12-19T16:09:31+08:00 ] 113.91.164.15 /index.php/Home/Login/post_login
INFO: [ app_init ] --START--
INFO: Run Behavior\BuildLiteBehavior [ RunTime:0.000017s ]
INFO: [ app_init ] --END-- [ RunTime:0.000342s ]

[ 2017-12-19T16:09:32+08:00 ] 113.91.164.15 /index.php/Home/Login/getVerify.html?time=1513670975537
INFO: [ app_init ] --START--
INFO: Run Behavior\BuildLiteBehavior [ RunTime:0.000015s ]
INFO: [ app_init ] --END-- [ RunTime:0.000363s ]

[ 2017-12-19T16:10:05+08:00 ] 113.91.164.15 /index.php/Home/Login/post_login
INFO: [ app_init ] --START--
INFO: Run Behavior\BuildLiteBehavior [ RunTime:0.000017s ]
INFO: [ app_init ] --END-- [ RunTime:0.000393s ]

[ 2017-12-19T16:10:06+08:00 ] 113.91.164.15 /index.php/Home/Login/getVerify.html?time=1513671009938
INFO: [ app_init ] --START--
INFO: Run Behavior\BuildLiteBehavior [ RunTime:0.000015s ]
INFO: [ app_init ] --END-- [ RunTime:0.000331s ]

[ 2017-12-19T16:10:16+08:00 ] 113.91.164.15 /index.php/Home/Login/post_login
INFO: [ app_init ] --START--
INFO: Run Behavior\BuildLiteBehavior [ RunTime:0.000014s ]
INFO: [ app_init ] --END-- [ RunTime:0.000374s ]

[ 2017-12-19T16:10:18+08:00 ] 113.91.164.15 /index.php/Home/Index/index
INFO: [ app_init ] --START--
INFO: Run Behavior\BuildLiteBehavior [ RunTime:0.000016s ]
INFO: [ app_init ] --END-- [ RunTime:0.000355s ]

[ 2017-12-19T16:11:00+08:00 ] 113.91.164.15 /index.php/Home/Login/logOut
INFO: [ app_init ] --START--
INFO: Run Behavior\BuildLiteBehavior [ RunTime:0.000017s ]
INFO: [ app_init ] --END-- [ RunTime:0.000388s ]

[ 2017-12-19T16:11:02+08:00 ] 113.91.164.15 /index.php/Home/Login/login
INFO: [ app_init ] --START--
INFO: Run Behavior\BuildLiteBehavior [ RunTime:0.000015s ]
INFO: [ app_init ] --END-- [ RunTime:0.000338s ]

[ 2017-12-19T16:11:02+08:00 ] 113.91.164.15 /index.php/Home/Login/getVerify.html
INFO: [ app_init ] --START--
INFO: Run Behavior\BuildLiteBehavior [ RunTime:0.000016s ]
INFO: [ app_init ] --END-- [ RunTime:0.000332s ]

[ 2017-12-19T16:11:07+08:00 ] 113.91.164.15 /index.php/Home/Login/post_login
INFO: [ app_init ] --START--
INFO: Run Behavior\BuildLiteBehavior [ RunTime:0.000015s ]
INFO: [ app_init ] --END-- [ RunTime:0.000316s ]

[ 2017-12-19T16:11:08+08:00 ] 113.91.164.15 /index.php/Home/Index/index
INFO: [ app_init ] --START--
INFO: Run Behavior\BuildLiteBehavior [ RunTime:0.000016s ]
INFO: [ app_init ] --END-- [ RunTime:0.000336s ]

[ 2017-12-19T18:22:01+08:00 ] 171.113.154.145 /
INFO: [ app_init ] --START--
INFO: Run Behavior\BuildLiteBehavior [ RunTime:0.000016s ]
INFO: [ app_init ] --END-- [ RunTime:0.000359s ]

[ 2017-12-19T19:35:46+08:00 ] 59.40.132.135 /
INFO: [ app_init ] --START--
INFO: Run Behavior\BuildLiteBehavior [ RunTime:0.000017s ]
INFO: [ app_init ] --END-- [ RunTime:0.000367s ]

[ 2017-12-19T21:18:30+08:00 ] 66.102.6.152 /
INFO: [ app_init ] --START--
INFO: Run Behavior\BuildLiteBehavior [ RunTime:0.000016s ]
INFO: [ app_init ] --END-- [ RunTime:0.000344s ]

