[ 2018-04-08T08:46:02+08:00 ] 127.0.0.1 /
INFO: [ app_init ] --START--
INFO: Run Behavior\BuildLiteBehavior [ RunTime:0.000031s ]
INFO: [ app_init ] --END-- [ RunTime:0.019018s ]

[ 2018-04-08T08:46:06+08:00 ] 127.0.0.1 /index.php/Home/Login/login.html
INFO: [ app_init ] --START--
INFO: Run Behavior\BuildLiteBehavior [ RunTime:0.000032s ]
INFO: [ app_init ] --END-- [ RunTime:0.000866s ]

[ 2018-04-08T08:46:06+08:00 ] 127.0.0.1 /index.php/Home/Login/getVerify.html
INFO: [ app_init ] --START--
INFO: Run Behavior\BuildLiteBehavior [ RunTime:0.000022s ]
INFO: [ app_init ] --END-- [ RunTime:0.000528s ]

[ 2018-04-08T08:46:40+08:00 ] 127.0.0.1 /index.php/Home/Login/post_login
INFO: [ app_init ] --START--
INFO: Run Behavior\BuildLiteBehavior [ RunTime:0.000015s ]
INFO: [ app_init ] --END-- [ RunTime:0.000345s ]

[ 2018-04-08T08:46:41+08:00 ] 127.0.0.1 /index.php/Home/Login/getVerify.html?time=1523148401648
INFO: [ app_init ] --START--
INFO: Run Behavior\BuildLiteBehavior [ RunTime:0.000022s ]
INFO: [ app_init ] --END-- [ RunTime:0.000545s ]

[ 2018-04-08T08:46:47+08:00 ] 127.0.0.1 /index.php/Home/Login/post_login
INFO: [ app_init ] --START--
INFO: Run Behavior\BuildLiteBehavior [ RunTime:0.000027s ]
INFO: [ app_init ] --END-- [ RunTime:0.000974s ]

[ 2018-04-08T08:46:49+08:00 ] 127.0.0.1 /index.php/Home/Index/index
INFO: [ app_init ] --START--
INFO: Run Behavior\BuildLiteBehavior [ RunTime:0.000022s ]
INFO: [ app_init ] --END-- [ RunTime:0.000519s ]

[ 2018-04-08T08:46:57+08:00 ] 127.0.0.1 /index.php/Home/StoreHouse/storehouse_list
INFO: [ app_init ] --START--
INFO: Run Behavior\BuildLiteBehavior [ RunTime:0.000045s ]
INFO: [ app_init ] --END-- [ RunTime:0.000720s ]
ERR: 209:[Microsoft][SQL Server Native Client 11.0][SQL Server]列名 'WAREHOUSE_ID' 不明确。
 [ SQL语句 ] : SELECT T1.* FROM (SELECT thinkphp.*, ROW_NUMBER() OVER ( ORDER BY rand()) AS ROW_NUMBER FROM (SELECT  a.WAREHOUSE_ID,a.WAREHOUSE_NAME,a.WAREHOUSE_ADDRESS,a.WAREHOUSE_CONTACT_PERSON,a.WAREHOUSE_CONTACT_PHONE,a.DEPARTMENT_ID,d.CUSTOMER_NAME,c.DEPARTMENT_NAME FROM SERVICE_T_WAREHOUSE_ID a LEFT JOIN SERVICE_T_WAREHOUSE_PROPERTY AS b ON b.WAREHOUSE_ID=a.WAREHOUSE_ID LEFT JOIN SERVICE_T_DEPARTMENT AS c ON c.DEPARTMENT_ID=a.DEPARTMENT_ID LEFT JOIN SERVICE_T_CUSTOMER AS d ON d.CUSTOMER_ID=a.CUSTOMER_ID  WHERE b.PROP_NAME = 'STOREHOUSE' GROUP BY WAREHOUSE_ID ) AS thinkphp) AS T1 
ERR: 209:[Microsoft][SQL Server Native Client 11.0][SQL Server]列名 'WAREHOUSE_ID' 不明确。
 [ SQL语句 ] : SELECT T1.* FROM (SELECT thinkphp.*, ROW_NUMBER() OVER ( ORDER BY rand()) AS ROW_NUMBER FROM (SELECT  a.WAREHOUSE_ID,a.WAREHOUSE_NAME,a.WAREHOUSE_ADDRESS,a.WAREHOUSE_CONTACT_PERSON,a.WAREHOUSE_CONTACT_PHONE,a.DEPARTMENT_ID,d.CUSTOMER_NAME,c.DEPARTMENT_NAME FROM SERVICE_T_WAREHOUSE_ID a LEFT JOIN SERVICE_T_WAREHOUSE_PROPERTY AS b ON b.WAREHOUSE_ID=a.WAREHOUSE_ID LEFT JOIN SERVICE_T_DEPARTMENT AS c ON c.DEPARTMENT_ID=a.DEPARTMENT_ID LEFT JOIN SERVICE_T_CUSTOMER AS d ON d.CUSTOMER_ID=a.CUSTOMER_ID  WHERE b.PROP_NAME = 'STOREHOUSE' GROUP BY WAREHOUSE_ID ) AS thinkphp) AS T1 

[ 2018-04-08T08:48:15+08:00 ] 127.0.0.1 /index.php/Home/StoreHouse/storehouse_list
INFO: [ app_init ] --START--
INFO: Run Behavior\BuildLiteBehavior [ RunTime:0.000024s ]
INFO: [ app_init ] --END-- [ RunTime:0.000677s ]
ERR: 8120:[Microsoft][SQL Server Native Client 11.0][SQL Server]选择列表中的列 'SERVICE_T_WAREHOUSE_ID.WAREHOUSE_NAME' 无效，因为该列没有包含在聚合函数或 GROUP BY 子句中。
 [ SQL语句 ] : SELECT T1.* FROM (SELECT thinkphp.*, ROW_NUMBER() OVER ( ORDER BY rand()) AS ROW_NUMBER FROM (SELECT  a.WAREHOUSE_ID,a.WAREHOUSE_NAME,a.WAREHOUSE_ADDRESS,a.WAREHOUSE_CONTACT_PERSON,a.WAREHOUSE_CONTACT_PHONE,a.DEPARTMENT_ID,d.CUSTOMER_NAME,c.DEPARTMENT_NAME FROM SERVICE_T_WAREHOUSE_ID a LEFT JOIN SERVICE_T_WAREHOUSE_PROPERTY AS b ON b.WAREHOUSE_ID=a.WAREHOUSE_ID LEFT JOIN SERVICE_T_DEPARTMENT AS c ON c.DEPARTMENT_ID=a.DEPARTMENT_ID LEFT JOIN SERVICE_T_CUSTOMER AS d ON d.CUSTOMER_ID=a.CUSTOMER_ID  WHERE b.PROP_NAME = 'STOREHOUSE' GROUP BY a.WAREHOUSE_ID ) AS thinkphp) AS T1 
ERR: 8120:[Microsoft][SQL Server Native Client 11.0][SQL Server]选择列表中的列 'SERVICE_T_WAREHOUSE_ID.WAREHOUSE_NAME' 无效，因为该列没有包含在聚合函数或 GROUP BY 子句中。
 [ SQL语句 ] : SELECT T1.* FROM (SELECT thinkphp.*, ROW_NUMBER() OVER ( ORDER BY rand()) AS ROW_NUMBER FROM (SELECT  a.WAREHOUSE_ID,a.WAREHOUSE_NAME,a.WAREHOUSE_ADDRESS,a.WAREHOUSE_CONTACT_PERSON,a.WAREHOUSE_CONTACT_PHONE,a.DEPARTMENT_ID,d.CUSTOMER_NAME,c.DEPARTMENT_NAME FROM SERVICE_T_WAREHOUSE_ID a LEFT JOIN SERVICE_T_WAREHOUSE_PROPERTY AS b ON b.WAREHOUSE_ID=a.WAREHOUSE_ID LEFT JOIN SERVICE_T_DEPARTMENT AS c ON c.DEPARTMENT_ID=a.DEPARTMENT_ID LEFT JOIN SERVICE_T_CUSTOMER AS d ON d.CUSTOMER_ID=a.CUSTOMER_ID  WHERE b.PROP_NAME = 'STOREHOUSE' GROUP BY a.WAREHOUSE_ID ) AS thinkphp) AS T1 

[ 2018-04-08T08:48:16+08:00 ] 127.0.0.1 /index.php/Home/StoreHouse/storehouse_list
INFO: [ app_init ] --START--
INFO: Run Behavior\BuildLiteBehavior [ RunTime:0.000032s ]
INFO: [ app_init ] --END-- [ RunTime:0.000874s ]
ERR: 8120:[Microsoft][SQL Server Native Client 11.0][SQL Server]选择列表中的列 'SERVICE_T_WAREHOUSE_ID.WAREHOUSE_NAME' 无效，因为该列没有包含在聚合函数或 GROUP BY 子句中。
 [ SQL语句 ] : SELECT T1.* FROM (SELECT thinkphp.*, ROW_NUMBER() OVER ( ORDER BY rand()) AS ROW_NUMBER FROM (SELECT  a.WAREHOUSE_ID,a.WAREHOUSE_NAME,a.WAREHOUSE_ADDRESS,a.WAREHOUSE_CONTACT_PERSON,a.WAREHOUSE_CONTACT_PHONE,a.DEPARTMENT_ID,d.CUSTOMER_NAME,c.DEPARTMENT_NAME FROM SERVICE_T_WAREHOUSE_ID a LEFT JOIN SERVICE_T_WAREHOUSE_PROPERTY AS b ON b.WAREHOUSE_ID=a.WAREHOUSE_ID LEFT JOIN SERVICE_T_DEPARTMENT AS c ON c.DEPARTMENT_ID=a.DEPARTMENT_ID LEFT JOIN SERVICE_T_CUSTOMER AS d ON d.CUSTOMER_ID=a.CUSTOMER_ID  WHERE b.PROP_NAME = 'STOREHOUSE' GROUP BY a.WAREHOUSE_ID ) AS thinkphp) AS T1 
ERR: 8120:[Microsoft][SQL Server Native Client 11.0][SQL Server]选择列表中的列 'SERVICE_T_WAREHOUSE_ID.WAREHOUSE_NAME' 无效，因为该列没有包含在聚合函数或 GROUP BY 子句中。
 [ SQL语句 ] : SELECT T1.* FROM (SELECT thinkphp.*, ROW_NUMBER() OVER ( ORDER BY rand()) AS ROW_NUMBER FROM (SELECT  a.WAREHOUSE_ID,a.WAREHOUSE_NAME,a.WAREHOUSE_ADDRESS,a.WAREHOUSE_CONTACT_PERSON,a.WAREHOUSE_CONTACT_PHONE,a.DEPARTMENT_ID,d.CUSTOMER_NAME,c.DEPARTMENT_NAME FROM SERVICE_T_WAREHOUSE_ID a LEFT JOIN SERVICE_T_WAREHOUSE_PROPERTY AS b ON b.WAREHOUSE_ID=a.WAREHOUSE_ID LEFT JOIN SERVICE_T_DEPARTMENT AS c ON c.DEPARTMENT_ID=a.DEPARTMENT_ID LEFT JOIN SERVICE_T_CUSTOMER AS d ON d.CUSTOMER_ID=a.CUSTOMER_ID  WHERE b.PROP_NAME = 'STOREHOUSE' GROUP BY a.WAREHOUSE_ID ) AS thinkphp) AS T1 

[ 2018-04-08T08:49:14+08:00 ] 127.0.0.1 /index.php/Home/StoreHouse/storehouse_list
INFO: [ app_init ] --START--
INFO: Run Behavior\BuildLiteBehavior [ RunTime:0.000020s ]
INFO: [ app_init ] --END-- [ RunTime:0.000516s ]
ERR: 8120:[Microsoft][SQL Server Native Client 11.0][SQL Server]选择列表中的列 'SERVICE_T_WAREHOUSE_ID.WAREHOUSE_ID' 无效，因为该列没有包含在聚合函数或 GROUP BY 子句中。
 [ SQL语句 ] : SELECT T1.* FROM (SELECT thinkphp.*, ROW_NUMBER() OVER ( ORDER BY rand()) AS ROW_NUMBER FROM (SELECT  a.WAREHOUSE_ID,a.WAREHOUSE_NAME,a.WAREHOUSE_ADDRESS,a.WAREHOUSE_CONTACT_PERSON,a.WAREHOUSE_CONTACT_PHONE,a.DEPARTMENT_ID,d.CUSTOMER_NAME,c.DEPARTMENT_NAME FROM SERVICE_T_WAREHOUSE_ID a LEFT JOIN SERVICE_T_WAREHOUSE_PROPERTY AS b ON b.WAREHOUSE_ID=a.WAREHOUSE_ID LEFT JOIN SERVICE_T_DEPARTMENT AS c ON c.DEPARTMENT_ID=a.DEPARTMENT_ID LEFT JOIN SERVICE_T_CUSTOMER AS d ON d.CUSTOMER_ID=a.CUSTOMER_ID  WHERE b.PROP_NAME = 'STOREHOUSE' GROUP BY b.WAREHOUSE_ID ) AS thinkphp) AS T1 
ERR: 8120:[Microsoft][SQL Server Native Client 11.0][SQL Server]选择列表中的列 'SERVICE_T_WAREHOUSE_ID.WAREHOUSE_ID' 无效，因为该列没有包含在聚合函数或 GROUP BY 子句中。
 [ SQL语句 ] : SELECT T1.* FROM (SELECT thinkphp.*, ROW_NUMBER() OVER ( ORDER BY rand()) AS ROW_NUMBER FROM (SELECT  a.WAREHOUSE_ID,a.WAREHOUSE_NAME,a.WAREHOUSE_ADDRESS,a.WAREHOUSE_CONTACT_PERSON,a.WAREHOUSE_CONTACT_PHONE,a.DEPARTMENT_ID,d.CUSTOMER_NAME,c.DEPARTMENT_NAME FROM SERVICE_T_WAREHOUSE_ID a LEFT JOIN SERVICE_T_WAREHOUSE_PROPERTY AS b ON b.WAREHOUSE_ID=a.WAREHOUSE_ID LEFT JOIN SERVICE_T_DEPARTMENT AS c ON c.DEPARTMENT_ID=a.DEPARTMENT_ID LEFT JOIN SERVICE_T_CUSTOMER AS d ON d.CUSTOMER_ID=a.CUSTOMER_ID  WHERE b.PROP_NAME = 'STOREHOUSE' GROUP BY b.WAREHOUSE_ID ) AS thinkphp) AS T1 

[ 2018-04-08T08:49:19+08:00 ] 127.0.0.1 /index.php/Home/StoreHouse/storehouse_list
INFO: [ app_init ] --START--
INFO: Run Behavior\BuildLiteBehavior [ RunTime:0.000018s ]
INFO: [ app_init ] --END-- [ RunTime:0.000551s ]
ERR: 8120:[Microsoft][SQL Server Native Client 11.0][SQL Server]选择列表中的列 'SERVICE_T_WAREHOUSE_ID.WAREHOUSE_NAME' 无效，因为该列没有包含在聚合函数或 GROUP BY 子句中。
 [ SQL语句 ] : SELECT T1.* FROM (SELECT thinkphp.*, ROW_NUMBER() OVER ( ORDER BY rand()) AS ROW_NUMBER FROM (SELECT  a.WAREHOUSE_ID,a.WAREHOUSE_NAME,a.WAREHOUSE_ADDRESS,a.WAREHOUSE_CONTACT_PERSON,a.WAREHOUSE_CONTACT_PHONE,a.DEPARTMENT_ID,d.CUSTOMER_NAME,c.DEPARTMENT_NAME FROM SERVICE_T_WAREHOUSE_ID a LEFT JOIN SERVICE_T_WAREHOUSE_PROPERTY AS b ON b.WAREHOUSE_ID=a.WAREHOUSE_ID LEFT JOIN SERVICE_T_DEPARTMENT AS c ON c.DEPARTMENT_ID=a.DEPARTMENT_ID LEFT JOIN SERVICE_T_CUSTOMER AS d ON d.CUSTOMER_ID=a.CUSTOMER_ID  WHERE b.PROP_NAME = 'STOREHOUSE' GROUP BY a.WAREHOUSE_ID ) AS thinkphp) AS T1 
ERR: 8120:[Microsoft][SQL Server Native Client 11.0][SQL Server]选择列表中的列 'SERVICE_T_WAREHOUSE_ID.WAREHOUSE_NAME' 无效，因为该列没有包含在聚合函数或 GROUP BY 子句中。
 [ SQL语句 ] : SELECT T1.* FROM (SELECT thinkphp.*, ROW_NUMBER() OVER ( ORDER BY rand()) AS ROW_NUMBER FROM (SELECT  a.WAREHOUSE_ID,a.WAREHOUSE_NAME,a.WAREHOUSE_ADDRESS,a.WAREHOUSE_CONTACT_PERSON,a.WAREHOUSE_CONTACT_PHONE,a.DEPARTMENT_ID,d.CUSTOMER_NAME,c.DEPARTMENT_NAME FROM SERVICE_T_WAREHOUSE_ID a LEFT JOIN SERVICE_T_WAREHOUSE_PROPERTY AS b ON b.WAREHOUSE_ID=a.WAREHOUSE_ID LEFT JOIN SERVICE_T_DEPARTMENT AS c ON c.DEPARTMENT_ID=a.DEPARTMENT_ID LEFT JOIN SERVICE_T_CUSTOMER AS d ON d.CUSTOMER_ID=a.CUSTOMER_ID  WHERE b.PROP_NAME = 'STOREHOUSE' GROUP BY a.WAREHOUSE_ID ) AS thinkphp) AS T1 

[ 2018-04-08T08:52:22+08:00 ] 127.0.0.1 /index.php/Home/StoreHouse/storehouse_list
INFO: [ app_init ] --START--
INFO: Run Behavior\BuildLiteBehavior [ RunTime:0.000017s ]
INFO: [ app_init ] --END-- [ RunTime:0.000473s ]
ERR: 8120:[Microsoft][SQL Server Native Client 11.0][SQL Server]选择列表中的列 'SERVICE_T_WAREHOUSE_ID.WAREHOUSE_NAME' 无效，因为该列没有包含在聚合函数或 GROUP BY 子句中。
 [ SQL语句 ] : SELECT T1.* FROM (SELECT thinkphp.*, ROW_NUMBER() OVER ( ORDER BY rand()) AS ROW_NUMBER FROM (SELECT  a.WAREHOUSE_ID,a.WAREHOUSE_NAME,a.WAREHOUSE_ADDRESS,a.WAREHOUSE_CONTACT_PERSON,a.WAREHOUSE_CONTACT_PHONE,a.DEPARTMENT_ID,d.CUSTOMER_NAME,c.DEPARTMENT_NAME,count(a.WAREHOUSE_ID) FROM SERVICE_T_WAREHOUSE_ID a LEFT JOIN SERVICE_T_WAREHOUSE_PROPERTY AS b ON b.WAREHOUSE_ID=a.WAREHOUSE_ID LEFT JOIN SERVICE_T_DEPARTMENT AS c ON c.DEPARTMENT_ID=a.DEPARTMENT_ID LEFT JOIN SERVICE_T_CUSTOMER AS d ON d.CUSTOMER_ID=a.CUSTOMER_ID  WHERE b.PROP_NAME = 'STOREHOUSE' GROUP BY a.WAREHOUSE_ID ) AS thinkphp) AS T1 
ERR: 8120:[Microsoft][SQL Server Native Client 11.0][SQL Server]选择列表中的列 'SERVICE_T_WAREHOUSE_ID.WAREHOUSE_NAME' 无效，因为该列没有包含在聚合函数或 GROUP BY 子句中。
 [ SQL语句 ] : SELECT T1.* FROM (SELECT thinkphp.*, ROW_NUMBER() OVER ( ORDER BY rand()) AS ROW_NUMBER FROM (SELECT  a.WAREHOUSE_ID,a.WAREHOUSE_NAME,a.WAREHOUSE_ADDRESS,a.WAREHOUSE_CONTACT_PERSON,a.WAREHOUSE_CONTACT_PHONE,a.DEPARTMENT_ID,d.CUSTOMER_NAME,c.DEPARTMENT_NAME,count(a.WAREHOUSE_ID) FROM SERVICE_T_WAREHOUSE_ID a LEFT JOIN SERVICE_T_WAREHOUSE_PROPERTY AS b ON b.WAREHOUSE_ID=a.WAREHOUSE_ID LEFT JOIN SERVICE_T_DEPARTMENT AS c ON c.DEPARTMENT_ID=a.DEPARTMENT_ID LEFT JOIN SERVICE_T_CUSTOMER AS d ON d.CUSTOMER_ID=a.CUSTOMER_ID  WHERE b.PROP_NAME = 'STOREHOUSE' GROUP BY a.WAREHOUSE_ID ) AS thinkphp) AS T1 

[ 2018-04-08T08:52:24+08:00 ] 127.0.0.1 /index.php/Home/StoreHouse/storehouse_list
INFO: [ app_init ] --START--
INFO: Run Behavior\BuildLiteBehavior [ RunTime:0.000014s ]
INFO: [ app_init ] --END-- [ RunTime:0.000327s ]
ERR: 8120:[Microsoft][SQL Server Native Client 11.0][SQL Server]选择列表中的列 'SERVICE_T_WAREHOUSE_ID.WAREHOUSE_NAME' 无效，因为该列没有包含在聚合函数或 GROUP BY 子句中。
 [ SQL语句 ] : SELECT T1.* FROM (SELECT thinkphp.*, ROW_NUMBER() OVER ( ORDER BY rand()) AS ROW_NUMBER FROM (SELECT  a.WAREHOUSE_ID,a.WAREHOUSE_NAME,a.WAREHOUSE_ADDRESS,a.WAREHOUSE_CONTACT_PERSON,a.WAREHOUSE_CONTACT_PHONE,a.DEPARTMENT_ID,d.CUSTOMER_NAME,c.DEPARTMENT_NAME,count(a.WAREHOUSE_ID) FROM SERVICE_T_WAREHOUSE_ID a LEFT JOIN SERVICE_T_WAREHOUSE_PROPERTY AS b ON b.WAREHOUSE_ID=a.WAREHOUSE_ID LEFT JOIN SERVICE_T_DEPARTMENT AS c ON c.DEPARTMENT_ID=a.DEPARTMENT_ID LEFT JOIN SERVICE_T_CUSTOMER AS d ON d.CUSTOMER_ID=a.CUSTOMER_ID  WHERE b.PROP_NAME = 'STOREHOUSE' GROUP BY a.WAREHOUSE_ID ) AS thinkphp) AS T1 
ERR: 8120:[Microsoft][SQL Server Native Client 11.0][SQL Server]选择列表中的列 'SERVICE_T_WAREHOUSE_ID.WAREHOUSE_NAME' 无效，因为该列没有包含在聚合函数或 GROUP BY 子句中。
 [ SQL语句 ] : SELECT T1.* FROM (SELECT thinkphp.*, ROW_NUMBER() OVER ( ORDER BY rand()) AS ROW_NUMBER FROM (SELECT  a.WAREHOUSE_ID,a.WAREHOUSE_NAME,a.WAREHOUSE_ADDRESS,a.WAREHOUSE_CONTACT_PERSON,a.WAREHOUSE_CONTACT_PHONE,a.DEPARTMENT_ID,d.CUSTOMER_NAME,c.DEPARTMENT_NAME,count(a.WAREHOUSE_ID) FROM SERVICE_T_WAREHOUSE_ID a LEFT JOIN SERVICE_T_WAREHOUSE_PROPERTY AS b ON b.WAREHOUSE_ID=a.WAREHOUSE_ID LEFT JOIN SERVICE_T_DEPARTMENT AS c ON c.DEPARTMENT_ID=a.DEPARTMENT_ID LEFT JOIN SERVICE_T_CUSTOMER AS d ON d.CUSTOMER_ID=a.CUSTOMER_ID  WHERE b.PROP_NAME = 'STOREHOUSE' GROUP BY a.WAREHOUSE_ID ) AS thinkphp) AS T1 

[ 2018-04-08T08:52:25+08:00 ] 127.0.0.1 /index.php/Home/StoreHouse/storehouse_list
INFO: [ app_init ] --START--
INFO: Run Behavior\BuildLiteBehavior [ RunTime:0.000018s ]
INFO: [ app_init ] --END-- [ RunTime:0.000431s ]
ERR: 8120:[Microsoft][SQL Server Native Client 11.0][SQL Server]选择列表中的列 'SERVICE_T_WAREHOUSE_ID.WAREHOUSE_NAME' 无效，因为该列没有包含在聚合函数或 GROUP BY 子句中。
 [ SQL语句 ] : SELECT T1.* FROM (SELECT thinkphp.*, ROW_NUMBER() OVER ( ORDER BY rand()) AS ROW_NUMBER FROM (SELECT  a.WAREHOUSE_ID,a.WAREHOUSE_NAME,a.WAREHOUSE_ADDRESS,a.WAREHOUSE_CONTACT_PERSON,a.WAREHOUSE_CONTACT_PHONE,a.DEPARTMENT_ID,d.CUSTOMER_NAME,c.DEPARTMENT_NAME,count(a.WAREHOUSE_ID) FROM SERVICE_T_WAREHOUSE_ID a LEFT JOIN SERVICE_T_WAREHOUSE_PROPERTY AS b ON b.WAREHOUSE_ID=a.WAREHOUSE_ID LEFT JOIN SERVICE_T_DEPARTMENT AS c ON c.DEPARTMENT_ID=a.DEPARTMENT_ID LEFT JOIN SERVICE_T_CUSTOMER AS d ON d.CUSTOMER_ID=a.CUSTOMER_ID  WHERE b.PROP_NAME = 'STOREHOUSE' GROUP BY a.WAREHOUSE_ID ) AS thinkphp) AS T1 
ERR: 8120:[Microsoft][SQL Server Native Client 11.0][SQL Server]选择列表中的列 'SERVICE_T_WAREHOUSE_ID.WAREHOUSE_NAME' 无效，因为该列没有包含在聚合函数或 GROUP BY 子句中。
 [ SQL语句 ] : SELECT T1.* FROM (SELECT thinkphp.*, ROW_NUMBER() OVER ( ORDER BY rand()) AS ROW_NUMBER FROM (SELECT  a.WAREHOUSE_ID,a.WAREHOUSE_NAME,a.WAREHOUSE_ADDRESS,a.WAREHOUSE_CONTACT_PERSON,a.WAREHOUSE_CONTACT_PHONE,a.DEPARTMENT_ID,d.CUSTOMER_NAME,c.DEPARTMENT_NAME,count(a.WAREHOUSE_ID) FROM SERVICE_T_WAREHOUSE_ID a LEFT JOIN SERVICE_T_WAREHOUSE_PROPERTY AS b ON b.WAREHOUSE_ID=a.WAREHOUSE_ID LEFT JOIN SERVICE_T_DEPARTMENT AS c ON c.DEPARTMENT_ID=a.DEPARTMENT_ID LEFT JOIN SERVICE_T_CUSTOMER AS d ON d.CUSTOMER_ID=a.CUSTOMER_ID  WHERE b.PROP_NAME = 'STOREHOUSE' GROUP BY a.WAREHOUSE_ID ) AS thinkphp) AS T1 

[ 2018-04-08T08:52:26+08:00 ] 127.0.0.1 /index.php/Home/StoreHouse/storehouse_list
INFO: [ app_init ] --START--
INFO: Run Behavior\BuildLiteBehavior [ RunTime:0.000032s ]
INFO: [ app_init ] --END-- [ RunTime:0.000824s ]
ERR: 8120:[Microsoft][SQL Server Native Client 11.0][SQL Server]选择列表中的列 'SERVICE_T_WAREHOUSE_ID.WAREHOUSE_NAME' 无效，因为该列没有包含在聚合函数或 GROUP BY 子句中。
 [ SQL语句 ] : SELECT T1.* FROM (SELECT thinkphp.*, ROW_NUMBER() OVER ( ORDER BY rand()) AS ROW_NUMBER FROM (SELECT  a.WAREHOUSE_ID,a.WAREHOUSE_NAME,a.WAREHOUSE_ADDRESS,a.WAREHOUSE_CONTACT_PERSON,a.WAREHOUSE_CONTACT_PHONE,a.DEPARTMENT_ID,d.CUSTOMER_NAME,c.DEPARTMENT_NAME,count(a.WAREHOUSE_ID) FROM SERVICE_T_WAREHOUSE_ID a LEFT JOIN SERVICE_T_WAREHOUSE_PROPERTY AS b ON b.WAREHOUSE_ID=a.WAREHOUSE_ID LEFT JOIN SERVICE_T_DEPARTMENT AS c ON c.DEPARTMENT_ID=a.DEPARTMENT_ID LEFT JOIN SERVICE_T_CUSTOMER AS d ON d.CUSTOMER_ID=a.CUSTOMER_ID  WHERE b.PROP_NAME = 'STOREHOUSE' GROUP BY a.WAREHOUSE_ID ) AS thinkphp) AS T1 
ERR: 8120:[Microsoft][SQL Server Native Client 11.0][SQL Server]选择列表中的列 'SERVICE_T_WAREHOUSE_ID.WAREHOUSE_NAME' 无效，因为该列没有包含在聚合函数或 GROUP BY 子句中。
 [ SQL语句 ] : SELECT T1.* FROM (SELECT thinkphp.*, ROW_NUMBER() OVER ( ORDER BY rand()) AS ROW_NUMBER FROM (SELECT  a.WAREHOUSE_ID,a.WAREHOUSE_NAME,a.WAREHOUSE_ADDRESS,a.WAREHOUSE_CONTACT_PERSON,a.WAREHOUSE_CONTACT_PHONE,a.DEPARTMENT_ID,d.CUSTOMER_NAME,c.DEPARTMENT_NAME,count(a.WAREHOUSE_ID) FROM SERVICE_T_WAREHOUSE_ID a LEFT JOIN SERVICE_T_WAREHOUSE_PROPERTY AS b ON b.WAREHOUSE_ID=a.WAREHOUSE_ID LEFT JOIN SERVICE_T_DEPARTMENT AS c ON c.DEPARTMENT_ID=a.DEPARTMENT_ID LEFT JOIN SERVICE_T_CUSTOMER AS d ON d.CUSTOMER_ID=a.CUSTOMER_ID  WHERE b.PROP_NAME = 'STOREHOUSE' GROUP BY a.WAREHOUSE_ID ) AS thinkphp) AS T1 

[ 2018-04-08T08:52:26+08:00 ] 127.0.0.1 /index.php/Home/StoreHouse/storehouse_list
INFO: [ app_init ] --START--
INFO: Run Behavior\BuildLiteBehavior [ RunTime:0.000019s ]
INFO: [ app_init ] --END-- [ RunTime:0.000534s ]
ERR: 8120:[Microsoft][SQL Server Native Client 11.0][SQL Server]选择列表中的列 'SERVICE_T_WAREHOUSE_ID.WAREHOUSE_NAME' 无效，因为该列没有包含在聚合函数或 GROUP BY 子句中。
 [ SQL语句 ] : SELECT T1.* FROM (SELECT thinkphp.*, ROW_NUMBER() OVER ( ORDER BY rand()) AS ROW_NUMBER FROM (SELECT  a.WAREHOUSE_ID,a.WAREHOUSE_NAME,a.WAREHOUSE_ADDRESS,a.WAREHOUSE_CONTACT_PERSON,a.WAREHOUSE_CONTACT_PHONE,a.DEPARTMENT_ID,d.CUSTOMER_NAME,c.DEPARTMENT_NAME,count(a.WAREHOUSE_ID) FROM SERVICE_T_WAREHOUSE_ID a LEFT JOIN SERVICE_T_WAREHOUSE_PROPERTY AS b ON b.WAREHOUSE_ID=a.WAREHOUSE_ID LEFT JOIN SERVICE_T_DEPARTMENT AS c ON c.DEPARTMENT_ID=a.DEPARTMENT_ID LEFT JOIN SERVICE_T_CUSTOMER AS d ON d.CUSTOMER_ID=a.CUSTOMER_ID  WHERE b.PROP_NAME = 'STOREHOUSE' GROUP BY a.WAREHOUSE_ID ) AS thinkphp) AS T1 
ERR: 8120:[Microsoft][SQL Server Native Client 11.0][SQL Server]选择列表中的列 'SERVICE_T_WAREHOUSE_ID.WAREHOUSE_NAME' 无效，因为该列没有包含在聚合函数或 GROUP BY 子句中。
 [ SQL语句 ] : SELECT T1.* FROM (SELECT thinkphp.*, ROW_NUMBER() OVER ( ORDER BY rand()) AS ROW_NUMBER FROM (SELECT  a.WAREHOUSE_ID,a.WAREHOUSE_NAME,a.WAREHOUSE_ADDRESS,a.WAREHOUSE_CONTACT_PERSON,a.WAREHOUSE_CONTACT_PHONE,a.DEPARTMENT_ID,d.CUSTOMER_NAME,c.DEPARTMENT_NAME,count(a.WAREHOUSE_ID) FROM SERVICE_T_WAREHOUSE_ID a LEFT JOIN SERVICE_T_WAREHOUSE_PROPERTY AS b ON b.WAREHOUSE_ID=a.WAREHOUSE_ID LEFT JOIN SERVICE_T_DEPARTMENT AS c ON c.DEPARTMENT_ID=a.DEPARTMENT_ID LEFT JOIN SERVICE_T_CUSTOMER AS d ON d.CUSTOMER_ID=a.CUSTOMER_ID  WHERE b.PROP_NAME = 'STOREHOUSE' GROUP BY a.WAREHOUSE_ID ) AS thinkphp) AS T1 

[ 2018-04-08T08:52:27+08:00 ] 127.0.0.1 /index.php/Home/StoreHouse/storehouse_list
INFO: [ app_init ] --START--
INFO: Run Behavior\BuildLiteBehavior [ RunTime:0.000020s ]
INFO: [ app_init ] --END-- [ RunTime:0.000494s ]
ERR: 8120:[Microsoft][SQL Server Native Client 11.0][SQL Server]选择列表中的列 'SERVICE_T_WAREHOUSE_ID.WAREHOUSE_NAME' 无效，因为该列没有包含在聚合函数或 GROUP BY 子句中。
 [ SQL语句 ] : SELECT T1.* FROM (SELECT thinkphp.*, ROW_NUMBER() OVER ( ORDER BY rand()) AS ROW_NUMBER FROM (SELECT  a.WAREHOUSE_ID,a.WAREHOUSE_NAME,a.WAREHOUSE_ADDRESS,a.WAREHOUSE_CONTACT_PERSON,a.WAREHOUSE_CONTACT_PHONE,a.DEPARTMENT_ID,d.CUSTOMER_NAME,c.DEPARTMENT_NAME,count(a.WAREHOUSE_ID) FROM SERVICE_T_WAREHOUSE_ID a LEFT JOIN SERVICE_T_WAREHOUSE_PROPERTY AS b ON b.WAREHOUSE_ID=a.WAREHOUSE_ID LEFT JOIN SERVICE_T_DEPARTMENT AS c ON c.DEPARTMENT_ID=a.DEPARTMENT_ID LEFT JOIN SERVICE_T_CUSTOMER AS d ON d.CUSTOMER_ID=a.CUSTOMER_ID  WHERE b.PROP_NAME = 'STOREHOUSE' GROUP BY a.WAREHOUSE_ID ) AS thinkphp) AS T1 
ERR: 8120:[Microsoft][SQL Server Native Client 11.0][SQL Server]选择列表中的列 'SERVICE_T_WAREHOUSE_ID.WAREHOUSE_NAME' 无效，因为该列没有包含在聚合函数或 GROUP BY 子句中。
 [ SQL语句 ] : SELECT T1.* FROM (SELECT thinkphp.*, ROW_NUMBER() OVER ( ORDER BY rand()) AS ROW_NUMBER FROM (SELECT  a.WAREHOUSE_ID,a.WAREHOUSE_NAME,a.WAREHOUSE_ADDRESS,a.WAREHOUSE_CONTACT_PERSON,a.WAREHOUSE_CONTACT_PHONE,a.DEPARTMENT_ID,d.CUSTOMER_NAME,c.DEPARTMENT_NAME,count(a.WAREHOUSE_ID) FROM SERVICE_T_WAREHOUSE_ID a LEFT JOIN SERVICE_T_WAREHOUSE_PROPERTY AS b ON b.WAREHOUSE_ID=a.WAREHOUSE_ID LEFT JOIN SERVICE_T_DEPARTMENT AS c ON c.DEPARTMENT_ID=a.DEPARTMENT_ID LEFT JOIN SERVICE_T_CUSTOMER AS d ON d.CUSTOMER_ID=a.CUSTOMER_ID  WHERE b.PROP_NAME = 'STOREHOUSE' GROUP BY a.WAREHOUSE_ID ) AS thinkphp) AS T1 

[ 2018-04-08T08:52:27+08:00 ] 127.0.0.1 /index.php/Home/StoreHouse/storehouse_list
INFO: [ app_init ] --START--
INFO: Run Behavior\BuildLiteBehavior [ RunTime:0.000014s ]
INFO: [ app_init ] --END-- [ RunTime:0.000332s ]
ERR: 8120:[Microsoft][SQL Server Native Client 11.0][SQL Server]选择列表中的列 'SERVICE_T_WAREHOUSE_ID.WAREHOUSE_NAME' 无效，因为该列没有包含在聚合函数或 GROUP BY 子句中。
 [ SQL语句 ] : SELECT T1.* FROM (SELECT thinkphp.*, ROW_NUMBER() OVER ( ORDER BY rand()) AS ROW_NUMBER FROM (SELECT  a.WAREHOUSE_ID,a.WAREHOUSE_NAME,a.WAREHOUSE_ADDRESS,a.WAREHOUSE_CONTACT_PERSON,a.WAREHOUSE_CONTACT_PHONE,a.DEPARTMENT_ID,d.CUSTOMER_NAME,c.DEPARTMENT_NAME,count(a.WAREHOUSE_ID) FROM SERVICE_T_WAREHOUSE_ID a LEFT JOIN SERVICE_T_WAREHOUSE_PROPERTY AS b ON b.WAREHOUSE_ID=a.WAREHOUSE_ID LEFT JOIN SERVICE_T_DEPARTMENT AS c ON c.DEPARTMENT_ID=a.DEPARTMENT_ID LEFT JOIN SERVICE_T_CUSTOMER AS d ON d.CUSTOMER_ID=a.CUSTOMER_ID  WHERE b.PROP_NAME = 'STOREHOUSE' GROUP BY a.WAREHOUSE_ID ) AS thinkphp) AS T1 
ERR: 8120:[Microsoft][SQL Server Native Client 11.0][SQL Server]选择列表中的列 'SERVICE_T_WAREHOUSE_ID.WAREHOUSE_NAME' 无效，因为该列没有包含在聚合函数或 GROUP BY 子句中。
 [ SQL语句 ] : SELECT T1.* FROM (SELECT thinkphp.*, ROW_NUMBER() OVER ( ORDER BY rand()) AS ROW_NUMBER FROM (SELECT  a.WAREHOUSE_ID,a.WAREHOUSE_NAME,a.WAREHOUSE_ADDRESS,a.WAREHOUSE_CONTACT_PERSON,a.WAREHOUSE_CONTACT_PHONE,a.DEPARTMENT_ID,d.CUSTOMER_NAME,c.DEPARTMENT_NAME,count(a.WAREHOUSE_ID) FROM SERVICE_T_WAREHOUSE_ID a LEFT JOIN SERVICE_T_WAREHOUSE_PROPERTY AS b ON b.WAREHOUSE_ID=a.WAREHOUSE_ID LEFT JOIN SERVICE_T_DEPARTMENT AS c ON c.DEPARTMENT_ID=a.DEPARTMENT_ID LEFT JOIN SERVICE_T_CUSTOMER AS d ON d.CUSTOMER_ID=a.CUSTOMER_ID  WHERE b.PROP_NAME = 'STOREHOUSE' GROUP BY a.WAREHOUSE_ID ) AS thinkphp) AS T1 

[ 2018-04-08T08:52:27+08:00 ] 127.0.0.1 /index.php/Home/StoreHouse/storehouse_list
INFO: [ app_init ] --START--
INFO: Run Behavior\BuildLiteBehavior [ RunTime:0.000035s ]
INFO: [ app_init ] --END-- [ RunTime:0.000634s ]
ERR: 8120:[Microsoft][SQL Server Native Client 11.0][SQL Server]选择列表中的列 'SERVICE_T_WAREHOUSE_ID.WAREHOUSE_NAME' 无效，因为该列没有包含在聚合函数或 GROUP BY 子句中。
 [ SQL语句 ] : SELECT T1.* FROM (SELECT thinkphp.*, ROW_NUMBER() OVER ( ORDER BY rand()) AS ROW_NUMBER FROM (SELECT  a.WAREHOUSE_ID,a.WAREHOUSE_NAME,a.WAREHOUSE_ADDRESS,a.WAREHOUSE_CONTACT_PERSON,a.WAREHOUSE_CONTACT_PHONE,a.DEPARTMENT_ID,d.CUSTOMER_NAME,c.DEPARTMENT_NAME,count(a.WAREHOUSE_ID) FROM SERVICE_T_WAREHOUSE_ID a LEFT JOIN SERVICE_T_WAREHOUSE_PROPERTY AS b ON b.WAREHOUSE_ID=a.WAREHOUSE_ID LEFT JOIN SERVICE_T_DEPARTMENT AS c ON c.DEPARTMENT_ID=a.DEPARTMENT_ID LEFT JOIN SERVICE_T_CUSTOMER AS d ON d.CUSTOMER_ID=a.CUSTOMER_ID  WHERE b.PROP_NAME = 'STOREHOUSE' GROUP BY a.WAREHOUSE_ID ) AS thinkphp) AS T1 
ERR: 8120:[Microsoft][SQL Server Native Client 11.0][SQL Server]选择列表中的列 'SERVICE_T_WAREHOUSE_ID.WAREHOUSE_NAME' 无效，因为该列没有包含在聚合函数或 GROUP BY 子句中。
 [ SQL语句 ] : SELECT T1.* FROM (SELECT thinkphp.*, ROW_NUMBER() OVER ( ORDER BY rand()) AS ROW_NUMBER FROM (SELECT  a.WAREHOUSE_ID,a.WAREHOUSE_NAME,a.WAREHOUSE_ADDRESS,a.WAREHOUSE_CONTACT_PERSON,a.WAREHOUSE_CONTACT_PHONE,a.DEPARTMENT_ID,d.CUSTOMER_NAME,c.DEPARTMENT_NAME,count(a.WAREHOUSE_ID) FROM SERVICE_T_WAREHOUSE_ID a LEFT JOIN SERVICE_T_WAREHOUSE_PROPERTY AS b ON b.WAREHOUSE_ID=a.WAREHOUSE_ID LEFT JOIN SERVICE_T_DEPARTMENT AS c ON c.DEPARTMENT_ID=a.DEPARTMENT_ID LEFT JOIN SERVICE_T_CUSTOMER AS d ON d.CUSTOMER_ID=a.CUSTOMER_ID  WHERE b.PROP_NAME = 'STOREHOUSE' GROUP BY a.WAREHOUSE_ID ) AS thinkphp) AS T1 

[ 2018-04-08T08:53:34+08:00 ] 127.0.0.1 /index.php/Home/StoreHouse/storehouse_list
INFO: [ app_init ] --START--
INFO: Run Behavior\BuildLiteBehavior [ RunTime:0.000027s ]
INFO: [ app_init ] --END-- [ RunTime:0.000569s ]
ERR: 8120:[Microsoft][SQL Server Native Client 11.0][SQL Server]选择列表中的列 'SERVICE_T_WAREHOUSE_ID.WAREHOUSE_NAME' 无效，因为该列没有包含在聚合函数或 GROUP BY 子句中。
 [ SQL语句 ] : SELECT T1.* FROM (SELECT thinkphp.*, ROW_NUMBER() OVER ( ORDER BY rand()) AS ROW_NUMBER FROM (SELECT  a.WAREHOUSE_ID,a.WAREHOUSE_NAME,a.WAREHOUSE_ADDRESS,a.WAREHOUSE_CONTACT_PERSON,a.WAREHOUSE_CONTACT_PHONE,a.DEPARTMENT_ID,d.CUSTOMER_NAME,c.DEPARTMENT_NAME,COUNT(a.WAREHOUSE_ID) FROM SERVICE_T_WAREHOUSE_ID a LEFT JOIN SERVICE_T_WAREHOUSE_PROPERTY AS b ON b.WAREHOUSE_ID=a.WAREHOUSE_ID LEFT JOIN SERVICE_T_DEPARTMENT AS c ON c.DEPARTMENT_ID=a.DEPARTMENT_ID LEFT JOIN SERVICE_T_CUSTOMER AS d ON d.CUSTOMER_ID=a.CUSTOMER_ID  WHERE b.PROP_NAME = 'STOREHOUSE' GROUP BY a.WAREHOUSE_ID ) AS thinkphp) AS T1 
ERR: 8120:[Microsoft][SQL Server Native Client 11.0][SQL Server]选择列表中的列 'SERVICE_T_WAREHOUSE_ID.WAREHOUSE_NAME' 无效，因为该列没有包含在聚合函数或 GROUP BY 子句中。
 [ SQL语句 ] : SELECT T1.* FROM (SELECT thinkphp.*, ROW_NUMBER() OVER ( ORDER BY rand()) AS ROW_NUMBER FROM (SELECT  a.WAREHOUSE_ID,a.WAREHOUSE_NAME,a.WAREHOUSE_ADDRESS,a.WAREHOUSE_CONTACT_PERSON,a.WAREHOUSE_CONTACT_PHONE,a.DEPARTMENT_ID,d.CUSTOMER_NAME,c.DEPARTMENT_NAME,COUNT(a.WAREHOUSE_ID) FROM SERVICE_T_WAREHOUSE_ID a LEFT JOIN SERVICE_T_WAREHOUSE_PROPERTY AS b ON b.WAREHOUSE_ID=a.WAREHOUSE_ID LEFT JOIN SERVICE_T_DEPARTMENT AS c ON c.DEPARTMENT_ID=a.DEPARTMENT_ID LEFT JOIN SERVICE_T_CUSTOMER AS d ON d.CUSTOMER_ID=a.CUSTOMER_ID  WHERE b.PROP_NAME = 'STOREHOUSE' GROUP BY a.WAREHOUSE_ID ) AS thinkphp) AS T1 

[ 2018-04-08T08:54:07+08:00 ] 127.0.0.1 /index.php/Home/StoreHouse/storehouse_list
INFO: [ app_init ] --START--
INFO: Run Behavior\BuildLiteBehavior [ RunTime:0.000014s ]
INFO: [ app_init ] --END-- [ RunTime:0.000345s ]
ERR: 8120:[Microsoft][SQL Server Native Client 11.0][SQL Server]选择列表中的列 'SERVICE_T_WAREHOUSE_ID.WAREHOUSE_NAME' 无效，因为该列没有包含在聚合函数或 GROUP BY 子句中。
 [ SQL语句 ] : SELECT T1.* FROM (SELECT thinkphp.*, ROW_NUMBER() OVER ( ORDER BY rand()) AS ROW_NUMBER FROM (SELECT  a.WAREHOUSE_ID,a.WAREHOUSE_NAME,a.WAREHOUSE_ADDRESS,a.WAREHOUSE_CONTACT_PERSON,a.WAREHOUSE_CONTACT_PHONE,a.DEPARTMENT_ID,d.CUSTOMER_NAME,c.DEPARTMENT_NAME,COUNT(a.WAREHOUSE_ID) as count FROM SERVICE_T_WAREHOUSE_ID a LEFT JOIN SERVICE_T_WAREHOUSE_PROPERTY AS b ON b.WAREHOUSE_ID=a.WAREHOUSE_ID LEFT JOIN SERVICE_T_DEPARTMENT AS c ON c.DEPARTMENT_ID=a.DEPARTMENT_ID LEFT JOIN SERVICE_T_CUSTOMER AS d ON d.CUSTOMER_ID=a.CUSTOMER_ID  WHERE b.PROP_NAME = 'STOREHOUSE' GROUP BY a.WAREHOUSE_ID ) AS thinkphp) AS T1 
ERR: 8120:[Microsoft][SQL Server Native Client 11.0][SQL Server]选择列表中的列 'SERVICE_T_WAREHOUSE_ID.WAREHOUSE_NAME' 无效，因为该列没有包含在聚合函数或 GROUP BY 子句中。
 [ SQL语句 ] : SELECT T1.* FROM (SELECT thinkphp.*, ROW_NUMBER() OVER ( ORDER BY rand()) AS ROW_NUMBER FROM (SELECT  a.WAREHOUSE_ID,a.WAREHOUSE_NAME,a.WAREHOUSE_ADDRESS,a.WAREHOUSE_CONTACT_PERSON,a.WAREHOUSE_CONTACT_PHONE,a.DEPARTMENT_ID,d.CUSTOMER_NAME,c.DEPARTMENT_NAME,COUNT(a.WAREHOUSE_ID) as count FROM SERVICE_T_WAREHOUSE_ID a LEFT JOIN SERVICE_T_WAREHOUSE_PROPERTY AS b ON b.WAREHOUSE_ID=a.WAREHOUSE_ID LEFT JOIN SERVICE_T_DEPARTMENT AS c ON c.DEPARTMENT_ID=a.DEPARTMENT_ID LEFT JOIN SERVICE_T_CUSTOMER AS d ON d.CUSTOMER_ID=a.CUSTOMER_ID  WHERE b.PROP_NAME = 'STOREHOUSE' GROUP BY a.WAREHOUSE_ID ) AS thinkphp) AS T1 

[ 2018-04-08T08:54:08+08:00 ] 127.0.0.1 /index.php/Home/StoreHouse/storehouse_list
INFO: [ app_init ] --START--
INFO: Run Behavior\BuildLiteBehavior [ RunTime:0.000020s ]
INFO: [ app_init ] --END-- [ RunTime:0.000500s ]
ERR: 8120:[Microsoft][SQL Server Native Client 11.0][SQL Server]选择列表中的列 'SERVICE_T_WAREHOUSE_ID.WAREHOUSE_NAME' 无效，因为该列没有包含在聚合函数或 GROUP BY 子句中。
 [ SQL语句 ] : SELECT T1.* FROM (SELECT thinkphp.*, ROW_NUMBER() OVER ( ORDER BY rand()) AS ROW_NUMBER FROM (SELECT  a.WAREHOUSE_ID,a.WAREHOUSE_NAME,a.WAREHOUSE_ADDRESS,a.WAREHOUSE_CONTACT_PERSON,a.WAREHOUSE_CONTACT_PHONE,a.DEPARTMENT_ID,d.CUSTOMER_NAME,c.DEPARTMENT_NAME,COUNT(a.WAREHOUSE_ID) as count FROM SERVICE_T_WAREHOUSE_ID a LEFT JOIN SERVICE_T_WAREHOUSE_PROPERTY AS b ON b.WAREHOUSE_ID=a.WAREHOUSE_ID LEFT JOIN SERVICE_T_DEPARTMENT AS c ON c.DEPARTMENT_ID=a.DEPARTMENT_ID LEFT JOIN SERVICE_T_CUSTOMER AS d ON d.CUSTOMER_ID=a.CUSTOMER_ID  WHERE b.PROP_NAME = 'STOREHOUSE' GROUP BY a.WAREHOUSE_ID ) AS thinkphp) AS T1 
ERR: 8120:[Microsoft][SQL Server Native Client 11.0][SQL Server]选择列表中的列 'SERVICE_T_WAREHOUSE_ID.WAREHOUSE_NAME' 无效，因为该列没有包含在聚合函数或 GROUP BY 子句中。
 [ SQL语句 ] : SELECT T1.* FROM (SELECT thinkphp.*, ROW_NUMBER() OVER ( ORDER BY rand()) AS ROW_NUMBER FROM (SELECT  a.WAREHOUSE_ID,a.WAREHOUSE_NAME,a.WAREHOUSE_ADDRESS,a.WAREHOUSE_CONTACT_PERSON,a.WAREHOUSE_CONTACT_PHONE,a.DEPARTMENT_ID,d.CUSTOMER_NAME,c.DEPARTMENT_NAME,COUNT(a.WAREHOUSE_ID) as count FROM SERVICE_T_WAREHOUSE_ID a LEFT JOIN SERVICE_T_WAREHOUSE_PROPERTY AS b ON b.WAREHOUSE_ID=a.WAREHOUSE_ID LEFT JOIN SERVICE_T_DEPARTMENT AS c ON c.DEPARTMENT_ID=a.DEPARTMENT_ID LEFT JOIN SERVICE_T_CUSTOMER AS d ON d.CUSTOMER_ID=a.CUSTOMER_ID  WHERE b.PROP_NAME = 'STOREHOUSE' GROUP BY a.WAREHOUSE_ID ) AS thinkphp) AS T1 

[ 2018-04-08T08:54:11+08:00 ] 127.0.0.1 /index.php/Home/StoreHouse/storehouse_list
INFO: [ app_init ] --START--
INFO: Run Behavior\BuildLiteBehavior [ RunTime:0.000021s ]
INFO: [ app_init ] --END-- [ RunTime:0.000577s ]
ERR: 8120:[Microsoft][SQL Server Native Client 11.0][SQL Server]选择列表中的列 'SERVICE_T_WAREHOUSE_ID.WAREHOUSE_NAME' 无效，因为该列没有包含在聚合函数或 GROUP BY 子句中。
 [ SQL语句 ] : SELECT T1.* FROM (SELECT thinkphp.*, ROW_NUMBER() OVER ( ORDER BY rand()) AS ROW_NUMBER FROM (SELECT  a.WAREHOUSE_ID,a.WAREHOUSE_NAME,a.WAREHOUSE_ADDRESS,a.WAREHOUSE_CONTACT_PERSON,a.WAREHOUSE_CONTACT_PHONE,a.DEPARTMENT_ID,d.CUSTOMER_NAME,c.DEPARTMENT_NAME,COUNT(a.WAREHOUSE_ID) as count FROM SERVICE_T_WAREHOUSE_ID a LEFT JOIN SERVICE_T_WAREHOUSE_PROPERTY AS b ON b.WAREHOUSE_ID=a.WAREHOUSE_ID LEFT JOIN SERVICE_T_DEPARTMENT AS c ON c.DEPARTMENT_ID=a.DEPARTMENT_ID LEFT JOIN SERVICE_T_CUSTOMER AS d ON d.CUSTOMER_ID=a.CUSTOMER_ID  WHERE b.PROP_NAME = 'STOREHOUSE' GROUP BY a.WAREHOUSE_ID ) AS thinkphp) AS T1 
ERR: 8120:[Microsoft][SQL Server Native Client 11.0][SQL Server]选择列表中的列 'SERVICE_T_WAREHOUSE_ID.WAREHOUSE_NAME' 无效，因为该列没有包含在聚合函数或 GROUP BY 子句中。
 [ SQL语句 ] : SELECT T1.* FROM (SELECT thinkphp.*, ROW_NUMBER() OVER ( ORDER BY rand()) AS ROW_NUMBER FROM (SELECT  a.WAREHOUSE_ID,a.WAREHOUSE_NAME,a.WAREHOUSE_ADDRESS,a.WAREHOUSE_CONTACT_PERSON,a.WAREHOUSE_CONTACT_PHONE,a.DEPARTMENT_ID,d.CUSTOMER_NAME,c.DEPARTMENT_NAME,COUNT(a.WAREHOUSE_ID) as count FROM SERVICE_T_WAREHOUSE_ID a LEFT JOIN SERVICE_T_WAREHOUSE_PROPERTY AS b ON b.WAREHOUSE_ID=a.WAREHOUSE_ID LEFT JOIN SERVICE_T_DEPARTMENT AS c ON c.DEPARTMENT_ID=a.DEPARTMENT_ID LEFT JOIN SERVICE_T_CUSTOMER AS d ON d.CUSTOMER_ID=a.CUSTOMER_ID  WHERE b.PROP_NAME = 'STOREHOUSE' GROUP BY a.WAREHOUSE_ID ) AS thinkphp) AS T1 

[ 2018-04-08T08:54:32+08:00 ] 127.0.0.1 /index.php/Home/StoreHouse/storehouse_list
INFO: [ app_init ] --START--
INFO: Run Behavior\BuildLiteBehavior [ RunTime:0.000013s ]
INFO: [ app_init ] --END-- [ RunTime:0.000345s ]
ERR: 8120:[Microsoft][SQL Server Native Client 11.0][SQL Server]选择列表中的列 'SERVICE_T_WAREHOUSE_ID.WAREHOUSE_NAME' 无效，因为该列没有包含在聚合函数或 GROUP BY 子句中。
 [ SQL语句 ] : SELECT T1.* FROM (SELECT thinkphp.*, ROW_NUMBER() OVER ( ORDER BY rand()) AS ROW_NUMBER FROM (SELECT  a.WAREHOUSE_ID,a.WAREHOUSE_NAME,a.WAREHOUSE_ADDRESS,a.WAREHOUSE_CONTACT_PERSON,a.WAREHOUSE_CONTACT_PHONE,a.DEPARTMENT_ID,d.CUSTOMER_NAME,c.DEPARTMENT_NAME FROM SERVICE_T_WAREHOUSE_ID a LEFT JOIN SERVICE_T_WAREHOUSE_PROPERTY AS b ON b.WAREHOUSE_ID=a.WAREHOUSE_ID LEFT JOIN SERVICE_T_DEPARTMENT AS c ON c.DEPARTMENT_ID=a.DEPARTMENT_ID LEFT JOIN SERVICE_T_CUSTOMER AS d ON d.CUSTOMER_ID=a.CUSTOMER_ID  WHERE b.PROP_NAME = 'STOREHOUSE' GROUP BY a.WAREHOUSE_ID ) AS thinkphp) AS T1 
ERR: 8120:[Microsoft][SQL Server Native Client 11.0][SQL Server]选择列表中的列 'SERVICE_T_WAREHOUSE_ID.WAREHOUSE_NAME' 无效，因为该列没有包含在聚合函数或 GROUP BY 子句中。
 [ SQL语句 ] : SELECT T1.* FROM (SELECT thinkphp.*, ROW_NUMBER() OVER ( ORDER BY rand()) AS ROW_NUMBER FROM (SELECT  a.WAREHOUSE_ID,a.WAREHOUSE_NAME,a.WAREHOUSE_ADDRESS,a.WAREHOUSE_CONTACT_PERSON,a.WAREHOUSE_CONTACT_PHONE,a.DEPARTMENT_ID,d.CUSTOMER_NAME,c.DEPARTMENT_NAME FROM SERVICE_T_WAREHOUSE_ID a LEFT JOIN SERVICE_T_WAREHOUSE_PROPERTY AS b ON b.WAREHOUSE_ID=a.WAREHOUSE_ID LEFT JOIN SERVICE_T_DEPARTMENT AS c ON c.DEPARTMENT_ID=a.DEPARTMENT_ID LEFT JOIN SERVICE_T_CUSTOMER AS d ON d.CUSTOMER_ID=a.CUSTOMER_ID  WHERE b.PROP_NAME = 'STOREHOUSE' GROUP BY a.WAREHOUSE_ID ) AS thinkphp) AS T1 

[ 2018-04-08T08:55:38+08:00 ] 127.0.0.1 /index.php/Home/StoreHouse/storehouse_list
INFO: [ app_init ] --START--
INFO: Run Behavior\BuildLiteBehavior [ RunTime:0.000014s ]
INFO: [ app_init ] --END-- [ RunTime:0.000325s ]
ERR: 8120:[Microsoft][SQL Server Native Client 11.0][SQL Server]选择列表中的列 'SERVICE_T_WAREHOUSE_ID.WAREHOUSE_NAME' 无效，因为该列没有包含在聚合函数或 GROUP BY 子句中。
 [ SQL语句 ] : SELECT T1.* FROM (SELECT thinkphp.*, ROW_NUMBER() OVER ( ORDER BY rand()) AS ROW_NUMBER FROM (SELECT  a.WAREHOUSE_ID,a.WAREHOUSE_NAME,a.WAREHOUSE_ADDRESS,a.WAREHOUSE_CONTACT_PERSON,a.WAREHOUSE_CONTACT_PHONE,a.DEPARTMENT_ID,d.CUSTOMER_NAME,c.DEPARTMENT_NAME,count(a.WAREHOUSE_NAME) FROM SERVICE_T_WAREHOUSE_ID a LEFT JOIN SERVICE_T_WAREHOUSE_PROPERTY AS b ON b.WAREHOUSE_ID=a.WAREHOUSE_ID LEFT JOIN SERVICE_T_DEPARTMENT AS c ON c.DEPARTMENT_ID=a.DEPARTMENT_ID LEFT JOIN SERVICE_T_CUSTOMER AS d ON d.CUSTOMER_ID=a.CUSTOMER_ID  WHERE b.PROP_NAME = 'STOREHOUSE' GROUP BY a.WAREHOUSE_ID ) AS thinkphp) AS T1 
ERR: 8120:[Microsoft][SQL Server Native Client 11.0][SQL Server]选择列表中的列 'SERVICE_T_WAREHOUSE_ID.WAREHOUSE_NAME' 无效，因为该列没有包含在聚合函数或 GROUP BY 子句中。
 [ SQL语句 ] : SELECT T1.* FROM (SELECT thinkphp.*, ROW_NUMBER() OVER ( ORDER BY rand()) AS ROW_NUMBER FROM (SELECT  a.WAREHOUSE_ID,a.WAREHOUSE_NAME,a.WAREHOUSE_ADDRESS,a.WAREHOUSE_CONTACT_PERSON,a.WAREHOUSE_CONTACT_PHONE,a.DEPARTMENT_ID,d.CUSTOMER_NAME,c.DEPARTMENT_NAME,count(a.WAREHOUSE_NAME) FROM SERVICE_T_WAREHOUSE_ID a LEFT JOIN SERVICE_T_WAREHOUSE_PROPERTY AS b ON b.WAREHOUSE_ID=a.WAREHOUSE_ID LEFT JOIN SERVICE_T_DEPARTMENT AS c ON c.DEPARTMENT_ID=a.DEPARTMENT_ID LEFT JOIN SERVICE_T_CUSTOMER AS d ON d.CUSTOMER_ID=a.CUSTOMER_ID  WHERE b.PROP_NAME = 'STOREHOUSE' GROUP BY a.WAREHOUSE_ID ) AS thinkphp) AS T1 

[ 2018-04-08T08:55:39+08:00 ] 127.0.0.1 /index.php/Home/StoreHouse/storehouse_list
INFO: [ app_init ] --START--
INFO: Run Behavior\BuildLiteBehavior [ RunTime:0.000017s ]
INFO: [ app_init ] --END-- [ RunTime:0.000444s ]
ERR: 8120:[Microsoft][SQL Server Native Client 11.0][SQL Server]选择列表中的列 'SERVICE_T_WAREHOUSE_ID.WAREHOUSE_NAME' 无效，因为该列没有包含在聚合函数或 GROUP BY 子句中。
 [ SQL语句 ] : SELECT T1.* FROM (SELECT thinkphp.*, ROW_NUMBER() OVER ( ORDER BY rand()) AS ROW_NUMBER FROM (SELECT  a.WAREHOUSE_ID,a.WAREHOUSE_NAME,a.WAREHOUSE_ADDRESS,a.WAREHOUSE_CONTACT_PERSON,a.WAREHOUSE_CONTACT_PHONE,a.DEPARTMENT_ID,d.CUSTOMER_NAME,c.DEPARTMENT_NAME,count(a.WAREHOUSE_NAME) FROM SERVICE_T_WAREHOUSE_ID a LEFT JOIN SERVICE_T_WAREHOUSE_PROPERTY AS b ON b.WAREHOUSE_ID=a.WAREHOUSE_ID LEFT JOIN SERVICE_T_DEPARTMENT AS c ON c.DEPARTMENT_ID=a.DEPARTMENT_ID LEFT JOIN SERVICE_T_CUSTOMER AS d ON d.CUSTOMER_ID=a.CUSTOMER_ID  WHERE b.PROP_NAME = 'STOREHOUSE' GROUP BY a.WAREHOUSE_ID ) AS thinkphp) AS T1 
ERR: 8120:[Microsoft][SQL Server Native Client 11.0][SQL Server]选择列表中的列 'SERVICE_T_WAREHOUSE_ID.WAREHOUSE_NAME' 无效，因为该列没有包含在聚合函数或 GROUP BY 子句中。
 [ SQL语句 ] : SELECT T1.* FROM (SELECT thinkphp.*, ROW_NUMBER() OVER ( ORDER BY rand()) AS ROW_NUMBER FROM (SELECT  a.WAREHOUSE_ID,a.WAREHOUSE_NAME,a.WAREHOUSE_ADDRESS,a.WAREHOUSE_CONTACT_PERSON,a.WAREHOUSE_CONTACT_PHONE,a.DEPARTMENT_ID,d.CUSTOMER_NAME,c.DEPARTMENT_NAME,count(a.WAREHOUSE_NAME) FROM SERVICE_T_WAREHOUSE_ID a LEFT JOIN SERVICE_T_WAREHOUSE_PROPERTY AS b ON b.WAREHOUSE_ID=a.WAREHOUSE_ID LEFT JOIN SERVICE_T_DEPARTMENT AS c ON c.DEPARTMENT_ID=a.DEPARTMENT_ID LEFT JOIN SERVICE_T_CUSTOMER AS d ON d.CUSTOMER_ID=a.CUSTOMER_ID  WHERE b.PROP_NAME = 'STOREHOUSE' GROUP BY a.WAREHOUSE_ID ) AS thinkphp) AS T1 

[ 2018-04-08T08:55:40+08:00 ] 127.0.0.1 /index.php/Home/StoreHouse/storehouse_list
INFO: [ app_init ] --START--
INFO: Run Behavior\BuildLiteBehavior [ RunTime:0.000021s ]
INFO: [ app_init ] --END-- [ RunTime:0.000783s ]
ERR: 8120:[Microsoft][SQL Server Native Client 11.0][SQL Server]选择列表中的列 'SERVICE_T_WAREHOUSE_ID.WAREHOUSE_NAME' 无效，因为该列没有包含在聚合函数或 GROUP BY 子句中。
 [ SQL语句 ] : SELECT T1.* FROM (SELECT thinkphp.*, ROW_NUMBER() OVER ( ORDER BY rand()) AS ROW_NUMBER FROM (SELECT  a.WAREHOUSE_ID,a.WAREHOUSE_NAME,a.WAREHOUSE_ADDRESS,a.WAREHOUSE_CONTACT_PERSON,a.WAREHOUSE_CONTACT_PHONE,a.DEPARTMENT_ID,d.CUSTOMER_NAME,c.DEPARTMENT_NAME,count(a.WAREHOUSE_NAME) FROM SERVICE_T_WAREHOUSE_ID a LEFT JOIN SERVICE_T_WAREHOUSE_PROPERTY AS b ON b.WAREHOUSE_ID=a.WAREHOUSE_ID LEFT JOIN SERVICE_T_DEPARTMENT AS c ON c.DEPARTMENT_ID=a.DEPARTMENT_ID LEFT JOIN SERVICE_T_CUSTOMER AS d ON d.CUSTOMER_ID=a.CUSTOMER_ID  WHERE b.PROP_NAME = 'STOREHOUSE' GROUP BY a.WAREHOUSE_ID ) AS thinkphp) AS T1 
ERR: 8120:[Microsoft][SQL Server Native Client 11.0][SQL Server]选择列表中的列 'SERVICE_T_WAREHOUSE_ID.WAREHOUSE_NAME' 无效，因为该列没有包含在聚合函数或 GROUP BY 子句中。
 [ SQL语句 ] : SELECT T1.* FROM (SELECT thinkphp.*, ROW_NUMBER() OVER ( ORDER BY rand()) AS ROW_NUMBER FROM (SELECT  a.WAREHOUSE_ID,a.WAREHOUSE_NAME,a.WAREHOUSE_ADDRESS,a.WAREHOUSE_CONTACT_PERSON,a.WAREHOUSE_CONTACT_PHONE,a.DEPARTMENT_ID,d.CUSTOMER_NAME,c.DEPARTMENT_NAME,count(a.WAREHOUSE_NAME) FROM SERVICE_T_WAREHOUSE_ID a LEFT JOIN SERVICE_T_WAREHOUSE_PROPERTY AS b ON b.WAREHOUSE_ID=a.WAREHOUSE_ID LEFT JOIN SERVICE_T_DEPARTMENT AS c ON c.DEPARTMENT_ID=a.DEPARTMENT_ID LEFT JOIN SERVICE_T_CUSTOMER AS d ON d.CUSTOMER_ID=a.CUSTOMER_ID  WHERE b.PROP_NAME = 'STOREHOUSE' GROUP BY a.WAREHOUSE_ID ) AS thinkphp) AS T1 

[ 2018-04-08T08:55:41+08:00 ] 127.0.0.1 /index.php/Home/StoreHouse/storehouse_list
INFO: [ app_init ] --START--
INFO: Run Behavior\BuildLiteBehavior [ RunTime:0.000018s ]
INFO: [ app_init ] --END-- [ RunTime:0.000435s ]
ERR: 8120:[Microsoft][SQL Server Native Client 11.0][SQL Server]选择列表中的列 'SERVICE_T_WAREHOUSE_ID.WAREHOUSE_NAME' 无效，因为该列没有包含在聚合函数或 GROUP BY 子句中。
 [ SQL语句 ] : SELECT T1.* FROM (SELECT thinkphp.*, ROW_NUMBER() OVER ( ORDER BY rand()) AS ROW_NUMBER FROM (SELECT  a.WAREHOUSE_ID,a.WAREHOUSE_NAME,a.WAREHOUSE_ADDRESS,a.WAREHOUSE_CONTACT_PERSON,a.WAREHOUSE_CONTACT_PHONE,a.DEPARTMENT_ID,d.CUSTOMER_NAME,c.DEPARTMENT_NAME,count(a.WAREHOUSE_NAME) FROM SERVICE_T_WAREHOUSE_ID a LEFT JOIN SERVICE_T_WAREHOUSE_PROPERTY AS b ON b.WAREHOUSE_ID=a.WAREHOUSE_ID LEFT JOIN SERVICE_T_DEPARTMENT AS c ON c.DEPARTMENT_ID=a.DEPARTMENT_ID LEFT JOIN SERVICE_T_CUSTOMER AS d ON d.CUSTOMER_ID=a.CUSTOMER_ID  WHERE b.PROP_NAME = 'STOREHOUSE' GROUP BY a.WAREHOUSE_ID ) AS thinkphp) AS T1 
ERR: 8120:[Microsoft][SQL Server Native Client 11.0][SQL Server]选择列表中的列 'SERVICE_T_WAREHOUSE_ID.WAREHOUSE_NAME' 无效，因为该列没有包含在聚合函数或 GROUP BY 子句中。
 [ SQL语句 ] : SELECT T1.* FROM (SELECT thinkphp.*, ROW_NUMBER() OVER ( ORDER BY rand()) AS ROW_NUMBER FROM (SELECT  a.WAREHOUSE_ID,a.WAREHOUSE_NAME,a.WAREHOUSE_ADDRESS,a.WAREHOUSE_CONTACT_PERSON,a.WAREHOUSE_CONTACT_PHONE,a.DEPARTMENT_ID,d.CUSTOMER_NAME,c.DEPARTMENT_NAME,count(a.WAREHOUSE_NAME) FROM SERVICE_T_WAREHOUSE_ID a LEFT JOIN SERVICE_T_WAREHOUSE_PROPERTY AS b ON b.WAREHOUSE_ID=a.WAREHOUSE_ID LEFT JOIN SERVICE_T_DEPARTMENT AS c ON c.DEPARTMENT_ID=a.DEPARTMENT_ID LEFT JOIN SERVICE_T_CUSTOMER AS d ON d.CUSTOMER_ID=a.CUSTOMER_ID  WHERE b.PROP_NAME = 'STOREHOUSE' GROUP BY a.WAREHOUSE_ID ) AS thinkphp) AS T1 

[ 2018-04-08T08:55:41+08:00 ] 127.0.0.1 /index.php/Home/StoreHouse/storehouse_list
INFO: [ app_init ] --START--
INFO: Run Behavior\BuildLiteBehavior [ RunTime:0.000015s ]
INFO: [ app_init ] --END-- [ RunTime:0.000669s ]
ERR: 8120:[Microsoft][SQL Server Native Client 11.0][SQL Server]选择列表中的列 'SERVICE_T_WAREHOUSE_ID.WAREHOUSE_NAME' 无效，因为该列没有包含在聚合函数或 GROUP BY 子句中。
 [ SQL语句 ] : SELECT T1.* FROM (SELECT thinkphp.*, ROW_NUMBER() OVER ( ORDER BY rand()) AS ROW_NUMBER FROM (SELECT  a.WAREHOUSE_ID,a.WAREHOUSE_NAME,a.WAREHOUSE_ADDRESS,a.WAREHOUSE_CONTACT_PERSON,a.WAREHOUSE_CONTACT_PHONE,a.DEPARTMENT_ID,d.CUSTOMER_NAME,c.DEPARTMENT_NAME,count(a.WAREHOUSE_NAME) FROM SERVICE_T_WAREHOUSE_ID a LEFT JOIN SERVICE_T_WAREHOUSE_PROPERTY AS b ON b.WAREHOUSE_ID=a.WAREHOUSE_ID LEFT JOIN SERVICE_T_DEPARTMENT AS c ON c.DEPARTMENT_ID=a.DEPARTMENT_ID LEFT JOIN SERVICE_T_CUSTOMER AS d ON d.CUSTOMER_ID=a.CUSTOMER_ID  WHERE b.PROP_NAME = 'STOREHOUSE' GROUP BY a.WAREHOUSE_ID ) AS thinkphp) AS T1 
ERR: 8120:[Microsoft][SQL Server Native Client 11.0][SQL Server]选择列表中的列 'SERVICE_T_WAREHOUSE_ID.WAREHOUSE_NAME' 无效，因为该列没有包含在聚合函数或 GROUP BY 子句中。
 [ SQL语句 ] : SELECT T1.* FROM (SELECT thinkphp.*, ROW_NUMBER() OVER ( ORDER BY rand()) AS ROW_NUMBER FROM (SELECT  a.WAREHOUSE_ID,a.WAREHOUSE_NAME,a.WAREHOUSE_ADDRESS,a.WAREHOUSE_CONTACT_PERSON,a.WAREHOUSE_CONTACT_PHONE,a.DEPARTMENT_ID,d.CUSTOMER_NAME,c.DEPARTMENT_NAME,count(a.WAREHOUSE_NAME) FROM SERVICE_T_WAREHOUSE_ID a LEFT JOIN SERVICE_T_WAREHOUSE_PROPERTY AS b ON b.WAREHOUSE_ID=a.WAREHOUSE_ID LEFT JOIN SERVICE_T_DEPARTMENT AS c ON c.DEPARTMENT_ID=a.DEPARTMENT_ID LEFT JOIN SERVICE_T_CUSTOMER AS d ON d.CUSTOMER_ID=a.CUSTOMER_ID  WHERE b.PROP_NAME = 'STOREHOUSE' GROUP BY a.WAREHOUSE_ID ) AS thinkphp) AS T1 

[ 2018-04-08T08:55:41+08:00 ] 127.0.0.1 /index.php/Home/StoreHouse/storehouse_list
INFO: [ app_init ] --START--
INFO: Run Behavior\BuildLiteBehavior [ RunTime:0.000019s ]
INFO: [ app_init ] --END-- [ RunTime:0.000450s ]
ERR: 8120:[Microsoft][SQL Server Native Client 11.0][SQL Server]选择列表中的列 'SERVICE_T_WAREHOUSE_ID.WAREHOUSE_NAME' 无效，因为该列没有包含在聚合函数或 GROUP BY 子句中。
 [ SQL语句 ] : SELECT T1.* FROM (SELECT thinkphp.*, ROW_NUMBER() OVER ( ORDER BY rand()) AS ROW_NUMBER FROM (SELECT  a.WAREHOUSE_ID,a.WAREHOUSE_NAME,a.WAREHOUSE_ADDRESS,a.WAREHOUSE_CONTACT_PERSON,a.WAREHOUSE_CONTACT_PHONE,a.DEPARTMENT_ID,d.CUSTOMER_NAME,c.DEPARTMENT_NAME,count(a.WAREHOUSE_NAME) FROM SERVICE_T_WAREHOUSE_ID a LEFT JOIN SERVICE_T_WAREHOUSE_PROPERTY AS b ON b.WAREHOUSE_ID=a.WAREHOUSE_ID LEFT JOIN SERVICE_T_DEPARTMENT AS c ON c.DEPARTMENT_ID=a.DEPARTMENT_ID LEFT JOIN SERVICE_T_CUSTOMER AS d ON d.CUSTOMER_ID=a.CUSTOMER_ID  WHERE b.PROP_NAME = 'STOREHOUSE' GROUP BY a.WAREHOUSE_ID ) AS thinkphp) AS T1 
ERR: 8120:[Microsoft][SQL Server Native Client 11.0][SQL Server]选择列表中的列 'SERVICE_T_WAREHOUSE_ID.WAREHOUSE_NAME' 无效，因为该列没有包含在聚合函数或 GROUP BY 子句中。
 [ SQL语句 ] : SELECT T1.* FROM (SELECT thinkphp.*, ROW_NUMBER() OVER ( ORDER BY rand()) AS ROW_NUMBER FROM (SELECT  a.WAREHOUSE_ID,a.WAREHOUSE_NAME,a.WAREHOUSE_ADDRESS,a.WAREHOUSE_CONTACT_PERSON,a.WAREHOUSE_CONTACT_PHONE,a.DEPARTMENT_ID,d.CUSTOMER_NAME,c.DEPARTMENT_NAME,count(a.WAREHOUSE_NAME) FROM SERVICE_T_WAREHOUSE_ID a LEFT JOIN SERVICE_T_WAREHOUSE_PROPERTY AS b ON b.WAREHOUSE_ID=a.WAREHOUSE_ID LEFT JOIN SERVICE_T_DEPARTMENT AS c ON c.DEPARTMENT_ID=a.DEPARTMENT_ID LEFT JOIN SERVICE_T_CUSTOMER AS d ON d.CUSTOMER_ID=a.CUSTOMER_ID  WHERE b.PROP_NAME = 'STOREHOUSE' GROUP BY a.WAREHOUSE_ID ) AS thinkphp) AS T1 

[ 2018-04-08T08:55:41+08:00 ] 127.0.0.1 /index.php/Home/StoreHouse/storehouse_list
INFO: [ app_init ] --START--
INFO: Run Behavior\BuildLiteBehavior [ RunTime:0.000014s ]
INFO: [ app_init ] --END-- [ RunTime:0.000337s ]
ERR: 8120:[Microsoft][SQL Server Native Client 11.0][SQL Server]选择列表中的列 'SERVICE_T_WAREHOUSE_ID.WAREHOUSE_NAME' 无效，因为该列没有包含在聚合函数或 GROUP BY 子句中。
 [ SQL语句 ] : SELECT T1.* FROM (SELECT thinkphp.*, ROW_NUMBER() OVER ( ORDER BY rand()) AS ROW_NUMBER FROM (SELECT  a.WAREHOUSE_ID,a.WAREHOUSE_NAME,a.WAREHOUSE_ADDRESS,a.WAREHOUSE_CONTACT_PERSON,a.WAREHOUSE_CONTACT_PHONE,a.DEPARTMENT_ID,d.CUSTOMER_NAME,c.DEPARTMENT_NAME,count(a.WAREHOUSE_NAME) FROM SERVICE_T_WAREHOUSE_ID a LEFT JOIN SERVICE_T_WAREHOUSE_PROPERTY AS b ON b.WAREHOUSE_ID=a.WAREHOUSE_ID LEFT JOIN SERVICE_T_DEPARTMENT AS c ON c.DEPARTMENT_ID=a.DEPARTMENT_ID LEFT JOIN SERVICE_T_CUSTOMER AS d ON d.CUSTOMER_ID=a.CUSTOMER_ID  WHERE b.PROP_NAME = 'STOREHOUSE' GROUP BY a.WAREHOUSE_ID ) AS thinkphp) AS T1 
ERR: 8120:[Microsoft][SQL Server Native Client 11.0][SQL Server]选择列表中的列 'SERVICE_T_WAREHOUSE_ID.WAREHOUSE_NAME' 无效，因为该列没有包含在聚合函数或 GROUP BY 子句中。
 [ SQL语句 ] : SELECT T1.* FROM (SELECT thinkphp.*, ROW_NUMBER() OVER ( ORDER BY rand()) AS ROW_NUMBER FROM (SELECT  a.WAREHOUSE_ID,a.WAREHOUSE_NAME,a.WAREHOUSE_ADDRESS,a.WAREHOUSE_CONTACT_PERSON,a.WAREHOUSE_CONTACT_PHONE,a.DEPARTMENT_ID,d.CUSTOMER_NAME,c.DEPARTMENT_NAME,count(a.WAREHOUSE_NAME) FROM SERVICE_T_WAREHOUSE_ID a LEFT JOIN SERVICE_T_WAREHOUSE_PROPERTY AS b ON b.WAREHOUSE_ID=a.WAREHOUSE_ID LEFT JOIN SERVICE_T_DEPARTMENT AS c ON c.DEPARTMENT_ID=a.DEPARTMENT_ID LEFT JOIN SERVICE_T_CUSTOMER AS d ON d.CUSTOMER_ID=a.CUSTOMER_ID  WHERE b.PROP_NAME = 'STOREHOUSE' GROUP BY a.WAREHOUSE_ID ) AS thinkphp) AS T1 

[ 2018-04-08T08:56:02+08:00 ] 127.0.0.1 /index.php/Home/StoreHouse/storehouse_list
INFO: [ app_init ] --START--
INFO: Run Behavior\BuildLiteBehavior [ RunTime:0.000014s ]
INFO: [ app_init ] --END-- [ RunTime:0.000337s ]
ERR: 8120:[Microsoft][SQL Server Native Client 11.0][SQL Server]选择列表中的列 'SERVICE_T_WAREHOUSE_ID.WAREHOUSE_ADDRESS' 无效，因为该列没有包含在聚合函数或 GROUP BY 子句中。
 [ SQL语句 ] : SELECT T1.* FROM (SELECT thinkphp.*, ROW_NUMBER() OVER ( ORDER BY rand()) AS ROW_NUMBER FROM (SELECT  a.WAREHOUSE_ID,a.WAREHOUSE_ADDRESS,a.WAREHOUSE_CONTACT_PERSON,a.WAREHOUSE_CONTACT_PHONE,a.DEPARTMENT_ID,d.CUSTOMER_NAME,c.DEPARTMENT_NAME FROM SERVICE_T_WAREHOUSE_ID a LEFT JOIN SERVICE_T_WAREHOUSE_PROPERTY AS b ON b.WAREHOUSE_ID=a.WAREHOUSE_ID LEFT JOIN SERVICE_T_DEPARTMENT AS c ON c.DEPARTMENT_ID=a.DEPARTMENT_ID LEFT JOIN SERVICE_T_CUSTOMER AS d ON d.CUSTOMER_ID=a.CUSTOMER_ID  WHERE b.PROP_NAME = 'STOREHOUSE' GROUP BY a.WAREHOUSE_ID ) AS thinkphp) AS T1 
ERR: 8120:[Microsoft][SQL Server Native Client 11.0][SQL Server]选择列表中的列 'SERVICE_T_WAREHOUSE_ID.WAREHOUSE_ADDRESS' 无效，因为该列没有包含在聚合函数或 GROUP BY 子句中。
 [ SQL语句 ] : SELECT T1.* FROM (SELECT thinkphp.*, ROW_NUMBER() OVER ( ORDER BY rand()) AS ROW_NUMBER FROM (SELECT  a.WAREHOUSE_ID,a.WAREHOUSE_ADDRESS,a.WAREHOUSE_CONTACT_PERSON,a.WAREHOUSE_CONTACT_PHONE,a.DEPARTMENT_ID,d.CUSTOMER_NAME,c.DEPARTMENT_NAME FROM SERVICE_T_WAREHOUSE_ID a LEFT JOIN SERVICE_T_WAREHOUSE_PROPERTY AS b ON b.WAREHOUSE_ID=a.WAREHOUSE_ID LEFT JOIN SERVICE_T_DEPARTMENT AS c ON c.DEPARTMENT_ID=a.DEPARTMENT_ID LEFT JOIN SERVICE_T_CUSTOMER AS d ON d.CUSTOMER_ID=a.CUSTOMER_ID  WHERE b.PROP_NAME = 'STOREHOUSE' GROUP BY a.WAREHOUSE_ID ) AS thinkphp) AS T1 

[ 2018-04-08T08:56:03+08:00 ] 127.0.0.1 /index.php/Home/StoreHouse/storehouse_list
INFO: [ app_init ] --START--
INFO: Run Behavior\BuildLiteBehavior [ RunTime:0.000163s ]
INFO: [ app_init ] --END-- [ RunTime:0.002599s ]
ERR: 8120:[Microsoft][SQL Server Native Client 11.0][SQL Server]选择列表中的列 'SERVICE_T_WAREHOUSE_ID.WAREHOUSE_ADDRESS' 无效，因为该列没有包含在聚合函数或 GROUP BY 子句中。
 [ SQL语句 ] : SELECT T1.* FROM (SELECT thinkphp.*, ROW_NUMBER() OVER ( ORDER BY rand()) AS ROW_NUMBER FROM (SELECT  a.WAREHOUSE_ID,a.WAREHOUSE_ADDRESS,a.WAREHOUSE_CONTACT_PERSON,a.WAREHOUSE_CONTACT_PHONE,a.DEPARTMENT_ID,d.CUSTOMER_NAME,c.DEPARTMENT_NAME FROM SERVICE_T_WAREHOUSE_ID a LEFT JOIN SERVICE_T_WAREHOUSE_PROPERTY AS b ON b.WAREHOUSE_ID=a.WAREHOUSE_ID LEFT JOIN SERVICE_T_DEPARTMENT AS c ON c.DEPARTMENT_ID=a.DEPARTMENT_ID LEFT JOIN SERVICE_T_CUSTOMER AS d ON d.CUSTOMER_ID=a.CUSTOMER_ID  WHERE b.PROP_NAME = 'STOREHOUSE' GROUP BY a.WAREHOUSE_ID ) AS thinkphp) AS T1 
ERR: 8120:[Microsoft][SQL Server Native Client 11.0][SQL Server]选择列表中的列 'SERVICE_T_WAREHOUSE_ID.WAREHOUSE_ADDRESS' 无效，因为该列没有包含在聚合函数或 GROUP BY 子句中。
 [ SQL语句 ] : SELECT T1.* FROM (SELECT thinkphp.*, ROW_NUMBER() OVER ( ORDER BY rand()) AS ROW_NUMBER FROM (SELECT  a.WAREHOUSE_ID,a.WAREHOUSE_ADDRESS,a.WAREHOUSE_CONTACT_PERSON,a.WAREHOUSE_CONTACT_PHONE,a.DEPARTMENT_ID,d.CUSTOMER_NAME,c.DEPARTMENT_NAME FROM SERVICE_T_WAREHOUSE_ID a LEFT JOIN SERVICE_T_WAREHOUSE_PROPERTY AS b ON b.WAREHOUSE_ID=a.WAREHOUSE_ID LEFT JOIN SERVICE_T_DEPARTMENT AS c ON c.DEPARTMENT_ID=a.DEPARTMENT_ID LEFT JOIN SERVICE_T_CUSTOMER AS d ON d.CUSTOMER_ID=a.CUSTOMER_ID  WHERE b.PROP_NAME = 'STOREHOUSE' GROUP BY a.WAREHOUSE_ID ) AS thinkphp) AS T1 

[ 2018-04-08T08:56:04+08:00 ] 127.0.0.1 /index.php/Home/StoreHouse/storehouse_list
INFO: [ app_init ] --START--
INFO: Run Behavior\BuildLiteBehavior [ RunTime:0.000014s ]
INFO: [ app_init ] --END-- [ RunTime:0.000467s ]
ERR: 8120:[Microsoft][SQL Server Native Client 11.0][SQL Server]选择列表中的列 'SERVICE_T_WAREHOUSE_ID.WAREHOUSE_ADDRESS' 无效，因为该列没有包含在聚合函数或 GROUP BY 子句中。
 [ SQL语句 ] : SELECT T1.* FROM (SELECT thinkphp.*, ROW_NUMBER() OVER ( ORDER BY rand()) AS ROW_NUMBER FROM (SELECT  a.WAREHOUSE_ID,a.WAREHOUSE_ADDRESS,a.WAREHOUSE_CONTACT_PERSON,a.WAREHOUSE_CONTACT_PHONE,a.DEPARTMENT_ID,d.CUSTOMER_NAME,c.DEPARTMENT_NAME FROM SERVICE_T_WAREHOUSE_ID a LEFT JOIN SERVICE_T_WAREHOUSE_PROPERTY AS b ON b.WAREHOUSE_ID=a.WAREHOUSE_ID LEFT JOIN SERVICE_T_DEPARTMENT AS c ON c.DEPARTMENT_ID=a.DEPARTMENT_ID LEFT JOIN SERVICE_T_CUSTOMER AS d ON d.CUSTOMER_ID=a.CUSTOMER_ID  WHERE b.PROP_NAME = 'STOREHOUSE' GROUP BY a.WAREHOUSE_ID ) AS thinkphp) AS T1 
ERR: 8120:[Microsoft][SQL Server Native Client 11.0][SQL Server]选择列表中的列 'SERVICE_T_WAREHOUSE_ID.WAREHOUSE_ADDRESS' 无效，因为该列没有包含在聚合函数或 GROUP BY 子句中。
 [ SQL语句 ] : SELECT T1.* FROM (SELECT thinkphp.*, ROW_NUMBER() OVER ( ORDER BY rand()) AS ROW_NUMBER FROM (SELECT  a.WAREHOUSE_ID,a.WAREHOUSE_ADDRESS,a.WAREHOUSE_CONTACT_PERSON,a.WAREHOUSE_CONTACT_PHONE,a.DEPARTMENT_ID,d.CUSTOMER_NAME,c.DEPARTMENT_NAME FROM SERVICE_T_WAREHOUSE_ID a LEFT JOIN SERVICE_T_WAREHOUSE_PROPERTY AS b ON b.WAREHOUSE_ID=a.WAREHOUSE_ID LEFT JOIN SERVICE_T_DEPARTMENT AS c ON c.DEPARTMENT_ID=a.DEPARTMENT_ID LEFT JOIN SERVICE_T_CUSTOMER AS d ON d.CUSTOMER_ID=a.CUSTOMER_ID  WHERE b.PROP_NAME = 'STOREHOUSE' GROUP BY a.WAREHOUSE_ID ) AS thinkphp) AS T1 

[ 2018-04-08T08:56:59+08:00 ] 127.0.0.1 /index.php/Home/StoreHouse/storehouse_list
INFO: [ app_init ] --START--
INFO: Run Behavior\BuildLiteBehavior [ RunTime:0.000014s ]
INFO: [ app_init ] --END-- [ RunTime:0.000378s ]
ERR: 8120:[Microsoft][SQL Server Native Client 11.0][SQL Server]选择列表中的列 'SERVICE_T_WAREHOUSE_ID.WAREHOUSE_NAME' 无效，因为该列没有包含在聚合函数或 GROUP BY 子句中。
 [ SQL语句 ] : SELECT T1.* FROM (SELECT thinkphp.*, ROW_NUMBER() OVER ( ORDER BY rand()) AS ROW_NUMBER FROM (SELECT  a.WAREHOUSE_ID,a.WAREHOUSE_NAME,a.WAREHOUSE_ADDRESS,a.WAREHOUSE_CONTACT_PERSON,a.WAREHOUSE_CONTACT_PHONE,a.DEPARTMENT_ID,d.CUSTOMER_NAME,c.DEPARTMENT_NAME,COUNT(WAREHOUSE_NAME) FROM SERVICE_T_WAREHOUSE_ID a LEFT JOIN SERVICE_T_WAREHOUSE_PROPERTY AS b ON b.WAREHOUSE_ID=a.WAREHOUSE_ID LEFT JOIN SERVICE_T_DEPARTMENT AS c ON c.DEPARTMENT_ID=a.DEPARTMENT_ID LEFT JOIN SERVICE_T_CUSTOMER AS d ON d.CUSTOMER_ID=a.CUSTOMER_ID  WHERE b.PROP_NAME = 'STOREHOUSE' GROUP BY a.WAREHOUSE_ID ) AS thinkphp) AS T1 
ERR: 8120:[Microsoft][SQL Server Native Client 11.0][SQL Server]选择列表中的列 'SERVICE_T_WAREHOUSE_ID.WAREHOUSE_NAME' 无效，因为该列没有包含在聚合函数或 GROUP BY 子句中。
 [ SQL语句 ] : SELECT T1.* FROM (SELECT thinkphp.*, ROW_NUMBER() OVER ( ORDER BY rand()) AS ROW_NUMBER FROM (SELECT  a.WAREHOUSE_ID,a.WAREHOUSE_NAME,a.WAREHOUSE_ADDRESS,a.WAREHOUSE_CONTACT_PERSON,a.WAREHOUSE_CONTACT_PHONE,a.DEPARTMENT_ID,d.CUSTOMER_NAME,c.DEPARTMENT_NAME,COUNT(WAREHOUSE_NAME) FROM SERVICE_T_WAREHOUSE_ID a LEFT JOIN SERVICE_T_WAREHOUSE_PROPERTY AS b ON b.WAREHOUSE_ID=a.WAREHOUSE_ID LEFT JOIN SERVICE_T_DEPARTMENT AS c ON c.DEPARTMENT_ID=a.DEPARTMENT_ID LEFT JOIN SERVICE_T_CUSTOMER AS d ON d.CUSTOMER_ID=a.CUSTOMER_ID  WHERE b.PROP_NAME = 'STOREHOUSE' GROUP BY a.WAREHOUSE_ID ) AS thinkphp) AS T1 

[ 2018-04-08T08:57:00+08:00 ] 127.0.0.1 /index.php/Home/StoreHouse/storehouse_list
INFO: [ app_init ] --START--
INFO: Run Behavior\BuildLiteBehavior [ RunTime:0.000024s ]
INFO: [ app_init ] --END-- [ RunTime:0.000680s ]
ERR: 8120:[Microsoft][SQL Server Native Client 11.0][SQL Server]选择列表中的列 'SERVICE_T_WAREHOUSE_ID.WAREHOUSE_NAME' 无效，因为该列没有包含在聚合函数或 GROUP BY 子句中。
 [ SQL语句 ] : SELECT T1.* FROM (SELECT thinkphp.*, ROW_NUMBER() OVER ( ORDER BY rand()) AS ROW_NUMBER FROM (SELECT  a.WAREHOUSE_ID,a.WAREHOUSE_NAME,a.WAREHOUSE_ADDRESS,a.WAREHOUSE_CONTACT_PERSON,a.WAREHOUSE_CONTACT_PHONE,a.DEPARTMENT_ID,d.CUSTOMER_NAME,c.DEPARTMENT_NAME,COUNT(WAREHOUSE_NAME) FROM SERVICE_T_WAREHOUSE_ID a LEFT JOIN SERVICE_T_WAREHOUSE_PROPERTY AS b ON b.WAREHOUSE_ID=a.WAREHOUSE_ID LEFT JOIN SERVICE_T_DEPARTMENT AS c ON c.DEPARTMENT_ID=a.DEPARTMENT_ID LEFT JOIN SERVICE_T_CUSTOMER AS d ON d.CUSTOMER_ID=a.CUSTOMER_ID  WHERE b.PROP_NAME = 'STOREHOUSE' GROUP BY a.WAREHOUSE_ID ) AS thinkphp) AS T1 
ERR: 8120:[Microsoft][SQL Server Native Client 11.0][SQL Server]选择列表中的列 'SERVICE_T_WAREHOUSE_ID.WAREHOUSE_NAME' 无效，因为该列没有包含在聚合函数或 GROUP BY 子句中。
 [ SQL语句 ] : SELECT T1.* FROM (SELECT thinkphp.*, ROW_NUMBER() OVER ( ORDER BY rand()) AS ROW_NUMBER FROM (SELECT  a.WAREHOUSE_ID,a.WAREHOUSE_NAME,a.WAREHOUSE_ADDRESS,a.WAREHOUSE_CONTACT_PERSON,a.WAREHOUSE_CONTACT_PHONE,a.DEPARTMENT_ID,d.CUSTOMER_NAME,c.DEPARTMENT_NAME,COUNT(WAREHOUSE_NAME) FROM SERVICE_T_WAREHOUSE_ID a LEFT JOIN SERVICE_T_WAREHOUSE_PROPERTY AS b ON b.WAREHOUSE_ID=a.WAREHOUSE_ID LEFT JOIN SERVICE_T_DEPARTMENT AS c ON c.DEPARTMENT_ID=a.DEPARTMENT_ID LEFT JOIN SERVICE_T_CUSTOMER AS d ON d.CUSTOMER_ID=a.CUSTOMER_ID  WHERE b.PROP_NAME = 'STOREHOUSE' GROUP BY a.WAREHOUSE_ID ) AS thinkphp) AS T1 

[ 2018-04-08T08:57:14+08:00 ] 127.0.0.1 /index.php/Home/StoreHouse/storehouse_list
INFO: [ app_init ] --START--
INFO: Run Behavior\BuildLiteBehavior [ RunTime:0.000021s ]
INFO: [ app_init ] --END-- [ RunTime:0.000534s ]
ERR: 8120:[Microsoft][SQL Server Native Client 11.0][SQL Server]选择列表中的列 'SERVICE_T_WAREHOUSE_ID.WAREHOUSE_ADDRESS' 无效，因为该列没有包含在聚合函数或 GROUP BY 子句中。
 [ SQL语句 ] : SELECT T1.* FROM (SELECT thinkphp.*, ROW_NUMBER() OVER ( ORDER BY rand()) AS ROW_NUMBER FROM (SELECT  a.WAREHOUSE_ID,a.WAREHOUSE_NAME,a.WAREHOUSE_ADDRESS,a.WAREHOUSE_CONTACT_PERSON,a.WAREHOUSE_CONTACT_PHONE,a.DEPARTMENT_ID,d.CUSTOMER_NAME,c.DEPARTMENT_NAME FROM SERVICE_T_WAREHOUSE_ID a LEFT JOIN SERVICE_T_WAREHOUSE_PROPERTY AS b ON b.WAREHOUSE_ID=a.WAREHOUSE_ID LEFT JOIN SERVICE_T_DEPARTMENT AS c ON c.DEPARTMENT_ID=a.DEPARTMENT_ID LEFT JOIN SERVICE_T_CUSTOMER AS d ON d.CUSTOMER_ID=a.CUSTOMER_ID  WHERE b.PROP_NAME = 'STOREHOUSE' GROUP BY a.WAREHOUSE_ID,a.WAREHOUSE_NAME ) AS thinkphp) AS T1 
ERR: 8120:[Microsoft][SQL Server Native Client 11.0][SQL Server]选择列表中的列 'SERVICE_T_WAREHOUSE_ID.WAREHOUSE_ADDRESS' 无效，因为该列没有包含在聚合函数或 GROUP BY 子句中。
 [ SQL语句 ] : SELECT T1.* FROM (SELECT thinkphp.*, ROW_NUMBER() OVER ( ORDER BY rand()) AS ROW_NUMBER FROM (SELECT  a.WAREHOUSE_ID,a.WAREHOUSE_NAME,a.WAREHOUSE_ADDRESS,a.WAREHOUSE_CONTACT_PERSON,a.WAREHOUSE_CONTACT_PHONE,a.DEPARTMENT_ID,d.CUSTOMER_NAME,c.DEPARTMENT_NAME FROM SERVICE_T_WAREHOUSE_ID a LEFT JOIN SERVICE_T_WAREHOUSE_PROPERTY AS b ON b.WAREHOUSE_ID=a.WAREHOUSE_ID LEFT JOIN SERVICE_T_DEPARTMENT AS c ON c.DEPARTMENT_ID=a.DEPARTMENT_ID LEFT JOIN SERVICE_T_CUSTOMER AS d ON d.CUSTOMER_ID=a.CUSTOMER_ID  WHERE b.PROP_NAME = 'STOREHOUSE' GROUP BY a.WAREHOUSE_ID,a.WAREHOUSE_NAME ) AS thinkphp) AS T1 

[ 2018-04-08T08:57:23+08:00 ] 127.0.0.1 /index.php/Home/StoreHouse/storehouse_list
INFO: [ app_init ] --START--
INFO: Run Behavior\BuildLiteBehavior [ RunTime:0.000022s ]
INFO: [ app_init ] --END-- [ RunTime:0.000579s ]
ERR: 8120:[Microsoft][SQL Server Native Client 11.0][SQL Server]选择列表中的列 'SERVICE_T_WAREHOUSE_ID.WAREHOUSE_CONTACT_PERSON' 无效，因为该列没有包含在聚合函数或 GROUP BY 子句中。
 [ SQL语句 ] : SELECT T1.* FROM (SELECT thinkphp.*, ROW_NUMBER() OVER ( ORDER BY rand()) AS ROW_NUMBER FROM (SELECT  a.WAREHOUSE_ID,a.WAREHOUSE_NAME,a.WAREHOUSE_ADDRESS,a.WAREHOUSE_CONTACT_PERSON,a.WAREHOUSE_CONTACT_PHONE,a.DEPARTMENT_ID,d.CUSTOMER_NAME,c.DEPARTMENT_NAME FROM SERVICE_T_WAREHOUSE_ID a LEFT JOIN SERVICE_T_WAREHOUSE_PROPERTY AS b ON b.WAREHOUSE_ID=a.WAREHOUSE_ID LEFT JOIN SERVICE_T_DEPARTMENT AS c ON c.DEPARTMENT_ID=a.DEPARTMENT_ID LEFT JOIN SERVICE_T_CUSTOMER AS d ON d.CUSTOMER_ID=a.CUSTOMER_ID  WHERE b.PROP_NAME = 'STOREHOUSE' GROUP BY a.WAREHOUSE_ID,a.WAREHOUSE_NAME,a.WAREHOUSE_ADDRESS ) AS thinkphp) AS T1 
ERR: 8120:[Microsoft][SQL Server Native Client 11.0][SQL Server]选择列表中的列 'SERVICE_T_WAREHOUSE_ID.WAREHOUSE_CONTACT_PERSON' 无效，因为该列没有包含在聚合函数或 GROUP BY 子句中。
 [ SQL语句 ] : SELECT T1.* FROM (SELECT thinkphp.*, ROW_NUMBER() OVER ( ORDER BY rand()) AS ROW_NUMBER FROM (SELECT  a.WAREHOUSE_ID,a.WAREHOUSE_NAME,a.WAREHOUSE_ADDRESS,a.WAREHOUSE_CONTACT_PERSON,a.WAREHOUSE_CONTACT_PHONE,a.DEPARTMENT_ID,d.CUSTOMER_NAME,c.DEPARTMENT_NAME FROM SERVICE_T_WAREHOUSE_ID a LEFT JOIN SERVICE_T_WAREHOUSE_PROPERTY AS b ON b.WAREHOUSE_ID=a.WAREHOUSE_ID LEFT JOIN SERVICE_T_DEPARTMENT AS c ON c.DEPARTMENT_ID=a.DEPARTMENT_ID LEFT JOIN SERVICE_T_CUSTOMER AS d ON d.CUSTOMER_ID=a.CUSTOMER_ID  WHERE b.PROP_NAME = 'STOREHOUSE' GROUP BY a.WAREHOUSE_ID,a.WAREHOUSE_NAME,a.WAREHOUSE_ADDRESS ) AS thinkphp) AS T1 

[ 2018-04-08T08:57:32+08:00 ] 127.0.0.1 /index.php/Home/StoreHouse/storehouse_list
INFO: [ app_init ] --START--
INFO: Run Behavior\BuildLiteBehavior [ RunTime:0.000017s ]
INFO: [ app_init ] --END-- [ RunTime:0.000437s ]
ERR: 8120:[Microsoft][SQL Server Native Client 11.0][SQL Server]选择列表中的列 'SERVICE_T_WAREHOUSE_ID.WAREHOUSE_CONTACT_PHONE' 无效，因为该列没有包含在聚合函数或 GROUP BY 子句中。
 [ SQL语句 ] : SELECT T1.* FROM (SELECT thinkphp.*, ROW_NUMBER() OVER ( ORDER BY rand()) AS ROW_NUMBER FROM (SELECT  a.WAREHOUSE_ID,a.WAREHOUSE_NAME,a.WAREHOUSE_ADDRESS,a.WAREHOUSE_CONTACT_PERSON,a.WAREHOUSE_CONTACT_PHONE,a.DEPARTMENT_ID,d.CUSTOMER_NAME,c.DEPARTMENT_NAME FROM SERVICE_T_WAREHOUSE_ID a LEFT JOIN SERVICE_T_WAREHOUSE_PROPERTY AS b ON b.WAREHOUSE_ID=a.WAREHOUSE_ID LEFT JOIN SERVICE_T_DEPARTMENT AS c ON c.DEPARTMENT_ID=a.DEPARTMENT_ID LEFT JOIN SERVICE_T_CUSTOMER AS d ON d.CUSTOMER_ID=a.CUSTOMER_ID  WHERE b.PROP_NAME = 'STOREHOUSE' GROUP BY a.WAREHOUSE_ID,a.WAREHOUSE_NAME,a.WAREHOUSE_ADDRESS,a.WAREHOUSE_CONTACT_PERSON ) AS thinkphp) AS T1 
ERR: 8120:[Microsoft][SQL Server Native Client 11.0][SQL Server]选择列表中的列 'SERVICE_T_WAREHOUSE_ID.WAREHOUSE_CONTACT_PHONE' 无效，因为该列没有包含在聚合函数或 GROUP BY 子句中。
 [ SQL语句 ] : SELECT T1.* FROM (SELECT thinkphp.*, ROW_NUMBER() OVER ( ORDER BY rand()) AS ROW_NUMBER FROM (SELECT  a.WAREHOUSE_ID,a.WAREHOUSE_NAME,a.WAREHOUSE_ADDRESS,a.WAREHOUSE_CONTACT_PERSON,a.WAREHOUSE_CONTACT_PHONE,a.DEPARTMENT_ID,d.CUSTOMER_NAME,c.DEPARTMENT_NAME FROM SERVICE_T_WAREHOUSE_ID a LEFT JOIN SERVICE_T_WAREHOUSE_PROPERTY AS b ON b.WAREHOUSE_ID=a.WAREHOUSE_ID LEFT JOIN SERVICE_T_DEPARTMENT AS c ON c.DEPARTMENT_ID=a.DEPARTMENT_ID LEFT JOIN SERVICE_T_CUSTOMER AS d ON d.CUSTOMER_ID=a.CUSTOMER_ID  WHERE b.PROP_NAME = 'STOREHOUSE' GROUP BY a.WAREHOUSE_ID,a.WAREHOUSE_NAME,a.WAREHOUSE_ADDRESS,a.WAREHOUSE_CONTACT_PERSON ) AS thinkphp) AS T1 

[ 2018-04-08T08:57:40+08:00 ] 127.0.0.1 /index.php/Home/StoreHouse/storehouse_list
INFO: [ app_init ] --START--
INFO: Run Behavior\BuildLiteBehavior [ RunTime:0.000019s ]
INFO: [ app_init ] --END-- [ RunTime:0.000684s ]
ERR: 8120:[Microsoft][SQL Server Native Client 11.0][SQL Server]选择列表中的列 'SERVICE_T_WAREHOUSE_ID.DEPARTMENT_ID' 无效，因为该列没有包含在聚合函数或 GROUP BY 子句中。
 [ SQL语句 ] : SELECT T1.* FROM (SELECT thinkphp.*, ROW_NUMBER() OVER ( ORDER BY rand()) AS ROW_NUMBER FROM (SELECT  a.WAREHOUSE_ID,a.WAREHOUSE_NAME,a.WAREHOUSE_ADDRESS,a.WAREHOUSE_CONTACT_PERSON,a.WAREHOUSE_CONTACT_PHONE,a.DEPARTMENT_ID,d.CUSTOMER_NAME,c.DEPARTMENT_NAME FROM SERVICE_T_WAREHOUSE_ID a LEFT JOIN SERVICE_T_WAREHOUSE_PROPERTY AS b ON b.WAREHOUSE_ID=a.WAREHOUSE_ID LEFT JOIN SERVICE_T_DEPARTMENT AS c ON c.DEPARTMENT_ID=a.DEPARTMENT_ID LEFT JOIN SERVICE_T_CUSTOMER AS d ON d.CUSTOMER_ID=a.CUSTOMER_ID  WHERE b.PROP_NAME = 'STOREHOUSE' GROUP BY a.WAREHOUSE_ID,a.WAREHOUSE_NAME,a.WAREHOUSE_ADDRESS,a.WAREHOUSE_CONTACT_PERSON,a.WAREHOUSE_CONTACT_PHONE ) AS thinkphp) AS T1 
ERR: 8120:[Microsoft][SQL Server Native Client 11.0][SQL Server]选择列表中的列 'SERVICE_T_WAREHOUSE_ID.DEPARTMENT_ID' 无效，因为该列没有包含在聚合函数或 GROUP BY 子句中。
 [ SQL语句 ] : SELECT T1.* FROM (SELECT thinkphp.*, ROW_NUMBER() OVER ( ORDER BY rand()) AS ROW_NUMBER FROM (SELECT  a.WAREHOUSE_ID,a.WAREHOUSE_NAME,a.WAREHOUSE_ADDRESS,a.WAREHOUSE_CONTACT_PERSON,a.WAREHOUSE_CONTACT_PHONE,a.DEPARTMENT_ID,d.CUSTOMER_NAME,c.DEPARTMENT_NAME FROM SERVICE_T_WAREHOUSE_ID a LEFT JOIN SERVICE_T_WAREHOUSE_PROPERTY AS b ON b.WAREHOUSE_ID=a.WAREHOUSE_ID LEFT JOIN SERVICE_T_DEPARTMENT AS c ON c.DEPARTMENT_ID=a.DEPARTMENT_ID LEFT JOIN SERVICE_T_CUSTOMER AS d ON d.CUSTOMER_ID=a.CUSTOMER_ID  WHERE b.PROP_NAME = 'STOREHOUSE' GROUP BY a.WAREHOUSE_ID,a.WAREHOUSE_NAME,a.WAREHOUSE_ADDRESS,a.WAREHOUSE_CONTACT_PERSON,a.WAREHOUSE_CONTACT_PHONE ) AS thinkphp) AS T1 

[ 2018-04-08T08:59:08+08:00 ] 127.0.0.1 /index.php/Home/StoreHouse/storehouse_list
INFO: [ app_init ] --START--
INFO: Run Behavior\BuildLiteBehavior [ RunTime:0.000019s ]
INFO: [ app_init ] --END-- [ RunTime:0.000443s ]
ERR: 8120:[Microsoft][SQL Server Native Client 11.0][SQL Server]选择列表中的列 'SERVICE_T_WAREHOUSE_ID.WAREHOUSE_NAME' 无效，因为该列没有包含在聚合函数或 GROUP BY 子句中。
 [ SQL语句 ] : SELECT T1.* FROM (SELECT thinkphp.*, ROW_NUMBER() OVER ( ORDER BY rand()) AS ROW_NUMBER FROM (SELECT  * FROM SERVICE_T_WAREHOUSE_ID a LEFT JOIN SERVICE_T_WAREHOUSE_PROPERTY AS b ON b.WAREHOUSE_ID=a.WAREHOUSE_ID LEFT JOIN SERVICE_T_DEPARTMENT AS c ON c.DEPARTMENT_ID=a.DEPARTMENT_ID LEFT JOIN SERVICE_T_CUSTOMER AS d ON d.CUSTOMER_ID=a.CUSTOMER_ID  WHERE b.PROP_NAME = 'STOREHOUSE' GROUP BY a.WAREHOUSE_ID ) AS thinkphp) AS T1 
ERR: 8120:[Microsoft][SQL Server Native Client 11.0][SQL Server]选择列表中的列 'SERVICE_T_WAREHOUSE_ID.WAREHOUSE_NAME' 无效，因为该列没有包含在聚合函数或 GROUP BY 子句中。
 [ SQL语句 ] : SELECT T1.* FROM (SELECT thinkphp.*, ROW_NUMBER() OVER ( ORDER BY rand()) AS ROW_NUMBER FROM (SELECT  * FROM SERVICE_T_WAREHOUSE_ID a LEFT JOIN SERVICE_T_WAREHOUSE_PROPERTY AS b ON b.WAREHOUSE_ID=a.WAREHOUSE_ID LEFT JOIN SERVICE_T_DEPARTMENT AS c ON c.DEPARTMENT_ID=a.DEPARTMENT_ID LEFT JOIN SERVICE_T_CUSTOMER AS d ON d.CUSTOMER_ID=a.CUSTOMER_ID  WHERE b.PROP_NAME = 'STOREHOUSE' GROUP BY a.WAREHOUSE_ID ) AS thinkphp) AS T1 

[ 2018-04-08T08:59:29+08:00 ] 127.0.0.1 /index.php/Home/StoreHouse/storehouse_list
INFO: [ app_init ] --START--
INFO: Run Behavior\BuildLiteBehavior [ RunTime:0.000043s ]
INFO: [ app_init ] --END-- [ RunTime:0.001028s ]

[ 2018-04-08T08:59:31+08:00 ] 127.0.0.1 /index.php/Home/StoreHouse/storehouse_list
INFO: [ app_init ] --START--
INFO: Run Behavior\BuildLiteBehavior [ RunTime:0.000015s ]
INFO: [ app_init ] --END-- [ RunTime:0.000384s ]

[ 2018-04-08T08:59:32+08:00 ] 127.0.0.1 /index.php/Home/StoreHouse/storehouse_list
INFO: [ app_init ] --START--
INFO: Run Behavior\BuildLiteBehavior [ RunTime:0.000016s ]
INFO: [ app_init ] --END-- [ RunTime:0.000380s ]

[ 2018-04-08T09:00:28+08:00 ] 127.0.0.1 /index.php/Home/Order/choose_dirty?type=dirty
INFO: [ app_init ] --START--
INFO: Run Behavior\BuildLiteBehavior [ RunTime:0.000023s ]
INFO: [ app_init ] --END-- [ RunTime:0.000476s ]

[ 2018-04-08T09:00:30+08:00 ] 127.0.0.1 /index.php/Home/Department/getdepartmentlist?customer_id=14
INFO: [ app_init ] --START--
INFO: Run Behavior\BuildLiteBehavior [ RunTime:0.000030s ]
INFO: [ app_init ] --END-- [ RunTime:0.000823s ]

[ 2018-04-08T09:00:33+08:00 ] 127.0.0.1 /index.php/Home/Order/choose_dirty?type=dirty
INFO: [ app_init ] --START--
INFO: Run Behavior\BuildLiteBehavior [ RunTime:0.000017s ]
INFO: [ app_init ] --END-- [ RunTime:0.000398s ]

[ 2018-04-08T09:00:37+08:00 ] 127.0.0.1 /index.php/Home/Department/getdepartmentlist?customer_id=16
INFO: [ app_init ] --START--
INFO: Run Behavior\BuildLiteBehavior [ RunTime:0.000016s ]
INFO: [ app_init ] --END-- [ RunTime:0.000381s ]

[ 2018-04-08T09:00:39+08:00 ] 127.0.0.1 /index.php/Home/Order/get_storehouse_list
INFO: [ app_init ] --START--
INFO: Run Behavior\BuildLiteBehavior [ RunTime:0.000016s ]
INFO: [ app_init ] --END-- [ RunTime:0.000378s ]

[ 2018-04-08T09:02:29+08:00 ] 127.0.0.1 /index.php/Home/Order/choose_dirty?type=dirty
INFO: [ app_init ] --START--
INFO: Run Behavior\BuildLiteBehavior [ RunTime:0.000016s ]
INFO: [ app_init ] --END-- [ RunTime:0.000441s ]

[ 2018-04-08T09:02:33+08:00 ] 127.0.0.1 /index.php/Home/Department/getdepartmentlist?customer_id=16
INFO: [ app_init ] --START--
INFO: Run Behavior\BuildLiteBehavior [ RunTime:0.000016s ]
INFO: [ app_init ] --END-- [ RunTime:0.000394s ]

[ 2018-04-08T09:02:34+08:00 ] 127.0.0.1 /index.php/Home/Order/get_storehouse_list
INFO: [ app_init ] --START--
INFO: Run Behavior\BuildLiteBehavior [ RunTime:0.000015s ]
INFO: [ app_init ] --END-- [ RunTime:0.000375s ]

[ 2018-04-08T09:03:55+08:00 ] 127.0.0.1 /index.php/Home/Order/choose_dirty?type=dirty
INFO: [ app_init ] --START--
INFO: Run Behavior\BuildLiteBehavior [ RunTime:0.000023s ]
INFO: [ app_init ] --END-- [ RunTime:0.000547s ]

[ 2018-04-08T09:03:58+08:00 ] 127.0.0.1 /index.php/Home/Department/getdepartmentlist?customer_id=16
INFO: [ app_init ] --START--
INFO: Run Behavior\BuildLiteBehavior [ RunTime:0.000019s ]
INFO: [ app_init ] --END-- [ RunTime:0.000636s ]

[ 2018-04-08T09:03:59+08:00 ] 127.0.0.1 /index.php/Home/Order/get_storehouse_list
INFO: [ app_init ] --START--
INFO: Run Behavior\BuildLiteBehavior [ RunTime:0.000016s ]
INFO: [ app_init ] --END-- [ RunTime:0.000375s ]

[ 2018-04-08T09:04:07+08:00 ] 127.0.0.1 /index.php/Home/Order/dirty_order?customer_id=16&department_id=0,30,35,37,38,31,36,32,&storehouse_id=35,&washing_id=12&start_time=2018-1-30&end_time=2018-2-16
INFO: [ app_init ] --START--
INFO: Run Behavior\BuildLiteBehavior [ RunTime:0.000020s ]
INFO: [ app_init ] --END-- [ RunTime:0.000437s ]

[ 2018-04-08T09:04:13+08:00 ] 127.0.0.1 /index.php/Home/Order/export_dirty/customer_id/16/department_id/0%2C30%2C35%2C37%2C38%2C31%2C36%2C32%2C/storehouse_id/35%2C/washing_id/12/start_time/2018-1-30/end_time/2018-2-16/type/dirty.html
INFO: [ app_init ] --START--
INFO: Run Behavior\BuildLiteBehavior [ RunTime:0.000016s ]
INFO: [ app_init ] --END-- [ RunTime:0.000407s ]

[ 2018-04-08T09:04:29+08:00 ] 127.0.0.1 /index.php/Home/Order/choose_clean?type=clean
INFO: [ app_init ] --START--
INFO: Run Behavior\BuildLiteBehavior [ RunTime:0.000020s ]
INFO: [ app_init ] --END-- [ RunTime:0.001334s ]

[ 2018-04-08T09:04:32+08:00 ] 127.0.0.1 /index.php/Home/Department/getdepartmentlist?customer_id=16
INFO: [ app_init ] --START--
INFO: Run Behavior\BuildLiteBehavior [ RunTime:0.000020s ]
INFO: [ app_init ] --END-- [ RunTime:0.000774s ]

[ 2018-04-08T09:04:33+08:00 ] 127.0.0.1 /index.php/Home/Order/get_storehouse_list
INFO: [ app_init ] --START--
INFO: Run Behavior\BuildLiteBehavior [ RunTime:0.000016s ]
INFO: [ app_init ] --END-- [ RunTime:0.000498s ]

[ 2018-04-08T09:04:41+08:00 ] 127.0.0.1 /index.php/Home/Order/clean_order?customer_id=16&department_id=0,30,35,37,38,31,36,32,&storehouse_id=35,&washing_id=12&start_time=2018-1-29&end_time=2018-2-16
INFO: [ app_init ] --START--
INFO: Run Behavior\BuildLiteBehavior [ RunTime:0.000016s ]
INFO: [ app_init ] --END-- [ RunTime:0.000502s ]

[ 2018-04-08T09:04:43+08:00 ] 127.0.0.1 /index.php/Home/Order/export_dirty/customer_id/16/department_id/0%2C30%2C35%2C37%2C38%2C31%2C36%2C32%2C/storehouse_id/35%2C/washing_id/12/start_time/2018-1-29/end_time/2018-2-16/type/clean.html
INFO: [ app_init ] --START--
INFO: Run Behavior\BuildLiteBehavior [ RunTime:0.000016s ]
INFO: [ app_init ] --END-- [ RunTime:0.000433s ]

[ 2018-04-08T09:05:07+08:00 ] 127.0.0.1 /index.php/Home/Classify/classify
INFO: [ app_init ] --START--
INFO: Run Behavior\BuildLiteBehavior [ RunTime:0.000017s ]
INFO: [ app_init ] --END-- [ RunTime:0.000463s ]

[ 2018-04-08T09:05:08+08:00 ] 127.0.0.1 /index.php/Home/Classify/getClassifyList
INFO: [ app_init ] --START--
INFO: Run Behavior\BuildLiteBehavior [ RunTime:0.000022s ]
INFO: [ app_init ] --END-- [ RunTime:0.000361s ]

[ 2018-04-08T09:05:09+08:00 ] 127.0.0.1 /index.php/Home/Classify/classify
INFO: [ app_init ] --START--
INFO: Run Behavior\BuildLiteBehavior [ RunTime:0.000016s ]
INFO: [ app_init ] --END-- [ RunTime:0.000457s ]

[ 2018-04-08T09:05:10+08:00 ] 127.0.0.1 /index.php/Home/Classify/getClassifyList
INFO: [ app_init ] --START--
INFO: Run Behavior\BuildLiteBehavior [ RunTime:0.000020s ]
INFO: [ app_init ] --END-- [ RunTime:0.000546s ]

[ 2018-04-08T09:05:11+08:00 ] 127.0.0.1 /index.php/Home/User/user_list
INFO: [ app_init ] --START--
INFO: Run Behavior\BuildLiteBehavior [ RunTime:0.000017s ]
INFO: [ app_init ] --END-- [ RunTime:0.000498s ]

[ 2018-04-08T09:05:13+08:00 ] 127.0.0.1 /index.php/Home/Device/device_list
INFO: [ app_init ] --START--
INFO: Run Behavior\BuildLiteBehavior [ RunTime:0.000017s ]
INFO: [ app_init ] --END-- [ RunTime:0.000526s ]

[ 2018-04-08T09:05:15+08:00 ] 127.0.0.1 /index.php/Home/Supplier/supplier_list
INFO: [ app_init ] --START--
INFO: Run Behavior\BuildLiteBehavior [ RunTime:0.000032s ]
INFO: [ app_init ] --END-- [ RunTime:0.000718s ]

[ 2018-04-08T09:05:17+08:00 ] 127.0.0.1 /index.php/Home/Car/car_list
INFO: [ app_init ] --START--
INFO: Run Behavior\BuildLiteBehavior [ RunTime:0.000015s ]
INFO: [ app_init ] --END-- [ RunTime:0.000411s ]

[ 2018-04-08T09:05:20+08:00 ] 127.0.0.1 /index.php/Home/Driver/driver_list
INFO: [ app_init ] --START--
INFO: Run Behavior\BuildLiteBehavior [ RunTime:0.000024s ]
INFO: [ app_init ] --END-- [ RunTime:0.000541s ]

[ 2018-04-08T09:05:25+08:00 ] 127.0.0.1 /index.php/Home/Order/recriver_choose_linen?type=recriver
INFO: [ app_init ] --START--
INFO: Run Behavior\BuildLiteBehavior [ RunTime:0.000014s ]
INFO: [ app_init ] --END-- [ RunTime:0.000404s ]

[ 2018-04-08T09:05:27+08:00 ] 127.0.0.1 /index.php/Home/Department/getdepartmentlist?customer_id=16
INFO: [ app_init ] --START--
INFO: Run Behavior\BuildLiteBehavior [ RunTime:0.000033s ]
INFO: [ app_init ] --END-- [ RunTime:0.001016s ]

[ 2018-04-08T09:05:29+08:00 ] 127.0.0.1 /index.php/Home/Order/get_storehouse_list
INFO: [ app_init ] --START--
INFO: Run Behavior\BuildLiteBehavior [ RunTime:0.000025s ]
INFO: [ app_init ] --END-- [ RunTime:0.000827s ]

[ 2018-04-08T09:05:35+08:00 ] 127.0.0.1 /index.php/Home/Order/recriver_linen_month_order?customer_id=16&department_id=0,30,35,37,38,31,36,32,&start_time=2018-1-29&end_time=2018-2-24
INFO: [ app_init ] --START--
INFO: Run Behavior\BuildLiteBehavior [ RunTime:0.000016s ]
INFO: [ app_init ] --END-- [ RunTime:0.000437s ]
ERR: 195:[Microsoft][SQL Server Native Client 11.0][SQL Server]'DATE_FORMAT' 不是可以识别的 内置函数名称。
 [ SQL语句 ] : SELECT T1.* FROM (SELECT thinkphp.*, ROW_NUMBER() OVER ( ORDER BY rand()) AS ROW_NUMBER FROM (SELECT  l.LINEN_ID,l.LINEN_NAME,DATE_FORMAT(m.CREATE_TIME,'%Y-%m-%d') as DATE,sum(s.LINEN_COUNT) as COUNT,m.SENDER_ID,m.RECEIVER_ID FROM SERVICE_T_RECEIPT_SUB s LEFT JOIN SERVICE_T_RECEIPT_MAIN AS m ON s.RECEIPT_MAIN_ID = m.RECEIPT_MAIN_ID RIGHT JOIN SERVICE_T_LINEN AS l ON l.LINEN_ID = s.LINEN_ID  WHERE ( m.CREATE_TIME > '2018-1-29' AND m.CREATE_TIME < '2018-2-24 23:59:59'  ) AND m.RECEIVER_ID IN ('35') GROUP BY l.LINEN_ID,DATE_FORMAT(m.CREATE_TIME,'%Y-%m-%d') ) AS thinkphp) AS T1 
ERR: 195:[Microsoft][SQL Server Native Client 11.0][SQL Server]'DATE_FORMAT' 不是可以识别的 内置函数名称。
 [ SQL语句 ] : SELECT T1.* FROM (SELECT thinkphp.*, ROW_NUMBER() OVER ( ORDER BY rand()) AS ROW_NUMBER FROM (SELECT  l.LINEN_ID,l.LINEN_NAME,DATE_FORMAT(m.CREATE_TIME,'%Y-%m-%d') as DATE,sum(s.LINEN_COUNT) as COUNT,m.SENDER_ID,m.RECEIVER_ID FROM SERVICE_T_RECEIPT_SUB s LEFT JOIN SERVICE_T_RECEIPT_MAIN AS m ON s.RECEIPT_MAIN_ID = m.RECEIPT_MAIN_ID RIGHT JOIN SERVICE_T_LINEN AS l ON l.LINEN_ID = s.LINEN_ID  WHERE ( m.CREATE_TIME > '2018-1-29' AND m.CREATE_TIME < '2018-2-24 23:59:59'  ) AND m.RECEIVER_ID IN ('35') GROUP BY l.LINEN_ID,DATE_FORMAT(m.CREATE_TIME,'%Y-%m-%d') ) AS thinkphp) AS T1 

[ 2018-04-08T09:09:22+08:00 ] 127.0.0.1 /index.php/Home/Order/recriver_linen_month_order?customer_id=16&department_id=0,30,35,37,38,31,36,32,&start_time=2018-1-29&end_time=2018-2-24
INFO: [ app_init ] --START--
INFO: Run Behavior\BuildLiteBehavior [ RunTime:0.000021s ]
INFO: [ app_init ] --END-- [ RunTime:0.000457s ]
ERR: 207:[Microsoft][SQL Server Native Client 11.0][SQL Server]列名 'DATE' 无效。
 [ SQL语句 ] : SELECT T1.* FROM (SELECT thinkphp.*, ROW_NUMBER() OVER ( ORDER BY rand()) AS ROW_NUMBER FROM (SELECT  l.LINEN_ID,l.LINEN_NAME,CONVERT(varchar(100),m.CREATE_TIME,23) as DATE,sum(s.LINEN_COUNT) as COUNT,m.SENDER_ID,m.RECEIVER_ID FROM SERVICE_T_RECEIPT_SUB s LEFT JOIN SERVICE_T_RECEIPT_MAIN AS m ON s.RECEIPT_MAIN_ID = m.RECEIPT_MAIN_ID RIGHT JOIN SERVICE_T_LINEN AS l ON l.LINEN_ID = s.LINEN_ID  WHERE ( m.CREATE_TIME > '2018-1-29' AND m.CREATE_TIME < '2018-2-24 23:59:59'  ) AND m.RECEIVER_ID IN ('35') GROUP BY l.LINEN_ID,DATE ) AS thinkphp) AS T1 
ERR: 207:[Microsoft][SQL Server Native Client 11.0][SQL Server]列名 'DATE' 无效。
 [ SQL语句 ] : SELECT T1.* FROM (SELECT thinkphp.*, ROW_NUMBER() OVER ( ORDER BY rand()) AS ROW_NUMBER FROM (SELECT  l.LINEN_ID,l.LINEN_NAME,CONVERT(varchar(100),m.CREATE_TIME,23) as DATE,sum(s.LINEN_COUNT) as COUNT,m.SENDER_ID,m.RECEIVER_ID FROM SERVICE_T_RECEIPT_SUB s LEFT JOIN SERVICE_T_RECEIPT_MAIN AS m ON s.RECEIPT_MAIN_ID = m.RECEIPT_MAIN_ID RIGHT JOIN SERVICE_T_LINEN AS l ON l.LINEN_ID = s.LINEN_ID  WHERE ( m.CREATE_TIME > '2018-1-29' AND m.CREATE_TIME < '2018-2-24 23:59:59'  ) AND m.RECEIVER_ID IN ('35') GROUP BY l.LINEN_ID,DATE ) AS thinkphp) AS T1 

[ 2018-04-08T09:09:23+08:00 ] 127.0.0.1 /index.php/Home/Order/recriver_linen_month_order?customer_id=16&department_id=0,30,35,37,38,31,36,32,&start_time=2018-1-29&end_time=2018-2-24
INFO: [ app_init ] --START--
INFO: Run Behavior\BuildLiteBehavior [ RunTime:0.000017s ]
INFO: [ app_init ] --END-- [ RunTime:0.000429s ]
ERR: 207:[Microsoft][SQL Server Native Client 11.0][SQL Server]列名 'DATE' 无效。
 [ SQL语句 ] : SELECT T1.* FROM (SELECT thinkphp.*, ROW_NUMBER() OVER ( ORDER BY rand()) AS ROW_NUMBER FROM (SELECT  l.LINEN_ID,l.LINEN_NAME,CONVERT(varchar(100),m.CREATE_TIME,23) as DATE,sum(s.LINEN_COUNT) as COUNT,m.SENDER_ID,m.RECEIVER_ID FROM SERVICE_T_RECEIPT_SUB s LEFT JOIN SERVICE_T_RECEIPT_MAIN AS m ON s.RECEIPT_MAIN_ID = m.RECEIPT_MAIN_ID RIGHT JOIN SERVICE_T_LINEN AS l ON l.LINEN_ID = s.LINEN_ID  WHERE ( m.CREATE_TIME > '2018-1-29' AND m.CREATE_TIME < '2018-2-24 23:59:59'  ) AND m.RECEIVER_ID IN ('35') GROUP BY l.LINEN_ID,DATE ) AS thinkphp) AS T1 
ERR: 207:[Microsoft][SQL Server Native Client 11.0][SQL Server]列名 'DATE' 无效。
 [ SQL语句 ] : SELECT T1.* FROM (SELECT thinkphp.*, ROW_NUMBER() OVER ( ORDER BY rand()) AS ROW_NUMBER FROM (SELECT  l.LINEN_ID,l.LINEN_NAME,CONVERT(varchar(100),m.CREATE_TIME,23) as DATE,sum(s.LINEN_COUNT) as COUNT,m.SENDER_ID,m.RECEIVER_ID FROM SERVICE_T_RECEIPT_SUB s LEFT JOIN SERVICE_T_RECEIPT_MAIN AS m ON s.RECEIPT_MAIN_ID = m.RECEIPT_MAIN_ID RIGHT JOIN SERVICE_T_LINEN AS l ON l.LINEN_ID = s.LINEN_ID  WHERE ( m.CREATE_TIME > '2018-1-29' AND m.CREATE_TIME < '2018-2-24 23:59:59'  ) AND m.RECEIVER_ID IN ('35') GROUP BY l.LINEN_ID,DATE ) AS thinkphp) AS T1 

[ 2018-04-08T09:09:32+08:00 ] 127.0.0.1 /index.php/Home/Order/recriver_linen_month_order?customer_id=16&department_id=0,30,35,37,38,31,36,32,&start_time=2018-1-29&end_time=2018-2-24
INFO: [ app_init ] --START--
INFO: Run Behavior\BuildLiteBehavior [ RunTime:0.000019s ]
INFO: [ app_init ] --END-- [ RunTime:0.000482s ]
ERR: 8120:[Microsoft][SQL Server Native Client 11.0][SQL Server]选择列表中的列 'SERVICE_T_LINEN.LINEN_NAME' 无效，因为该列没有包含在聚合函数或 GROUP BY 子句中。
 [ SQL语句 ] : SELECT T1.* FROM (SELECT thinkphp.*, ROW_NUMBER() OVER ( ORDER BY rand()) AS ROW_NUMBER FROM (SELECT  l.LINEN_ID,l.LINEN_NAME,CONVERT(varchar(100),m.CREATE_TIME,23) as DATE,sum(s.LINEN_COUNT) as COUNT,m.SENDER_ID,m.RECEIVER_ID FROM SERVICE_T_RECEIPT_SUB s LEFT JOIN SERVICE_T_RECEIPT_MAIN AS m ON s.RECEIPT_MAIN_ID = m.RECEIPT_MAIN_ID RIGHT JOIN SERVICE_T_LINEN AS l ON l.LINEN_ID = s.LINEN_ID  WHERE ( m.CREATE_TIME > '2018-1-29' AND m.CREATE_TIME < '2018-2-24 23:59:59'  ) AND m.RECEIVER_ID IN ('35') GROUP BY l.LINEN_ID,CONVERT(varchar(100), m.CREATE_TIME, 23) ) AS thinkphp) AS T1 
ERR: 8120:[Microsoft][SQL Server Native Client 11.0][SQL Server]选择列表中的列 'SERVICE_T_LINEN.LINEN_NAME' 无效，因为该列没有包含在聚合函数或 GROUP BY 子句中。
 [ SQL语句 ] : SELECT T1.* FROM (SELECT thinkphp.*, ROW_NUMBER() OVER ( ORDER BY rand()) AS ROW_NUMBER FROM (SELECT  l.LINEN_ID,l.LINEN_NAME,CONVERT(varchar(100),m.CREATE_TIME,23) as DATE,sum(s.LINEN_COUNT) as COUNT,m.SENDER_ID,m.RECEIVER_ID FROM SERVICE_T_RECEIPT_SUB s LEFT JOIN SERVICE_T_RECEIPT_MAIN AS m ON s.RECEIPT_MAIN_ID = m.RECEIPT_MAIN_ID RIGHT JOIN SERVICE_T_LINEN AS l ON l.LINEN_ID = s.LINEN_ID  WHERE ( m.CREATE_TIME > '2018-1-29' AND m.CREATE_TIME < '2018-2-24 23:59:59'  ) AND m.RECEIVER_ID IN ('35') GROUP BY l.LINEN_ID,CONVERT(varchar(100), m.CREATE_TIME, 23) ) AS thinkphp) AS T1 

[ 2018-04-08T09:11:14+08:00 ] 127.0.0.1 /index.php/Home/Order/recriver_linen_month_order?customer_id=16&department_id=0,30,35,37,38,31,36,32,&start_time=2018-1-29&end_time=2018-2-24
INFO: [ app_init ] --START--
INFO: Run Behavior\BuildLiteBehavior [ RunTime:0.000022s ]
INFO: [ app_init ] --END-- [ RunTime:0.000564s ]

[ 2018-04-08T09:11:32+08:00 ] 127.0.0.1 /index.php/Home/Order/choose_linen?type=detail
INFO: [ app_init ] --START--
INFO: Run Behavior\BuildLiteBehavior [ RunTime:0.000021s ]
INFO: [ app_init ] --END-- [ RunTime:0.000595s ]

[ 2018-04-08T09:11:34+08:00 ] 127.0.0.1 /index.php/Home/Department/getdepartmentlist?customer_id=16
INFO: [ app_init ] --START--
INFO: Run Behavior\BuildLiteBehavior [ RunTime:0.000015s ]
INFO: [ app_init ] --END-- [ RunTime:0.000381s ]

[ 2018-04-08T09:11:36+08:00 ] 127.0.0.1 /index.php/Home/Order/get_storehouse_list
INFO: [ app_init ] --START--
INFO: Run Behavior\BuildLiteBehavior [ RunTime:0.000016s ]
INFO: [ app_init ] --END-- [ RunTime:0.000464s ]

[ 2018-04-08T09:11:42+08:00 ] 127.0.0.1 /index.php/Home/Order/detail_linen_month_order?customer_id=16&department_id=0,30,35,37,38,31,36,32,&start_time=2018-1-29&end_time=2018-2-10
INFO: [ app_init ] --START--
INFO: Run Behavior\BuildLiteBehavior [ RunTime:0.000021s ]
INFO: [ app_init ] --END-- [ RunTime:0.000407s ]
ERR: 195:[Microsoft][SQL Server Native Client 11.0][SQL Server]'DATE_FORMAT' 不是可以识别的 内置函数名称。
 [ SQL语句 ] : SELECT T1.* FROM (SELECT thinkphp.*, ROW_NUMBER() OVER ( ORDER BY rand()) AS ROW_NUMBER FROM (SELECT  l.LINEN_ID,l.LINEN_NAME,DATE_FORMAT(m.CREATE_TIME,'%Y-%m-%d') as DATE,sum(s.LINEN_COUNT) as COUNT,m.SENDER_ID,m.RECEIVER_ID FROM SERVICE_T_RECEIPT_SUB s LEFT JOIN SERVICE_T_RECEIPT_MAIN AS m ON s.RECEIPT_MAIN_ID = m.RECEIPT_MAIN_ID RIGHT JOIN SERVICE_T_LINEN AS l ON l.LINEN_ID = s.LINEN_ID  WHERE ( m.CREATE_TIME > '2018-1-29' AND m.CREATE_TIME < '2018-2-10 23:59:59'  ) AND (  m.SENDER_ID IN ('35') OR m.RECEIVER_ID IN ('35') ) GROUP BY l.LINEN_ID,DATE_FORMAT(m.CREATE_TIME,'%Y-%m-%d'),m.SENDER_ID,m.RECEIVER_ID ) AS thinkphp) AS T1 
ERR: 195:[Microsoft][SQL Server Native Client 11.0][SQL Server]'DATE_FORMAT' 不是可以识别的 内置函数名称。
 [ SQL语句 ] : SELECT T1.* FROM (SELECT thinkphp.*, ROW_NUMBER() OVER ( ORDER BY rand()) AS ROW_NUMBER FROM (SELECT  l.LINEN_ID,l.LINEN_NAME,DATE_FORMAT(m.CREATE_TIME,'%Y-%m-%d') as DATE,sum(s.LINEN_COUNT) as COUNT,m.SENDER_ID,m.RECEIVER_ID FROM SERVICE_T_RECEIPT_SUB s LEFT JOIN SERVICE_T_RECEIPT_MAIN AS m ON s.RECEIPT_MAIN_ID = m.RECEIPT_MAIN_ID RIGHT JOIN SERVICE_T_LINEN AS l ON l.LINEN_ID = s.LINEN_ID  WHERE ( m.CREATE_TIME > '2018-1-29' AND m.CREATE_TIME < '2018-2-10 23:59:59'  ) AND (  m.SENDER_ID IN ('35') OR m.RECEIVER_ID IN ('35') ) GROUP BY l.LINEN_ID,DATE_FORMAT(m.CREATE_TIME,'%Y-%m-%d'),m.SENDER_ID,m.RECEIVER_ID ) AS thinkphp) AS T1 

[ 2018-04-08T09:12:12+08:00 ] 127.0.0.1 /index.php/Home/Order/detail_linen_month_order?customer_id=16&department_id=0,30,35,37,38,31,36,32,&start_time=2018-1-29&end_time=2018-2-10
INFO: [ app_init ] --START--
INFO: Run Behavior\BuildLiteBehavior [ RunTime:0.000018s ]
INFO: [ app_init ] --END-- [ RunTime:0.000437s ]

[ 2018-04-08T09:13:44+08:00 ] 127.0.0.1 /index.php/Home/Order/day_choose_linen?type=detail
INFO: [ app_init ] --START--
INFO: Run Behavior\BuildLiteBehavior [ RunTime:0.000015s ]
INFO: [ app_init ] --END-- [ RunTime:0.000422s ]

[ 2018-04-08T09:13:47+08:00 ] 127.0.0.1 /index.php/Home/Department/getdepartmentlist?customer_id=16
INFO: [ app_init ] --START--
INFO: Run Behavior\BuildLiteBehavior [ RunTime:0.000016s ]
INFO: [ app_init ] --END-- [ RunTime:0.000381s ]

[ 2018-04-08T09:13:48+08:00 ] 127.0.0.1 /index.php/Home/Order/get_storehouse_list
INFO: [ app_init ] --START--
INFO: Run Behavior\BuildLiteBehavior [ RunTime:0.000016s ]
INFO: [ app_init ] --END-- [ RunTime:0.000389s ]

[ 2018-04-08T09:13:56+08:00 ] 127.0.0.1 /index.php/Home/Order/day_detail_linen_month_order?customer_id=16&department_id=0,30,35,37,38,31,36,32,&start_time=2018-1-29&end_time=2018-1-29
INFO: [ app_init ] --START--
INFO: Run Behavior\BuildLiteBehavior [ RunTime:0.000026s ]
INFO: [ app_init ] --END-- [ RunTime:0.000492s ]

[ 2018-04-08T09:14:02+08:00 ] 127.0.0.1 /index.php/Home/Department/getdepartmentlist?customer_id=16
INFO: [ app_init ] --START--
INFO: Run Behavior\BuildLiteBehavior [ RunTime:0.000014s ]
INFO: [ app_init ] --END-- [ RunTime:0.000349s ]

[ 2018-04-08T09:14:03+08:00 ] 127.0.0.1 /index.php/Home/Order/get_storehouse_list
INFO: [ app_init ] --START--
INFO: Run Behavior\BuildLiteBehavior [ RunTime:0.000016s ]
INFO: [ app_init ] --END-- [ RunTime:0.000386s ]

[ 2018-04-08T09:14:08+08:00 ] 127.0.0.1 /index.php/Home/Order/day_detail_linen_month_order?customer_id=16&department_id=0,30,35,37,38,31,36,32,&start_time=2018-2-6&end_time=2018-2-6
INFO: [ app_init ] --START--
INFO: Run Behavior\BuildLiteBehavior [ RunTime:0.000015s ]
INFO: [ app_init ] --END-- [ RunTime:0.000366s ]

[ 2018-04-08T09:14:17+08:00 ] 127.0.0.1 /index.php/Home/order/exprort_order/customer_id/16/department_id/0%2C30%2C35%2C37%2C38%2C31%2C36%2C32%2C/start_time/2018-2-6/end_time/2018-2-6/type/detail.html
INFO: [ app_init ] --START--
INFO: Run Behavior\BuildLiteBehavior [ RunTime:0.000014s ]
INFO: [ app_init ] --END-- [ RunTime:0.000341s ]

[ 2018-04-08T09:48:53+08:00 ] 127.0.0.1 /index.php/Home/Order/day_choose_linen?type=detail
INFO: [ app_init ] --START--
INFO: Run Behavior\BuildLiteBehavior [ RunTime:0.000017s ]
INFO: [ app_init ] --END-- [ RunTime:0.000396s ]

[ 2018-04-08T09:48:56+08:00 ] 127.0.0.1 /index.php/Home/Department/getdepartmentlist?customer_id=16
INFO: [ app_init ] --START--
INFO: Run Behavior\BuildLiteBehavior [ RunTime:0.000016s ]
INFO: [ app_init ] --END-- [ RunTime:0.000388s ]

[ 2018-04-08T09:48:58+08:00 ] 127.0.0.1 /index.php/Home/Order/get_storehouse_list
INFO: [ app_init ] --START--
INFO: Run Behavior\BuildLiteBehavior [ RunTime:0.000023s ]
INFO: [ app_init ] --END-- [ RunTime:0.000591s ]

[ 2018-04-08T09:49:08+08:00 ] 127.0.0.1 /index.php/Home/Order/day_choose_linen?type=detail
INFO: [ app_init ] --START--
INFO: Run Behavior\BuildLiteBehavior [ RunTime:0.000021s ]
INFO: [ app_init ] --END-- [ RunTime:0.000487s ]

[ 2018-04-08T09:49:12+08:00 ] 127.0.0.1 /index.php/Home/Department/getdepartmentlist?customer_id=16
INFO: [ app_init ] --START--
INFO: Run Behavior\BuildLiteBehavior [ RunTime:0.000015s ]
INFO: [ app_init ] --END-- [ RunTime:0.000378s ]

[ 2018-04-08T09:49:13+08:00 ] 127.0.0.1 /index.php/Home/Order/get_storehouse_list
INFO: [ app_init ] --START--
INFO: Run Behavior\BuildLiteBehavior [ RunTime:0.000022s ]
INFO: [ app_init ] --END-- [ RunTime:0.000531s ]

[ 2018-04-08T09:49:14+08:00 ] 127.0.0.1 /index.php/Home/Order/recriver_choose_linen?type=recriver
INFO: [ app_init ] --START--
INFO: Run Behavior\BuildLiteBehavior [ RunTime:0.000017s ]
INFO: [ app_init ] --END-- [ RunTime:0.000395s ]

[ 2018-04-08T09:49:17+08:00 ] 127.0.0.1 /index.php/Home/Department/getdepartmentlist?customer_id=16
INFO: [ app_init ] --START--
INFO: Run Behavior\BuildLiteBehavior [ RunTime:0.000024s ]
INFO: [ app_init ] --END-- [ RunTime:0.000524s ]

[ 2018-04-08T09:49:18+08:00 ] 127.0.0.1 /index.php/Home/Order/get_storehouse_list
INFO: [ app_init ] --START--
INFO: Run Behavior\BuildLiteBehavior [ RunTime:0.000017s ]
INFO: [ app_init ] --END-- [ RunTime:0.000429s ]

