[ 2018-03-27T08:41:12+08:00 ] 127.0.0.1 /index.php/Home/Order/exprort_order?customer_id=16&department_id=0,30,35,31,32,&start_time=2018-1-30&end_time=2018-2-15&type=detail
INFO: [ app_init ] --START--
INFO: Run Behavior\BuildLiteBehavior [ RunTime:0.000028s ]
INFO: [ app_init ] --END-- [ RunTime:0.030689s ]

[ 2018-03-27T08:41:16+08:00 ] 127.0.0.1 /index.php/Home/Login/login.html
INFO: [ app_init ] --START--
INFO: Run Behavior\BuildLiteBehavior [ RunTime:0.000030s ]
INFO: [ app_init ] --END-- [ RunTime:0.000845s ]

[ 2018-03-27T08:41:16+08:00 ] 127.0.0.1 /index.php/Home/Login/getVerify.html
INFO: [ app_init ] --START--
INFO: Run Behavior\BuildLiteBehavior [ RunTime:0.000019s ]
INFO: [ app_init ] --END-- [ RunTime:0.000484s ]

[ 2018-03-27T08:41:51+08:00 ] 127.0.0.1 /index.php/Home/Login/getVerify.html?time=1522111311187
INFO: [ app_init ] --START--
INFO: Run Behavior\BuildLiteBehavior [ RunTime:0.000012s ]
INFO: [ app_init ] --END-- [ RunTime:0.000326s ]

[ 2018-03-27T08:41:54+08:00 ] 127.0.0.1 /index.php/Home/Login/post_login
INFO: [ app_init ] --START--
INFO: Run Behavior\BuildLiteBehavior [ RunTime:0.000012s ]
INFO: [ app_init ] --END-- [ RunTime:0.000315s ]

[ 2018-03-27T08:41:56+08:00 ] 127.0.0.1 /index.php/Home/Index/index
INFO: [ app_init ] --START--
INFO: Run Behavior\BuildLiteBehavior [ RunTime:0.000020s ]
INFO: [ app_init ] --END-- [ RunTime:0.000558s ]

[ 2018-03-27T08:42:23+08:00 ] 127.0.0.1 /index.php/Home/Order/exprort_order?customer_id=16&department_id=0,30,35,31,32,&start_time=2018-1-30&end_time=2018-2-15&type=detail
INFO: [ app_init ] --START--
INFO: Run Behavior\BuildLiteBehavior [ RunTime:0.000013s ]
INFO: [ app_init ] --END-- [ RunTime:0.000344s ]

[ 2018-03-27T08:42:52+08:00 ] 127.0.0.1 /index.php/Home/Index/index
INFO: [ app_init ] --START--
INFO: Run Behavior\BuildLiteBehavior [ RunTime:0.000024s ]
INFO: [ app_init ] --END-- [ RunTime:0.001004s ]

[ 2018-03-27T08:43:14+08:00 ] 127.0.0.1 /index.php/Home/Order/exprort_order?customer_id=16&department_id=0,30,35,31,32,&start_time=2018-1-30&end_time=2018-2-15&type=detail
INFO: [ app_init ] --START--
INFO: Run Behavior\BuildLiteBehavior [ RunTime:0.000021s ]
INFO: [ app_init ] --END-- [ RunTime:0.000823s ]

[ 2018-03-27T08:43:19+08:00 ] 127.0.0.1 /index.php/Home/Order/exprort_order?customer_id=16&department_id=0,30,35,31,32,&start_time=2018-1-30&end_time=2018-2-15&type=detail
INFO: [ app_init ] --START--
INFO: Run Behavior\BuildLiteBehavior [ RunTime:0.000032s ]
INFO: [ app_init ] --END-- [ RunTime:0.001014s ]

[ 2018-03-27T08:43:40+08:00 ] 127.0.0.1 /index.php/Home/Order/exprort_order?customer_id=16&department_id=0,30,35,31,32,&start_time=2018-1-30&end_time=2018-2-15&type=detail
INFO: [ app_init ] --START--
INFO: Run Behavior\BuildLiteBehavior [ RunTime:0.000034s ]
INFO: [ app_init ] --END-- [ RunTime:0.001078s ]

[ 2018-03-27T08:58:16+08:00 ] 127.0.0.1 /index.php/Home/Order/exprort_order?customer_id=16&department_id=0,30,35,31,32,&start_time=2018-1-30&end_time=2018-2-15&type=detail
INFO: [ app_init ] --START--
INFO: Run Behavior\BuildLiteBehavior [ RunTime:0.000039s ]
INFO: [ app_init ] --END-- [ RunTime:0.013686s ]

[ 2018-03-27T08:59:07+08:00 ] 127.0.0.1 /index.php/Home/Order/exprort_order?customer_id=16&department_id=0,30,35,31,32,&start_time=2018-1-30&end_time=2018-2-15&type=detail
INFO: [ app_init ] --START--
INFO: Run Behavior\BuildLiteBehavior [ RunTime:0.000036s ]
INFO: [ app_init ] --END-- [ RunTime:0.000839s ]

[ 2018-03-27T08:59:32+08:00 ] 127.0.0.1 /index.php/Home/Order/exprort_order?customer_id=16&department_id=0,30,35,31,32,&start_time=2018-1-30&end_time=2018-2-15&type=detail
INFO: [ app_init ] --START--
INFO: Run Behavior\BuildLiteBehavior [ RunTime:0.000026s ]
INFO: [ app_init ] --END-- [ RunTime:0.000607s ]

[ 2018-03-27T08:59:44+08:00 ] 127.0.0.1 /index.php/Home/Order/exprort_order?customer_id=16&department_id=0,30,35,31,32,&start_time=2018-1-30&end_time=2018-2-15&type=detail
INFO: [ app_init ] --START--
INFO: Run Behavior\BuildLiteBehavior [ RunTime:0.000035s ]
INFO: [ app_init ] --END-- [ RunTime:0.000849s ]

[ 2018-03-27T09:00:13+08:00 ] 127.0.0.1 /index.php/Home/Order/exprort_order?customer_id=16&department_id=0,30,35,31,32,&start_time=2018-1-30&end_time=2018-2-15&type=detail
INFO: [ app_init ] --START--
INFO: Run Behavior\BuildLiteBehavior [ RunTime:0.000026s ]
INFO: [ app_init ] --END-- [ RunTime:0.000702s ]

[ 2018-03-27T09:01:45+08:00 ] 127.0.0.1 /index.php/Home/Order/exprort_order?customer_id=16&department_id=0,30,35,31,32,&start_time=2018-1-30&end_time=2018-2-15&type=detail
INFO: [ app_init ] --START--
INFO: Run Behavior\BuildLiteBehavior [ RunTime:0.000026s ]
INFO: [ app_init ] --END-- [ RunTime:0.000628s ]

[ 2018-03-27T09:03:45+08:00 ] 127.0.0.1 /index.php/Home/Login/getVerify.html?time=1522112625010
INFO: [ app_init ] --START--
INFO: Run Behavior\BuildLiteBehavior [ RunTime:0.000026s ]
INFO: [ app_init ] --END-- [ RunTime:0.000693s ]

[ 2018-03-27T09:03:48+08:00 ] 127.0.0.1 /index.php/Home/Login/post_login
INFO: [ app_init ] --START--
INFO: Run Behavior\BuildLiteBehavior [ RunTime:0.000023s ]
INFO: [ app_init ] --END-- [ RunTime:0.000499s ]

[ 2018-03-27T09:03:50+08:00 ] 127.0.0.1 /index.php/Home/Index/index
INFO: [ app_init ] --START--
INFO: Run Behavior\BuildLiteBehavior [ RunTime:0.000041s ]
INFO: [ app_init ] --END-- [ RunTime:0.000749s ]

[ 2018-03-27T09:04:05+08:00 ] 127.0.0.1 /index.php/Home/Order/sender_choose_linen?type=sender
INFO: [ app_init ] --START--
INFO: Run Behavior\BuildLiteBehavior [ RunTime:0.000024s ]
INFO: [ app_init ] --END-- [ RunTime:0.000653s ]

[ 2018-03-27T09:04:07+08:00 ] 127.0.0.1 /index.php/Home/Department/getdepartmentlist?customer_id=16
INFO: [ app_init ] --START--
INFO: Run Behavior\BuildLiteBehavior [ RunTime:0.000027s ]
INFO: [ app_init ] --END-- [ RunTime:0.000764s ]

[ 2018-03-27T09:04:08+08:00 ] 127.0.0.1 /index.php/Home/Order/get_storehouse_list
INFO: [ app_init ] --START--
INFO: Run Behavior\BuildLiteBehavior [ RunTime:0.000027s ]
INFO: [ app_init ] --END-- [ RunTime:0.000735s ]

[ 2018-03-27T09:04:13+08:00 ] 127.0.0.1 /index.php/Home/Order/sender_linen_month_order?customer_id=16&department_id=0,30,35,31,32,&start_time=2018-2-26&end_time=2018-3-21
INFO: [ app_init ] --START--
INFO: Run Behavior\BuildLiteBehavior [ RunTime:0.000027s ]
INFO: [ app_init ] --END-- [ RunTime:0.000758s ]

[ 2018-03-27T09:05:20+08:00 ] 127.0.0.1 /index.php/Home/Order/sender_choose_linen?type=sender
INFO: [ app_init ] --START--
INFO: Run Behavior\BuildLiteBehavior [ RunTime:0.000019s ]
INFO: [ app_init ] --END-- [ RunTime:0.000406s ]

[ 2018-03-27T09:05:22+08:00 ] 127.0.0.1 /index.php/Home/Department/getdepartmentlist?customer_id=16
INFO: [ app_init ] --START--
INFO: Run Behavior\BuildLiteBehavior [ RunTime:0.000029s ]
INFO: [ app_init ] --END-- [ RunTime:0.000605s ]

[ 2018-03-27T09:05:23+08:00 ] 127.0.0.1 /index.php/Home/Order/get_storehouse_list
INFO: [ app_init ] --START--
INFO: Run Behavior\BuildLiteBehavior [ RunTime:0.000027s ]
INFO: [ app_init ] --END-- [ RunTime:0.000652s ]

[ 2018-03-27T09:05:31+08:00 ] 127.0.0.1 /index.php/Home/Order/sender_linen_month_order?customer_id=16&department_id=0,30,35,31,32,&start_time=2018-3-15&end_time=2018-3-31
INFO: [ app_init ] --START--
INFO: Run Behavior\BuildLiteBehavior [ RunTime:0.000026s ]
INFO: [ app_init ] --END-- [ RunTime:0.000652s ]
ERR: Think\Controller:get_orderdate_list方法不存在！

[ 2018-03-27T09:06:12+08:00 ] 127.0.0.1 /index.php/Home/Order/sender_linen_month_order?customer_id=16&department_id=0,30,35,31,32,&start_time=2018-3-15&end_time=2018-3-31
INFO: [ app_init ] --START--
INFO: Run Behavior\BuildLiteBehavior [ RunTime:0.000024s ]
INFO: [ app_init ] --END-- [ RunTime:0.000517s ]

[ 2018-03-27T09:06:15+08:00 ] 127.0.0.1 /index.php/Home/Order/recriver_choose_linen?type=recriver
INFO: [ app_init ] --START--
INFO: Run Behavior\BuildLiteBehavior [ RunTime:0.000031s ]
INFO: [ app_init ] --END-- [ RunTime:0.000724s ]

[ 2018-03-27T09:06:17+08:00 ] 127.0.0.1 /index.php/Home/Department/getdepartmentlist?customer_id=16
INFO: [ app_init ] --START--
INFO: Run Behavior\BuildLiteBehavior [ RunTime:0.000017s ]
INFO: [ app_init ] --END-- [ RunTime:0.000409s ]

[ 2018-03-27T09:06:18+08:00 ] 127.0.0.1 /index.php/Home/Order/get_storehouse_list
INFO: [ app_init ] --START--
INFO: Run Behavior\BuildLiteBehavior [ RunTime:0.000031s ]
INFO: [ app_init ] --END-- [ RunTime:0.000712s ]

[ 2018-03-27T09:06:24+08:00 ] 127.0.0.1 /index.php/Home/Order/recriver_linen_month_order?customer_id=16&department_id=0,30,35,31,32,&start_time=2018-3-23&end_time=2018-4-19
INFO: [ app_init ] --START--
INFO: Run Behavior\BuildLiteBehavior [ RunTime:0.000023s ]
INFO: [ app_init ] --END-- [ RunTime:0.000565s ]

[ 2018-03-27T09:06:26+08:00 ] 127.0.0.1 /index.php/Home/Order/recriver_choose_linen?type=recriver
INFO: [ app_init ] --START--
INFO: Run Behavior\BuildLiteBehavior [ RunTime:0.000018s ]
INFO: [ app_init ] --END-- [ RunTime:0.000415s ]

[ 2018-03-27T09:06:28+08:00 ] 127.0.0.1 /index.php/Home/Department/getdepartmentlist?customer_id=16
INFO: [ app_init ] --START--
INFO: Run Behavior\BuildLiteBehavior [ RunTime:0.000018s ]
INFO: [ app_init ] --END-- [ RunTime:0.000518s ]

[ 2018-03-27T09:06:29+08:00 ] 127.0.0.1 /index.php/Home/Order/get_storehouse_list
INFO: [ app_init ] --START--
INFO: Run Behavior\BuildLiteBehavior [ RunTime:0.000031s ]
INFO: [ app_init ] --END-- [ RunTime:0.000751s ]

[ 2018-03-27T09:06:34+08:00 ] 127.0.0.1 /index.php/Home/Order/recriver_linen_month_order?customer_id=16&department_id=0,30,35,31,32,&start_time=2018-1-29&end_time=2018-2-16
INFO: [ app_init ] --START--
INFO: Run Behavior\BuildLiteBehavior [ RunTime:0.000018s ]
INFO: [ app_init ] --END-- [ RunTime:0.000408s ]

[ 2018-03-27T09:06:42+08:00 ] 127.0.0.1 /index.php/Home/Order/sender_choose_linen?type=sender
INFO: [ app_init ] --START--
INFO: Run Behavior\BuildLiteBehavior [ RunTime:0.000027s ]
INFO: [ app_init ] --END-- [ RunTime:0.000680s ]

[ 2018-03-27T09:06:45+08:00 ] 127.0.0.1 /index.php/Home/Department/getdepartmentlist?customer_id=16
INFO: [ app_init ] --START--
INFO: Run Behavior\BuildLiteBehavior [ RunTime:0.000026s ]
INFO: [ app_init ] --END-- [ RunTime:0.000659s ]

[ 2018-03-27T09:06:47+08:00 ] 127.0.0.1 /index.php/Home/Order/get_storehouse_list
INFO: [ app_init ] --START--
INFO: Run Behavior\BuildLiteBehavior [ RunTime:0.000024s ]
INFO: [ app_init ] --END-- [ RunTime:0.000536s ]

[ 2018-03-27T09:06:52+08:00 ] 127.0.0.1 /index.php/Home/Order/sender_linen_month_order?customer_id=16&department_id=0,30,35,31,32,&start_time=2018-1-14&end_time=2018-1-17
INFO: [ app_init ] --START--
INFO: Run Behavior\BuildLiteBehavior [ RunTime:0.000023s ]
INFO: [ app_init ] --END-- [ RunTime:0.000563s ]

[ 2018-03-27T09:06:54+08:00 ] 127.0.0.1 /index.php/Home/Order/choose_linen?type=detail
INFO: [ app_init ] --START--
INFO: Run Behavior\BuildLiteBehavior [ RunTime:0.000025s ]
INFO: [ app_init ] --END-- [ RunTime:0.000688s ]

[ 2018-03-27T09:06:56+08:00 ] 127.0.0.1 /index.php/Home/Department/getdepartmentlist?customer_id=16
INFO: [ app_init ] --START--
INFO: Run Behavior\BuildLiteBehavior [ RunTime:0.000018s ]
INFO: [ app_init ] --END-- [ RunTime:0.000453s ]

[ 2018-03-27T09:06:58+08:00 ] 127.0.0.1 /index.php/Home/Order/get_storehouse_list
INFO: [ app_init ] --START--
INFO: Run Behavior\BuildLiteBehavior [ RunTime:0.000022s ]
INFO: [ app_init ] --END-- [ RunTime:0.000428s ]

[ 2018-03-27T09:07:04+08:00 ] 127.0.0.1 /index.php/Home/Order/detail_linen_month_order?customer_id=16&department_id=0,30,35,31,32,&start_time=2018-1-28&end_time=2018-2-14
INFO: [ app_init ] --START--
INFO: Run Behavior\BuildLiteBehavior [ RunTime:0.000036s ]
INFO: [ app_init ] --END-- [ RunTime:0.000823s ]

[ 2018-03-27T09:07:12+08:00 ] 127.0.0.1 /index.php/Home/order/exprort_order/customer_id/16/department_id/0%2C30%2C35%2C31%2C32%2C/start_time/2018-1-28/end_time/2018-2-14/type/detail.html
INFO: [ app_init ] --START--
INFO: Run Behavior\BuildLiteBehavior [ RunTime:0.000027s ]
INFO: [ app_init ] --END-- [ RunTime:0.000628s ]

[ 2018-03-27T09:07:53+08:00 ] 127.0.0.1 /index.php/Home/Order/recriver_choose_linen?type=recriver
INFO: [ app_init ] --START--
INFO: Run Behavior\BuildLiteBehavior [ RunTime:0.000017s ]
INFO: [ app_init ] --END-- [ RunTime:0.000522s ]

[ 2018-03-27T09:07:55+08:00 ] 127.0.0.1 /index.php/Home/Department/getdepartmentlist?customer_id=16
INFO: [ app_init ] --START--
INFO: Run Behavior\BuildLiteBehavior [ RunTime:0.000017s ]
INFO: [ app_init ] --END-- [ RunTime:0.000574s ]

[ 2018-03-27T09:07:57+08:00 ] 127.0.0.1 /index.php/Home/Order/get_storehouse_list
INFO: [ app_init ] --START--
INFO: Run Behavior\BuildLiteBehavior [ RunTime:0.000016s ]
INFO: [ app_init ] --END-- [ RunTime:0.000448s ]

[ 2018-03-27T09:08:02+08:00 ] 127.0.0.1 /index.php/Home/Order/recriver_linen_month_order?customer_id=16&department_id=0,30,35,31,32,&start_time=2018-1-29&end_time=2018-2-14
INFO: [ app_init ] --START--
INFO: Run Behavior\BuildLiteBehavior [ RunTime:0.000017s ]
INFO: [ app_init ] --END-- [ RunTime:0.000449s ]

[ 2018-03-27T09:08:09+08:00 ] 127.0.0.1 /index.php/Home/order/exprort_order/customer_id/16/department_id/0%2C30%2C35%2C31%2C32%2C/start_time/2018-1-29/end_time/2018-2-14/type/receiver.html
INFO: [ app_init ] --START--
INFO: Run Behavior\BuildLiteBehavior [ RunTime:0.000018s ]
INFO: [ app_init ] --END-- [ RunTime:0.000468s ]

[ 2018-03-27T09:08:17+08:00 ] 127.0.0.1 /index.php/Home/System/clearCatch
INFO: [ app_init ] --START--
INFO: Run Behavior\BuildLiteBehavior [ RunTime:0.000016s ]
INFO: [ app_init ] --END-- [ RunTime:0.000452s ]

[ 2018-03-27T09:08:19+08:00 ] 127.0.0.1 /index.php/Home/Order/recriver_linen_month_order?customer_id=16&department_id=0,30,35,31,32,&start_time=2018-1-29&end_time=2018-2-14
INFO: [ app_init ] --START--
INFO: Run Behavior\BuildLiteBehavior [ RunTime:0.000016s ]
INFO: [ app_init ] --END-- [ RunTime:0.000438s ]

[ 2018-03-27T09:08:20+08:00 ] 127.0.0.1 /index.php/Home/Order/sender_choose_linen?type=sender
INFO: [ app_init ] --START--
INFO: Run Behavior\BuildLiteBehavior [ RunTime:0.000019s ]
INFO: [ app_init ] --END-- [ RunTime:0.000474s ]

[ 2018-03-27T09:08:22+08:00 ] 127.0.0.1 /index.php/Home/Department/getdepartmentlist?customer_id=16
INFO: [ app_init ] --START--
INFO: Run Behavior\BuildLiteBehavior [ RunTime:0.000025s ]
INFO: [ app_init ] --END-- [ RunTime:0.000818s ]

[ 2018-03-27T09:08:23+08:00 ] 127.0.0.1 /index.php/Home/Order/get_storehouse_list
INFO: [ app_init ] --START--
INFO: Run Behavior\BuildLiteBehavior [ RunTime:0.000027s ]
INFO: [ app_init ] --END-- [ RunTime:0.000491s ]

[ 2018-03-27T09:08:28+08:00 ] 127.0.0.1 /index.php/Home/Order/sender_linen_month_order?customer_id=16&department_id=0,30,35,31,32,&start_time=2018-1-29&end_time=2018-2-15
INFO: [ app_init ] --START--
INFO: Run Behavior\BuildLiteBehavior [ RunTime:0.000017s ]
INFO: [ app_init ] --END-- [ RunTime:0.000391s ]

[ 2018-03-27T09:08:32+08:00 ] 127.0.0.1 /index.php/Home/order/exprort_order/customer_id/16/department_id/0%2C30%2C35%2C31%2C32%2C/start_time/2018-1-29/end_time/2018-2-15/type/sender.html
INFO: [ app_init ] --START--
INFO: Run Behavior\BuildLiteBehavior [ RunTime:0.000022s ]
INFO: [ app_init ] --END-- [ RunTime:0.000426s ]

[ 2018-03-27T09:08:54+08:00 ] 127.0.0.1 /index.php/Home/Order/recriver_choose_linen?type=recriver
INFO: [ app_init ] --START--
INFO: Run Behavior\BuildLiteBehavior [ RunTime:0.000017s ]
INFO: [ app_init ] --END-- [ RunTime:0.000393s ]

[ 2018-03-27T09:08:56+08:00 ] 127.0.0.1 /index.php/Home/Department/getdepartmentlist?customer_id=16
INFO: [ app_init ] --START--
INFO: Run Behavior\BuildLiteBehavior [ RunTime:0.000027s ]
INFO: [ app_init ] --END-- [ RunTime:0.000575s ]

[ 2018-03-27T09:08:57+08:00 ] 127.0.0.1 /index.php/Home/Order/get_storehouse_list
INFO: [ app_init ] --START--
INFO: Run Behavior\BuildLiteBehavior [ RunTime:0.000017s ]
INFO: [ app_init ] --END-- [ RunTime:0.000514s ]

[ 2018-03-27T09:09:04+08:00 ] 127.0.0.1 /index.php/Home/Order/recriver_linen_month_order?customer_id=16&department_id=0,30,35,31,32,&start_time=2018-1-29&end_time=2018-2-15
INFO: [ app_init ] --START--
INFO: Run Behavior\BuildLiteBehavior [ RunTime:0.000017s ]
INFO: [ app_init ] --END-- [ RunTime:0.000394s ]

[ 2018-03-27T09:13:58+08:00 ] 127.0.0.1 /index.php/Home/Order/choose_linen?type=detail
INFO: [ app_init ] --START--
INFO: Run Behavior\BuildLiteBehavior [ RunTime:0.000021s ]
INFO: [ app_init ] --END-- [ RunTime:0.000490s ]

[ 2018-03-27T09:14:00+08:00 ] 127.0.0.1 /index.php/Home/Department/getdepartmentlist?customer_id=16
INFO: [ app_init ] --START--
INFO: Run Behavior\BuildLiteBehavior [ RunTime:0.000015s ]
INFO: [ app_init ] --END-- [ RunTime:0.000381s ]

[ 2018-03-27T09:14:01+08:00 ] 127.0.0.1 /index.php/Home/Order/get_storehouse_list
INFO: [ app_init ] --START--
INFO: Run Behavior\BuildLiteBehavior [ RunTime:0.000016s ]
INFO: [ app_init ] --END-- [ RunTime:0.000394s ]

[ 2018-03-27T09:14:12+08:00 ] 127.0.0.1 /index.php/Home/Order/detail_linen_month_order?customer_id=16&department_id=0,30,35,31,32,&start_time=2018-1-29&end_time=2018-2-15
INFO: [ app_init ] --START--
INFO: Run Behavior\BuildLiteBehavior [ RunTime:0.000016s ]
INFO: [ app_init ] --END-- [ RunTime:0.000379s ]

[ 2018-03-27T09:14:46+08:00 ] 127.0.0.1 /index.php/Home/NewProduct/new_product
INFO: [ app_init ] --START--
INFO: Run Behavior\BuildLiteBehavior [ RunTime:0.000028s ]
INFO: [ app_init ] --END-- [ RunTime:0.000556s ]

[ 2018-03-27T09:14:47+08:00 ] 127.0.0.1 /index.php/Home/NewProduct/get_washinglist
INFO: [ app_init ] --START--
INFO: Run Behavior\BuildLiteBehavior [ RunTime:0.000020s ]
INFO: [ app_init ] --END-- [ RunTime:0.000403s ]

[ 2018-03-27T09:15:00+08:00 ] 127.0.0.1 /index.php/Home/NewProduct/new_product?washing_id=33&start_time=2018-1-29&end_time=2018-2-14
INFO: [ app_init ] --START--
INFO: Run Behavior\BuildLiteBehavior [ RunTime:0.000016s ]
INFO: [ app_init ] --END-- [ RunTime:0.000378s ]

[ 2018-03-27T09:15:00+08:00 ] 127.0.0.1 /index.php/Home/NewProduct/get_washinglist
INFO: [ app_init ] --START--
INFO: Run Behavior\BuildLiteBehavior [ RunTime:0.000017s ]
INFO: [ app_init ] --END-- [ RunTime:0.000365s ]

[ 2018-03-27T09:15:04+08:00 ] 127.0.0.1 /index.php/Home/NewProduct/new_product?washing_id=12&start_time=2018-1-29&end_time=2018-2-14
INFO: [ app_init ] --START--
INFO: Run Behavior\BuildLiteBehavior [ RunTime:0.000024s ]
INFO: [ app_init ] --END-- [ RunTime:0.000425s ]

[ 2018-03-27T09:15:05+08:00 ] 127.0.0.1 /index.php/Home/NewProduct/get_washinglist
INFO: [ app_init ] --START--
INFO: Run Behavior\BuildLiteBehavior [ RunTime:0.000020s ]
INFO: [ app_init ] --END-- [ RunTime:0.000465s ]

[ 2018-03-27T09:15:10+08:00 ] 127.0.0.1 /index.php/Home/NewProduct/new_product?washing_id=12&start_time=2018-1-29&end_time=2018-2-14
INFO: [ app_init ] --START--
INFO: Run Behavior\BuildLiteBehavior [ RunTime:0.000017s ]
INFO: [ app_init ] --END-- [ RunTime:0.000385s ]

[ 2018-03-27T09:15:11+08:00 ] 127.0.0.1 /index.php/Home/NewProduct/get_washinglist
INFO: [ app_init ] --START--
INFO: Run Behavior\BuildLiteBehavior [ RunTime:0.000015s ]
INFO: [ app_init ] --END-- [ RunTime:0.000373s ]

[ 2018-03-27T09:15:28+08:00 ] 127.0.0.1 /index.php/Home/NewProduct/new_product?washing_id=12&start_time=2017-3-5&end_time=2018-4-26
INFO: [ app_init ] --START--
INFO: Run Behavior\BuildLiteBehavior [ RunTime:0.000027s ]
INFO: [ app_init ] --END-- [ RunTime:0.000511s ]

[ 2018-03-27T09:15:28+08:00 ] 127.0.0.1 /index.php/Home/NewProduct/get_washinglist
INFO: [ app_init ] --START--
INFO: Run Behavior\BuildLiteBehavior [ RunTime:0.000015s ]
INFO: [ app_init ] --END-- [ RunTime:0.000331s ]

[ 2018-03-27T09:15:34+08:00 ] 127.0.0.1 /index.php/Home/Order/choose_dirty?type=dirty
INFO: [ app_init ] --START--
INFO: Run Behavior\BuildLiteBehavior [ RunTime:0.000016s ]
INFO: [ app_init ] --END-- [ RunTime:0.000386s ]

[ 2018-03-27T09:15:35+08:00 ] 127.0.0.1 /index.php/Home/Department/getdepartmentlist?customer_id=16
INFO: [ app_init ] --START--
INFO: Run Behavior\BuildLiteBehavior [ RunTime:0.000017s ]
INFO: [ app_init ] --END-- [ RunTime:0.000387s ]

[ 2018-03-27T09:15:37+08:00 ] 127.0.0.1 /index.php/Home/Order/get_storehouse_list
INFO: [ app_init ] --START--
INFO: Run Behavior\BuildLiteBehavior [ RunTime:0.000015s ]
INFO: [ app_init ] --END-- [ RunTime:0.000378s ]

[ 2018-03-27T09:15:49+08:00 ] 127.0.0.1 /index.php/Home/Order/dirty_order?customer_id=16&department_id=0,30,35,31,32,&storehouse_id=35,&washing_id=12&start_time=2018-1-29&end_time=2018-2-15
INFO: [ app_init ] --START--
INFO: Run Behavior\BuildLiteBehavior [ RunTime:0.000017s ]
INFO: [ app_init ] --END-- [ RunTime:0.000454s ]

[ 2018-03-27T09:20:46+08:00 ] 127.0.0.1 /index.php/Home/Order/sender_choose_linen?type=sender
INFO: [ app_init ] --START--
INFO: Run Behavior\BuildLiteBehavior [ RunTime:0.000017s ]
INFO: [ app_init ] --END-- [ RunTime:0.000453s ]

[ 2018-03-27T09:20:48+08:00 ] 127.0.0.1 /index.php/Home/Department/getdepartmentlist?customer_id=16
INFO: [ app_init ] --START--
INFO: Run Behavior\BuildLiteBehavior [ RunTime:0.000027s ]
INFO: [ app_init ] --END-- [ RunTime:0.000640s ]

[ 2018-03-27T09:20:49+08:00 ] 127.0.0.1 /index.php/Home/Order/get_storehouse_list
INFO: [ app_init ] --START--
INFO: Run Behavior\BuildLiteBehavior [ RunTime:0.000015s ]
INFO: [ app_init ] --END-- [ RunTime:0.000413s ]

[ 2018-03-27T09:20:58+08:00 ] 127.0.0.1 /index.php/Home/Order/sender_linen_month_order?customer_id=16&department_id=0,30,35,31,32,&start_time=2018-1-31&end_time=2018-1-31
INFO: [ app_init ] --START--
INFO: Run Behavior\BuildLiteBehavior [ RunTime:0.000016s ]
INFO: [ app_init ] --END-- [ RunTime:0.000389s ]

[ 2018-03-27T09:21:21+08:00 ] 127.0.0.1 /index.php/Home/Order/choose_linen?type=detail
INFO: [ app_init ] --START--
INFO: Run Behavior\BuildLiteBehavior [ RunTime:0.000016s ]
INFO: [ app_init ] --END-- [ RunTime:0.000384s ]

[ 2018-03-27T09:21:24+08:00 ] 127.0.0.1 /index.php/Home/Department/getdepartmentlist?customer_id=16
INFO: [ app_init ] --START--
INFO: Run Behavior\BuildLiteBehavior [ RunTime:0.000016s ]
INFO: [ app_init ] --END-- [ RunTime:0.000387s ]

[ 2018-03-27T09:21:25+08:00 ] 127.0.0.1 /index.php/Home/Order/get_storehouse_list
INFO: [ app_init ] --START--
INFO: Run Behavior\BuildLiteBehavior [ RunTime:0.000018s ]
INFO: [ app_init ] --END-- [ RunTime:0.000473s ]

[ 2018-03-27T09:21:31+08:00 ] 127.0.0.1 /index.php/Home/Order/detail_linen_month_order?customer_id=16&department_id=0,30,35,31,32,&start_time=2018-1-30&end_time=2018-2-28
INFO: [ app_init ] --START--
INFO: Run Behavior\BuildLiteBehavior [ RunTime:0.000017s ]
INFO: [ app_init ] --END-- [ RunTime:0.000403s ]

[ 2018-03-27T09:22:51+08:00 ] 127.0.0.1 /index.php/Home/Order/sender_choose_linen?type=sender
INFO: [ app_init ] --START--
INFO: Run Behavior\BuildLiteBehavior [ RunTime:0.000020s ]
INFO: [ app_init ] --END-- [ RunTime:0.000461s ]

[ 2018-03-27T09:22:53+08:00 ] 127.0.0.1 /index.php/Home/Department/getdepartmentlist?customer_id=16
INFO: [ app_init ] --START--
INFO: Run Behavior\BuildLiteBehavior [ RunTime:0.000017s ]
INFO: [ app_init ] --END-- [ RunTime:0.000380s ]

[ 2018-03-27T09:22:55+08:00 ] 127.0.0.1 /index.php/Home/Order/get_storehouse_list
INFO: [ app_init ] --START--
INFO: Run Behavior\BuildLiteBehavior [ RunTime:0.000018s ]
INFO: [ app_init ] --END-- [ RunTime:0.000415s ]

[ 2018-03-27T09:23:02+08:00 ] 127.0.0.1 /index.php/Home/Order/sender_linen_month_order?customer_id=16&department_id=0,30,35,31,32,&start_time=2018-1-30&end_time=2018-2-28
INFO: [ app_init ] --START--
INFO: Run Behavior\BuildLiteBehavior [ RunTime:0.000016s ]
INFO: [ app_init ] --END-- [ RunTime:0.000380s ]

[ 2018-03-27T11:53:51+08:00 ] 127.0.0.1 /index.php/Home/Order/recriver_choose_linen?type=recriver
INFO: [ app_init ] --START--
INFO: Run Behavior\BuildLiteBehavior [ RunTime:0.000037s ]
INFO: [ app_init ] --END-- [ RunTime:0.001006s ]

[ 2018-03-27T11:53:54+08:00 ] 127.0.0.1 /index.php/Home/Department/getdepartmentlist?customer_id=16
INFO: [ app_init ] --START--
INFO: Run Behavior\BuildLiteBehavior [ RunTime:0.000017s ]
INFO: [ app_init ] --END-- [ RunTime:0.000392s ]

[ 2018-03-27T11:53:56+08:00 ] 127.0.0.1 /index.php/Home/Order/get_storehouse_list
INFO: [ app_init ] --START--
INFO: Run Behavior\BuildLiteBehavior [ RunTime:0.000018s ]
INFO: [ app_init ] --END-- [ RunTime:0.000408s ]

[ 2018-03-27T11:54:02+08:00 ] 127.0.0.1 /index.php/Home/Order/recriver_linen_month_order?customer_id=16&department_id=0,30,35,31,32,&start_time=2018-1-29&end_time=2018-2-16
INFO: [ app_init ] --START--
INFO: Run Behavior\BuildLiteBehavior [ RunTime:0.000017s ]
INFO: [ app_init ] --END-- [ RunTime:0.000385s ]

[ 2018-03-27T11:55:36+08:00 ] 127.0.0.1 /index.php/Home/Order/recriver_choose_linen?type=recriver
INFO: [ app_init ] --START--
INFO: Run Behavior\BuildLiteBehavior [ RunTime:0.000018s ]
INFO: [ app_init ] --END-- [ RunTime:0.000389s ]

[ 2018-03-27T11:55:38+08:00 ] 127.0.0.1 /index.php/Home/Department/getdepartmentlist?customer_id=16
INFO: [ app_init ] --START--
INFO: Run Behavior\BuildLiteBehavior [ RunTime:0.000016s ]
INFO: [ app_init ] --END-- [ RunTime:0.000378s ]

[ 2018-03-27T11:55:40+08:00 ] 127.0.0.1 /index.php/Home/Order/get_storehouse_list
INFO: [ app_init ] --START--
INFO: Run Behavior\BuildLiteBehavior [ RunTime:0.000018s ]
INFO: [ app_init ] --END-- [ RunTime:0.000425s ]

[ 2018-03-27T11:55:44+08:00 ] 127.0.0.1 /index.php/Home/Order/recriver_linen_month_order?customer_id=16&department_id=0,30,35,31,32,&start_time=2018-3-22&end_time=2018-3-22
INFO: [ app_init ] --START--
INFO: Run Behavior\BuildLiteBehavior [ RunTime:0.000016s ]
INFO: [ app_init ] --END-- [ RunTime:0.000396s ]

[ 2018-03-27T11:58:18+08:00 ] 127.0.0.1 /index.php/Home/Order/sender_choose_linen?type=sender
INFO: [ app_init ] --START--
INFO: Run Behavior\BuildLiteBehavior [ RunTime:0.000019s ]
INFO: [ app_init ] --END-- [ RunTime:0.000516s ]

[ 2018-03-27T11:58:29+08:00 ] 127.0.0.1 /index.php/Home/Department/getdepartmentlist?customer_id=16
INFO: [ app_init ] --START--
INFO: Run Behavior\BuildLiteBehavior [ RunTime:0.000034s ]
INFO: [ app_init ] --END-- [ RunTime:0.000712s ]

[ 2018-03-27T11:58:31+08:00 ] 127.0.0.1 /index.php/Home/Order/sender_choose_linen?type=sender
INFO: [ app_init ] --START--
INFO: Run Behavior\BuildLiteBehavior [ RunTime:0.000018s ]
INFO: [ app_init ] --END-- [ RunTime:0.000394s ]

[ 2018-03-27T14:09:05+08:00 ] 127.0.0.1 /index.php/Home/Order/sender_choose_linen?type=sender
INFO: [ app_init ] --START--
INFO: Run Behavior\BuildLiteBehavior [ RunTime:0.000023s ]
INFO: [ app_init ] --END-- [ RunTime:0.000634s ]

[ 2018-03-27T14:09:07+08:00 ] 127.0.0.1 /index.php/Home/Login/logOut
INFO: [ app_init ] --START--
INFO: Run Behavior\BuildLiteBehavior [ RunTime:0.000018s ]
INFO: [ app_init ] --END-- [ RunTime:0.000418s ]

[ 2018-03-27T14:09:08+08:00 ] 127.0.0.1 /index.php/Home/Login/login
INFO: [ app_init ] --START--
INFO: Run Behavior\BuildLiteBehavior [ RunTime:0.000015s ]
INFO: [ app_init ] --END-- [ RunTime:0.000362s ]

[ 2018-03-27T14:09:08+08:00 ] 127.0.0.1 /index.php/Home/Login/getVerify.html
INFO: [ app_init ] --START--
INFO: Run Behavior\BuildLiteBehavior [ RunTime:0.000027s ]
INFO: [ app_init ] --END-- [ RunTime:0.000650s ]

[ 2018-03-27T14:09:20+08:00 ] 127.0.0.1 /index.php/Home/Login/post_login
INFO: [ app_init ] --START--
INFO: Run Behavior\BuildLiteBehavior [ RunTime:0.000021s ]
INFO: [ app_init ] --END-- [ RunTime:0.000464s ]

[ 2018-03-27T14:09:22+08:00 ] 127.0.0.1 /index.php/Home/Index/index
INFO: [ app_init ] --START--
INFO: Run Behavior\BuildLiteBehavior [ RunTime:0.000022s ]
INFO: [ app_init ] --END-- [ RunTime:0.000472s ]

[ 2018-03-27T14:09:24+08:00 ] 127.0.0.1 /index.php/Home/Order/recriver_day_choose_linen?type=recriver
INFO: [ app_init ] --START--
INFO: Run Behavior\BuildLiteBehavior [ RunTime:0.000047s ]
INFO: [ app_init ] --END-- [ RunTime:0.000601s ]
ERR: 非法操作:recriver_day_choose_linen

[ 2018-03-27T14:10:39+08:00 ] 127.0.0.1 /index.php/Home/Order/recriver_day_choose_linen?type=recriver
INFO: [ app_init ] --START--
INFO: Run Behavior\BuildLiteBehavior [ RunTime:0.000016s ]
INFO: [ app_init ] --END-- [ RunTime:0.000362s ]
ERR: 非法操作:recriver_day_choose_linen

[ 2018-03-27T14:10:42+08:00 ] 127.0.0.1 /index.php/Home/Index/index
INFO: [ app_init ] --START--
INFO: Run Behavior\BuildLiteBehavior [ RunTime:0.000019s ]
INFO: [ app_init ] --END-- [ RunTime:0.000612s ]

[ 2018-03-27T14:10:44+08:00 ] 127.0.0.1 /index.php/Home/Order/recriver_day_choose_linen?type=recriver
INFO: [ app_init ] --START--
INFO: Run Behavior\BuildLiteBehavior [ RunTime:0.000027s ]
INFO: [ app_init ] --END-- [ RunTime:0.000597s ]
ERR: 非法操作:recriver_day_choose_linen

[ 2018-03-27T14:10:48+08:00 ] 127.0.0.1 /index.php/Home/Login/logOut
INFO: [ app_init ] --START--
INFO: Run Behavior\BuildLiteBehavior [ RunTime:0.000016s ]
INFO: [ app_init ] --END-- [ RunTime:0.000371s ]

[ 2018-03-27T14:10:49+08:00 ] 127.0.0.1 /index.php/Home/Login/login
INFO: [ app_init ] --START--
INFO: Run Behavior\BuildLiteBehavior [ RunTime:0.000021s ]
INFO: [ app_init ] --END-- [ RunTime:0.000545s ]

[ 2018-03-27T14:10:49+08:00 ] 127.0.0.1 /index.php/Home/Login/getVerify.html
INFO: [ app_init ] --START--
INFO: Run Behavior\BuildLiteBehavior [ RunTime:0.000024s ]
INFO: [ app_init ] --END-- [ RunTime:0.000570s ]

[ 2018-03-27T14:11:02+08:00 ] 127.0.0.1 /index.php/Home/Login/post_login
INFO: [ app_init ] --START--
INFO: Run Behavior\BuildLiteBehavior [ RunTime:0.000015s ]
INFO: [ app_init ] --END-- [ RunTime:0.000337s ]

[ 2018-03-27T14:11:03+08:00 ] 127.0.0.1 /index.php/Home/Index/index
INFO: [ app_init ] --START--
INFO: Run Behavior\BuildLiteBehavior [ RunTime:0.000022s ]
INFO: [ app_init ] --END-- [ RunTime:0.000488s ]

[ 2018-03-27T14:11:23+08:00 ] 127.0.0.1 /index.php/Home/Order/day_sender_choose_linen?type=sender
INFO: [ app_init ] --START--
INFO: Run Behavior\BuildLiteBehavior [ RunTime:0.000016s ]
INFO: [ app_init ] --END-- [ RunTime:0.000430s ]

[ 2018-03-27T14:11:28+08:00 ] 127.0.0.1 /index.php/Home/Order/day_recriver_choose_linen?type=recriver
INFO: [ app_init ] --START--
INFO: Run Behavior\BuildLiteBehavior [ RunTime:0.000033s ]
INFO: [ app_init ] --END-- [ RunTime:0.000667s ]

[ 2018-03-27T14:11:29+08:00 ] 127.0.0.1 /index.php/Home/Order/day_choose_linen?type=detail
INFO: [ app_init ] --START--
INFO: Run Behavior\BuildLiteBehavior [ RunTime:0.000016s ]
INFO: [ app_init ] --END-- [ RunTime:0.000383s ]

[ 2018-03-27T14:12:13+08:00 ] 127.0.0.1 /index.php/Home/Order/recriver_choose_linen?type=recriver
INFO: [ app_init ] --START--
INFO: Run Behavior\BuildLiteBehavior [ RunTime:0.000018s ]
INFO: [ app_init ] --END-- [ RunTime:0.000410s ]

[ 2018-03-27T14:12:14+08:00 ] 127.0.0.1 /index.php/Home/Order/day_choose_linen?type=detail
INFO: [ app_init ] --START--
INFO: Run Behavior\BuildLiteBehavior [ RunTime:0.000016s ]
INFO: [ app_init ] --END-- [ RunTime:0.000422s ]

[ 2018-03-27T14:12:37+08:00 ] 127.0.0.1 /index.php/Home/Order/day_choose_linen?type=detail
INFO: [ app_init ] --START--
INFO: Run Behavior\BuildLiteBehavior [ RunTime:0.000018s ]
INFO: [ app_init ] --END-- [ RunTime:0.000482s ]

[ 2018-03-27T14:12:39+08:00 ] 127.0.0.1 /index.php/Home/Order/choose_linen?type=detail
INFO: [ app_init ] --START--
INFO: Run Behavior\BuildLiteBehavior [ RunTime:0.000013s ]
INFO: [ app_init ] --END-- [ RunTime:0.000333s ]

[ 2018-03-27T14:12:40+08:00 ] 127.0.0.1 /index.php/Home/Order/day_recriver_choose_linen?type=recriver
INFO: [ app_init ] --START--
INFO: Run Behavior\BuildLiteBehavior [ RunTime:0.000018s ]
INFO: [ app_init ] --END-- [ RunTime:0.000437s ]

[ 2018-03-27T14:12:47+08:00 ] 127.0.0.1 /index.php/Home/Order/choose_linen?type=detail
INFO: [ app_init ] --START--
INFO: Run Behavior\BuildLiteBehavior [ RunTime:0.000015s ]
INFO: [ app_init ] --END-- [ RunTime:0.000328s ]

[ 2018-03-27T14:12:48+08:00 ] 127.0.0.1 /index.php/Home/Order/day_recriver_choose_linen?type=recriver
INFO: [ app_init ] --START--
INFO: Run Behavior\BuildLiteBehavior [ RunTime:0.000016s ]
INFO: [ app_init ] --END-- [ RunTime:0.000389s ]

[ 2018-03-27T14:12:49+08:00 ] 127.0.0.1 /index.php/Home/Department/getdepartmentlist?customer_id=16
INFO: [ app_init ] --START--
INFO: Run Behavior\BuildLiteBehavior [ RunTime:0.000036s ]
INFO: [ app_init ] --END-- [ RunTime:0.000778s ]

[ 2018-03-27T14:12:51+08:00 ] 127.0.0.1 /index.php/Home/Order/get_storehouse_list
INFO: [ app_init ] --START--
INFO: Run Behavior\BuildLiteBehavior [ RunTime:0.000037s ]
INFO: [ app_init ] --END-- [ RunTime:0.000762s ]

[ 2018-03-27T14:12:55+08:00 ] 127.0.0.1 /index.php/Home/Order/recriver_linen_month_order?customer_id=16&department_id=0,30,35,31,32,&start_time=2018-3-28&end_time=2018-3-28
INFO: [ app_init ] --START--
INFO: Run Behavior\BuildLiteBehavior [ RunTime:0.000014s ]
INFO: [ app_init ] --END-- [ RunTime:0.000329s ]

[ 2018-03-27T14:12:59+08:00 ] 127.0.0.1 /index.php/Home/Order/recriver_choose_linen?type=recriver
INFO: [ app_init ] --START--
INFO: Run Behavior\BuildLiteBehavior [ RunTime:0.000016s ]
INFO: [ app_init ] --END-- [ RunTime:0.000379s ]

[ 2018-03-27T14:13:01+08:00 ] 127.0.0.1 /index.php/Home/Order/day_recriver_choose_linen?type=recriver
INFO: [ app_init ] --START--
INFO: Run Behavior\BuildLiteBehavior [ RunTime:0.000017s ]
INFO: [ app_init ] --END-- [ RunTime:0.000393s ]

[ 2018-03-27T14:13:36+08:00 ] 127.0.0.1 /index.php/Home/Department/getdepartmentlist?customer_id=16
INFO: [ app_init ] --START--
INFO: Run Behavior\BuildLiteBehavior [ RunTime:0.000025s ]
INFO: [ app_init ] --END-- [ RunTime:0.000539s ]

[ 2018-03-27T14:13:37+08:00 ] 127.0.0.1 /index.php/Home/Order/get_storehouse_list
INFO: [ app_init ] --START--
INFO: Run Behavior\BuildLiteBehavior [ RunTime:0.000017s ]
INFO: [ app_init ] --END-- [ RunTime:0.000389s ]

[ 2018-03-27T14:13:42+08:00 ] 127.0.0.1 /index.php/Home/Order/recriver_linen_month_order?customer_id=16&department_id=0,30,35,31,32,&start_time=2018-1-31&end_time=2018-1-31
INFO: [ app_init ] --START--
INFO: Run Behavior\BuildLiteBehavior [ RunTime:0.000017s ]
INFO: [ app_init ] --END-- [ RunTime:0.000378s ]

[ 2018-03-27T14:14:07+08:00 ] 127.0.0.1 /index.php/Home/Order/day_sender_choose_linen?type=sender
INFO: [ app_init ] --START--
INFO: Run Behavior\BuildLiteBehavior [ RunTime:0.000014s ]
INFO: [ app_init ] --END-- [ RunTime:0.000315s ]

[ 2018-03-27T14:14:10+08:00 ] 127.0.0.1 /index.php/Home/Department/getdepartmentlist?customer_id=16
INFO: [ app_init ] --START--
INFO: Run Behavior\BuildLiteBehavior [ RunTime:0.000017s ]
INFO: [ app_init ] --END-- [ RunTime:0.000424s ]

[ 2018-03-27T14:14:12+08:00 ] 127.0.0.1 /index.php/Home/Order/get_storehouse_list
INFO: [ app_init ] --START--
INFO: Run Behavior\BuildLiteBehavior [ RunTime:0.000018s ]
INFO: [ app_init ] --END-- [ RunTime:0.000428s ]

[ 2018-03-27T14:14:16+08:00 ] 127.0.0.1 /index.php/Home/Order/sender_linen_month_order?customer_id=16&department_id=0,30,35,31,32,&start_time=2018-2-6&end_time=2018-2-6
INFO: [ app_init ] --START--
INFO: Run Behavior\BuildLiteBehavior [ RunTime:0.000016s ]
INFO: [ app_init ] --END-- [ RunTime:0.000386s ]

[ 2018-03-27T14:14:22+08:00 ] 127.0.0.1 /index.php/Home/Order/day_choose_linen?type=detail
INFO: [ app_init ] --START--
INFO: Run Behavior\BuildLiteBehavior [ RunTime:0.000014s ]
INFO: [ app_init ] --END-- [ RunTime:0.000312s ]

[ 2018-03-27T14:14:24+08:00 ] 127.0.0.1 /index.php/Home/Department/getdepartmentlist?customer_id=16
INFO: [ app_init ] --START--
INFO: Run Behavior\BuildLiteBehavior [ RunTime:0.000016s ]
INFO: [ app_init ] --END-- [ RunTime:0.000396s ]

[ 2018-03-27T14:14:25+08:00 ] 127.0.0.1 /index.php/Home/Order/get_storehouse_list
INFO: [ app_init ] --START--
INFO: Run Behavior\BuildLiteBehavior [ RunTime:0.000017s ]
INFO: [ app_init ] --END-- [ RunTime:0.000511s ]

[ 2018-03-27T14:14:31+08:00 ] 127.0.0.1 /index.php/Home/Order/detail_linen_month_order?customer_id=16&department_id=0,30,35,31,32,&start_time=2018-2-6&end_time=2018-2-6
INFO: [ app_init ] --START--
INFO: Run Behavior\BuildLiteBehavior [ RunTime:0.000017s ]
INFO: [ app_init ] --END-- [ RunTime:0.000387s ]

[ 2018-03-27T14:14:58+08:00 ] 127.0.0.1 /index.php/Home/Order/detail_linen_month_order?customer_id=16&department_id=0,30,35,31,32,&start_time=2018-2-6&end_time=2018-2-8
INFO: [ app_init ] --START--
INFO: Run Behavior\BuildLiteBehavior [ RunTime:0.000014s ]
INFO: [ app_init ] --END-- [ RunTime:0.000327s ]

[ 2018-03-27T14:18:31+08:00 ] 127.0.0.1 /index.php/Home/Order/day_choose_linen?type=detail
INFO: [ app_init ] --START--
INFO: Run Behavior\BuildLiteBehavior [ RunTime:0.000030s ]
INFO: [ app_init ] --END-- [ RunTime:0.000574s ]

[ 2018-03-27T14:18:33+08:00 ] 127.0.0.1 /index.php/Home/Department/getdepartmentlist?customer_id=16
INFO: [ app_init ] --START--
INFO: Run Behavior\BuildLiteBehavior [ RunTime:0.000028s ]
INFO: [ app_init ] --END-- [ RunTime:0.000769s ]

[ 2018-03-27T14:18:35+08:00 ] 127.0.0.1 /index.php/Home/Order/get_storehouse_list
INFO: [ app_init ] --START--
INFO: Run Behavior\BuildLiteBehavior [ RunTime:0.000033s ]
INFO: [ app_init ] --END-- [ RunTime:0.000628s ]

[ 2018-03-27T14:18:38+08:00 ] 127.0.0.1 /index.php/Home/Order/day_detail_linen_month_order?customer_id=16&department_id=0,30,35,31,32,&start_time=2018-3-27&end_time=2018-3-27
INFO: [ app_init ] --START--
INFO: Run Behavior\BuildLiteBehavior [ RunTime:0.000017s ]
INFO: [ app_init ] --END-- [ RunTime:0.000401s ]

[ 2018-03-27T14:18:49+08:00 ] 127.0.0.1 /index.php/Home/Order/day_detail_linen_month_order?customer_id=16&department_id=0,30,35,31,32,&start_time=2018-3-27&end_time=2018-3-27
INFO: [ app_init ] --START--
INFO: Run Behavior\BuildLiteBehavior [ RunTime:0.000015s ]
INFO: [ app_init ] --END-- [ RunTime:0.000328s ]

[ 2018-03-27T14:19:44+08:00 ] 127.0.0.1 /index.php/Home/Order/day_detail_linen_month_order?customer_id=16&department_id=0,30,35,31,32,&start_time=2018-3-27&end_time=2018-3-27
INFO: [ app_init ] --START--
INFO: Run Behavior\BuildLiteBehavior [ RunTime:0.000019s ]
INFO: [ app_init ] --END-- [ RunTime:0.000487s ]

[ 2018-03-27T14:20:18+08:00 ] 127.0.0.1 /index.php/Home/Order/day_detail_linen_month_order?customer_id=16&department_id=0,30,35,31,32,&start_time=2018-3-27&end_time=2018-3-27
INFO: [ app_init ] --START--
INFO: Run Behavior\BuildLiteBehavior [ RunTime:0.000023s ]
INFO: [ app_init ] --END-- [ RunTime:0.000514s ]

[ 2018-03-27T14:20:23+08:00 ] 127.0.0.1 /index.php/Home/Login/logOut
INFO: [ app_init ] --START--
INFO: Run Behavior\BuildLiteBehavior [ RunTime:0.000024s ]
INFO: [ app_init ] --END-- [ RunTime:0.000575s ]

[ 2018-03-27T14:20:25+08:00 ] 127.0.0.1 /index.php/Home/Login/login
INFO: [ app_init ] --START--
INFO: Run Behavior\BuildLiteBehavior [ RunTime:0.000053s ]
INFO: [ app_init ] --END-- [ RunTime:0.001240s ]

[ 2018-03-27T14:20:25+08:00 ] 127.0.0.1 /index.php/Home/Login/getVerify.html
INFO: [ app_init ] --START--
INFO: Run Behavior\BuildLiteBehavior [ RunTime:0.000027s ]
INFO: [ app_init ] --END-- [ RunTime:0.000541s ]

[ 2018-03-27T14:20:41+08:00 ] 127.0.0.1 /index.php/Home/Login/post_login
INFO: [ app_init ] --START--
INFO: Run Behavior\BuildLiteBehavior [ RunTime:0.000022s ]
INFO: [ app_init ] --END-- [ RunTime:0.000573s ]

[ 2018-03-27T14:20:43+08:00 ] 127.0.0.1 /index.php/Home/Index/index
INFO: [ app_init ] --START--
INFO: Run Behavior\BuildLiteBehavior [ RunTime:0.000025s ]
INFO: [ app_init ] --END-- [ RunTime:0.000680s ]

[ 2018-03-27T14:22:28+08:00 ] 127.0.0.1 /index.php/Home/Order/day_sender_choose_linen?type=sender
INFO: [ app_init ] --START--
INFO: Run Behavior\BuildLiteBehavior [ RunTime:0.000015s ]
INFO: [ app_init ] --END-- [ RunTime:0.000370s ]

[ 2018-03-27T14:22:31+08:00 ] 127.0.0.1 /index.php/Home/Department/getdepartmentlist?customer_id=16
INFO: [ app_init ] --START--
INFO: Run Behavior\BuildLiteBehavior [ RunTime:0.000016s ]
INFO: [ app_init ] --END-- [ RunTime:0.000397s ]

[ 2018-03-27T14:22:32+08:00 ] 127.0.0.1 /index.php/Home/Order/get_storehouse_list
INFO: [ app_init ] --START--
INFO: Run Behavior\BuildLiteBehavior [ RunTime:0.000016s ]
INFO: [ app_init ] --END-- [ RunTime:0.000393s ]

[ 2018-03-27T14:22:37+08:00 ] 127.0.0.1 /index.php/Home/Order/day_sender_linen_month_order?customer_id=16&department_id=0,30,35,31,32,&start_time=2018-2-6&end_time=2018-2-6
INFO: [ app_init ] --START--
INFO: Run Behavior\BuildLiteBehavior [ RunTime:0.000015s ]
INFO: [ app_init ] --END-- [ RunTime:0.000394s ]

[ 2018-03-27T14:22:41+08:00 ] 127.0.0.1 /index.php/Home/order/exprort_order/customer_id/16/department_id/0%2C30%2C35%2C31%2C32%2C/start_time/2018-2-6/end_time/2018-2-6/type/sender.html
INFO: [ app_init ] --START--
INFO: Run Behavior\BuildLiteBehavior [ RunTime:0.000017s ]
INFO: [ app_init ] --END-- [ RunTime:0.000390s ]

[ 2018-03-27T14:23:00+08:00 ] 127.0.0.1 /index.php/Home/Order/day_recriver_choose_linen?type=recriver
INFO: [ app_init ] --START--
INFO: Run Behavior\BuildLiteBehavior [ RunTime:0.000015s ]
INFO: [ app_init ] --END-- [ RunTime:0.000406s ]

[ 2018-03-27T14:23:03+08:00 ] 127.0.0.1 /index.php/Home/Department/getdepartmentlist?customer_id=16
INFO: [ app_init ] --START--
INFO: Run Behavior\BuildLiteBehavior [ RunTime:0.000023s ]
INFO: [ app_init ] --END-- [ RunTime:0.000760s ]

[ 2018-03-27T14:23:05+08:00 ] 127.0.0.1 /index.php/Home/Order/get_storehouse_list
INFO: [ app_init ] --START--
INFO: Run Behavior\BuildLiteBehavior [ RunTime:0.000021s ]
INFO: [ app_init ] --END-- [ RunTime:0.000543s ]

[ 2018-03-27T14:23:10+08:00 ] 127.0.0.1 /index.php/Home/Order/day_recriver_linen_month_order?customer_id=16&department_id=0,30,35,31,32,&start_time=2018-2-6&end_time=2018-2-6
INFO: [ app_init ] --START--
INFO: Run Behavior\BuildLiteBehavior [ RunTime:0.000016s ]
INFO: [ app_init ] --END-- [ RunTime:0.000430s ]

[ 2018-03-27T14:23:14+08:00 ] 127.0.0.1 /index.php/Home/order/exprort_order/customer_id/16/department_id/0%2C30%2C35%2C31%2C32%2C/start_time/2018-2-6/end_time/2018-2-6/type/receiver.html
INFO: [ app_init ] --START--
INFO: Run Behavior\BuildLiteBehavior [ RunTime:0.000016s ]
INFO: [ app_init ] --END-- [ RunTime:0.000445s ]

[ 2018-03-27T14:23:33+08:00 ] 127.0.0.1 /index.php/Home/Order/day_choose_linen?type=detail
INFO: [ app_init ] --START--
INFO: Run Behavior\BuildLiteBehavior [ RunTime:0.000016s ]
INFO: [ app_init ] --END-- [ RunTime:0.000442s ]

[ 2018-03-27T14:23:35+08:00 ] 127.0.0.1 /index.php/Home/Department/getdepartmentlist?customer_id=16
INFO: [ app_init ] --START--
INFO: Run Behavior\BuildLiteBehavior [ RunTime:0.000016s ]
INFO: [ app_init ] --END-- [ RunTime:0.000543s ]

[ 2018-03-27T14:23:36+08:00 ] 127.0.0.1 /index.php/Home/Order/get_storehouse_list
INFO: [ app_init ] --START--
INFO: Run Behavior\BuildLiteBehavior [ RunTime:0.000013s ]
INFO: [ app_init ] --END-- [ RunTime:0.000357s ]

[ 2018-03-27T14:23:42+08:00 ] 127.0.0.1 /index.php/Home/Order/day_detail_linen_month_order?customer_id=16&department_id=0,30,35,31,32,&start_time=2018-2-6&end_time=2018-2-6
INFO: [ app_init ] --START--
INFO: Run Behavior\BuildLiteBehavior [ RunTime:0.000017s ]
INFO: [ app_init ] --END-- [ RunTime:0.000430s ]

[ 2018-03-27T14:23:50+08:00 ] 127.0.0.1 /index.php/Home/order/exprort_order/customer_id/16/department_id/0%2C30%2C35%2C31%2C32%2C/start_time/2018-2-6/end_time/2018-2-6/type/detail.html
INFO: [ app_init ] --START--
INFO: Run Behavior\BuildLiteBehavior [ RunTime:0.000017s ]
INFO: [ app_init ] --END-- [ RunTime:0.000476s ]

[ 2018-03-27T14:25:04+08:00 ] 127.0.0.1 /index.php/Home/Order/day_recriver_choose_linen?type=recriver
INFO: [ app_init ] --START--
INFO: Run Behavior\BuildLiteBehavior [ RunTime:0.000018s ]
INFO: [ app_init ] --END-- [ RunTime:0.000391s ]

[ 2018-03-27T14:25:05+08:00 ] 127.0.0.1 /index.php/Home/Order/recriver_choose_linen?type=recriver
INFO: [ app_init ] --START--
INFO: Run Behavior\BuildLiteBehavior [ RunTime:0.000018s ]
INFO: [ app_init ] --END-- [ RunTime:0.000425s ]

[ 2018-03-27T14:25:07+08:00 ] 127.0.0.1 /index.php/Home/Department/getdepartmentlist?customer_id=16
INFO: [ app_init ] --START--
INFO: Run Behavior\BuildLiteBehavior [ RunTime:0.000021s ]
INFO: [ app_init ] --END-- [ RunTime:0.000628s ]

[ 2018-03-27T14:25:09+08:00 ] 127.0.0.1 /index.php/Home/Order/get_storehouse_list
INFO: [ app_init ] --START--
INFO: Run Behavior\BuildLiteBehavior [ RunTime:0.000017s ]
INFO: [ app_init ] --END-- [ RunTime:0.000407s ]

[ 2018-03-27T14:25:13+08:00 ] 127.0.0.1 /index.php/Home/Order/recriver_linen_month_order?customer_id=16&department_id=0,30,35,31,32,&start_time=2018-3-13&end_time=2018-3-16
INFO: [ app_init ] --START--
INFO: Run Behavior\BuildLiteBehavior [ RunTime:0.000019s ]
INFO: [ app_init ] --END-- [ RunTime:0.000446s ]

[ 2018-03-27T14:43:34+08:00 ] 127.0.0.1 /index.php/Home/Order/choose_linen?type=detail
INFO: [ app_init ] --START--
INFO: Run Behavior\BuildLiteBehavior [ RunTime:0.000023s ]
INFO: [ app_init ] --END-- [ RunTime:0.000413s ]

[ 2018-03-27T14:43:35+08:00 ] 127.0.0.1 /index.php/Home/Order/day_choose_linen?type=detail
INFO: [ app_init ] --START--
INFO: Run Behavior\BuildLiteBehavior [ RunTime:0.000020s ]
INFO: [ app_init ] --END-- [ RunTime:0.000415s ]

[ 2018-03-27T14:43:36+08:00 ] 127.0.0.1 /index.php/Home/Department/getdepartmentlist?customer_id=16
INFO: [ app_init ] --START--
INFO: Run Behavior\BuildLiteBehavior [ RunTime:0.000021s ]
INFO: [ app_init ] --END-- [ RunTime:0.000680s ]

[ 2018-03-27T14:43:37+08:00 ] 127.0.0.1 /index.php/Home/Order/get_storehouse_list
INFO: [ app_init ] --START--
INFO: Run Behavior\BuildLiteBehavior [ RunTime:0.000017s ]
INFO: [ app_init ] --END-- [ RunTime:0.000402s ]

[ 2018-03-27T14:43:40+08:00 ] 127.0.0.1 /index.php/Home/Order/day_detail_linen_month_order?customer_id=16&department_id=0,30,35,31,32,&start_time=2018-3-27&end_time=2018-3-27
INFO: [ app_init ] --START--
INFO: Run Behavior\BuildLiteBehavior [ RunTime:0.000017s ]
INFO: [ app_init ] --END-- [ RunTime:0.000382s ]

[ 2018-03-27T14:43:44+08:00 ] 127.0.0.1 /index.php/Home/Order/day_choose_linen?type=detail
INFO: [ app_init ] --START--
INFO: Run Behavior\BuildLiteBehavior [ RunTime:0.000016s ]
INFO: [ app_init ] --END-- [ RunTime:0.000382s ]

[ 2018-03-27T16:34:09+08:00 ] 127.0.0.1 /
INFO: [ app_init ] --START--
INFO: Run Behavior\BuildLiteBehavior [ RunTime:0.000013s ]
INFO: [ app_init ] --END-- [ RunTime:0.000423s ]

[ 2018-03-27T16:34:11+08:00 ] 127.0.0.1 /
INFO: [ app_init ] --START--
INFO: Run Behavior\BuildLiteBehavior [ RunTime:0.000016s ]
INFO: [ app_init ] --END-- [ RunTime:0.000431s ]

[ 2018-03-27T16:34:15+08:00 ] 127.0.0.1 /index.php/Home/WashingPlants/add_washing_plant
INFO: [ app_init ] --START--
INFO: Run Behavior\BuildLiteBehavior [ RunTime:0.000021s ]
INFO: [ app_init ] --END-- [ RunTime:0.000542s ]

[ 2018-03-27T16:34:16+08:00 ] 127.0.0.1 /index.php/Home/WashingPlants/washing_plant_list
INFO: [ app_init ] --START--
INFO: Run Behavior\BuildLiteBehavior [ RunTime:0.000014s ]
INFO: [ app_init ] --END-- [ RunTime:0.000359s ]

[ 2018-03-27T16:35:35+08:00 ] 127.0.0.1 /index.php/Home/WashingPlants/washing_plant_list
INFO: [ app_init ] --START--
INFO: Run Behavior\BuildLiteBehavior [ RunTime:0.000013s ]
INFO: [ app_init ] --END-- [ RunTime:0.000306s ]

[ 2018-03-27T16:35:37+08:00 ] 127.0.0.1 /index.php/Home/WashingPlants/washing_plant_list
INFO: [ app_init ] --START--
INFO: Run Behavior\BuildLiteBehavior [ RunTime:0.000014s ]
INFO: [ app_init ] --END-- [ RunTime:0.000348s ]

[ 2018-03-27T16:35:42+08:00 ] 127.0.0.1 /index.php/Home/StoreHouse/storehouse_list
INFO: [ app_init ] --START--
INFO: Run Behavior\BuildLiteBehavior [ RunTime:0.000017s ]
INFO: [ app_init ] --END-- [ RunTime:0.000498s ]

[ 2018-03-27T16:35:51+08:00 ] 127.0.0.1 /index.php/Home/Order/recriver_choose_linen?type=recriver
INFO: [ app_init ] --START--
INFO: Run Behavior\BuildLiteBehavior [ RunTime:0.000021s ]
INFO: [ app_init ] --END-- [ RunTime:0.000699s ]

[ 2018-03-27T16:35:54+08:00 ] 127.0.0.1 /index.php/Home/Department/getdepartmentlist?customer_id=16
INFO: [ app_init ] --START--
INFO: Run Behavior\BuildLiteBehavior [ RunTime:0.000015s ]
INFO: [ app_init ] --END-- [ RunTime:0.000407s ]

[ 2018-03-27T16:35:57+08:00 ] 127.0.0.1 /index.php/Home/Order/get_storehouse_list
INFO: [ app_init ] --START--
INFO: Run Behavior\BuildLiteBehavior [ RunTime:0.000014s ]
INFO: [ app_init ] --END-- [ RunTime:0.000367s ]

[ 2018-03-27T16:36:00+08:00 ] 127.0.0.1 /index.php/Home/Order/recriver_linen_month_order?customer_id=16&department_id=0,30,35,31,32,&start_time=2018-3-7&end_time=2018-3-16
INFO: [ app_init ] --START--
INFO: Run Behavior\BuildLiteBehavior [ RunTime:0.000022s ]
INFO: [ app_init ] --END-- [ RunTime:0.000529s ]

