[ 2018-03-21T09:08:47+08:00 ] 127.0.0.1 /index.php/Home/Order/linen_order?customer_id=16&department_id=0,30,31,32,&storehouse_id=35,&washing_id=12&start_time=2018-1-31&end_time=2018-2-1
INFO: [ app_init ] --START--
INFO: Run Behavior\BuildLiteBehavior [ RunTime:0.000020s ]
INFO: [ app_init ] --END-- [ RunTime:0.012787s ]

[ 2018-03-21T09:08:50+08:00 ] 127.0.0.1 /index.php/Home/Login/login.html
INFO: [ app_init ] --START--
INFO: Run Behavior\BuildLiteBehavior [ RunTime:0.000046s ]
INFO: [ app_init ] --END-- [ RunTime:0.001154s ]

[ 2018-03-21T09:08:50+08:00 ] 127.0.0.1 /index.php/Home/Login/getVerify.html
INFO: [ app_init ] --START--
INFO: Run Behavior\BuildLiteBehavior [ RunTime:0.000021s ]
INFO: [ app_init ] --END-- [ RunTime:0.000514s ]

[ 2018-03-21T09:09:11+08:00 ] 127.0.0.1 /index.php/Home/Login/post_login
INFO: [ app_init ] --START--
INFO: Run Behavior\BuildLiteBehavior [ RunTime:0.000013s ]
INFO: [ app_init ] --END-- [ RunTime:0.000321s ]

[ 2018-03-21T09:09:13+08:00 ] 127.0.0.1 /index.php/Home/Index/index
INFO: [ app_init ] --START--
INFO: Run Behavior\BuildLiteBehavior [ RunTime:0.000021s ]
INFO: [ app_init ] --END-- [ RunTime:0.000574s ]

[ 2018-03-21T09:09:16+08:00 ] 127.0.0.1 /index.php/Home/order/choose_linen
INFO: [ app_init ] --START--
INFO: Run Behavior\BuildLiteBehavior [ RunTime:0.000028s ]
INFO: [ app_init ] --END-- [ RunTime:0.000541s ]

[ 2018-03-21T09:09:18+08:00 ] 127.0.0.1 /index.php/Home/Department/getdepartmentlist?customer_id=16
INFO: [ app_init ] --START--
INFO: Run Behavior\BuildLiteBehavior [ RunTime:0.000013s ]
INFO: [ app_init ] --END-- [ RunTime:0.000325s ]

[ 2018-03-21T09:09:21+08:00 ] 127.0.0.1 /index.php/Home/Order/get_storehouse_list
INFO: [ app_init ] --START--
INFO: Run Behavior\BuildLiteBehavior [ RunTime:0.000016s ]
INFO: [ app_init ] --END-- [ RunTime:0.000442s ]

[ 2018-03-21T09:09:29+08:00 ] 127.0.0.1 /index.php/Home/Order/linen_order?customer_id=16&department_id=0,30,35,31,32,&start_time=2018-1-30&end_time=2018-2-1
INFO: [ app_init ] --START--
INFO: Run Behavior\BuildLiteBehavior [ RunTime:0.000014s ]
INFO: [ app_init ] --END-- [ RunTime:0.000406s ]

[ 2018-03-21T09:10:14+08:00 ] 127.0.0.1 /index.php/Home/Order/linen_order?customer_id=16&department_id=0,30,35,31,32,&start_time=2018-1-30&end_time=2018-2-1
INFO: [ app_init ] --START--
INFO: Run Behavior\BuildLiteBehavior [ RunTime:0.000020s ]
INFO: [ app_init ] --END-- [ RunTime:0.000669s ]

[ 2018-03-21T09:10:17+08:00 ] 127.0.0.1 /index.php/Home/Order/linen_order?customer_id=16&department_id=0,30,35,31,32,&start_time=2018-1-30&end_time=2018-2-1
INFO: [ app_init ] --START--
INFO: Run Behavior\BuildLiteBehavior [ RunTime:0.000015s ]
INFO: [ app_init ] --END-- [ RunTime:0.000394s ]

[ 2018-03-21T09:17:37+08:00 ] 127.0.0.1 /index.php
INFO: [ app_init ] --START--
INFO: Run Behavior\BuildLiteBehavior [ RunTime:0.000013s ]
INFO: [ app_init ] --END-- [ RunTime:0.000380s ]

[ 2018-03-21T09:17:41+08:00 ] 127.0.0.1 /index.php/Home/Order/choose_dirty?type=dirty
INFO: [ app_init ] --START--
INFO: Run Behavior\BuildLiteBehavior [ RunTime:0.000013s ]
INFO: [ app_init ] --END-- [ RunTime:0.000342s ]

[ 2018-03-21T09:17:43+08:00 ] 127.0.0.1 /index.php/Home/Department/getdepartmentlist?customer_id=16
INFO: [ app_init ] --START--
INFO: Run Behavior\BuildLiteBehavior [ RunTime:0.000012s ]
INFO: [ app_init ] --END-- [ RunTime:0.000290s ]

[ 2018-03-21T09:36:17+08:00 ] 127.0.0.1 /index.php/Home/Order/linen_order?customer_id=16&department_id=0,30,35,31,32,&start_time=2018-1-30&end_time=2018-2-1
INFO: [ app_init ] --START--
INFO: Run Behavior\BuildLiteBehavior [ RunTime:0.000020s ]
INFO: [ app_init ] --END-- [ RunTime:0.000545s ]
ERR: 1146:Table 'xyu.service_t_user_department' doesn't exist
 [ SQL语句 ] : SELECT l.LINEN_ID,l.LINEN_NAME,DATE_FORMAT(m.CREATE_TIME,'%Y-%m-%d') as DATE,sum(s.LINEN_COUNT) as COUNT FROM SERVICE_T_RECEIPT_SUB s LEFT JOIN SERVICE_T_RECEIPT_MAIN AS m ON s.RECEIPT_MAIN_ID = m.RECEIPT_MAIN_ID LEFT JOIN SERVICE_T_LINEN AS l ON l.LINEN_ID = s.LINEN_ID LEFT JOIN SERVICE_T_USER_DEPARTMENT as d on d.USER_ID = m.USER_ID LEFT JOIN SERVICE_T_USER_CUSTOMER as c on c.USER_ID = m.USER_ID  WHERE c.CUSTOMER_ID = '16' AND d.DEPARTMENT_ID IN ('0','30','35','31','32','') AND ( m.CREATE_TIME > '2018-1-30' AND m.CREATE_TIME < '2018-2-1 23:59:59'  ) GROUP BY l.LINEN_ID,DATE_FORMAT(m.CREATE_TIME,'%Y-%m-%d') 
ERR: 1146:Table 'xyu.service_t_user_department' doesn't exist
 [ SQL语句 ] : SELECT l.LINEN_ID,l.LINEN_NAME,DATE_FORMAT(m.CREATE_TIME,'%Y-%m-%d') as DATE,sum(s.LINEN_COUNT) as COUNT FROM SERVICE_T_RECEIPT_SUB s LEFT JOIN SERVICE_T_RECEIPT_MAIN AS m ON s.RECEIPT_MAIN_ID = m.RECEIPT_MAIN_ID LEFT JOIN SERVICE_T_LINEN AS l ON l.LINEN_ID = s.LINEN_ID LEFT JOIN SERVICE_T_USER_DEPARTMENT as d on d.USER_ID = m.USER_ID LEFT JOIN SERVICE_T_USER_CUSTOMER as c on c.USER_ID = m.USER_ID  WHERE c.CUSTOMER_ID = '16' AND d.DEPARTMENT_ID IN ('0','30','35','31','32','') AND ( m.CREATE_TIME > '2018-1-30' AND m.CREATE_TIME < '2018-2-1 23:59:59'  ) GROUP BY l.LINEN_ID,DATE_FORMAT(m.CREATE_TIME,'%Y-%m-%d') 

[ 2018-03-21T09:36:41+08:00 ] 127.0.0.1 /index.php/Home/Order/linen_order?customer_id=16&department_id=0,30,35,31,32,&start_time=2018-1-30&end_time=2018-2-1
INFO: [ app_init ] --START--
INFO: Run Behavior\BuildLiteBehavior [ RunTime:0.000026s ]
INFO: [ app_init ] --END-- [ RunTime:0.000644s ]

[ 2018-03-21T09:36:43+08:00 ] 127.0.0.1 /index.php/Home/order/choose_linen
INFO: [ app_init ] --START--
INFO: Run Behavior\BuildLiteBehavior [ RunTime:0.000023s ]
INFO: [ app_init ] --END-- [ RunTime:0.000505s ]

[ 2018-03-21T09:36:47+08:00 ] 127.0.0.1 /index.php/Home/Department/getdepartmentlist?customer_id=16
INFO: [ app_init ] --START--
INFO: Run Behavior\BuildLiteBehavior [ RunTime:0.000024s ]
INFO: [ app_init ] --END-- [ RunTime:0.000533s ]

[ 2018-03-21T09:36:50+08:00 ] 127.0.0.1 /index.php/Home/Order/get_storehouse_list
INFO: [ app_init ] --START--
INFO: Run Behavior\BuildLiteBehavior [ RunTime:0.000024s ]
INFO: [ app_init ] --END-- [ RunTime:0.000547s ]

[ 2018-03-21T09:37:10+08:00 ] 127.0.0.1 /index.php/Home/Order/linen_order?customer_id=16&department_id=0,30,35,31,32,&start_time=2018-1-30&end_time=2018-2-16
INFO: [ app_init ] --START--
INFO: Run Behavior\BuildLiteBehavior [ RunTime:0.000015s ]
INFO: [ app_init ] --END-- [ RunTime:0.000344s ]

[ 2018-03-21T09:37:53+08:00 ] 127.0.0.1 /index.php/Home/Order/choose_dirty?type=dirty
INFO: [ app_init ] --START--
INFO: Run Behavior\BuildLiteBehavior [ RunTime:0.000015s ]
INFO: [ app_init ] --END-- [ RunTime:0.000360s ]

[ 2018-03-21T09:37:55+08:00 ] 127.0.0.1 /index.php/Home/Department/getdepartmentlist?customer_id=16
INFO: [ app_init ] --START--
INFO: Run Behavior\BuildLiteBehavior [ RunTime:0.000017s ]
INFO: [ app_init ] --END-- [ RunTime:0.000393s ]

[ 2018-03-21T09:37:57+08:00 ] 127.0.0.1 /index.php/Home/Order/get_storehouse_list
INFO: [ app_init ] --START--
INFO: Run Behavior\BuildLiteBehavior [ RunTime:0.000024s ]
INFO: [ app_init ] --END-- [ RunTime:0.000559s ]

[ 2018-03-21T09:38:07+08:00 ] 127.0.0.1 /index.php/Home/Order/dirty_order?customer_id=16&department_id=0,30,35,31,32,&storehouse_id=35,&washing_id=12&start_time=2018-1-1&end_time=2018-3-28
INFO: [ app_init ] --START--
INFO: Run Behavior\BuildLiteBehavior [ RunTime:0.000017s ]
INFO: [ app_init ] --END-- [ RunTime:0.000482s ]

[ 2018-03-21T09:38:16+08:00 ] 127.0.0.1 /index.php/Home/order/choose_linen
INFO: [ app_init ] --START--
INFO: Run Behavior\BuildLiteBehavior [ RunTime:0.000023s ]
INFO: [ app_init ] --END-- [ RunTime:0.000657s ]

[ 2018-03-21T10:18:34+08:00 ] 127.0.0.1 /index.php/Home/Order/get_storehouse_list
INFO: [ app_init ] --START--
INFO: Run Behavior\BuildLiteBehavior [ RunTime:0.000018s ]
INFO: [ app_init ] --END-- [ RunTime:0.011939s ]

[ 2018-03-21T10:18:39+08:00 ] 127.0.0.1 /index.php/Home/Order/choose_dirty?type=dirty
INFO: [ app_init ] --START--
INFO: Run Behavior\BuildLiteBehavior [ RunTime:0.000017s ]
INFO: [ app_init ] --END-- [ RunTime:0.000429s ]

[ 2018-03-21T10:18:41+08:00 ] 127.0.0.1 /index.php/Home/Department/getdepartmentlist?customer_id=16
INFO: [ app_init ] --START--
INFO: Run Behavior\BuildLiteBehavior [ RunTime:0.000014s ]
INFO: [ app_init ] --END-- [ RunTime:0.000313s ]

[ 2018-03-21T10:18:43+08:00 ] 127.0.0.1 /index.php/Home/Order/get_storehouse_list
INFO: [ app_init ] --START--
INFO: Run Behavior\BuildLiteBehavior [ RunTime:0.000015s ]
INFO: [ app_init ] --END-- [ RunTime:0.000342s ]

[ 2018-03-21T10:18:59+08:00 ] 127.0.0.1 /index.php/Home/Order/dirty_order?customer_id=16&department_id=30,35,&storehouse_id=35,&washing_id=12&start_time=2017-2-1&end_time=2018-3-31
INFO: [ app_init ] --START--
INFO: Run Behavior\BuildLiteBehavior [ RunTime:0.000015s ]
INFO: [ app_init ] --END-- [ RunTime:0.000340s ]

[ 2018-03-21T10:19:10+08:00 ] 127.0.0.1 /index.php/Home/Order/dirty_order?customer_id=16&department_id=1&storehouse_id=35,&washing_id=12&start_time=2017-2-1&end_time=2018-3-31
INFO: [ app_init ] --START--
INFO: Run Behavior\BuildLiteBehavior [ RunTime:0.000030s ]
INFO: [ app_init ] --END-- [ RunTime:0.000453s ]

[ 2018-03-21T10:19:18+08:00 ] 127.0.0.1 /index.php/Home/Order/dirty_order?customer_id=1&department_id=1&storehouse_id=35,&washing_id=12&start_time=2017-2-1&end_time=2018-3-31
INFO: [ app_init ] --START--
INFO: Run Behavior\BuildLiteBehavior [ RunTime:0.000021s ]
INFO: [ app_init ] --END-- [ RunTime:0.000375s ]

[ 2018-03-21T10:34:46+08:00 ] 127.0.0.1 /index.php/Home/Department/getdepartmentlist?customer_id=16
INFO: [ app_init ] --START--
INFO: Run Behavior\BuildLiteBehavior [ RunTime:0.000022s ]
INFO: [ app_init ] --END-- [ RunTime:0.000701s ]

[ 2018-03-21T10:34:48+08:00 ] 127.0.0.1 /index.php/Home/Order/get_storehouse_list
INFO: [ app_init ] --START--
INFO: Run Behavior\BuildLiteBehavior [ RunTime:0.000025s ]
INFO: [ app_init ] --END-- [ RunTime:0.000600s ]

[ 2018-03-21T10:34:58+08:00 ] 127.0.0.1 /index.php/Home/Order/linen_order?customer_id=16&department_id=0,30,35,31,32,&start_time=2018-1-30&end_time=2018-2-10
INFO: [ app_init ] --START--
INFO: Run Behavior\BuildLiteBehavior [ RunTime:0.000020s ]
INFO: [ app_init ] --END-- [ RunTime:0.000434s ]

[ 2018-03-21T10:35:15+08:00 ] 127.0.0.1 /index.php/Home/Order/linen_order?customer_id=16&department_id=0,30,35,31,32,&start_time=2018-1-30&end_time=2018-2-10
INFO: [ app_init ] --START--
INFO: Run Behavior\BuildLiteBehavior [ RunTime:0.000029s ]
INFO: [ app_init ] --END-- [ RunTime:0.000780s ]
ERR: Think\Model:andwhere方法不存在！

[ 2018-03-21T10:35:22+08:00 ] 127.0.0.1 /index.php/Home/Order/linen_order?customer_id=16&department_id=0,30,35,31,32,&start_time=2018-1-30&end_time=2018-2-10
INFO: [ app_init ] --START--
INFO: Run Behavior\BuildLiteBehavior [ RunTime:0.000019s ]
INFO: [ app_init ] --END-- [ RunTime:0.000426s ]

[ 2018-03-21T10:36:26+08:00 ] 127.0.0.1 /index.php/Home/Order/linen_order?customer_id=16&department_id=0,30,35,31,32,&start_time=2018-1-30&end_time=2018-2-10
INFO: [ app_init ] --START--
INFO: Run Behavior\BuildLiteBehavior [ RunTime:0.000025s ]
INFO: [ app_init ] --END-- [ RunTime:0.000558s ]

[ 2018-03-21T10:39:33+08:00 ] 127.0.0.1 /index.php/Home/Order/linen_order?customer_id=16&department_id=0,30,35,31,32,&start_time=2018-1-30&end_time=2018-2-10
INFO: [ app_init ] --START--
INFO: Run Behavior\BuildLiteBehavior [ RunTime:0.000024s ]
INFO: [ app_init ] --END-- [ RunTime:0.000646s ]

[ 2018-03-21T10:39:40+08:00 ] 127.0.0.1 /index.php/Home/Order/linen_order?customer_id=16&department_id=0,30,35,31,32,&start_time=2018-1-30&end_time=2018-2-10
INFO: [ app_init ] --START--
INFO: Run Behavior\BuildLiteBehavior [ RunTime:0.000037s ]
INFO: [ app_init ] --END-- [ RunTime:0.000793s ]

[ 2018-03-21T10:39:46+08:00 ] 127.0.0.1 /index.php/Home/order/choose_linen
INFO: [ app_init ] --START--
INFO: Run Behavior\BuildLiteBehavior [ RunTime:0.000015s ]
INFO: [ app_init ] --END-- [ RunTime:0.000374s ]

[ 2018-03-21T10:39:52+08:00 ] 127.0.0.1 /index.php/Home/Department/getdepartmentlist?customer_id=16
INFO: [ app_init ] --START--
INFO: Run Behavior\BuildLiteBehavior [ RunTime:0.000021s ]
INFO: [ app_init ] --END-- [ RunTime:0.000569s ]

[ 2018-03-21T10:39:54+08:00 ] 127.0.0.1 /index.php/Home/Order/get_storehouse_list
INFO: [ app_init ] --START--
INFO: Run Behavior\BuildLiteBehavior [ RunTime:0.000016s ]
INFO: [ app_init ] --END-- [ RunTime:0.000376s ]

[ 2018-03-21T10:42:54+08:00 ] 127.0.0.1 /index.php/Home/Order/linen_order?customer_id=16&department_id=0,30,35,31,32,&start_time=2018-1-30&end_time=2018-2-8
INFO: [ app_init ] --START--
INFO: Run Behavior\BuildLiteBehavior [ RunTime:0.000013s ]
INFO: [ app_init ] --END-- [ RunTime:0.000400s ]

[ 2018-03-21T10:43:47+08:00 ] 127.0.0.1 /index.php/Home/Order/linen_order?customer_id=16&department_id=0,30,35,31,32,&start_time=2018-1-30&end_time=2018-2-8
INFO: [ app_init ] --START--
INFO: Run Behavior\BuildLiteBehavior [ RunTime:0.000023s ]
INFO: [ app_init ] --END-- [ RunTime:0.000544s ]

[ 2018-03-21T10:43:58+08:00 ] 127.0.0.1 /index.php/Home/Order/linen_order?customer_id=16&department_id=0,30,35,31,32,&start_time=2018-1-30&end_time=2018-2-8
INFO: [ app_init ] --START--
INFO: Run Behavior\BuildLiteBehavior [ RunTime:0.000021s ]
INFO: [ app_init ] --END-- [ RunTime:0.000632s ]

[ 2018-03-21T10:44:04+08:00 ] 127.0.0.1 /index.php/Home/Order/linen_order?customer_id=16&department_id=0,30,35,31,32,&start_time=2018-1-30&end_time=2018-2-8
INFO: [ app_init ] --START--
INFO: Run Behavior\BuildLiteBehavior [ RunTime:0.000024s ]
INFO: [ app_init ] --END-- [ RunTime:0.000585s ]

[ 2018-03-21T10:44:51+08:00 ] 127.0.0.1 /index.php/Home/Order/linen_order?customer_id=16&department_id=0,30,35,31,32,&start_time=2018-1-30&end_time=2018-2-8
INFO: [ app_init ] --START--
INFO: Run Behavior\BuildLiteBehavior [ RunTime:0.000024s ]
INFO: [ app_init ] --END-- [ RunTime:0.000590s ]

[ 2018-03-21T10:44:59+08:00 ] 127.0.0.1 /index.php/Home/Order/linen_order?customer_id=16&department_id=0,30,35,31,32,&start_time=2018-1-30&end_time=2018-2-8
INFO: [ app_init ] --START--
INFO: Run Behavior\BuildLiteBehavior [ RunTime:0.000022s ]
INFO: [ app_init ] --END-- [ RunTime:0.000576s ]

[ 2018-03-21T10:45:34+08:00 ] 127.0.0.1 /index.php/Home/order/choose_linen
INFO: [ app_init ] --START--
INFO: Run Behavior\BuildLiteBehavior [ RunTime:0.000014s ]
INFO: [ app_init ] --END-- [ RunTime:0.000354s ]

[ 2018-03-21T10:45:39+08:00 ] 127.0.0.1 /index.php/Home/Department/getdepartmentlist?customer_id=16
INFO: [ app_init ] --START--
INFO: Run Behavior\BuildLiteBehavior [ RunTime:0.000016s ]
INFO: [ app_init ] --END-- [ RunTime:0.000423s ]

[ 2018-03-21T10:45:41+08:00 ] 127.0.0.1 /index.php/Home/Order/get_storehouse_list
INFO: [ app_init ] --START--
INFO: Run Behavior\BuildLiteBehavior [ RunTime:0.000016s ]
INFO: [ app_init ] --END-- [ RunTime:0.000391s ]

[ 2018-03-21T10:45:50+08:00 ] 127.0.0.1 /index.php/Home/Order/linen_order?customer_id=16&department_id=30,35,&start_time=2018-1-30&end_time=2018-2-15
INFO: [ app_init ] --START--
INFO: Run Behavior\BuildLiteBehavior [ RunTime:0.000015s ]
INFO: [ app_init ] --END-- [ RunTime:0.000356s ]

[ 2018-03-21T10:45:54+08:00 ] 127.0.0.1 /index.php/Home/order/choose_linen
INFO: [ app_init ] --START--
INFO: Run Behavior\BuildLiteBehavior [ RunTime:0.000024s ]
INFO: [ app_init ] --END-- [ RunTime:0.000504s ]

[ 2018-03-21T10:45:56+08:00 ] 127.0.0.1 /index.php/Home/Department/getdepartmentlist?customer_id=16
INFO: [ app_init ] --START--
INFO: Run Behavior\BuildLiteBehavior [ RunTime:0.000023s ]
INFO: [ app_init ] --END-- [ RunTime:0.000446s ]

[ 2018-03-21T10:45:59+08:00 ] 127.0.0.1 /index.php/Home/Order/get_storehouse_list
INFO: [ app_init ] --START--
INFO: Run Behavior\BuildLiteBehavior [ RunTime:0.000041s ]
INFO: [ app_init ] --END-- [ RunTime:0.000812s ]

[ 2018-03-21T10:46:09+08:00 ] 127.0.0.1 /index.php/Home/Order/linen_order?customer_id=16&department_id=31,&start_time=2018-1-30&end_time=2018-2-8
INFO: [ app_init ] --START--
INFO: Run Behavior\BuildLiteBehavior [ RunTime:0.000017s ]
INFO: [ app_init ] --END-- [ RunTime:0.000393s ]
ERR: 1064:You have an error in your SQL syntax; check the manual that corresponds to your MySQL server version for the right syntax to use near 'or m.RECEIVER_ID = ) ) GROUP BY l.LINEN_ID,DATE_FORMAT(m.CREATE_TIME,'%Y-%m-%d')' at line 1
 [ SQL语句 ] : SELECT l.LINEN_ID,l.LINEN_NAME,DATE_FORMAT(m.CREATE_TIME,'%Y-%m-%d') as DATE,sum(s.LINEN_COUNT) as COUNT FROM SERVICE_T_RECEIPT_SUB s LEFT JOIN SERVICE_T_RECEIPT_MAIN AS m ON s.RECEIPT_MAIN_ID = m.RECEIPT_MAIN_ID LEFT JOIN SERVICE_T_LINEN AS l ON l.LINEN_ID = s.LINEN_ID  WHERE ( m.CREATE_TIME > '2018-1-30' AND m.CREATE_TIME < '2018-2-8 23:59:59'  ) AND ( (m.SENDER_ID =  or m.RECEIVER_ID = ) ) GROUP BY l.LINEN_ID,DATE_FORMAT(m.CREATE_TIME,'%Y-%m-%d') 
ERR: 1064:You have an error in your SQL syntax; check the manual that corresponds to your MySQL server version for the right syntax to use near 'or m.RECEIVER_ID = ) ) GROUP BY l.LINEN_ID,DATE_FORMAT(m.CREATE_TIME,'%Y-%m-%d')' at line 1
 [ SQL语句 ] : SELECT l.LINEN_ID,l.LINEN_NAME,DATE_FORMAT(m.CREATE_TIME,'%Y-%m-%d') as DATE,sum(s.LINEN_COUNT) as COUNT FROM SERVICE_T_RECEIPT_SUB s LEFT JOIN SERVICE_T_RECEIPT_MAIN AS m ON s.RECEIPT_MAIN_ID = m.RECEIPT_MAIN_ID LEFT JOIN SERVICE_T_LINEN AS l ON l.LINEN_ID = s.LINEN_ID  WHERE ( m.CREATE_TIME > '2018-1-30' AND m.CREATE_TIME < '2018-2-8 23:59:59'  ) AND ( (m.SENDER_ID =  or m.RECEIVER_ID = ) ) GROUP BY l.LINEN_ID,DATE_FORMAT(m.CREATE_TIME,'%Y-%m-%d') 

[ 2018-03-21T10:46:40+08:00 ] 127.0.0.1 /index.php/Home/Order/linen_order?customer_id=16&department_id=31,&start_time=2018-1-30&end_time=2018-2-8
INFO: [ app_init ] --START--
INFO: Run Behavior\BuildLiteBehavior [ RunTime:0.000015s ]
INFO: [ app_init ] --END-- [ RunTime:0.000451s ]

[ 2018-03-21T10:47:05+08:00 ] 127.0.0.1 /index.php/Home/Order/linen_order?customer_id=16&department_id=31,&start_time=2018-1-30&end_time=2018-2-8
INFO: [ app_init ] --START--
INFO: Run Behavior\BuildLiteBehavior [ RunTime:0.000026s ]
INFO: [ app_init ] --END-- [ RunTime:0.000707s ]

[ 2018-03-21T10:47:08+08:00 ] 127.0.0.1 /index.php/Home/order/choose_linen
INFO: [ app_init ] --START--
INFO: Run Behavior\BuildLiteBehavior [ RunTime:0.000015s ]
INFO: [ app_init ] --END-- [ RunTime:0.000347s ]

[ 2018-03-21T10:47:09+08:00 ] 127.0.0.1 /index.php/Home/Department/getdepartmentlist?customer_id=16
INFO: [ app_init ] --START--
INFO: Run Behavior\BuildLiteBehavior [ RunTime:0.000013s ]
INFO: [ app_init ] --END-- [ RunTime:0.000316s ]

[ 2018-03-21T10:47:11+08:00 ] 127.0.0.1 /index.php/Home/Order/get_storehouse_list
INFO: [ app_init ] --START--
INFO: Run Behavior\BuildLiteBehavior [ RunTime:0.000025s ]
INFO: [ app_init ] --END-- [ RunTime:0.000642s ]

[ 2018-03-21T10:47:27+08:00 ] 127.0.0.1 /index.php/Home/Order/linen_order?customer_id=16&department_id=32,&start_time=2018-1-30&end_time=2018-2-20
INFO: [ app_init ] --START--
INFO: Run Behavior\BuildLiteBehavior [ RunTime:0.000014s ]
INFO: [ app_init ] --END-- [ RunTime:0.000350s ]

[ 2018-03-21T10:47:30+08:00 ] 127.0.0.1 /index.php/Home/order/choose_linen
INFO: [ app_init ] --START--
INFO: Run Behavior\BuildLiteBehavior [ RunTime:0.000013s ]
INFO: [ app_init ] --END-- [ RunTime:0.000303s ]

[ 2018-03-21T10:47:33+08:00 ] 127.0.0.1 /index.php/Home/Department/getdepartmentlist?customer_id=13
INFO: [ app_init ] --START--
INFO: Run Behavior\BuildLiteBehavior [ RunTime:0.000016s ]
INFO: [ app_init ] --END-- [ RunTime:0.000433s ]

[ 2018-03-21T10:47:34+08:00 ] 127.0.0.1 /index.php/Home/Order/get_storehouse_list
INFO: [ app_init ] --START--
INFO: Run Behavior\BuildLiteBehavior [ RunTime:0.000029s ]
INFO: [ app_init ] --END-- [ RunTime:0.000697s ]

[ 2018-03-21T10:47:43+08:00 ] 127.0.0.1 /index.php/Home/Order/linen_order?customer_id=13&department_id=0,23,26,29,24,21,27,22,33,34,&start_time=2018-3-1&end_time=2018-3-24
INFO: [ app_init ] --START--
INFO: Run Behavior\BuildLiteBehavior [ RunTime:0.000015s ]
INFO: [ app_init ] --END-- [ RunTime:0.000347s ]

[ 2018-03-21T10:49:03+08:00 ] 127.0.0.1 /index.php/Home/Order/linen_order?customer_id=13&department_id=0,23,26,29,24,21,27,22,33,34,&start_time=2018-3-1&end_time=2018-3-24
INFO: [ app_init ] --START--
INFO: Run Behavior\BuildLiteBehavior [ RunTime:0.000023s ]
INFO: [ app_init ] --END-- [ RunTime:0.000571s ]

[ 2018-03-21T10:51:48+08:00 ] 127.0.0.1 /index.php/Home/Order/linen_order?customer_id=13&department_id=0,23,26,29,24,21,27,22,33,34,&start_time=2018-3-1&end_time=2018-7-24
INFO: [ app_init ] --START--
INFO: Run Behavior\BuildLiteBehavior [ RunTime:0.000023s ]
INFO: [ app_init ] --END-- [ RunTime:0.000630s ]

[ 2018-03-21T10:52:07+08:00 ] 127.0.0.1 /index.php/Home/Order/linen_order?customer_id=13&department_id=0,23,26,29,24,21,27,22,33,34,&start_time=2018-4-1&end_time=2018-7-24
INFO: [ app_init ] --START--
INFO: Run Behavior\BuildLiteBehavior [ RunTime:0.000023s ]
INFO: [ app_init ] --END-- [ RunTime:0.000549s ]

[ 2018-03-21T10:54:35+08:00 ] 127.0.0.1 /index.php/Home/Order/linen_order?customer_id=13&department_id=0,23,26,29,24,21,27,22,33,34,&start_time=2018-4-1&end_time=2018-4-1
INFO: [ app_init ] --START--
INFO: Run Behavior\BuildLiteBehavior [ RunTime:0.000013s ]
INFO: [ app_init ] --END-- [ RunTime:0.000428s ]

[ 2018-03-21T10:54:44+08:00 ] 127.0.0.1 /index.php/Home/Order/linen_order?customer_id=13&department_id=0,23,26,29,24,21,27,22,33,34,&start_time=2018-4-5&end_time=2018-4-1
INFO: [ app_init ] --START--
INFO: Run Behavior\BuildLiteBehavior [ RunTime:0.000014s ]
INFO: [ app_init ] --END-- [ RunTime:0.000344s ]

[ 2018-03-21T10:54:46+08:00 ] 127.0.0.1 /index.php/Home/Order/linen_order?customer_id=13&department_id=0,23,26,29,24,21,27,22,33,34,&start_time=2018-4-5&end_time=2018-4-1
INFO: [ app_init ] --START--
INFO: Run Behavior\BuildLiteBehavior [ RunTime:0.000019s ]
INFO: [ app_init ] --END-- [ RunTime:0.000316s ]

[ 2018-03-21T11:09:47+08:00 ] 127.0.0.1 /index.php/Home/Order/dirty_order?customer_id=1&department_id=1&storehouse_id=3,&washing_id=12&start_time=2017-2-1&end_time=2018-3-31
INFO: [ app_init ] --START--
INFO: Run Behavior\BuildLiteBehavior [ RunTime:0.000013s ]
INFO: [ app_init ] --END-- [ RunTime:0.000386s ]

[ 2018-03-21T11:09:53+08:00 ] 127.0.0.1 /index.php/Home/Order/dirty_order?customer_id=1&department_id=1&storehouse_id=35,&washing_id=12&start_time=2017-2-1&end_time=2018-3-31
INFO: [ app_init ] --START--
INFO: Run Behavior\BuildLiteBehavior [ RunTime:0.000018s ]
INFO: [ app_init ] --END-- [ RunTime:0.000513s ]

[ 2018-03-21T11:26:52+08:00 ] 127.0.0.1 /index.php/Home/order/choose_linen
INFO: [ app_init ] --START--
INFO: Run Behavior\BuildLiteBehavior [ RunTime:0.000014s ]
INFO: [ app_init ] --END-- [ RunTime:0.000365s ]

[ 2018-03-21T11:26:57+08:00 ] 127.0.0.1 /index.php/Home/Department/getdepartmentlist?customer_id=16
INFO: [ app_init ] --START--
INFO: Run Behavior\BuildLiteBehavior [ RunTime:0.000014s ]
INFO: [ app_init ] --END-- [ RunTime:0.000344s ]

[ 2018-03-21T11:27:02+08:00 ] 127.0.0.1 /index.php/Home/Order/get_storehouse_list
INFO: [ app_init ] --START--
INFO: Run Behavior\BuildLiteBehavior [ RunTime:0.000021s ]
INFO: [ app_init ] --END-- [ RunTime:0.000396s ]

[ 2018-03-21T11:27:12+08:00 ] 127.0.0.1 /index.php/Home/Order/linen_order?customer_id=16&department_id=35,&start_time=2018-1-30&end_time=2018-2-13
INFO: [ app_init ] --START--
INFO: Run Behavior\BuildLiteBehavior [ RunTime:0.000014s ]
INFO: [ app_init ] --END-- [ RunTime:0.000360s ]

[ 2018-03-21T11:27:15+08:00 ] 127.0.0.1 /index.php/Home/order/choose_linen
INFO: [ app_init ] --START--
INFO: Run Behavior\BuildLiteBehavior [ RunTime:0.000024s ]
INFO: [ app_init ] --END-- [ RunTime:0.000684s ]

[ 2018-03-21T11:27:17+08:00 ] 127.0.0.1 /index.php/Home/Department/getdepartmentlist?customer_id=16
INFO: [ app_init ] --START--
INFO: Run Behavior\BuildLiteBehavior [ RunTime:0.000013s ]
INFO: [ app_init ] --END-- [ RunTime:0.000316s ]

[ 2018-03-21T11:27:19+08:00 ] 127.0.0.1 /index.php/Home/Order/get_storehouse_list
INFO: [ app_init ] --START--
INFO: Run Behavior\BuildLiteBehavior [ RunTime:0.000025s ]
INFO: [ app_init ] --END-- [ RunTime:0.000583s ]

[ 2018-03-21T11:27:25+08:00 ] 127.0.0.1 /index.php/Home/Order/linen_order?customer_id=16&department_id=30,35,&start_time=2018-1-30&end_time=2018-2-27
INFO: [ app_init ] --START--
INFO: Run Behavior\BuildLiteBehavior [ RunTime:0.000016s ]
INFO: [ app_init ] --END-- [ RunTime:0.000370s ]

[ 2018-03-21T11:29:08+08:00 ] 127.0.0.1 /index.php/Home/order/choose_linen
INFO: [ app_init ] --START--
INFO: Run Behavior\BuildLiteBehavior [ RunTime:0.000015s ]
INFO: [ app_init ] --END-- [ RunTime:0.000426s ]

[ 2018-03-21T11:29:10+08:00 ] 127.0.0.1 /index.php/Home/Department/getdepartmentlist?customer_id=16
INFO: [ app_init ] --START--
INFO: Run Behavior\BuildLiteBehavior [ RunTime:0.000020s ]
INFO: [ app_init ] --END-- [ RunTime:0.000480s ]

[ 2018-03-21T11:29:12+08:00 ] 127.0.0.1 /index.php/Home/Order/get_storehouse_list
INFO: [ app_init ] --START--
INFO: Run Behavior\BuildLiteBehavior [ RunTime:0.000016s ]
INFO: [ app_init ] --END-- [ RunTime:0.000495s ]

[ 2018-03-21T11:29:19+08:00 ] 127.0.0.1 /index.php/Home/Order/linen_order?customer_id=16&department_id=30,35,&start_time=2018-1-30&end_time=2018-2-28
INFO: [ app_init ] --START--
INFO: Run Behavior\BuildLiteBehavior [ RunTime:0.000029s ]
INFO: [ app_init ] --END-- [ RunTime:0.000646s ]

[ 2018-03-21T11:42:34+08:00 ] 127.0.0.1 /index.php/Home/Order/linen_order?customer_id=16&department_id=30,35,&start_time=2018-1-30&end_time=2018-2-28
INFO: [ app_init ] --START--
INFO: Run Behavior\BuildLiteBehavior [ RunTime:0.000020s ]
INFO: [ app_init ] --END-- [ RunTime:0.000568s ]

[ 2018-03-21T11:43:49+08:00 ] 127.0.0.1 /index.php/Home/Order/linen_order?customer_id=16&department_id=30,35,&start_time=2018-1-30&end_time=2018-2-28
INFO: [ app_init ] --START--
INFO: Run Behavior\BuildLiteBehavior [ RunTime:0.000016s ]
INFO: [ app_init ] --END-- [ RunTime:0.000489s ]

[ 2018-03-21T11:44:22+08:00 ] 127.0.0.1 /index.php/Home/Order/linen_order?customer_id=16&department_id=30,35,&start_time=2018-1-30&end_time=2018-2-28
INFO: [ app_init ] --START--
INFO: Run Behavior\BuildLiteBehavior [ RunTime:0.000018s ]
INFO: [ app_init ] --END-- [ RunTime:0.000471s ]

[ 2018-03-21T11:49:00+08:00 ] 127.0.0.1 /index.php/Home/Order/choose_clean?type=clean
INFO: [ app_init ] --START--
INFO: Run Behavior\BuildLiteBehavior [ RunTime:0.000018s ]
INFO: [ app_init ] --END-- [ RunTime:0.000498s ]

[ 2018-03-21T11:49:01+08:00 ] 127.0.0.1 /index.php/Home/Order/choose_clean?type=clean
INFO: [ app_init ] --START--
INFO: Run Behavior\BuildLiteBehavior [ RunTime:0.000025s ]
INFO: [ app_init ] --END-- [ RunTime:0.000568s ]

[ 2018-03-21T11:49:02+08:00 ] 127.0.0.1 /index.php/Home/Order/choose_clean?type=clean
INFO: [ app_init ] --START--
INFO: Run Behavior\BuildLiteBehavior [ RunTime:0.000025s ]
INFO: [ app_init ] --END-- [ RunTime:0.000633s ]

[ 2018-03-21T11:49:47+08:00 ] 127.0.0.1 /index.php/Home/order/choose_linen
INFO: [ app_init ] --START--
INFO: Run Behavior\BuildLiteBehavior [ RunTime:0.000019s ]
INFO: [ app_init ] --END-- [ RunTime:0.000645s ]

[ 2018-03-21T11:49:49+08:00 ] 127.0.0.1 /index.php/Home/Department/getdepartmentlist?customer_id=16
INFO: [ app_init ] --START--
INFO: Run Behavior\BuildLiteBehavior [ RunTime:0.000013s ]
INFO: [ app_init ] --END-- [ RunTime:0.000366s ]

[ 2018-03-21T11:49:51+08:00 ] 127.0.0.1 /index.php/Home/Order/get_storehouse_list
INFO: [ app_init ] --START--
INFO: Run Behavior\BuildLiteBehavior [ RunTime:0.000014s ]
INFO: [ app_init ] --END-- [ RunTime:0.000342s ]

[ 2018-03-21T11:49:59+08:00 ] 127.0.0.1 /index.php/Home/Order/linen_order?customer_id=16&department_id=30,35,&start_time=2018-1-30&end_time=2018-2-28
INFO: [ app_init ] --START--
INFO: Run Behavior\BuildLiteBehavior [ RunTime:0.000013s ]
INFO: [ app_init ] --END-- [ RunTime:0.000301s ]

[ 2018-03-21T11:54:03+08:00 ] 127.0.0.1 /index.php/Home/Order/linen_order?customer_id=16&department_id=35,&start_time=2018-1-30&end_time=2018-2-28
INFO: [ app_init ] --START--
INFO: Run Behavior\BuildLiteBehavior [ RunTime:0.000018s ]
INFO: [ app_init ] --END-- [ RunTime:0.000482s ]

[ 2018-03-21T11:54:07+08:00 ] 127.0.0.1 /index.php/Home/Order/linen_order?customer_id=16&department_id=30,&start_time=2018-1-30&end_time=2018-2-28
INFO: [ app_init ] --START--
INFO: Run Behavior\BuildLiteBehavior [ RunTime:0.000011s ]
INFO: [ app_init ] --END-- [ RunTime:0.000270s ]

[ 2018-03-21T11:54:47+08:00 ] 127.0.0.1 /index.php/Home/Order/linen_order?customer_id=&department_id=&start_time=2018-1-30&end_time=2018-2-28
INFO: [ app_init ] --START--
INFO: Run Behavior\BuildLiteBehavior [ RunTime:0.000020s ]
INFO: [ app_init ] --END-- [ RunTime:0.000404s ]

[ 2018-03-21T11:56:32+08:00 ] 127.0.0.1 /index.php/Home/Order/linen_order?customer_id=&department_id=&start_time=2018-1-30&end_time=2018-2-28
INFO: [ app_init ] --START--
INFO: Run Behavior\BuildLiteBehavior [ RunTime:0.000014s ]
INFO: [ app_init ] --END-- [ RunTime:0.000420s ]

[ 2018-03-21T11:56:33+08:00 ] 127.0.0.1 /index.php/Home/Order/linen_order?customer_id=&department_id=&start_time=2018-1-30&end_time=2018-2-28
INFO: [ app_init ] --START--
INFO: Run Behavior\BuildLiteBehavior [ RunTime:0.000037s ]
INFO: [ app_init ] --END-- [ RunTime:0.000709s ]

[ 2018-03-21T11:56:34+08:00 ] 127.0.0.1 /index.php/Home/Order/linen_order?customer_id=&department_id=&start_time=2018-1-30&end_time=2018-2-28
INFO: [ app_init ] --START--
INFO: Run Behavior\BuildLiteBehavior [ RunTime:0.000019s ]
INFO: [ app_init ] --END-- [ RunTime:0.000515s ]

[ 2018-03-21T11:56:34+08:00 ] 127.0.0.1 /index.php/Home/Order/linen_order?customer_id=&department_id=&start_time=2018-1-30&end_time=2018-2-28
INFO: [ app_init ] --START--
INFO: Run Behavior\BuildLiteBehavior [ RunTime:0.000016s ]
INFO: [ app_init ] --END-- [ RunTime:0.000380s ]

[ 2018-03-21T11:56:35+08:00 ] 127.0.0.1 /index.php/Home/Order/linen_order?customer_id=&department_id=&start_time=2018-1-30&end_time=2018-2-28
INFO: [ app_init ] --START--
INFO: Run Behavior\BuildLiteBehavior [ RunTime:0.000015s ]
INFO: [ app_init ] --END-- [ RunTime:0.000354s ]

[ 2018-03-21T11:56:35+08:00 ] 127.0.0.1 /index.php/Home/Order/linen_order?customer_id=&department_id=&start_time=2018-1-30&end_time=2018-2-28
INFO: [ app_init ] --START--
INFO: Run Behavior\BuildLiteBehavior [ RunTime:0.000012s ]
INFO: [ app_init ] --END-- [ RunTime:0.000309s ]

[ 2018-03-21T11:58:16+08:00 ] 127.0.0.1 /index.php/Home/Order/linen_order?customer_id=&department_id=&start_time=2018-1-30&end_time=2018-2-28
INFO: [ app_init ] --START--
INFO: Run Behavior\BuildLiteBehavior [ RunTime:0.000019s ]
INFO: [ app_init ] --END-- [ RunTime:0.000457s ]

[ 2018-03-21T11:58:17+08:00 ] 127.0.0.1 /index.php/Home/Order/linen_order?customer_id=&department_id=&start_time=2018-1-30&end_time=2018-2-28
INFO: [ app_init ] --START--
INFO: Run Behavior\BuildLiteBehavior [ RunTime:0.000015s ]
INFO: [ app_init ] --END-- [ RunTime:0.000383s ]

[ 2018-03-21T11:58:24+08:00 ] 127.0.0.1 /index.php/Home/Order/linen_order?customer_id=16&department_id=30&start_time=2018-1-30&end_time=2018-2-28
INFO: [ app_init ] --START--
INFO: Run Behavior\BuildLiteBehavior [ RunTime:0.000013s ]
INFO: [ app_init ] --END-- [ RunTime:0.000309s ]

[ 2018-03-21T11:59:20+08:00 ] 127.0.0.1 /index.php/Home/Order/linen_order?customer_id=16&department_id=30&start_time=2018-1-30&end_time=2018-2-28
INFO: [ app_init ] --START--
INFO: Run Behavior\BuildLiteBehavior [ RunTime:0.000022s ]
INFO: [ app_init ] --END-- [ RunTime:0.000817s ]

[ 2018-03-21T11:59:29+08:00 ] 127.0.0.1 /index.php/Home/Order/linen_order?customer_id=&department_id=&start_time=2018-1-30&end_time=2018-2-28
INFO: [ app_init ] --START--
INFO: Run Behavior\BuildLiteBehavior [ RunTime:0.000027s ]
INFO: [ app_init ] --END-- [ RunTime:0.000523s ]

[ 2018-03-21T11:59:39+08:00 ] 127.0.0.1 /index.php/Home/Order/linen_order?customer_id=1&department_id=2&start_time=2018-1-30&end_time=2018-2-28
INFO: [ app_init ] --START--
INFO: Run Behavior\BuildLiteBehavior [ RunTime:0.000015s ]
INFO: [ app_init ] --END-- [ RunTime:0.000404s ]

[ 2018-03-21T13:40:33+08:00 ] 127.0.0.1 /index.php/Home/order/choose_linen
INFO: [ app_init ] --START--
INFO: Run Behavior\BuildLiteBehavior [ RunTime:0.000011s ]
INFO: [ app_init ] --END-- [ RunTime:0.000347s ]

[ 2018-03-21T13:40:35+08:00 ] 127.0.0.1 /index.php/Home/Department/getdepartmentlist?customer_id=16
INFO: [ app_init ] --START--
INFO: Run Behavior\BuildLiteBehavior [ RunTime:0.000014s ]
INFO: [ app_init ] --END-- [ RunTime:0.000451s ]

[ 2018-03-21T13:40:38+08:00 ] 127.0.0.1 /index.php/Home/Order/get_storehouse_list
INFO: [ app_init ] --START--
INFO: Run Behavior\BuildLiteBehavior [ RunTime:0.000015s ]
INFO: [ app_init ] --END-- [ RunTime:0.000349s ]

[ 2018-03-21T13:40:46+08:00 ] 127.0.0.1 /index.php/Home/Order/linen_order?customer_id=16&department_id=30,35,&start_time=2018-1-29&end_time=2018-2-26
INFO: [ app_init ] --START--
INFO: Run Behavior\BuildLiteBehavior [ RunTime:0.000020s ]
INFO: [ app_init ] --END-- [ RunTime:0.000535s ]

[ 2018-03-21T13:41:08+08:00 ] 127.0.0.1 /index.php/Home/Order/linen_order?customer_id=16&department_id=30,35,&start_time=2018-1-29&end_time=2018-2-26
INFO: [ app_init ] --START--
INFO: Run Behavior\BuildLiteBehavior [ RunTime:0.000013s ]
INFO: [ app_init ] --END-- [ RunTime:0.000300s ]

[ 2018-03-21T13:41:17+08:00 ] 127.0.0.1 /index.php/Home/Order/linen_order?customer_id=16&department_id=30,35,&start_time=2018-1-29&end_time=2018-2-26
INFO: [ app_init ] --START--
INFO: Run Behavior\BuildLiteBehavior [ RunTime:0.000019s ]
INFO: [ app_init ] --END-- [ RunTime:0.000585s ]

[ 2018-03-21T13:43:49+08:00 ] 127.0.0.1 /index.php/Home/Order/linen_order?customer_id=16&department_id=30,35,&start_time=2018-1-29&end_time=2018-2-26
INFO: [ app_init ] --START--
INFO: Run Behavior\BuildLiteBehavior [ RunTime:0.000026s ]
INFO: [ app_init ] --END-- [ RunTime:0.000689s ]

[ 2018-03-21T13:44:04+08:00 ] 127.0.0.1 /index.php/Home/Order/linen_order?customer_id=16&department_id=30,35,&start_time=2018-1-29&end_time=2018-2-26
INFO: [ app_init ] --START--
INFO: Run Behavior\BuildLiteBehavior [ RunTime:0.000020s ]
INFO: [ app_init ] --END-- [ RunTime:0.000544s ]

[ 2018-03-21T13:46:11+08:00 ] 127.0.0.1 /index.php/Home/Order/linen_order?customer_id=16&department_id=35,&start_time=2018-1-29&end_time=2018-2-26
INFO: [ app_init ] --START--
INFO: Run Behavior\BuildLiteBehavior [ RunTime:0.000014s ]
INFO: [ app_init ] --END-- [ RunTime:0.000397s ]

[ 2018-03-21T13:46:21+08:00 ] 127.0.0.1 /index.php/Home/order/choose_linen
INFO: [ app_init ] --START--
INFO: Run Behavior\BuildLiteBehavior [ RunTime:0.000015s ]
INFO: [ app_init ] --END-- [ RunTime:0.000368s ]

[ 2018-03-21T13:46:24+08:00 ] 127.0.0.1 /index.php/Home/Department/getdepartmentlist?customer_id=13
INFO: [ app_init ] --START--
INFO: Run Behavior\BuildLiteBehavior [ RunTime:0.000015s ]
INFO: [ app_init ] --END-- [ RunTime:0.000409s ]

[ 2018-03-21T13:46:26+08:00 ] 127.0.0.1 /index.php/Home/Order/get_storehouse_list
INFO: [ app_init ] --START--
INFO: Run Behavior\BuildLiteBehavior [ RunTime:0.000015s ]
INFO: [ app_init ] --END-- [ RunTime:0.000369s ]

[ 2018-03-21T13:46:34+08:00 ] 127.0.0.1 /index.php/Home/Order/linen_order?customer_id=13&department_id=0,23,26,29,24,21,27,22,33,34,&start_time=2018-1-30&end_time=2018-2-28
INFO: [ app_init ] --START--
INFO: Run Behavior\BuildLiteBehavior [ RunTime:0.000014s ]
INFO: [ app_init ] --END-- [ RunTime:0.000354s ]

[ 2018-03-21T13:54:12+08:00 ] 127.0.0.1 /index.php/Home/order/choose_linen
INFO: [ app_init ] --START--
INFO: Run Behavior\BuildLiteBehavior [ RunTime:0.000014s ]
INFO: [ app_init ] --END-- [ RunTime:0.000374s ]

[ 2018-03-21T13:54:15+08:00 ] 127.0.0.1 /index.php/Home/Order/linen_order?customer_id=16&department_id=30,35,&start_time=2018-1-30&end_time=2018-2-27
INFO: [ app_init ] --START--
INFO: Run Behavior\BuildLiteBehavior [ RunTime:0.000020s ]
INFO: [ app_init ] --END-- [ RunTime:0.000476s ]

[ 2018-03-21T14:26:48+08:00 ] 127.0.0.1 /index.php/Home/order/choose_linen
INFO: [ app_init ] --START--
INFO: Run Behavior\BuildLiteBehavior [ RunTime:0.000013s ]
INFO: [ app_init ] --END-- [ RunTime:0.000360s ]

[ 2018-03-21T14:26:49+08:00 ] 127.0.0.1 /index.php/Home/Department/getdepartmentlist?customer_id=16
INFO: [ app_init ] --START--
INFO: Run Behavior\BuildLiteBehavior [ RunTime:0.000013s ]
INFO: [ app_init ] --END-- [ RunTime:0.000304s ]

[ 2018-03-21T14:26:51+08:00 ] 127.0.0.1 /index.php/Home/Order/get_storehouse_list
INFO: [ app_init ] --START--
INFO: Run Behavior\BuildLiteBehavior [ RunTime:0.000014s ]
INFO: [ app_init ] --END-- [ RunTime:0.000340s ]

[ 2018-03-21T14:26:57+08:00 ] 127.0.0.1 /index.php/Home/Order/linen_order?customer_id=16&department_id=0,30,35,31,32,&start_time=2018-1-29&end_time=2018-2-14
INFO: [ app_init ] --START--
INFO: Run Behavior\BuildLiteBehavior [ RunTime:0.000013s ]
INFO: [ app_init ] --END-- [ RunTime:0.000339s ]

